<?xml version="1.0" encoding="UTF-8"?>
<robot generator="Robot 7.3.2 (Python 3.12.7 on win32)" generated="2025-10-29T16:34:06.830579" rpa="false" schemaversion="5">
<suite id="s1" name="Server" source="C:\Users\raphael\Documents\GitHub\learn\Compass\cinema\test-ciname-challenge\tests\server">
<suite id="s1-s1" name="Auth" source="C:\Users\raphael\Documents\GitHub\learn\Compass\cinema\test-ciname-challenge\tests\server\auth.robot">
<test id="s1-s1-t1" name="TC001 - Cadastro de Usuário com Email Já Existente" line="9">
<kw name="Create API Session" owner="auth" type="SETUP">
<kw name="Create Session" owner="RequestsLibrary">
<msg time="2025-10-29T16:34:07.154915" level="INFO">Creating Session using : alias=cinema_api, url=http://localhost:3000/api/v1, headers={},                     cookies={}, auth=None, timeout=None, proxies=None, verify=True,                     debug=0 </msg>
<arg>cinema_api</arg>
<arg>${URL_API}</arg>
<arg>verify=True</arg>
<doc>Create Session: create a HTTP session to a server</doc>
<status status="PASS" start="2025-10-29T16:34:07.154915" elapsed="0.000000"/>
</kw>
<doc>Cria a sessão de RequestsLibrary.</doc>
<status status="PASS" start="2025-10-29T16:34:07.153916" elapsed="0.000999"/>
</kw>
<kw name="Get Time" owner="BuiltIn">
<msg time="2025-10-29T16:34:07.155927" level="INFO">${timestamp} = 1761766447</msg>
<var>${timestamp}</var>
<arg>epoch</arg>
<doc>Returns the given time in the requested format.</doc>
<status status="PASS" start="2025-10-29T16:34:07.154915" elapsed="0.001012"/>
</kw>
<kw name="Catenate" owner="BuiltIn">
<msg time="2025-10-29T16:34:07.155927" level="INFO">${existing_email} = teste_existente_1761766447@email.com</msg>
<var>${existing_email}</var>
<arg>SEPARATOR=</arg>
<arg>teste_existente_${timestamp}@email.com</arg>
<doc>Catenates the given items together and returns the resulted string.</doc>
<status status="PASS" start="2025-10-29T16:34:07.155927" elapsed="0.000000"/>
</kw>
<kw name="Register And Perform Login" owner="auth">
<kw name="Create Dictionary" owner="BuiltIn">
<msg time="2025-10-29T16:34:07.156913" level="INFO">${headers} = {'Content-Type': 'application/json'}</msg>
<var>${headers}</var>
<arg>Content-Type=application/json</arg>
<doc>Creates and returns a dictionary based on the given ``items``.</doc>
<status status="PASS" start="2025-10-29T16:34:07.156913" elapsed="0.000000"/>
</kw>
<kw name="Create Dictionary" owner="BuiltIn">
<msg time="2025-10-29T16:34:07.156913" level="INFO">${body} = {'email': 'teste_existente_1761766447@email.com', 'password': 'senha456', 'name': 'New Test User', 'role': 'user # &lt;-- INCLUA ROLE NO BODY'}</msg>
<var>${body}</var>
<arg>email=${email}</arg>
<arg>password=${password}</arg>
<arg>name=${name}</arg>
<arg>role=${role} # &lt;-- INCLUA ROLE NO BODY</arg>
<doc>Creates and returns a dictionary based on the given ``items``.</doc>
<status status="PASS" start="2025-10-29T16:34:07.156913" elapsed="0.000000"/>
</kw>
<kw name="POST On Session" owner="RequestsLibrary">
<msg time="2025-10-29T16:34:07.369103" level="INFO">POST Request : url=http://localhost:3000/api/v1/auth/register 
 path_url=/api/v1/auth/register 
 headers={'User-Agent': 'python-requests/2.32.3', 'Accept-Encoding': 'gzip, deflate, br, zstd', 'Accept': '*/*', 'Connection': 'keep-alive', 'Content-Type': 'application/json', 'Content-Length': '140'} 
 body=b'{"email": "teste_existente_1761766447@email.com", "password": "senha456", "name": "New Test User", "role": "user # &lt;-- INCLUA ROLE NO BODY"}' 
 </msg>
<msg time="2025-10-29T16:34:07.369103" level="INFO">POST Response : url=http://localhost:3000/api/v1/auth/register 
 status=201, reason=Created 
 headers={'X-Powered-By': 'Express', 'Access-Control-Allow-Origin': '*', 'Content-Type': 'application/json; charset=utf-8', 'Content-Length': '324', 'ETag': 'W/"144-jWqwCCpj6U6ewX40fz588C3XEh4"', 'Date': 'Wed, 29 Oct 2025 19:34:07 GMT', 'Connection': 'keep-alive', 'Keep-Alive': 'timeout=5'} 
 body={"success":true,"data":{"_id":"69026c2f735d793ab0538a79","name":"New Test User","email":"teste_existente_1761766447@email.com","role":"user","token":"eyJhbGciOiJIUzI1NiIsInR5cCI6IkpXVCJ9.eyJpZCI6IjY5MDI2YzJmNzM1ZDc5M2FiMDUzOGE3OSIsImlhdCI6MTc2MTc2NjQ0NywiZXhwIjoxNzYxODUyODQ3fQ.1U5nf1WnYhf3A2B-e2DU2fZ_OhBcZouY558rNGPbemQ"}} 
 </msg>
<msg time="2025-10-29T16:34:07.370206" level="INFO">${response} = &lt;Response [201]&gt;</msg>
<var>${response}</var>
<arg>cinema_api</arg>
<arg>/auth/register</arg>
<arg>json=${body}</arg>
<arg>headers=${headers}</arg>
<doc>Sends a POST request on a previously created HTTP Session.</doc>
<status status="PASS" start="2025-10-29T16:34:07.156913" elapsed="0.213293"/>
</kw>
<kw name="Should Be Equal As Strings" owner="BuiltIn">
<msg time="2025-10-29T16:34:07.371213" level="INFO">Argument types are:
&lt;class 'int'&gt;
&lt;class 'str'&gt;</msg>
<arg>${response.status_code}</arg>
<arg>201</arg>
<doc>Fails if objects are unequal after converting them to strings.</doc>
<status status="PASS" start="2025-10-29T16:34:07.370206" elapsed="0.001007"/>
</kw>
<kw name="Perform Valid Login" owner="auth">
<kw name="Create Dictionary" owner="BuiltIn">
<msg time="2025-10-29T16:34:07.372210" level="INFO">${headers} = {'Content-Type': 'application/json'}</msg>
<var>${headers}</var>
<arg>Content-Type=application/json</arg>
<doc>Creates and returns a dictionary based on the given ``items``.</doc>
<status status="PASS" start="2025-10-29T16:34:07.371213" elapsed="0.000997"/>
</kw>
<kw name="Create Dictionary" owner="BuiltIn">
<msg time="2025-10-29T16:34:07.372210" level="INFO">${body} = {'email': 'teste_existente_1761766447@email.com', 'password': 'senha456'}</msg>
<var>${body}</var>
<arg>email=${email}</arg>
<arg>password=${password}</arg>
<doc>Creates and returns a dictionary based on the given ``items``.</doc>
<status status="PASS" start="2025-10-29T16:34:07.372210" elapsed="0.000000"/>
</kw>
<kw name="POST On Session" owner="RequestsLibrary">
<msg time="2025-10-29T16:34:07.500080" level="INFO">POST Request : url=http://localhost:3000/api/v1/auth/login 
 path_url=/api/v1/auth/login 
 headers={'User-Agent': 'python-requests/2.32.3', 'Accept-Encoding': 'gzip, deflate, br, zstd', 'Accept': '*/*', 'Connection': 'keep-alive', 'Content-Type': 'application/json', 'Content-Length': '73'} 
 body=b'{"email": "teste_existente_1761766447@email.com", "password": "senha456"}' 
 </msg>
<msg time="2025-10-29T16:34:07.500080" level="INFO">POST Response : url=http://localhost:3000/api/v1/auth/login 
 status=200, reason=OK 
 headers={'X-Powered-By': 'Express', 'Access-Control-Allow-Origin': '*', 'Content-Type': 'application/json; charset=utf-8', 'Content-Length': '324', 'ETag': 'W/"144-jWqwCCpj6U6ewX40fz588C3XEh4"', 'Date': 'Wed, 29 Oct 2025 19:34:07 GMT', 'Connection': 'keep-alive', 'Keep-Alive': 'timeout=5'} 
 body={"success":true,"data":{"_id":"69026c2f735d793ab0538a79","name":"New Test User","email":"teste_existente_1761766447@email.com","role":"user","token":"eyJhbGciOiJIUzI1NiIsInR5cCI6IkpXVCJ9.eyJpZCI6IjY5MDI2YzJmNzM1ZDc5M2FiMDUzOGE3OSIsImlhdCI6MTc2MTc2NjQ0NywiZXhwIjoxNzYxODUyODQ3fQ.1U5nf1WnYhf3A2B-e2DU2fZ_OhBcZouY558rNGPbemQ"}} 
 </msg>
<msg time="2025-10-29T16:34:07.500080" level="INFO">${response} = &lt;Response [200]&gt;</msg>
<var>${response}</var>
<arg>cinema_api</arg>
<arg>/auth/login</arg>
<arg>json=${body}</arg>
<arg>headers=${headers}</arg>
<doc>Sends a POST request on a previously created HTTP Session.</doc>
<status status="PASS" start="2025-10-29T16:34:07.372210" elapsed="0.127870"/>
</kw>
<kw name="Should Be Equal As Strings" owner="BuiltIn">
<msg time="2025-10-29T16:34:07.502031" level="INFO">Argument types are:
&lt;class 'int'&gt;
&lt;class 'str'&gt;</msg>
<arg>${response.status_code}</arg>
<arg>200</arg>
<doc>Fails if objects are unequal after converting them to strings.</doc>
<status status="PASS" start="2025-10-29T16:34:07.500080" elapsed="0.001951"/>
</kw>
<kw name="Should Be Equal As Strings" owner="BuiltIn">
<msg time="2025-10-29T16:34:07.503036" level="INFO">Argument types are:
&lt;class 'bool'&gt;
&lt;class 'str'&gt;</msg>
<arg>${response.json()}[success]</arg>
<arg>True</arg>
<doc>Fails if objects are unequal after converting them to strings.</doc>
<status status="PASS" start="2025-10-29T16:34:07.502031" elapsed="0.001005"/>
</kw>
<kw name="Set Variable" owner="BuiltIn">
<msg time="2025-10-29T16:34:07.504553" level="INFO">${token} = eyJhbGciOiJIUzI1NiIsInR5cCI6IkpXVCJ9.eyJpZCI6IjY5MDI2YzJmNzM1ZDc5M2FiMDUzOGE3OSIsImlhdCI6MTc2MTc2NjQ0NywiZXhwIjoxNzYxODUyODQ3fQ.1U5nf1WnYhf3A2B-e2DU2fZ_OhBcZouY558rNGPbemQ</msg>
<var>${token}</var>
<arg>${response.json()}[data][token]</arg>
<doc>Returns the given values which can then be assigned to a variables.</doc>
<status status="PASS" start="2025-10-29T16:34:07.503036" elapsed="0.001517"/>
</kw>
<return>
<value>${token}</value>
<status status="PASS" start="2025-10-29T16:34:07.504553" elapsed="0.000000"/>
</return>
<msg time="2025-10-29T16:34:07.504553" level="INFO">${token} = eyJhbGciOiJIUzI1NiIsInR5cCI6IkpXVCJ9.eyJpZCI6IjY5MDI2YzJmNzM1ZDc5M2FiMDUzOGE3OSIsImlhdCI6MTc2MTc2NjQ0NywiZXhwIjoxNzYxODUyODQ3fQ.1U5nf1WnYhf3A2B-e2DU2fZ_OhBcZouY558rNGPbemQ</msg>
<var>${token}</var>
<arg>${email}</arg>
<arg>${password}</arg>
<doc>Realiza login e retorna o token JWT.</doc>
<status status="PASS" start="2025-10-29T16:34:07.371213" elapsed="0.133340"/>
</kw>
<return>
<value>${token}</value>
<status status="PASS" start="2025-10-29T16:34:07.504553" elapsed="0.000000"/>
</return>
<msg time="2025-10-29T16:34:07.504553" level="INFO">${token} = eyJhbGciOiJIUzI1NiIsInR5cCI6IkpXVCJ9.eyJpZCI6IjY5MDI2YzJmNzM1ZDc5M2FiMDUzOGE3OSIsImlhdCI6MTc2MTc2NjQ0NywiZXhwIjoxNzYxODUyODQ3fQ.1U5nf1WnYhf3A2B-e2DU2fZ_OhBcZouY558rNGPbemQ</msg>
<var>${token}</var>
<arg>${existing_email}</arg>
<arg>${NEW_USER_PASSWORD}</arg>
<doc>Registra um novo usuário e faz login imediatamente.</doc>
<status status="PASS" start="2025-10-29T16:34:07.155927" elapsed="0.348626"/>
</kw>
<kw name="Create Dictionary" owner="BuiltIn">
<msg time="2025-10-29T16:34:07.505261" level="INFO">${headers} = {'Content-Type': 'application/json'}</msg>
<var>${headers}</var>
<arg>Content-Type=application/json</arg>
<doc>Creates and returns a dictionary based on the given ``items``.</doc>
<status status="PASS" start="2025-10-29T16:34:07.505261" elapsed="0.000000"/>
</kw>
<kw name="Create Dictionary" owner="BuiltIn">
<msg time="2025-10-29T16:34:07.505914" level="INFO">${body} = {'name': 'Duplicate User', 'email': 'teste_existente_1761766447@email.com', 'password': 'senha456'}</msg>
<var>${body}</var>
<arg>name=Duplicate User</arg>
<arg>email=${existing_email}</arg>
<arg>password=${NEW_USER_PASSWORD}</arg>
<doc>Creates and returns a dictionary based on the given ``items``.</doc>
<status status="PASS" start="2025-10-29T16:34:07.505914" elapsed="0.000000"/>
</kw>
<kw name="POST On Session" owner="RequestsLibrary">
<msg time="2025-10-29T16:34:07.571554" level="INFO">POST Request : url=http://localhost:3000/api/v1/auth/register 
 path_url=/api/v1/auth/register 
 headers={'User-Agent': 'python-requests/2.32.3', 'Accept-Encoding': 'gzip, deflate, br, zstd', 'Accept': '*/*', 'Connection': 'keep-alive', 'Content-Type': 'application/json', 'Content-Length': '99'} 
 body=b'{"name": "Duplicate User", "email": "teste_existente_1761766447@email.com", "password": "senha456"}' 
 </msg>
<msg time="2025-10-29T16:34:07.571554" level="INFO">POST Response : url=http://localhost:3000/api/v1/auth/register 
 status=400, reason=Bad Request 
 headers={'X-Powered-By': 'Express', 'Access-Control-Allow-Origin': '*', 'Content-Type': 'application/json; charset=utf-8', 'Content-Length': '49', 'ETag': 'W/"31-WKEMg8zALB1Ko0WjUHi/6RBGHVc"', 'Date': 'Wed, 29 Oct 2025 19:34:07 GMT', 'Connection': 'keep-alive', 'Keep-Alive': 'timeout=5'} 
 body={"success":false,"message":"User already exists"} 
 </msg>
<msg time="2025-10-29T16:34:07.571554" level="INFO">${response} = &lt;Response [400]&gt;</msg>
<var>${response}</var>
<arg>cinema_api</arg>
<arg>/auth/register</arg>
<arg>json=${body}</arg>
<arg>headers=${headers}</arg>
<arg>expected_status=400</arg>
<doc>Sends a POST request on a previously created HTTP Session.</doc>
<status status="PASS" start="2025-10-29T16:34:07.505914" elapsed="0.065640"/>
</kw>
<kw name="Should Be Equal As Strings" owner="BuiltIn">
<msg time="2025-10-29T16:34:07.573555" level="INFO">Argument types are:
&lt;class 'int'&gt;
&lt;class 'str'&gt;</msg>
<arg>${response.status_code}</arg>
<arg>400</arg>
<doc>Fails if objects are unequal after converting them to strings.</doc>
<status status="PASS" start="2025-10-29T16:34:07.572559" elapsed="0.000996"/>
</kw>
<kw name="Log" owner="BuiltIn">
<msg time="2025-10-29T16:34:07.574554" level="INFO">Response da duplicação: {'success': False, 'message': 'User already exists'}</msg>
<arg>Response da duplicação: ${response.json()}</arg>
<doc>Logs the given message with the given level.</doc>
<status status="PASS" start="2025-10-29T16:34:07.573555" elapsed="0.000999"/>
</kw>
<doc>Tenta cadastrar usuário com email já registrado - CORRIGIDO</doc>
<status status="PASS" start="2025-10-29T16:34:07.152920" elapsed="0.421634"/>
</test>
<test id="s1-s1-t2" name="TC002 - Cadastro com Dados Inválidos" line="20">
<kw name="Create API Session" owner="auth" type="SETUP">
<kw name="Create Session" owner="RequestsLibrary">
<msg time="2025-10-29T16:34:07.576555" level="INFO">Creating Session using : alias=cinema_api, url=http://localhost:3000/api/v1, headers={},                     cookies={}, auth=None, timeout=None, proxies=None, verify=True,                     debug=0 </msg>
<arg>cinema_api</arg>
<arg>${URL_API}</arg>
<arg>verify=True</arg>
<doc>Create Session: create a HTTP session to a server</doc>
<status status="PASS" start="2025-10-29T16:34:07.576555" elapsed="0.000000"/>
</kw>
<doc>Cria a sessão de RequestsLibrary.</doc>
<status status="PASS" start="2025-10-29T16:34:07.575554" elapsed="0.001001"/>
</kw>
<kw name="Get Time" owner="BuiltIn">
<msg time="2025-10-29T16:34:07.576555" level="INFO">${timestamp} = 1761766447</msg>
<var>${timestamp}</var>
<arg>epoch</arg>
<doc>Returns the given time in the requested format.</doc>
<status status="PASS" start="2025-10-29T16:34:07.576555" elapsed="0.000000"/>
</kw>
<kw name="Create List" owner="BuiltIn">
<msg time="2025-10-29T16:34:07.580450" level="INFO">@{test_cases} = [ {'name': '', 'email': 'teste1761766447@email.com', 'password': '123456'} | {'name': 'Test User', 'email': 'email-invalido', 'password': '123456'} | {'name': 'Test User', 'email': 'teste17617664472@e...</msg>
<var>@{test_cases}</var>
<arg>${{{"name": "", "email": "teste${timestamp}@email.com", "password": "123456"}}}</arg>
<arg>${{{"name": "Test User", "email": "email-invalido", "password": "123456"}}}</arg>
<arg>${{{"name": "Test User", "email": "teste${timestamp}2@email.com", "password": "123"}}}</arg>
<arg>${{{"name": "Test User", "email": "", "password": "123456"}}}</arg>
<doc>Returns a list containing given items.</doc>
<status status="PASS" start="2025-10-29T16:34:07.577351" elapsed="0.003099"/>
</kw>
<for flavor="IN">
<iter>
<kw name="Create Dictionary" owner="BuiltIn">
<msg time="2025-10-29T16:34:07.581444" level="INFO">${headers} = {'Content-Type': 'application/json'}</msg>
<var>${headers}</var>
<arg>Content-Type=application/json</arg>
<doc>Creates and returns a dictionary based on the given ``items``.</doc>
<status status="PASS" start="2025-10-29T16:34:07.581444" elapsed="0.000000"/>
</kw>
<kw name="POST On Session" owner="RequestsLibrary">
<msg time="2025-10-29T16:34:07.647913" level="INFO">POST Request : url=http://localhost:3000/api/v1/auth/register 
 path_url=/api/v1/auth/register 
 headers={'User-Agent': 'python-requests/2.32.3', 'Accept-Encoding': 'gzip, deflate, br, zstd', 'Accept': '*/*', 'Connection': 'keep-alive', 'Content-Type': 'application/json', 'Content-Length': '72'} 
 body=b'{"name": "", "email": "teste1761766447@email.com", "password": "123456"}' 
 </msg>
<msg time="2025-10-29T16:34:07.647913" level="INFO">POST Response : url=http://localhost:3000/api/v1/auth/register 
 status=400, reason=Bad Request 
 headers={'X-Powered-By': 'Express', 'Access-Control-Allow-Origin': '*', 'Content-Type': 'application/json; charset=utf-8', 'Content-Length': '84', 'ETag': 'W/"54-ngttIdQLZ4eaUkzci3s3HkS64jw"', 'Date': 'Wed, 29 Oct 2025 19:34:07 GMT', 'Connection': 'keep-alive', 'Keep-Alive': 'timeout=5'} 
 body={"success":false,"message":"Validation failed","errors":{"name":"Name is required"}} 
 </msg>
<msg time="2025-10-29T16:34:07.647913" level="INFO">${response} = &lt;Response [400]&gt;</msg>
<var>${response}</var>
<arg>cinema_api</arg>
<arg>/auth/register</arg>
<arg>json=${test_case}</arg>
<arg>headers=${headers}</arg>
<arg>expected_status=400</arg>
<doc>Sends a POST request on a previously created HTTP Session.</doc>
<status status="PASS" start="2025-10-29T16:34:07.581444" elapsed="0.066469"/>
</kw>
<kw name="Should Be Equal As Strings" owner="BuiltIn">
<msg time="2025-10-29T16:34:07.649919" level="INFO">Argument types are:
&lt;class 'int'&gt;
&lt;class 'str'&gt;</msg>
<arg>${response.status_code}</arg>
<arg>400</arg>
<doc>Fails if objects are unequal after converting them to strings.</doc>
<status status="PASS" start="2025-10-29T16:34:07.647913" elapsed="0.002006"/>
</kw>
<kw name="Log" owner="BuiltIn">
<msg time="2025-10-29T16:34:07.650919" level="INFO">Response para caso inválido: {'success': False, 'message': 'Validation failed', 'errors': {'name': 'Name is required'}}</msg>
<arg>Response para caso inválido: ${response.json()}</arg>
<doc>Logs the given message with the given level.</doc>
<status status="PASS" start="2025-10-29T16:34:07.649919" elapsed="0.001000"/>
</kw>
<var name="${test_case}">{'name': '', 'email': 'teste1761766447@email.com', 'password': '123456'}</var>
<status status="PASS" start="2025-10-29T16:34:07.580450" elapsed="0.070469"/>
</iter>
<iter>
<kw name="Create Dictionary" owner="BuiltIn">
<msg time="2025-10-29T16:34:07.650919" level="INFO">${headers} = {'Content-Type': 'application/json'}</msg>
<var>${headers}</var>
<arg>Content-Type=application/json</arg>
<doc>Creates and returns a dictionary based on the given ``items``.</doc>
<status status="PASS" start="2025-10-29T16:34:07.650919" elapsed="0.000000"/>
</kw>
<kw name="POST On Session" owner="RequestsLibrary">
<msg time="2025-10-29T16:34:07.715222" level="INFO">POST Request : url=http://localhost:3000/api/v1/auth/register 
 path_url=/api/v1/auth/register 
 headers={'User-Agent': 'python-requests/2.32.3', 'Accept-Encoding': 'gzip, deflate, br, zstd', 'Accept': '*/*', 'Connection': 'keep-alive', 'Content-Type': 'application/json', 'Content-Length': '70'} 
 body=b'{"name": "Test User", "email": "email-invalido", "password": "123456"}' 
 </msg>
<msg time="2025-10-29T16:34:07.715222" level="INFO">POST Response : url=http://localhost:3000/api/v1/auth/register 
 status=400, reason=Bad Request 
 headers={'X-Powered-By': 'Express', 'Access-Control-Allow-Origin': '*', 'Content-Type': 'application/json; charset=utf-8', 'Content-Length': '97', 'ETag': 'W/"61-Krv9gnZpw94ZcTkLQB5OMXVuBok"', 'Date': 'Wed, 29 Oct 2025 19:34:07 GMT', 'Connection': 'keep-alive', 'Keep-Alive': 'timeout=5'} 
 body={"success":false,"message":"Validation failed","errors":{"email":"Please provide a valid email"}} 
 </msg>
<msg time="2025-10-29T16:34:07.715222" level="INFO">${response} = &lt;Response [400]&gt;</msg>
<var>${response}</var>
<arg>cinema_api</arg>
<arg>/auth/register</arg>
<arg>json=${test_case}</arg>
<arg>headers=${headers}</arg>
<arg>expected_status=400</arg>
<doc>Sends a POST request on a previously created HTTP Session.</doc>
<status status="PASS" start="2025-10-29T16:34:07.650919" elapsed="0.064303"/>
</kw>
<kw name="Should Be Equal As Strings" owner="BuiltIn">
<msg time="2025-10-29T16:34:07.716221" level="INFO">Argument types are:
&lt;class 'int'&gt;
&lt;class 'str'&gt;</msg>
<arg>${response.status_code}</arg>
<arg>400</arg>
<doc>Fails if objects are unequal after converting them to strings.</doc>
<status status="PASS" start="2025-10-29T16:34:07.715222" elapsed="0.002115"/>
</kw>
<kw name="Log" owner="BuiltIn">
<msg time="2025-10-29T16:34:07.718351" level="INFO">Response para caso inválido: {'success': False, 'message': 'Validation failed', 'errors': {'email': 'Please provide a valid email'}}</msg>
<arg>Response para caso inválido: ${response.json()}</arg>
<doc>Logs the given message with the given level.</doc>
<status status="PASS" start="2025-10-29T16:34:07.717337" elapsed="0.001014"/>
</kw>
<var name="${test_case}">{'name': 'Test User', 'email': 'email-invalido', 'password': '123456'}</var>
<status status="PASS" start="2025-10-29T16:34:07.650919" elapsed="0.067432"/>
</iter>
<iter>
<kw name="Create Dictionary" owner="BuiltIn">
<msg time="2025-10-29T16:34:07.718351" level="INFO">${headers} = {'Content-Type': 'application/json'}</msg>
<var>${headers}</var>
<arg>Content-Type=application/json</arg>
<doc>Creates and returns a dictionary based on the given ``items``.</doc>
<status status="PASS" start="2025-10-29T16:34:07.718351" elapsed="0.000000"/>
</kw>
<kw name="POST On Session" owner="RequestsLibrary">
<msg time="2025-10-29T16:34:07.785734" level="INFO">POST Request : url=http://localhost:3000/api/v1/auth/register 
 path_url=/api/v1/auth/register 
 headers={'User-Agent': 'python-requests/2.32.3', 'Accept-Encoding': 'gzip, deflate, br, zstd', 'Accept': '*/*', 'Connection': 'keep-alive', 'Content-Type': 'application/json', 'Content-Length': '79'} 
 body=b'{"name": "Test User", "email": "teste17617664472@email.com", "password": "123"}' 
 </msg>
<msg time="2025-10-29T16:34:07.785734" level="INFO">POST Response : url=http://localhost:3000/api/v1/auth/register 
 status=400, reason=Bad Request 
 headers={'X-Powered-By': 'Express', 'Access-Control-Allow-Origin': '*', 'Content-Type': 'application/json; charset=utf-8', 'Content-Length': '115', 'ETag': 'W/"73-2kjRr4xheMpIIlrrmnuX+9CkBCA"', 'Date': 'Wed, 29 Oct 2025 19:34:07 GMT', 'Connection': 'keep-alive', 'Keep-Alive': 'timeout=5'} 
 body={"success":false,"message":"Validation failed","errors":{"password":"Password must be at least 6 characters long"}} 
 </msg>
<msg time="2025-10-29T16:34:07.785734" level="INFO">${response} = &lt;Response [400]&gt;</msg>
<var>${response}</var>
<arg>cinema_api</arg>
<arg>/auth/register</arg>
<arg>json=${test_case}</arg>
<arg>headers=${headers}</arg>
<arg>expected_status=400</arg>
<doc>Sends a POST request on a previously created HTTP Session.</doc>
<status status="PASS" start="2025-10-29T16:34:07.718351" elapsed="0.067383"/>
</kw>
<kw name="Should Be Equal As Strings" owner="BuiltIn">
<msg time="2025-10-29T16:34:07.786842" level="INFO">Argument types are:
&lt;class 'int'&gt;
&lt;class 'str'&gt;</msg>
<arg>${response.status_code}</arg>
<arg>400</arg>
<doc>Fails if objects are unequal after converting them to strings.</doc>
<status status="PASS" start="2025-10-29T16:34:07.785734" elapsed="0.001108"/>
</kw>
<kw name="Log" owner="BuiltIn">
<msg time="2025-10-29T16:34:07.787838" level="INFO">Response para caso inválido: {'success': False, 'message': 'Validation failed', 'errors': {'password': 'Password must be at least 6 characters long'}}</msg>
<arg>Response para caso inválido: ${response.json()}</arg>
<doc>Logs the given message with the given level.</doc>
<status status="PASS" start="2025-10-29T16:34:07.786842" elapsed="0.000996"/>
</kw>
<var name="${test_case}">{'name': 'Test User', 'email': 'teste17617664472@email.com', 'password': '123'}</var>
<status status="PASS" start="2025-10-29T16:34:07.718351" elapsed="0.069487"/>
</iter>
<iter>
<kw name="Create Dictionary" owner="BuiltIn">
<msg time="2025-10-29T16:34:07.788842" level="INFO">${headers} = {'Content-Type': 'application/json'}</msg>
<var>${headers}</var>
<arg>Content-Type=application/json</arg>
<doc>Creates and returns a dictionary based on the given ``items``.</doc>
<status status="PASS" start="2025-10-29T16:34:07.787838" elapsed="0.001004"/>
</kw>
<kw name="POST On Session" owner="RequestsLibrary">
<msg time="2025-10-29T16:34:07.855223" level="INFO">POST Request : url=http://localhost:3000/api/v1/auth/register 
 path_url=/api/v1/auth/register 
 headers={'User-Agent': 'python-requests/2.32.3', 'Accept-Encoding': 'gzip, deflate, br, zstd', 'Accept': '*/*', 'Connection': 'keep-alive', 'Content-Type': 'application/json', 'Content-Length': '56'} 
 body=b'{"name": "Test User", "email": "", "password": "123456"}' 
 </msg>
<msg time="2025-10-29T16:34:07.855223" level="INFO">POST Response : url=http://localhost:3000/api/v1/auth/register 
 status=400, reason=Bad Request 
 headers={'X-Powered-By': 'Express', 'Access-Control-Allow-Origin': '*', 'Content-Type': 'application/json; charset=utf-8', 'Content-Length': '86', 'ETag': 'W/"56-2AeNYjR8esCaF35ZnD5LBawWrNs"', 'Date': 'Wed, 29 Oct 2025 19:34:07 GMT', 'Connection': 'keep-alive', 'Keep-Alive': 'timeout=5'} 
 body={"success":false,"message":"Validation failed","errors":{"email":"Email is required"}} 
 </msg>
<msg time="2025-10-29T16:34:07.855223" level="INFO">${response} = &lt;Response [400]&gt;</msg>
<var>${response}</var>
<arg>cinema_api</arg>
<arg>/auth/register</arg>
<arg>json=${test_case}</arg>
<arg>headers=${headers}</arg>
<arg>expected_status=400</arg>
<doc>Sends a POST request on a previously created HTTP Session.</doc>
<status status="PASS" start="2025-10-29T16:34:07.788842" elapsed="0.066381"/>
</kw>
<kw name="Should Be Equal As Strings" owner="BuiltIn">
<msg time="2025-10-29T16:34:07.857291" level="INFO">Argument types are:
&lt;class 'int'&gt;
&lt;class 'str'&gt;</msg>
<arg>${response.status_code}</arg>
<arg>400</arg>
<doc>Fails if objects are unequal after converting them to strings.</doc>
<status status="PASS" start="2025-10-29T16:34:07.855223" elapsed="0.002068"/>
</kw>
<kw name="Log" owner="BuiltIn">
<msg time="2025-10-29T16:34:07.858362" level="INFO">Response para caso inválido: {'success': False, 'message': 'Validation failed', 'errors': {'email': 'Email is required'}}</msg>
<arg>Response para caso inválido: ${response.json()}</arg>
<doc>Logs the given message with the given level.</doc>
<status status="PASS" start="2025-10-29T16:34:07.857291" elapsed="0.001071"/>
</kw>
<var name="${test_case}">{'name': 'Test User', 'email': '', 'password': '123456'}</var>
<status status="PASS" start="2025-10-29T16:34:07.787838" elapsed="0.070524"/>
</iter>
<var>${test_case}</var>
<value>@{test_cases}</value>
<status status="PASS" start="2025-10-29T16:34:07.580450" elapsed="0.277912"/>
</for>
<doc>Testa registro com dados faltantes/inválidos - CORRIGIDO</doc>
<status status="PASS" start="2025-10-29T16:34:07.575554" elapsed="0.282808"/>
</test>
<test id="s1-s1-t3" name="TC003 - Login com Credenciais Inválidas" line="37">
<kw name="Create API Session" owner="auth" type="SETUP">
<kw name="Create Session" owner="RequestsLibrary">
<msg time="2025-10-29T16:34:07.860303" level="INFO">Creating Session using : alias=cinema_api, url=http://localhost:3000/api/v1, headers={},                     cookies={}, auth=None, timeout=None, proxies=None, verify=True,                     debug=0 </msg>
<arg>cinema_api</arg>
<arg>${URL_API}</arg>
<arg>verify=True</arg>
<doc>Create Session: create a HTTP session to a server</doc>
<status status="PASS" start="2025-10-29T16:34:07.860303" elapsed="0.000000"/>
</kw>
<doc>Cria a sessão de RequestsLibrary.</doc>
<status status="PASS" start="2025-10-29T16:34:07.859286" elapsed="0.001017"/>
</kw>
<kw name="Get Time" owner="BuiltIn">
<msg time="2025-10-29T16:34:07.860303" level="INFO">${timestamp} = 1761766447</msg>
<var>${timestamp}</var>
<arg>epoch</arg>
<doc>Returns the given time in the requested format.</doc>
<status status="PASS" start="2025-10-29T16:34:07.860303" elapsed="0.000000"/>
</kw>
<kw name="Catenate" owner="BuiltIn">
<msg time="2025-10-29T16:34:07.861284" level="INFO">${valid_email} = teste_login_invalido_1761766447@email.com</msg>
<var>${valid_email}</var>
<arg>SEPARATOR=</arg>
<arg>teste_login_invalido_${timestamp}@email.com</arg>
<doc>Catenates the given items together and returns the resulted string.</doc>
<status status="PASS" start="2025-10-29T16:34:07.860303" elapsed="0.000981"/>
</kw>
<kw name="Register And Perform Login" owner="auth">
<kw name="Create Dictionary" owner="BuiltIn">
<msg time="2025-10-29T16:34:07.861284" level="INFO">${headers} = {'Content-Type': 'application/json'}</msg>
<var>${headers}</var>
<arg>Content-Type=application/json</arg>
<doc>Creates and returns a dictionary based on the given ``items``.</doc>
<status status="PASS" start="2025-10-29T16:34:07.861284" elapsed="0.000000"/>
</kw>
<kw name="Create Dictionary" owner="BuiltIn">
<msg time="2025-10-29T16:34:07.862288" level="INFO">${body} = {'email': 'teste_login_invalido_1761766447@email.com', 'password': 'senha456', 'name': 'New Test User', 'role': 'user # &lt;-- INCLUA ROLE NO BODY'}</msg>
<var>${body}</var>
<arg>email=${email}</arg>
<arg>password=${password}</arg>
<arg>name=${name}</arg>
<arg>role=${role} # &lt;-- INCLUA ROLE NO BODY</arg>
<doc>Creates and returns a dictionary based on the given ``items``.</doc>
<status status="PASS" start="2025-10-29T16:34:07.861284" elapsed="0.001004"/>
</kw>
<kw name="POST On Session" owner="RequestsLibrary">
<msg time="2025-10-29T16:34:08.067760" level="INFO">POST Request : url=http://localhost:3000/api/v1/auth/register 
 path_url=/api/v1/auth/register 
 headers={'User-Agent': 'python-requests/2.32.3', 'Accept-Encoding': 'gzip, deflate, br, zstd', 'Accept': '*/*', 'Connection': 'keep-alive', 'Content-Type': 'application/json', 'Content-Length': '145'} 
 body=b'{"email": "teste_login_invalido_1761766447@email.com", "password": "senha456", "name": "New Test User", "role": "user # &lt;-- INCLUA ROLE NO BODY"}' 
 </msg>
<msg time="2025-10-29T16:34:08.067760" level="INFO">POST Response : url=http://localhost:3000/api/v1/auth/register 
 status=201, reason=Created 
 headers={'X-Powered-By': 'Express', 'Access-Control-Allow-Origin': '*', 'Content-Type': 'application/json; charset=utf-8', 'Content-Length': '329', 'ETag': 'W/"149-yrNUZInbhvYRz2gOMWMj+cJOL9M"', 'Date': 'Wed, 29 Oct 2025 19:34:08 GMT', 'Connection': 'keep-alive', 'Keep-Alive': 'timeout=5'} 
 body={"success":true,"data":{"_id":"69026c2f735d793ab0538a86","name":"New Test User","email":"teste_login_invalido_1761766447@email.com","role":"user","token":"eyJhbGciOiJIUzI1NiIsInR5cCI6IkpXVCJ9.eyJpZCI6IjY5MDI2YzJmNzM1ZDc5M2FiMDUzOGE4NiIsImlhdCI6MTc2MTc2NjQ0OCwiZXhwIjoxNzYxODUyODQ4fQ.uFeG3F2RqlK_g6qSJHO513NjUrPUAxdfotvkSjmKP10"}} 
 </msg>
<msg time="2025-10-29T16:34:08.067760" level="INFO">${response} = &lt;Response [201]&gt;</msg>
<var>${response}</var>
<arg>cinema_api</arg>
<arg>/auth/register</arg>
<arg>json=${body}</arg>
<arg>headers=${headers}</arg>
<doc>Sends a POST request on a previously created HTTP Session.</doc>
<status status="PASS" start="2025-10-29T16:34:07.862288" elapsed="0.205472"/>
</kw>
<kw name="Should Be Equal As Strings" owner="BuiltIn">
<msg time="2025-10-29T16:34:08.069755" level="INFO">Argument types are:
&lt;class 'int'&gt;
&lt;class 'str'&gt;</msg>
<arg>${response.status_code}</arg>
<arg>201</arg>
<doc>Fails if objects are unequal after converting them to strings.</doc>
<status status="PASS" start="2025-10-29T16:34:08.068761" elapsed="0.000994"/>
</kw>
<kw name="Perform Valid Login" owner="auth">
<kw name="Create Dictionary" owner="BuiltIn">
<msg time="2025-10-29T16:34:08.070453" level="INFO">${headers} = {'Content-Type': 'application/json'}</msg>
<var>${headers}</var>
<arg>Content-Type=application/json</arg>
<doc>Creates and returns a dictionary based on the given ``items``.</doc>
<status status="PASS" start="2025-10-29T16:34:08.070453" elapsed="0.000000"/>
</kw>
<kw name="Create Dictionary" owner="BuiltIn">
<msg time="2025-10-29T16:34:08.070453" level="INFO">${body} = {'email': 'teste_login_invalido_1761766447@email.com', 'password': 'senha456'}</msg>
<var>${body}</var>
<arg>email=${email}</arg>
<arg>password=${password}</arg>
<doc>Creates and returns a dictionary based on the given ``items``.</doc>
<status status="PASS" start="2025-10-29T16:34:08.070453" elapsed="0.000000"/>
</kw>
<kw name="POST On Session" owner="RequestsLibrary">
<msg time="2025-10-29T16:34:08.199560" level="INFO">POST Request : url=http://localhost:3000/api/v1/auth/login 
 path_url=/api/v1/auth/login 
 headers={'User-Agent': 'python-requests/2.32.3', 'Accept-Encoding': 'gzip, deflate, br, zstd', 'Accept': '*/*', 'Connection': 'keep-alive', 'Content-Type': 'application/json', 'Content-Length': '78'} 
 body=b'{"email": "teste_login_invalido_1761766447@email.com", "password": "senha456"}' 
 </msg>
<msg time="2025-10-29T16:34:08.199560" level="INFO">POST Response : url=http://localhost:3000/api/v1/auth/login 
 status=200, reason=OK 
 headers={'X-Powered-By': 'Express', 'Access-Control-Allow-Origin': '*', 'Content-Type': 'application/json; charset=utf-8', 'Content-Length': '329', 'ETag': 'W/"149-yrNUZInbhvYRz2gOMWMj+cJOL9M"', 'Date': 'Wed, 29 Oct 2025 19:34:08 GMT', 'Connection': 'keep-alive', 'Keep-Alive': 'timeout=5'} 
 body={"success":true,"data":{"_id":"69026c2f735d793ab0538a86","name":"New Test User","email":"teste_login_invalido_1761766447@email.com","role":"user","token":"eyJhbGciOiJIUzI1NiIsInR5cCI6IkpXVCJ9.eyJpZCI6IjY5MDI2YzJmNzM1ZDc5M2FiMDUzOGE4NiIsImlhdCI6MTc2MTc2NjQ0OCwiZXhwIjoxNzYxODUyODQ4fQ.uFeG3F2RqlK_g6qSJHO513NjUrPUAxdfotvkSjmKP10"}} 
 </msg>
<msg time="2025-10-29T16:34:08.199560" level="INFO">${response} = &lt;Response [200]&gt;</msg>
<var>${response}</var>
<arg>cinema_api</arg>
<arg>/auth/login</arg>
<arg>json=${body}</arg>
<arg>headers=${headers}</arg>
<doc>Sends a POST request on a previously created HTTP Session.</doc>
<status status="PASS" start="2025-10-29T16:34:08.070453" elapsed="0.129107"/>
</kw>
<kw name="Should Be Equal As Strings" owner="BuiltIn">
<msg time="2025-10-29T16:34:08.200559" level="INFO">Argument types are:
&lt;class 'int'&gt;
&lt;class 'str'&gt;</msg>
<arg>${response.status_code}</arg>
<arg>200</arg>
<doc>Fails if objects are unequal after converting them to strings.</doc>
<status status="PASS" start="2025-10-29T16:34:08.199560" elapsed="0.001999"/>
</kw>
<kw name="Should Be Equal As Strings" owner="BuiltIn">
<msg time="2025-10-29T16:34:08.202529" level="INFO">Argument types are:
&lt;class 'bool'&gt;
&lt;class 'str'&gt;</msg>
<arg>${response.json()}[success]</arg>
<arg>True</arg>
<doc>Fails if objects are unequal after converting them to strings.</doc>
<status status="PASS" start="2025-10-29T16:34:08.201559" elapsed="0.000970"/>
</kw>
<kw name="Set Variable" owner="BuiltIn">
<msg time="2025-10-29T16:34:08.203604" level="INFO">${token} = eyJhbGciOiJIUzI1NiIsInR5cCI6IkpXVCJ9.eyJpZCI6IjY5MDI2YzJmNzM1ZDc5M2FiMDUzOGE4NiIsImlhdCI6MTc2MTc2NjQ0OCwiZXhwIjoxNzYxODUyODQ4fQ.uFeG3F2RqlK_g6qSJHO513NjUrPUAxdfotvkSjmKP10</msg>
<var>${token}</var>
<arg>${response.json()}[data][token]</arg>
<doc>Returns the given values which can then be assigned to a variables.</doc>
<status status="PASS" start="2025-10-29T16:34:08.202529" elapsed="0.001075"/>
</kw>
<return>
<value>${token}</value>
<status status="PASS" start="2025-10-29T16:34:08.203604" elapsed="0.000000"/>
</return>
<msg time="2025-10-29T16:34:08.203604" level="INFO">${token} = eyJhbGciOiJIUzI1NiIsInR5cCI6IkpXVCJ9.eyJpZCI6IjY5MDI2YzJmNzM1ZDc5M2FiMDUzOGE4NiIsImlhdCI6MTc2MTc2NjQ0OCwiZXhwIjoxNzYxODUyODQ4fQ.uFeG3F2RqlK_g6qSJHO513NjUrPUAxdfotvkSjmKP10</msg>
<var>${token}</var>
<arg>${email}</arg>
<arg>${password}</arg>
<doc>Realiza login e retorna o token JWT.</doc>
<status status="PASS" start="2025-10-29T16:34:08.069755" elapsed="0.133849"/>
</kw>
<return>
<value>${token}</value>
<status status="PASS" start="2025-10-29T16:34:08.203604" elapsed="0.000000"/>
</return>
<msg time="2025-10-29T16:34:08.203604" level="INFO">${token} = eyJhbGciOiJIUzI1NiIsInR5cCI6IkpXVCJ9.eyJpZCI6IjY5MDI2YzJmNzM1ZDc5M2FiMDUzOGE4NiIsImlhdCI6MTc2MTc2NjQ0OCwiZXhwIjoxNzYxODUyODQ4fQ.uFeG3F2RqlK_g6qSJHO513NjUrPUAxdfotvkSjmKP10</msg>
<var>${token}</var>
<arg>${valid_email}</arg>
<arg>${NEW_USER_PASSWORD}</arg>
<doc>Registra um novo usuário e faz login imediatamente.</doc>
<status status="PASS" start="2025-10-29T16:34:07.861284" elapsed="0.342320"/>
</kw>
<kw name="Create List" owner="BuiltIn">
<msg time="2025-10-29T16:34:08.205604" level="INFO">@{invalid_credentials} = [ {'email': 'naoexiste@email.com', 'password': 'senha456'} | {'email': 'teste_login_invalido_1761766447@email.com', 'password': 'senhaerrada'} ]</msg>
<var>@{invalid_credentials}</var>
<arg>${{{"email": "naoexiste@email.com", "password": "${NEW_USER_PASSWORD}"}}}</arg>
<arg>${{{"email": "${valid_email}", "password": "senhaerrada"}}}</arg>
<doc>Returns a list containing given items.</doc>
<status status="PASS" start="2025-10-29T16:34:08.204605" elapsed="0.000999"/>
</kw>
<for flavor="IN">
<iter>
<kw name="Create Dictionary" owner="BuiltIn">
<msg time="2025-10-29T16:34:08.206603" level="INFO">${headers} = {'Content-Type': 'application/json'}</msg>
<var>${headers}</var>
<arg>Content-Type=application/json</arg>
<doc>Creates and returns a dictionary based on the given ``items``.</doc>
<status status="PASS" start="2025-10-29T16:34:08.205604" elapsed="0.000999"/>
</kw>
<kw name="POST On Session" owner="RequestsLibrary">
<msg time="2025-10-29T16:34:08.275231" level="INFO">POST Request : url=http://localhost:3000/api/v1/auth/login 
 path_url=/api/v1/auth/login 
 headers={'User-Agent': 'python-requests/2.32.3', 'Accept-Encoding': 'gzip, deflate, br, zstd', 'Accept': '*/*', 'Connection': 'keep-alive', 'Content-Type': 'application/json', 'Content-Length': '56'} 
 body=b'{"email": "naoexiste@email.com", "password": "senha456"}' 
 </msg>
<msg time="2025-10-29T16:34:08.275231" level="INFO">POST Response : url=http://localhost:3000/api/v1/auth/login 
 status=401, reason=Unauthorized 
 headers={'X-Powered-By': 'Express', 'Access-Control-Allow-Origin': '*', 'Content-Type': 'application/json; charset=utf-8', 'Content-Length': '55', 'ETag': 'W/"37-5uDpJTljPBecOPs/j7OXFdPRcmQ"', 'Date': 'Wed, 29 Oct 2025 19:34:08 GMT', 'Connection': 'keep-alive', 'Keep-Alive': 'timeout=5'} 
 body={"success":false,"message":"Invalid email or password"} 
 </msg>
<msg time="2025-10-29T16:34:08.275231" level="INFO">${response} = &lt;Response [401]&gt;</msg>
<var>${response}</var>
<arg>cinema_api</arg>
<arg>/auth/login</arg>
<arg>json=${credentials}</arg>
<arg>headers=${headers}</arg>
<arg>expected_status=401</arg>
<doc>Sends a POST request on a previously created HTTP Session.</doc>
<status status="PASS" start="2025-10-29T16:34:08.206603" elapsed="0.068628"/>
</kw>
<kw name="Should Be Equal As Strings" owner="BuiltIn">
<msg time="2025-10-29T16:34:08.276233" level="INFO">Argument types are:
&lt;class 'int'&gt;
&lt;class 'str'&gt;</msg>
<arg>${response.status_code}</arg>
<arg>401</arg>
<doc>Fails if objects are unequal after converting them to strings.</doc>
<status status="PASS" start="2025-10-29T16:34:08.275231" elapsed="0.001002"/>
</kw>
<kw name="Should Be Equal As Strings" owner="BuiltIn">
<msg time="2025-10-29T16:34:08.278231" level="INFO">Argument types are:
&lt;class 'bool'&gt;
&lt;class 'str'&gt;</msg>
<arg>${response.json()}[success]</arg>
<arg>False</arg>
<doc>Fails if objects are unequal after converting them to strings.</doc>
<status status="PASS" start="2025-10-29T16:34:08.277232" elapsed="0.000999"/>
</kw>
<kw name="Log" owner="BuiltIn">
<msg time="2025-10-29T16:34:08.279231" level="INFO">Response login inválido: {'success': False, 'message': 'Invalid email or password'}</msg>
<arg>Response login inválido: ${response.json()}</arg>
<doc>Logs the given message with the given level.</doc>
<status status="PASS" start="2025-10-29T16:34:08.278231" elapsed="0.001000"/>
</kw>
<var name="${credentials}">{'email': 'naoexiste@email.com', 'password': 'senha456'}</var>
<status status="PASS" start="2025-10-29T16:34:08.205604" elapsed="0.073627"/>
</iter>
<iter>
<kw name="Create Dictionary" owner="BuiltIn">
<msg time="2025-10-29T16:34:08.279231" level="INFO">${headers} = {'Content-Type': 'application/json'}</msg>
<var>${headers}</var>
<arg>Content-Type=application/json</arg>
<doc>Creates and returns a dictionary based on the given ``items``.</doc>
<status status="PASS" start="2025-10-29T16:34:08.279231" elapsed="0.000000"/>
</kw>
<kw name="POST On Session" owner="RequestsLibrary">
<msg time="2025-10-29T16:34:08.404890" level="INFO">POST Request : url=http://localhost:3000/api/v1/auth/login 
 path_url=/api/v1/auth/login 
 headers={'User-Agent': 'python-requests/2.32.3', 'Accept-Encoding': 'gzip, deflate, br, zstd', 'Accept': '*/*', 'Connection': 'keep-alive', 'Content-Type': 'application/json', 'Content-Length': '81'} 
 body=b'{"email": "teste_login_invalido_1761766447@email.com", "password": "senhaerrada"}' 
 </msg>
<msg time="2025-10-29T16:34:08.404890" level="INFO">POST Response : url=http://localhost:3000/api/v1/auth/login 
 status=401, reason=Unauthorized 
 headers={'X-Powered-By': 'Express', 'Access-Control-Allow-Origin': '*', 'Content-Type': 'application/json; charset=utf-8', 'Content-Length': '55', 'ETag': 'W/"37-5uDpJTljPBecOPs/j7OXFdPRcmQ"', 'Date': 'Wed, 29 Oct 2025 19:34:08 GMT', 'Connection': 'keep-alive', 'Keep-Alive': 'timeout=5'} 
 body={"success":false,"message":"Invalid email or password"} 
 </msg>
<msg time="2025-10-29T16:34:08.404890" level="INFO">${response} = &lt;Response [401]&gt;</msg>
<var>${response}</var>
<arg>cinema_api</arg>
<arg>/auth/login</arg>
<arg>json=${credentials}</arg>
<arg>headers=${headers}</arg>
<arg>expected_status=401</arg>
<doc>Sends a POST request on a previously created HTTP Session.</doc>
<status status="PASS" start="2025-10-29T16:34:08.279231" elapsed="0.125659"/>
</kw>
<kw name="Should Be Equal As Strings" owner="BuiltIn">
<msg time="2025-10-29T16:34:08.405889" level="INFO">Argument types are:
&lt;class 'int'&gt;
&lt;class 'str'&gt;</msg>
<arg>${response.status_code}</arg>
<arg>401</arg>
<doc>Fails if objects are unequal after converting them to strings.</doc>
<status status="PASS" start="2025-10-29T16:34:08.404890" elapsed="0.000999"/>
</kw>
<kw name="Should Be Equal As Strings" owner="BuiltIn">
<msg time="2025-10-29T16:34:08.406888" level="INFO">Argument types are:
&lt;class 'bool'&gt;
&lt;class 'str'&gt;</msg>
<arg>${response.json()}[success]</arg>
<arg>False</arg>
<doc>Fails if objects are unequal after converting them to strings.</doc>
<status status="PASS" start="2025-10-29T16:34:08.405889" elapsed="0.000999"/>
</kw>
<kw name="Log" owner="BuiltIn">
<msg time="2025-10-29T16:34:08.407888" level="INFO">Response login inválido: {'success': False, 'message': 'Invalid email or password'}</msg>
<arg>Response login inválido: ${response.json()}</arg>
<doc>Logs the given message with the given level.</doc>
<status status="PASS" start="2025-10-29T16:34:08.406888" elapsed="0.001000"/>
</kw>
<var name="${credentials}">{'email': 'teste_login_invalido_1761766447@email.com', 'password': 'senhaerrada'}</var>
<status status="PASS" start="2025-10-29T16:34:08.279231" elapsed="0.128657"/>
</iter>
<var>${credentials}</var>
<value>@{invalid_credentials}</value>
<status status="PASS" start="2025-10-29T16:34:08.205604" elapsed="0.202284"/>
</for>
<doc>Testa login com email/senha incorretos - CORRIGIDO</doc>
<status status="PASS" start="2025-10-29T16:34:07.859286" elapsed="0.549602"/>
</test>
<test id="s1-s1-t4" name="TC004 - Acesso ao Perfil com Token Inválido" line="56">
<kw name="Create API Session" owner="auth" type="SETUP">
<kw name="Create Session" owner="RequestsLibrary">
<msg time="2025-10-29T16:34:08.410737" level="INFO">Creating Session using : alias=cinema_api, url=http://localhost:3000/api/v1, headers={},                     cookies={}, auth=None, timeout=None, proxies=None, verify=True,                     debug=0 </msg>
<arg>cinema_api</arg>
<arg>${URL_API}</arg>
<arg>verify=True</arg>
<doc>Create Session: create a HTTP session to a server</doc>
<status status="PASS" start="2025-10-29T16:34:08.410737" elapsed="0.000000"/>
</kw>
<doc>Cria a sessão de RequestsLibrary.</doc>
<status status="PASS" start="2025-10-29T16:34:08.410393" elapsed="0.000344"/>
</kw>
<kw name="Create Dictionary" owner="BuiltIn">
<msg time="2025-10-29T16:34:08.410737" level="INFO">${headers} = {'Content-Type': 'application/json', 'Authorization': 'Bearer token_invalido_123'}</msg>
<var>${headers}</var>
<arg>Content-Type=application/json</arg>
<arg>Authorization=Bearer token_invalido_123</arg>
<doc>Creates and returns a dictionary based on the given ``items``.</doc>
<status status="PASS" start="2025-10-29T16:34:08.410737" elapsed="0.000000"/>
</kw>
<kw name="GET On Session" owner="RequestsLibrary">
<msg time="2025-10-29T16:34:08.413982" level="INFO">GET Request : url=http://localhost:3000/api/v1/auth/me 
 path_url=/api/v1/auth/me 
 headers={'User-Agent': 'python-requests/2.32.3', 'Accept-Encoding': 'gzip, deflate, br, zstd', 'Accept': '*/*', 'Connection': 'keep-alive', 'Content-Type': 'application/json', 'Authorization': 'Bearer token_invalido_123'} 
 body=None 
 </msg>
<msg time="2025-10-29T16:34:08.413982" level="INFO">GET Response : url=http://localhost:3000/api/v1/auth/me 
 status=401, reason=Unauthorized 
 headers={'X-Powered-By': 'Express', 'Access-Control-Allow-Origin': '*', 'Content-Type': 'application/json; charset=utf-8', 'Content-Length': '65', 'ETag': 'W/"41-TJq3LYiwj1On+7IZ17oLU5tM1Zs"', 'Date': 'Wed, 29 Oct 2025 19:34:08 GMT', 'Connection': 'keep-alive', 'Keep-Alive': 'timeout=5'} 
 body={"success":false,"message":"Not authorized to access this route"} 
 </msg>
<msg time="2025-10-29T16:34:08.413982" level="INFO">${response} = &lt;Response [401]&gt;</msg>
<var>${response}</var>
<arg>cinema_api</arg>
<arg>/auth/me</arg>
<arg>headers=${headers}</arg>
<arg>expected_status=401</arg>
<doc>Sends a GET request on a previously created HTTP Session.</doc>
<status status="PASS" start="2025-10-29T16:34:08.410737" elapsed="0.004243"/>
</kw>
<kw name="Should Be Equal As Strings" owner="BuiltIn">
<msg time="2025-10-29T16:34:08.416083" level="INFO">Argument types are:
&lt;class 'int'&gt;
&lt;class 'str'&gt;</msg>
<arg>${response.status_code}</arg>
<arg>401</arg>
<doc>Fails if objects are unequal after converting them to strings.</doc>
<status status="PASS" start="2025-10-29T16:34:08.415052" elapsed="0.001031"/>
</kw>
<kw name="Should Be Equal As Strings" owner="BuiltIn">
<msg time="2025-10-29T16:34:08.417084" level="INFO">Argument types are:
&lt;class 'bool'&gt;
&lt;class 'str'&gt;</msg>
<arg>${response.json()}[success]</arg>
<arg>False</arg>
<doc>Fails if objects are unequal after converting them to strings.</doc>
<status status="PASS" start="2025-10-29T16:34:08.416083" elapsed="0.001001"/>
</kw>
<doc>Tenta acessar /auth/me com token inválido - CORRIGIDO</doc>
<status status="PASS" start="2025-10-29T16:34:08.409887" elapsed="0.007197"/>
</test>
<test id="s1-s1-t5" name="TC005 - Fluxo Completo de Autenticação" line="68">
<kw name="Create API Session" owner="auth" type="SETUP">
<kw name="Create Session" owner="RequestsLibrary">
<msg time="2025-10-29T16:34:08.418789" level="INFO">Creating Session using : alias=cinema_api, url=http://localhost:3000/api/v1, headers={},                     cookies={}, auth=None, timeout=None, proxies=None, verify=True,                     debug=0 </msg>
<arg>cinema_api</arg>
<arg>${URL_API}</arg>
<arg>verify=True</arg>
<doc>Create Session: create a HTTP session to a server</doc>
<status status="PASS" start="2025-10-29T16:34:08.417750" elapsed="0.001039"/>
</kw>
<doc>Cria a sessão de RequestsLibrary.</doc>
<status status="PASS" start="2025-10-29T16:34:08.417750" elapsed="0.001039"/>
</kw>
<kw name="Get Time" owner="BuiltIn">
<msg time="2025-10-29T16:34:08.419788" level="INFO">${timestamp} = 1761766448</msg>
<var>${timestamp}</var>
<arg>epoch</arg>
<doc>Returns the given time in the requested format.</doc>
<status status="PASS" start="2025-10-29T16:34:08.418789" elapsed="0.000999"/>
</kw>
<kw name="Catenate" owner="BuiltIn">
<msg time="2025-10-29T16:34:08.419788" level="INFO">${flow_email} = teste_fluxo_1761766448@email.com</msg>
<var>${flow_email}</var>
<arg>SEPARATOR=</arg>
<arg>teste_fluxo_${timestamp}@email.com</arg>
<doc>Catenates the given items together and returns the resulted string.</doc>
<status status="PASS" start="2025-10-29T16:34:08.419788" elapsed="0.000000"/>
</kw>
<kw name="Set Variable" owner="BuiltIn">
<msg time="2025-10-29T16:34:08.419788" level="INFO">${new_name} = Usuário Fluxo Completo</msg>
<var>${new_name}</var>
<arg>Usuário Fluxo Completo</arg>
<doc>Returns the given values which can then be assigned to a variables.</doc>
<status status="PASS" start="2025-10-29T16:34:08.419788" elapsed="0.000000"/>
</kw>
<kw name="Create Dictionary" owner="BuiltIn">
<msg time="2025-10-29T16:34:08.419788" level="INFO">${headers} = {'Content-Type': 'application/json'}</msg>
<var>${headers}</var>
<arg>Content-Type=application/json</arg>
<doc>Creates and returns a dictionary based on the given ``items``.</doc>
<status status="PASS" start="2025-10-29T16:34:08.419788" elapsed="0.000000"/>
</kw>
<kw name="Create Dictionary" owner="BuiltIn">
<msg time="2025-10-29T16:34:08.420786" level="INFO">${register_body} = {'name': 'Usuario Inicial', 'email': 'teste_fluxo_1761766448@email.com', 'password': 'senha456'}</msg>
<var>${register_body}</var>
<arg>name=Usuario Inicial</arg>
<arg>email=${flow_email}</arg>
<arg>password=${NEW_USER_PASSWORD}</arg>
<doc>Creates and returns a dictionary based on the given ``items``.</doc>
<status status="PASS" start="2025-10-29T16:34:08.420786" elapsed="0.000000"/>
</kw>
<kw name="POST On Session" owner="RequestsLibrary">
<msg time="2025-10-29T16:34:08.616980" level="INFO">POST Request : url=http://localhost:3000/api/v1/auth/register 
 path_url=/api/v1/auth/register 
 headers={'User-Agent': 'python-requests/2.32.3', 'Accept-Encoding': 'gzip, deflate, br, zstd', 'Accept': '*/*', 'Connection': 'keep-alive', 'Content-Type': 'application/json', 'Content-Length': '96'} 
 body=b'{"name": "Usuario Inicial", "email": "teste_fluxo_1761766448@email.com", "password": "senha456"}' 
 </msg>
<msg time="2025-10-29T16:34:08.616980" level="INFO">POST Response : url=http://localhost:3000/api/v1/auth/register 
 status=201, reason=Created 
 headers={'X-Powered-By': 'Express', 'Access-Control-Allow-Origin': '*', 'Content-Type': 'application/json; charset=utf-8', 'Content-Length': '322', 'ETag': 'W/"142-hulSwO+UGF1SR5uUWnBO3nB0iJs"', 'Date': 'Wed, 29 Oct 2025 19:34:08 GMT', 'Connection': 'keep-alive', 'Keep-Alive': 'timeout=5'} 
 body={"success":true,"data":{"_id":"69026c30735d793ab0538a8c","name":"Usuario Inicial","email":"teste_fluxo_1761766448@email.com","role":"user","token":"eyJhbGciOiJIUzI1NiIsInR5cCI6IkpXVCJ9.eyJpZCI6IjY5MDI2YzMwNzM1ZDc5M2FiMDUzOGE4YyIsImlhdCI6MTc2MTc2NjQ0OCwiZXhwIjoxNzYxODUyODQ4fQ.1KIs3RxfGjzh0e0r1QtrKUu34pUdKuK--l98Ur4v_2I"}} 
 </msg>
<msg time="2025-10-29T16:34:08.616980" level="INFO">${register_response} = &lt;Response [201]&gt;</msg>
<var>${register_response}</var>
<arg>cinema_api</arg>
<arg>/auth/register</arg>
<arg>json=${register_body}</arg>
<arg>headers=${headers}</arg>
<doc>Sends a POST request on a previously created HTTP Session.</doc>
<status status="PASS" start="2025-10-29T16:34:08.420786" elapsed="0.196194"/>
</kw>
<kw name="Should Be Equal As Strings" owner="BuiltIn">
<msg time="2025-10-29T16:34:08.618982" level="INFO">Argument types are:
&lt;class 'int'&gt;
&lt;class 'str'&gt;</msg>
<arg>${register_response.status_code}</arg>
<arg>201</arg>
<doc>Fails if objects are unequal after converting them to strings.</doc>
<status status="PASS" start="2025-10-29T16:34:08.617979" elapsed="0.001003"/>
</kw>
<kw name="Perform Valid Login" owner="auth">
<kw name="Create Dictionary" owner="BuiltIn">
<msg time="2025-10-29T16:34:08.618982" level="INFO">${headers} = {'Content-Type': 'application/json'}</msg>
<var>${headers}</var>
<arg>Content-Type=application/json</arg>
<doc>Creates and returns a dictionary based on the given ``items``.</doc>
<status status="PASS" start="2025-10-29T16:34:08.618982" elapsed="0.000000"/>
</kw>
<kw name="Create Dictionary" owner="BuiltIn">
<msg time="2025-10-29T16:34:08.620132" level="INFO">${body} = {'email': 'teste_fluxo_1761766448@email.com', 'password': 'senha456'}</msg>
<var>${body}</var>
<arg>email=${email}</arg>
<arg>password=${password}</arg>
<doc>Creates and returns a dictionary based on the given ``items``.</doc>
<status status="PASS" start="2025-10-29T16:34:08.618982" elapsed="0.001150"/>
</kw>
<kw name="POST On Session" owner="RequestsLibrary">
<msg time="2025-10-29T16:34:08.746220" level="INFO">POST Request : url=http://localhost:3000/api/v1/auth/login 
 path_url=/api/v1/auth/login 
 headers={'User-Agent': 'python-requests/2.32.3', 'Accept-Encoding': 'gzip, deflate, br, zstd', 'Accept': '*/*', 'Connection': 'keep-alive', 'Content-Type': 'application/json', 'Content-Length': '69'} 
 body=b'{"email": "teste_fluxo_1761766448@email.com", "password": "senha456"}' 
 </msg>
<msg time="2025-10-29T16:34:08.746220" level="INFO">POST Response : url=http://localhost:3000/api/v1/auth/login 
 status=200, reason=OK 
 headers={'X-Powered-By': 'Express', 'Access-Control-Allow-Origin': '*', 'Content-Type': 'application/json; charset=utf-8', 'Content-Length': '322', 'ETag': 'W/"142-hulSwO+UGF1SR5uUWnBO3nB0iJs"', 'Date': 'Wed, 29 Oct 2025 19:34:08 GMT', 'Connection': 'keep-alive', 'Keep-Alive': 'timeout=5'} 
 body={"success":true,"data":{"_id":"69026c30735d793ab0538a8c","name":"Usuario Inicial","email":"teste_fluxo_1761766448@email.com","role":"user","token":"eyJhbGciOiJIUzI1NiIsInR5cCI6IkpXVCJ9.eyJpZCI6IjY5MDI2YzMwNzM1ZDc5M2FiMDUzOGE4YyIsImlhdCI6MTc2MTc2NjQ0OCwiZXhwIjoxNzYxODUyODQ4fQ.1KIs3RxfGjzh0e0r1QtrKUu34pUdKuK--l98Ur4v_2I"}} 
 </msg>
<msg time="2025-10-29T16:34:08.746220" level="INFO">${response} = &lt;Response [200]&gt;</msg>
<var>${response}</var>
<arg>cinema_api</arg>
<arg>/auth/login</arg>
<arg>json=${body}</arg>
<arg>headers=${headers}</arg>
<doc>Sends a POST request on a previously created HTTP Session.</doc>
<status status="PASS" start="2025-10-29T16:34:08.620132" elapsed="0.126088"/>
</kw>
<kw name="Should Be Equal As Strings" owner="BuiltIn">
<msg time="2025-10-29T16:34:08.747215" level="INFO">Argument types are:
&lt;class 'int'&gt;
&lt;class 'str'&gt;</msg>
<arg>${response.status_code}</arg>
<arg>200</arg>
<doc>Fails if objects are unequal after converting them to strings.</doc>
<status status="PASS" start="2025-10-29T16:34:08.746220" elapsed="0.001994"/>
</kw>
<kw name="Should Be Equal As Strings" owner="BuiltIn">
<msg time="2025-10-29T16:34:08.749214" level="INFO">Argument types are:
&lt;class 'bool'&gt;
&lt;class 'str'&gt;</msg>
<arg>${response.json()}[success]</arg>
<arg>True</arg>
<doc>Fails if objects are unequal after converting them to strings.</doc>
<status status="PASS" start="2025-10-29T16:34:08.748214" elapsed="0.001000"/>
</kw>
<kw name="Set Variable" owner="BuiltIn">
<msg time="2025-10-29T16:34:08.750214" level="INFO">${token} = eyJhbGciOiJIUzI1NiIsInR5cCI6IkpXVCJ9.eyJpZCI6IjY5MDI2YzMwNzM1ZDc5M2FiMDUzOGE4YyIsImlhdCI6MTc2MTc2NjQ0OCwiZXhwIjoxNzYxODUyODQ4fQ.1KIs3RxfGjzh0e0r1QtrKUu34pUdKuK--l98Ur4v_2I</msg>
<var>${token}</var>
<arg>${response.json()}[data][token]</arg>
<doc>Returns the given values which can then be assigned to a variables.</doc>
<status status="PASS" start="2025-10-29T16:34:08.749214" elapsed="0.001000"/>
</kw>
<return>
<value>${token}</value>
<status status="PASS" start="2025-10-29T16:34:08.750214" elapsed="0.000000"/>
</return>
<msg time="2025-10-29T16:34:08.750214" level="INFO">${token} = eyJhbGciOiJIUzI1NiIsInR5cCI6IkpXVCJ9.eyJpZCI6IjY5MDI2YzMwNzM1ZDc5M2FiMDUzOGE4YyIsImlhdCI6MTc2MTc2NjQ0OCwiZXhwIjoxNzYxODUyODQ4fQ.1KIs3RxfGjzh0e0r1QtrKUu34pUdKuK--l98Ur4v_2I</msg>
<var>${token}</var>
<arg>${flow_email}</arg>
<arg>${NEW_USER_PASSWORD}</arg>
<doc>Realiza login e retorna o token JWT.</doc>
<status status="PASS" start="2025-10-29T16:34:08.618982" elapsed="0.131232"/>
</kw>
<kw name="Should Not Be Empty" owner="BuiltIn">
<msg time="2025-10-29T16:34:08.751216" level="INFO">Length is 171.</msg>
<arg>${token}</arg>
<doc>Verifies that the given item is not empty.</doc>
<status status="PASS" start="2025-10-29T16:34:08.751216" elapsed="0.000000"/>
</kw>
<kw name="Create Dictionary" owner="BuiltIn">
<msg time="2025-10-29T16:34:08.751216" level="INFO">${profile_headers} = {'Content-Type': 'application/json', 'Authorization': 'Bearer eyJhbGciOiJIUzI1NiIsInR5cCI6IkpXVCJ9.eyJpZCI6IjY5MDI2YzMwNzM1ZDc5M2FiMDUzOGE4YyIsImlhdCI6MTc2MTc2NjQ0OCwiZXhwIjoxNzYxODUyODQ4fQ.1KIs3RxfGj...</msg>
<var>${profile_headers}</var>
<arg>Content-Type=application/json</arg>
<arg>Authorization=Bearer ${token}</arg>
<doc>Creates and returns a dictionary based on the given ``items``.</doc>
<status status="PASS" start="2025-10-29T16:34:08.751216" elapsed="0.000000"/>
</kw>
<kw name="GET On Session" owner="RequestsLibrary">
<msg time="2025-10-29T16:34:08.878008" level="INFO">GET Request : url=http://localhost:3000/api/v1/auth/me 
 path_url=/api/v1/auth/me 
 headers={'User-Agent': 'python-requests/2.32.3', 'Accept-Encoding': 'gzip, deflate, br, zstd', 'Accept': '*/*', 'Connection': 'keep-alive', 'Content-Type': 'application/json', 'Authorization': 'Bearer eyJhbGciOiJIUzI1NiIsInR5cCI6IkpXVCJ9.eyJpZCI6IjY5MDI2YzMwNzM1ZDc5M2FiMDUzOGE4YyIsImlhdCI6MTc2MTc2NjQ0OCwiZXhwIjoxNzYxODUyODQ4fQ.1KIs3RxfGjzh0e0r1QtrKUu34pUdKuK--l98Ur4v_2I'} 
 body=None 
 </msg>
<msg time="2025-10-29T16:34:08.878008" level="INFO">GET Response : url=http://localhost:3000/api/v1/auth/me 
 status=200, reason=OK 
 headers={'X-Powered-By': 'Express', 'Access-Control-Allow-Origin': '*', 'Content-Type': 'application/json; charset=utf-8', 'Content-Length': '140', 'ETag': 'W/"8c-2KTUUGqk1m1SfOHKtrCRHoInegI"', 'Date': 'Wed, 29 Oct 2025 19:34:08 GMT', 'Connection': 'keep-alive', 'Keep-Alive': 'timeout=5'} 
 body={"success":true,"data":{"_id":"69026c30735d793ab0538a8c","name":"Usuario Inicial","email":"teste_fluxo_1761766448@email.com","role":"user"}} 
 </msg>
<msg time="2025-10-29T16:34:08.878998" level="INFO">${profile_response} = &lt;Response [200]&gt;</msg>
<var>${profile_response}</var>
<arg>cinema_api</arg>
<arg>/auth/me</arg>
<arg>headers=${profile_headers}</arg>
<doc>Sends a GET request on a previously created HTTP Session.</doc>
<status status="PASS" start="2025-10-29T16:34:08.751216" elapsed="0.127782"/>
</kw>
<kw name="Should Be Equal As Strings" owner="BuiltIn">
<msg time="2025-10-29T16:34:08.879996" level="INFO">Argument types are:
&lt;class 'int'&gt;
&lt;class 'str'&gt;</msg>
<arg>${profile_response.status_code}</arg>
<arg>200</arg>
<doc>Fails if objects are unequal after converting them to strings.</doc>
<status status="PASS" start="2025-10-29T16:34:08.878998" elapsed="0.000998"/>
</kw>
<kw name="Should Be Equal As Strings" owner="BuiltIn">
<arg>${profile_response.json()}[data][email]</arg>
<arg>${flow_email}</arg>
<doc>Fails if objects are unequal after converting them to strings.</doc>
<status status="PASS" start="2025-10-29T16:34:08.879996" elapsed="0.001000"/>
</kw>
<kw name="Create Dictionary" owner="BuiltIn">
<msg time="2025-10-29T16:34:08.881995" level="INFO">${update_body} = {'name': 'Usuário Fluxo Completo'}</msg>
<var>${update_body}</var>
<arg>name=${new_name}</arg>
<doc>Creates and returns a dictionary based on the given ``items``.</doc>
<status status="PASS" start="2025-10-29T16:34:08.880996" elapsed="0.000999"/>
</kw>
<kw name="PUT On Session" owner="RequestsLibrary">
<msg time="2025-10-29T16:34:09.075356" level="INFO">PUT Request : url=http://localhost:3000/api/v1/auth/profile 
 path_url=/api/v1/auth/profile 
 headers={'User-Agent': 'python-requests/2.32.3', 'Accept-Encoding': 'gzip, deflate, br, zstd', 'Accept': '*/*', 'Connection': 'keep-alive', 'Content-Type': 'application/json', 'Authorization': 'Bearer eyJhbGciOiJIUzI1NiIsInR5cCI6IkpXVCJ9.eyJpZCI6IjY5MDI2YzMwNzM1ZDc5M2FiMDUzOGE4YyIsImlhdCI6MTc2MTc2NjQ0OCwiZXhwIjoxNzYxODUyODQ4fQ.1KIs3RxfGjzh0e0r1QtrKUu34pUdKuK--l98Ur4v_2I', 'Content-Length': '39'} 
 body=b'{"name": "Usu\\u00e1rio Fluxo Completo"}' 
 </msg>
<msg time="2025-10-29T16:34:09.075356" level="INFO">PUT Response : url=http://localhost:3000/api/v1/auth/profile 
 status=200, reason=OK 
 headers={'X-Powered-By': 'Express', 'Access-Control-Allow-Origin': '*', 'Content-Type': 'application/json; charset=utf-8', 'Content-Length': '372', 'ETag': 'W/"174-il832q4LP0MfUjxTStGdZIQaXC8"', 'Date': 'Wed, 29 Oct 2025 19:34:09 GMT', 'Connection': 'keep-alive', 'Keep-Alive': 'timeout=5'} 
 body={"success":true,"message":"Perfil atualizado com sucesso","data":{"_id":"69026c30735d793ab0538a8c","name":"Usuário Fluxo Completo","email":"teste_fluxo_1761766448@email.com","role":"user","token":"eyJhbGciOiJIUzI1NiIsInR5cCI6IkpXVCJ9.eyJpZCI6IjY5MDI2YzMwNzM1ZDc5M2FiMDUzOGE4YyIsImlhdCI6MTc2MTc2NjQ0OSwiZXhwIjoxNzYxODUyODQ5fQ.b_-91dy1yK4H2GDCkTyuQestqudG1v72b7Va6IwhoXM"}} 
 </msg>
<msg time="2025-10-29T16:34:09.075356" level="INFO">${update_response} = &lt;Response [200]&gt;</msg>
<var>${update_response}</var>
<arg>cinema_api</arg>
<arg>/auth/profile</arg>
<arg>json=${update_body}</arg>
<arg>headers=${profile_headers}</arg>
<doc>Sends a PUT request on a previously created HTTP Session.</doc>
<status status="PASS" start="2025-10-29T16:34:08.881995" elapsed="0.193361"/>
</kw>
<kw name="Should Be Equal As Strings" owner="BuiltIn">
<msg time="2025-10-29T16:34:09.077351" level="INFO">Argument types are:
&lt;class 'int'&gt;
&lt;class 'str'&gt;</msg>
<arg>${update_response.status_code}</arg>
<arg>200</arg>
<doc>Fails if objects are unequal after converting them to strings.</doc>
<status status="PASS" start="2025-10-29T16:34:09.075356" elapsed="0.001995"/>
</kw>
<kw name="Should Be Equal As Strings" owner="BuiltIn">
<arg>${update_response.json()}[data][name]</arg>
<arg>${new_name}</arg>
<doc>Fails if objects are unequal after converting them to strings.</doc>
<status status="PASS" start="2025-10-29T16:34:09.077351" elapsed="0.001140"/>
</kw>
<kw name="Log" owner="BuiltIn">
<msg time="2025-10-29T16:34:09.078491" level="INFO">Fluxo completo de autenticação executado com sucesso!</msg>
<arg>Fluxo completo de autenticação executado com sucesso!</arg>
<doc>Logs the given message with the given level.</doc>
<status status="PASS" start="2025-10-29T16:34:09.078491" elapsed="0.000994"/>
</kw>
<doc>Testa fluxo completo: registro → login → perfil → update → CORRIGIDO</doc>
<status status="PASS" start="2025-10-29T16:34:08.417750" elapsed="0.661735"/>
</test>
<test id="s1-s1-t6" name="TC006 - Login com Credenciais do Raphael" line="96">
<kw name="Create API Session" owner="auth" type="SETUP">
<kw name="Create Session" owner="RequestsLibrary">
<msg time="2025-10-29T16:34:09.080484" level="INFO">Creating Session using : alias=cinema_api, url=http://localhost:3000/api/v1, headers={},                     cookies={}, auth=None, timeout=None, proxies=None, verify=True,                     debug=0 </msg>
<arg>cinema_api</arg>
<arg>${URL_API}</arg>
<arg>verify=True</arg>
<doc>Create Session: create a HTTP session to a server</doc>
<status status="PASS" start="2025-10-29T16:34:09.080484" elapsed="0.000000"/>
</kw>
<doc>Cria a sessão de RequestsLibrary.</doc>
<status status="PASS" start="2025-10-29T16:34:09.080484" elapsed="0.000000"/>
</kw>
<kw name="Set Variable" owner="BuiltIn">
<msg time="2025-10-29T16:34:09.080484" level="INFO">${specific_email} = raphaelrates.dev@gmail.com</msg>
<var>${specific_email}</var>
<arg>raphaelrates.dev@gmail.com</arg>
<doc>Returns the given values which can then be assigned to a variables.</doc>
<status status="PASS" start="2025-10-29T16:34:09.080484" elapsed="0.000000"/>
</kw>
<kw name="Set Variable" owner="BuiltIn">
<msg time="2025-10-29T16:34:09.081492" level="INFO">${specific_password} = 12345678</msg>
<var>${specific_password}</var>
<arg>12345678</arg>
<doc>Returns the given values which can then be assigned to a variables.</doc>
<status status="PASS" start="2025-10-29T16:34:09.081492" elapsed="0.000000"/>
</kw>
<kw name="Perform Valid Login" owner="auth">
<kw name="Create Dictionary" owner="BuiltIn">
<msg time="2025-10-29T16:34:09.081492" level="INFO">${headers} = {'Content-Type': 'application/json'}</msg>
<var>${headers}</var>
<arg>Content-Type=application/json</arg>
<doc>Creates and returns a dictionary based on the given ``items``.</doc>
<status status="PASS" start="2025-10-29T16:34:09.081492" elapsed="0.000000"/>
</kw>
<kw name="Create Dictionary" owner="BuiltIn">
<msg time="2025-10-29T16:34:09.081492" level="INFO">${body} = {'email': 'raphaelrates.dev@gmail.com', 'password': '12345678'}</msg>
<var>${body}</var>
<arg>email=${email}</arg>
<arg>password=${password}</arg>
<doc>Creates and returns a dictionary based on the given ``items``.</doc>
<status status="PASS" start="2025-10-29T16:34:09.081492" elapsed="0.000000"/>
</kw>
<kw name="POST On Session" owner="RequestsLibrary">
<msg time="2025-10-29T16:34:09.210402" level="INFO">POST Request : url=http://localhost:3000/api/v1/auth/login 
 path_url=/api/v1/auth/login 
 headers={'User-Agent': 'python-requests/2.32.3', 'Accept-Encoding': 'gzip, deflate, br, zstd', 'Accept': '*/*', 'Connection': 'keep-alive', 'Content-Type': 'application/json', 'Content-Length': '63'} 
 body=b'{"email": "raphaelrates.dev@gmail.com", "password": "12345678"}' 
 </msg>
<msg time="2025-10-29T16:34:09.210402" level="INFO">POST Response : url=http://localhost:3000/api/v1/auth/login 
 status=200, reason=OK 
 headers={'X-Powered-By': 'Express', 'Access-Control-Allow-Origin': '*', 'Content-Type': 'application/json; charset=utf-8', 'Content-Length': '319', 'ETag': 'W/"13f-7m+ZSFHiUTAMV/b0H83ngYkdgRE"', 'Date': 'Wed, 29 Oct 2025 19:34:09 GMT', 'Connection': 'keep-alive', 'Keep-Alive': 'timeout=5'} 
 body={"success":true,"data":{"_id":"68fbbd1d5127a80a9600b456","name":"Raphael Susa Silva","email":"raphaelrates.dev@gmail.com","role":"user","token":"eyJhbGciOiJIUzI1NiIsInR5cCI6IkpXVCJ9.eyJpZCI6IjY4ZmJiZDFkNTEyN2E4MGE5NjAwYjQ1NiIsImlhdCI6MTc2MTc2NjQ0OSwiZXhwIjoxNzYxODUyODQ5fQ.e037kVDbew36GRg_9z0V2Mnnc_jWoBL9IXLZoukboOg"}} 
 </msg>
<msg time="2025-10-29T16:34:09.210402" level="INFO">${response} = &lt;Response [200]&gt;</msg>
<var>${response}</var>
<arg>cinema_api</arg>
<arg>/auth/login</arg>
<arg>json=${body}</arg>
<arg>headers=${headers}</arg>
<doc>Sends a POST request on a previously created HTTP Session.</doc>
<status status="PASS" start="2025-10-29T16:34:09.082492" elapsed="0.127910"/>
</kw>
<kw name="Should Be Equal As Strings" owner="BuiltIn">
<msg time="2025-10-29T16:34:09.211396" level="INFO">Argument types are:
&lt;class 'int'&gt;
&lt;class 'str'&gt;</msg>
<arg>${response.status_code}</arg>
<arg>200</arg>
<doc>Fails if objects are unequal after converting them to strings.</doc>
<status status="PASS" start="2025-10-29T16:34:09.210402" elapsed="0.000994"/>
</kw>
<kw name="Should Be Equal As Strings" owner="BuiltIn">
<msg time="2025-10-29T16:34:09.212911" level="INFO">Argument types are:
&lt;class 'bool'&gt;
&lt;class 'str'&gt;</msg>
<arg>${response.json()}[success]</arg>
<arg>True</arg>
<doc>Fails if objects are unequal after converting them to strings.</doc>
<status status="PASS" start="2025-10-29T16:34:09.211396" elapsed="0.001515"/>
</kw>
<kw name="Set Variable" owner="BuiltIn">
<msg time="2025-10-29T16:34:09.213927" level="INFO">${token} = eyJhbGciOiJIUzI1NiIsInR5cCI6IkpXVCJ9.eyJpZCI6IjY4ZmJiZDFkNTEyN2E4MGE5NjAwYjQ1NiIsImlhdCI6MTc2MTc2NjQ0OSwiZXhwIjoxNzYxODUyODQ5fQ.e037kVDbew36GRg_9z0V2Mnnc_jWoBL9IXLZoukboOg</msg>
<var>${token}</var>
<arg>${response.json()}[data][token]</arg>
<doc>Returns the given values which can then be assigned to a variables.</doc>
<status status="PASS" start="2025-10-29T16:34:09.212911" elapsed="0.001016"/>
</kw>
<return>
<value>${token}</value>
<status status="PASS" start="2025-10-29T16:34:09.213927" elapsed="0.000000"/>
</return>
<msg time="2025-10-29T16:34:09.213927" level="INFO">${token} = eyJhbGciOiJIUzI1NiIsInR5cCI6IkpXVCJ9.eyJpZCI6IjY4ZmJiZDFkNTEyN2E4MGE5NjAwYjQ1NiIsImlhdCI6MTc2MTc2NjQ0OSwiZXhwIjoxNzYxODUyODQ5fQ.e037kVDbew36GRg_9z0V2Mnnc_jWoBL9IXLZoukboOg</msg>
<var>${token}</var>
<arg>${specific_email}</arg>
<arg>${specific_password}</arg>
<doc>Realiza login e retorna o token JWT.</doc>
<status status="PASS" start="2025-10-29T16:34:09.081492" elapsed="0.132435"/>
</kw>
<kw name="Should Not Be Empty" owner="BuiltIn">
<msg time="2025-10-29T16:34:09.213927" level="INFO">Length is 171.</msg>
<arg>${token}</arg>
<doc>Verifies that the given item is not empty.</doc>
<status status="PASS" start="2025-10-29T16:34:09.213927" elapsed="0.000000"/>
</kw>
<kw name="Log" owner="BuiltIn">
<msg time="2025-10-29T16:34:09.214925" level="INFO">Login realizado com sucesso! Token obtido: eyJhbGciOiJIUzI1NiIsInR5cCI6IkpXVCJ9.eyJpZCI6IjY4ZmJiZDFkNTEyN2E4MGE5NjAwYjQ1NiIsImlhdCI6MTc2MTc2NjQ0OSwiZXhwIjoxNzYxODUyODQ5fQ.e037kVDbew36GRg_9z0V2Mnnc_jWoBL9IXLZoukboOg</msg>
<arg>Login realizado com sucesso! Token obtido: ${token}</arg>
<doc>Logs the given message with the given level.</doc>
<status status="PASS" start="2025-10-29T16:34:09.214925" elapsed="0.000000"/>
</kw>
<doc>Testa login com email: raphaelrates.dev@gmail.com e senha: 12345678</doc>
<status status="PASS" start="2025-10-29T16:34:09.079485" elapsed="0.135440"/>
</test>
<status status="PASS" start="2025-10-29T16:34:06.857544" elapsed="2.358777"/>
</suite>
<suite id="s1-s2" name="Theater" source="C:\Users\raphael\Documents\GitHub\learn\Compass\cinema\test-ciname-challenge\tests\server\theater.robot">
<kw name="Run Keywords" owner="BuiltIn" type="SETUP">
<kw name="Create Session" owner="RequestsLibrary">
<msg time="2025-10-29T16:34:09.660950" level="INFO">Creating Session using : alias=cinema_api, url=http://localhost:3000/api/v1, headers={},                     cookies={}, auth=None, timeout=None, proxies=None, verify=False,                     debug=0 </msg>
<arg>cinema_api</arg>
<arg>${URL_API}</arg>
<doc>Create Session: create a HTTP session to a server</doc>
<status status="PASS" start="2025-10-29T16:34:09.659974" elapsed="0.000976"/>
</kw>
<kw name="Setup Test Environment" owner="setup">
<kw name="Create Test Users" owner="setup">
<kw name="Create Dictionary" owner="BuiltIn">
<msg time="2025-10-29T16:34:09.661959" level="INFO">${headers} = {'Content-Type': 'application/json'}</msg>
<var>${headers}</var>
<arg>Content-Type=application/json</arg>
<doc>Creates and returns a dictionary based on the given ``items``.</doc>
<status status="PASS" start="2025-10-29T16:34:09.661959" elapsed="0.000000"/>
</kw>
<kw name="POST On Session" owner="RequestsLibrary">
<msg time="2025-10-29T16:34:09.789666" level="INFO">POST Request : url=http://localhost:3000/api/v1/setup/test-users 
 path_url=/api/v1/setup/test-users 
 headers={'User-Agent': 'python-requests/2.32.3', 'Accept-Encoding': 'gzip, deflate, br, zstd', 'Accept': '*/*', 'Connection': 'keep-alive', 'Content-Type': 'application/json', 'Content-Length': '0'} 
 body=None 
 </msg>
<msg time="2025-10-29T16:34:09.789666" level="INFO">POST Response : url=http://localhost:3000/api/v1/setup/test-users 
 status=200, reason=OK 
 headers={'X-Powered-By': 'Express', 'Access-Control-Allow-Origin': '*', 'Content-Type': 'application/json; charset=utf-8', 'Content-Length': '167', 'ETag': 'W/"a7-Bosz+W/Q6GA0UjzJOObg/A7XvX4"', 'Date': 'Wed, 29 Oct 2025 19:34:09 GMT', 'Connection': 'keep-alive', 'Keep-Alive': 'timeout=5'} 
 body={"success":true,"message":"All test users already exist","data":{"existing":[{"email":"test@example.com","role":"user"},{"email":"admin@example.com","role":"admin"}]}} 
 </msg>
<msg time="2025-10-29T16:34:09.790676" level="INFO">${response} = &lt;Response [200]&gt;</msg>
<var>${response}</var>
<arg>cinema_api</arg>
<arg>/setup/test-users</arg>
<arg>headers=${headers}</arg>
<doc>Sends a POST request on a previously created HTTP Session.</doc>
<status status="PASS" start="2025-10-29T16:34:09.661959" elapsed="0.128717"/>
</kw>
<return>
<value>${response}</value>
<status status="PASS" start="2025-10-29T16:34:09.790676" elapsed="0.000000"/>
</return>
<msg time="2025-10-29T16:34:09.790676" level="INFO">${response} = &lt;Response [200]&gt;</msg>
<var>${response}</var>
<doc>Cria usuários de teste via endpoint /setup/test-users</doc>
<status status="PASS" start="2025-10-29T16:34:09.661959" elapsed="0.128717"/>
</kw>
<return>
<value>${response}</value>
<status status="PASS" start="2025-10-29T16:34:09.790676" elapsed="0.000000"/>
</return>
<doc>Cria ambiente de teste com usuários padrão</doc>
<status status="PASS" start="2025-10-29T16:34:09.660950" elapsed="0.129726"/>
</kw>
<arg>Create Session</arg>
<arg>cinema_api</arg>
<arg>${URL_API}</arg>
<arg>AND</arg>
<arg>Setup Test Environment</arg>
<doc>Executes all the given keywords in a sequence.</doc>
<status status="PASS" start="2025-10-29T16:34:09.659974" elapsed="0.130702"/>
</kw>
<test id="s1-s2-t1" name="Get All Theaters Successfully" line="16">
<kw name="Get All Theaters" owner="theater">
<kw name="GET On Session" owner="RequestsLibrary">
<msg time="2025-10-29T16:34:09.859652" level="INFO">GET Request : url=http://localhost:3000/api/v1/theaters 
 path_url=/api/v1/theaters 
 headers={'User-Agent': 'python-requests/2.32.3', 'Accept-Encoding': 'gzip, deflate, br, zstd', 'Accept': '*/*', 'Connection': 'keep-alive'} 
 body=None 
 </msg>
<msg time="2025-10-29T16:34:09.859652" level="INFO">GET Response : url=http://localhost:3000/api/v1/theaters 
 status=200, reason=OK 
 headers={'X-Powered-By': 'Express', 'Access-Control-Allow-Origin': '*', 'Content-Type': 'application/json; charset=utf-8', 'Content-Length': '9028', 'ETag': 'W/"2344-cWnpFrtci0dAtFME8YTg8QfrD7U"', 'Date': 'Wed, 29 Oct 2025 19:34:09 GMT', 'Connection': 'keep-alive', 'Keep-Alive': 'timeout=5'} 
 body={"success":true,"count":42,"data":[{"_id":"68f7ec484bc189e5600e8f8a","name":"Theater 1","capacity":120,"type":"standard","createdAt":"2025-10-21T20:25:44.241Z","__v":0,"updatedAt":"2025-10-21T20:25:44.241Z","id":"68f7ec484bc189e5600e8f8a"},{"_id":"68f7ec484bc189e5600e8f8b","name":"Theater 2","capacity":80,"type":"3D","createdAt":"2025-10-21T20:25:44.241Z","__v":0,"updatedAt":"2025-10-21T20:25:44.241Z","id":"68f7ec484bc189e5600e8f8b"},{"_id":"68f7ec484bc189e5600e8f8c","name":"Theater 3","capacity":60,"type":"IMAX","createdAt":"2025-10-21T20:25:44.241Z","__v":0,"updatedAt":"2025-10-21T20:25:44.241Z","id":"68f7ec484bc189e5600e8f8c"},{"_id":"690263c1735d793ab05388fa","name":"Theater_1761764289_5","capacity":87,"type":"standard","createdAt":"2025-10-29T18:58:09.918Z","updatedAt":"2025-10-29T18:58:09.918Z","__v":0,"id":"690263c1735d793ab05388fa"},{"_id":"690263c2735d793ab05388fe","name":"Theater_1761764290_3","capacity":106,"type":"standard","createdAt":"2025-10-29T18:58:10.206Z","updatedAt":"2025-10-29T18:58:10.206Z","__v":0,"id":"690263c2735d793ab05388fe"},{"_id":"690263c2735d793ab0538905","name":"Duplicate Theater","capacity":196,"type":"standard","createdAt":"2025-10-29T18:58:10.708Z","updatedAt":"2025-10-29T18:58:10.708Z","__v":0,"id":"690263c2735d793ab0538905"},{"_id":"690263c3735d793ab053890d","name":"Theater_1761764291_2","capacity":87,"type":"standard","createdAt":"2025-10-29T18:58:11.253Z","updatedAt":"2025-10-29T18:58:11.253Z","__v":0,"id":"690263c3735d793ab053890d"},{"_id":"690263c3735d793ab0538911","name":"Theater_1761764291_9","capacity":85,"type":"standard","createdAt":"2025-10-29T18:58:11.538Z","updatedAt":"2025-10-29T18:58:11.538Z","__v":0,"id":"690263c3735d793ab0538911"},{"_id":"690263c4735d793ab053891b","name":"Theater_1761764292_5","capacity":231,"type":"standard","createdAt":"2025-10-29T18:58:12.319Z","updatedAt":"2025-10-29T18:58:12.319Z","__v":0,"id":"690263c4735d793ab053891b"},{"_id":"690263c4735d793ab0538921","name":"Theater_1761764292_6","capacity":67,"type":"standard","createdAt":"2025-10-29T18:58:12.816Z","updatedAt":"2025-10-29T18:58:12.816Z","__v":0,"id":"690263c4735d793ab0538921"},{"_id":"690263c5735d793ab0538925","name":"Theater_1761764292_1","capacity":10,"type":"standard","createdAt":"2025-10-29T18:58:13.120Z","updatedAt":"2025-10-29T18:58:13.120Z","__v":0,"id":"690263c5735d793ab0538925"},{"_id":"69026947735d793ab053892a","name":"meu","capacity":2,"type":"standard","createdAt":"2025-10-29T19:21:43.944Z","updatedAt":"2025-10-29T19:21:43.944Z","__v":0,"id":"69026947735d793ab053892a"},{"_id":"69026ab9735d793ab0538952","name":"Theater_1761766073_5","capacity":219,"type":"standard","createdAt":"2025-10-29T19:27:53.887Z","updatedAt":"2025-10-29T19:27:53.887Z","__v":0,"id":"69026ab9735d793ab0538952"},{"_id":"69026abb735d793ab0538965","name":"Theater_1761766074_8","capacity":271,"type":"standard","createdAt":"2025-10-29T19:27:55.196Z","updatedAt":"2025-10-29T19:27:55.196Z","__v":0,"id":"69026abb735d793ab0538965"},{"_id":"69026abb735d793ab0538969","name":"Theater_1761766075_7","capacity":89,"type":"standard","createdAt":"2025-10-29T19:27:55.478Z","updatedAt":"2025-10-29T19:27:55.478Z","__v":0,"id":"69026abb735d793ab0538969"},{"_id":"69026abb735d793ab053896f","name":"Theater_1761766075_2","capacity":141,"type":"standard","createdAt":"2025-10-29T19:27:55.975Z","updatedAt":"2025-10-29T19:27:55.975Z","__v":0,"id":"69026abb735d793ab053896f"},{"_id":"69026abc735d793ab0538973","name":"Theater_1761766076_8","capacity":172,"type":"standard","createdAt":"2025-10-29T19:27:56.273Z","updatedAt":"2025-10-29T19:27:56.273Z","__v":0,"id":"69026abc735d793ab0538973"},{"_id":"69026abc735d793ab0538979","name":"Theater_1761766076_4","capacity":109,"type":"standard","createdAt":"2025-10-29T19:27:56.787Z","updatedAt":"2025-10-29T19:27:56.787Z","__v":0,"id":"69026abc735d793ab0538979"},{"_id":"69026abd735d793ab053897d","name":"Theater_1761766076_7","capacity":10,"type":"standard","createdAt":"2025-10-29T19:27:57.077Z","updatedAt":"2025-10-29T19:27:57.077Z","__v":0,"id":"69026abd735d793ab053897d"},{"_id":"69026bb0735d793ab05389a5","name":"Theater_1761766320_5","capacity":156,"type":"standard","createdAt":"2025-10-29T19:32:00.900Z","updatedAt":"2025-10-29T19:32:00.900Z","__v":0,"id":"69026bb0735d793ab05389a5"},{"_id":"69026bb1735d793ab05389a9","name":"Theater_1761766320_7","capacity":70,"type":"standard","createdAt":"2025-10-29T19:32:01.200Z","updatedAt":"2025-10-29T19:32:01.200Z","__v":0,"id":"69026bb1735d793ab05389a9"},{"_id":"69026bb2735d793ab05389b8","name":"Theater_1761766322_7","capacity":186,"type":"standard","createdAt":"2025-10-29T19:32:02.319Z","updatedAt":"2025-10-29T19:32:02.319Z","__v":0,"id":"69026bb2735d793ab05389b8"},{"_id":"69026bb2735d793ab05389bc","name":"Theater_1761766322_1","capacity":289,"type":"standard","createdAt":"2025-10-29T19:32:02.619Z","updatedAt":"2025-10-29T19:32:02.619Z","__v":0,"id":"69026bb2735d793ab05389bc"},{"_id":"69026bb3735d793ab05389c6","name":"Theater_1761766323_6","capacity":187,"type":"standard","createdAt":"2025-10-29T19:32:03.469Z","updatedAt":"2025-10-29T19:32:03.469Z","__v":0,"id":"69026bb3735d793ab05389c6"},{"_id":"69026bb4735d793ab05389cc","name":"Theater_1761766323_7","capacity":93,"type":"standard","createdAt":"2025-10-29T19:32:04.026Z","updatedAt":"2025-10-29T19:32:04.026Z","__v":0,"id":"69026bb4735d793ab05389cc"},{"_id":"69026bb4735d793ab05389d0","name":"Theater_1761766324_8","capacity":10,"type":"standard","createdAt":"2025-10-29T19:32:04.359Z","updatedAt":"2025-10-29T19:32:04.359Z","__v":0,"id":"69026bb4735d793ab05389d0"},{"_id":"69026bec735d793ab05389f8","name":"Theater_1761766379_2","capacity":207,"type":"standard","createdAt":"2025-10-29T19:33:00.088Z","updatedAt":"2025-10-29T19:33:00.088Z","__v":0,"id":"69026bec735d793ab05389f8"},{"_id":"69026bec735d793ab05389fc","name":"Theater_1761766380_2","capacity":231,"type":"standard","createdAt":"2025-10-29T19:33:00.376Z","updatedAt":"2025-10-29T19:33:00.376Z","__v":0,"id":"69026bec735d793ab05389fc"},{"_id":"69026bed735d793ab0538a0b","name":"Theater_1761766381_10","capacity":242,"type":"standard","createdAt":"2025-10-29T19:33:01.428Z","updatedAt":"2025-10-29T19:33:01.428Z","__v":0,"id":"69026bed735d793ab0538a0b"},{"_id":"69026bed735d793ab0538a0f","name":"Theater_1761766381_9","capacity":281,"type":"s
[...]
</kw>
<return>
<value>${theater_data}</value>
<status status="PASS" start="2025-10-29T16:34:15.136187" elapsed="0.000000"/>
</return>
<msg time="2025-10-29T16:34:15.136187" level="INFO">${theater_data} = {'name': 'Theater_1761766455_2', 'capacity': '10', 'type': 'standard'}</msg>
<var>${theater_data}</var>
<arg>capacity=10</arg>
<doc>Gera dados fake para theater com type fixo 'standard'</doc>
<status status="PASS" start="2025-10-29T16:34:15.133186" elapsed="0.003993"/>
</kw>
<kw name="Create Theater" owner="theater">
<kw name="Get Admin Token For Theaters" owner="theater">
<kw name="Get Admin Token" owner="base">
<kw name="Get Auth Token" owner="base">
<kw name="Create Dictionary" owner="BuiltIn">
<msg time="2025-10-29T16:34:15.138187" level="INFO">${headers} = {'Content-Type': 'application/json'}</msg>
<var>${headers}</var>
<arg>Content-Type=application/json</arg>
<doc>Creates and returns a dictionary based on the given ``items``.</doc>
<status status="PASS" start="2025-10-29T16:34:15.138187" elapsed="0.000000"/>
</kw>
<kw name="Create Dictionary" owner="BuiltIn">
<msg time="2025-10-29T16:34:15.139194" level="INFO">${body} = {'email': 'umadmin@gmail.com', 'password': '12345678'}</msg>
<var>${body}</var>
<arg>email=${email}</arg>
<arg>password=${password}</arg>
<doc>Creates and returns a dictionary based on the given ``items``.</doc>
<status status="PASS" start="2025-10-29T16:34:15.139194" elapsed="0.000000"/>
</kw>
<kw name="POST On Session" owner="RequestsLibrary">
<msg time="2025-10-29T16:34:15.265787" level="INFO">POST Request : url=http://localhost:3000/api/v1/auth/login 
 path_url=/api/v1/auth/login 
 headers={'User-Agent': 'python-requests/2.32.3', 'Accept-Encoding': 'gzip, deflate, br, zstd', 'Accept': '*/*', 'Connection': 'keep-alive', 'Content-Type': 'application/json', 'Content-Length': '54'} 
 body=b'{"email": "umadmin@gmail.com", "password": "12345678"}' 
 </msg>
<msg time="2025-10-29T16:34:15.265787" level="INFO">POST Response : url=http://localhost:3000/api/v1/auth/login 
 status=200, reason=OK 
 headers={'X-Powered-By': 'Express', 'Access-Control-Allow-Origin': '*', 'Content-Type': 'application/json; charset=utf-8', 'Content-Length': '300', 'ETag': 'W/"12c-sn13qJMOLZ28R9UuZi6ma5gOcrU"', 'Date': 'Wed, 29 Oct 2025 19:34:15 GMT', 'Connection': 'keep-alive', 'Keep-Alive': 'timeout=5'} 
 body={"success":true,"data":{"_id":"690259cc735d793ab0538689","name":"zuneimi","email":"umadmin@gmail.com","role":"admin","token":"eyJhbGciOiJIUzI1NiIsInR5cCI6IkpXVCJ9.eyJpZCI6IjY5MDI1OWNjNzM1ZDc5M2FiMDUzODY4OSIsImlhdCI6MTc2MTc2NjQ1NSwiZXhwIjoxNzYxODUyODU1fQ.LcphWZYm6AkJOQkn5gimeVJgWfMoVoeAPvjOUXdF2w0"}} 
 </msg>
<msg time="2025-10-29T16:34:15.265787" level="INFO">${response} = &lt;Response [200]&gt;</msg>
<var>${response}</var>
<arg>cinema_api</arg>
<arg>/auth/login</arg>
<arg>json=${body}</arg>
<arg>headers=${headers}</arg>
<doc>Sends a POST request on a previously created HTTP Session.</doc>
<status status="PASS" start="2025-10-29T16:34:15.139194" elapsed="0.126593"/>
</kw>
<kw name="Set Variable" owner="BuiltIn">
<msg time="2025-10-29T16:34:15.267790" level="INFO">${token} = eyJhbGciOiJIUzI1NiIsInR5cCI6IkpXVCJ9.eyJpZCI6IjY5MDI1OWNjNzM1ZDc5M2FiMDUzODY4OSIsImlhdCI6MTc2MTc2NjQ1NSwiZXhwIjoxNzYxODUyODU1fQ.LcphWZYm6AkJOQkn5gimeVJgWfMoVoeAPvjOUXdF2w0</msg>
<var>${token}</var>
<arg>${response.json()}[data][token]</arg>
<doc>Returns the given values which can then be assigned to a variables.</doc>
<status status="PASS" start="2025-10-29T16:34:15.265787" elapsed="0.002003"/>
</kw>
<return>
<value>${token}</value>
<status status="PASS" start="2025-10-29T16:34:15.267790" elapsed="0.000000"/>
</return>
<msg time="2025-10-29T16:34:15.267790" level="INFO">${token} = eyJhbGciOiJIUzI1NiIsInR5cCI6IkpXVCJ9.eyJpZCI6IjY5MDI1OWNjNzM1ZDc5M2FiMDUzODY4OSIsImlhdCI6MTc2MTc2NjQ1NSwiZXhwIjoxNzYxODUyODU1fQ.LcphWZYm6AkJOQkn5gimeVJgWfMoVoeAPvjOUXdF2w0</msg>
<var>${token}</var>
<arg>${ADMIN_EMAIL}</arg>
<arg>${ADMIN_PASSWORD}</arg>
<doc>Obtém token de autenticação</doc>
<status status="PASS" start="2025-10-29T16:34:15.138187" elapsed="0.129603"/>
</kw>
<return>
<value>Bearer ${token}</value>
<status status="PASS" start="2025-10-29T16:34:15.267790" elapsed="0.000000"/>
</return>
<msg time="2025-10-29T16:34:15.267790" level="INFO">${token} = Bearer eyJhbGciOiJIUzI1NiIsInR5cCI6IkpXVCJ9.eyJpZCI6IjY5MDI1OWNjNzM1ZDc5M2FiMDUzODY4OSIsImlhdCI6MTc2MTc2NjQ1NSwiZXhwIjoxNzYxODUyODU1fQ.LcphWZYm6AkJOQkn5gimeVJgWfMoVoeAPvjOUXdF2w0</msg>
<var>${token}</var>
<doc>Obtém token de administrador</doc>
<status status="PASS" start="2025-10-29T16:34:15.138187" elapsed="0.129603"/>
</kw>
<return>
<value>${token}</value>
<status status="PASS" start="2025-10-29T16:34:15.267790" elapsed="0.000000"/>
</return>
<msg time="2025-10-29T16:34:15.268789" level="INFO">${auth_token} = Bearer eyJhbGciOiJIUzI1NiIsInR5cCI6IkpXVCJ9.eyJpZCI6IjY5MDI1OWNjNzM1ZDc5M2FiMDUzODY4OSIsImlhdCI6MTc2MTc2NjQ1NSwiZXhwIjoxNzYxODUyODU1fQ.LcphWZYm6AkJOQkn5gimeVJgWfMoVoeAPvjOUXdF2w0</msg>
<var>${auth_token}</var>
<doc>Obtém token JWT para admin</doc>
<status status="PASS" start="2025-10-29T16:34:15.137179" elapsed="0.131610"/>
</kw>
<kw name="Create Dictionary" owner="BuiltIn">
<msg time="2025-10-29T16:34:15.268789" level="INFO">${headers} = {'Content-Type': 'application/json', 'Authorization': 'Bearer eyJhbGciOiJIUzI1NiIsInR5cCI6IkpXVCJ9.eyJpZCI6IjY5MDI1OWNjNzM1ZDc5M2FiMDUzODY4OSIsImlhdCI6MTc2MTc2NjQ1NSwiZXhwIjoxNzYxODUyODU1fQ.LcphWZYm6A...</msg>
<var>${headers}</var>
<arg>Content-Type=application/json</arg>
<arg>Authorization=${auth_token}</arg>
<doc>Creates and returns a dictionary based on the given ``items``.</doc>
<status status="PASS" start="2025-10-29T16:34:15.268789" elapsed="0.000000"/>
</kw>
<kw name="POST On Session" owner="RequestsLibrary">
<msg time="2025-10-29T16:34:15.400990" level="INFO">POST Request : url=http://localhost:3000/api/v1/theaters 
 path_url=/api/v1/theaters 
 headers={'User-Agent': 'python-requests/2.32.3', 'Accept-Encoding': 'gzip, deflate, br, zstd', 'Accept': '*/*', 'Connection': 'keep-alive', 'Content-Type': 'application/json', 'Authorization': 'Bearer eyJhbGciOiJIUzI1NiIsInR5cCI6IkpXVCJ9.eyJpZCI6IjY5MDI1OWNjNzM1ZDc5M2FiMDUzODY4OSIsImlhdCI6MTc2MTc2NjQ1NSwiZXhwIjoxNzYxODUyODU1fQ.LcphWZYm6AkJOQkn5gimeVJgWfMoVoeAPvjOUXdF2w0', 'Content-Length': '70'} 
 body=b'{"name": "Theater_1761766455_2", "capacity": "10", "type": "standard"}' 
 </msg>
<msg time="2025-10-29T16:34:15.401551" level="INFO">POST Response : url=http://localhost:3000/api/v1/theaters 
 status=201, reason=Created 
 headers={'X-Powered-By': 'Express', 'Access-Control-Allow-Origin': '*', 'Content-Type': 'application/json; charset=utf-8', 'Content-Length': '238', 'ETag': 'W/"ee-ljyd7wkmtwY4J13OelIhiEvQs5E"', 'Date': 'Wed, 29 Oct 2025 19:34:15 GMT', 'Connection': 'keep-alive', 'Keep-Alive': 'timeout=5'} 
 body={"success":true,"data":{"name":"Theater_1761766455_2","capacity":10,"type":"standard","_id":"69026c37735d793ab0538ac9","createdAt":"2025-10-29T19:34:15.334Z","updatedAt":"2025-10-29T19:34:15.334Z","__v":0,"id":"69026c37735d793ab0538ac9"}} 
 </msg>
<msg time="2025-10-29T16:34:15.401551" level="INFO">${response} = &lt;Response [201]&gt;</msg>
<var>${response}</var>
<arg>cinema_api</arg>
<arg>/theaters</arg>
<arg>json=${theater_data}</arg>
<arg>headers=${headers}</arg>
<arg>expected_status=any</arg>
<doc>Sends a POST request on a previously created HTTP Session.</doc>
<status status="PASS" start="2025-10-29T16:34:15.268789" elapsed="0.132762"/>
</kw>
<return>
<value>${response}</value>
<status status="PASS" start="2025-10-29T16:34:15.401551" elapsed="0.000000"/>
</return>
<msg time="2025-10-29T16:34:15.402099" level="INFO">${response} = &lt;Response [201]&gt;</msg>
<var>${response}</var>
<arg>${theater_data}</arg>
<doc>Cria um novo teatro</doc>
<status status="PASS" start="2025-10-29T16:34:15.137179" elapsed="0.264920"/>
</kw>
<kw name="Verify Theater Created Successfully" owner="theater">
<kw name="Should Be Equal As Strings" owner="BuiltIn">
<msg time="2025-10-29T16:34:15.404665" level="INFO">Argument types are:
&lt;class 'int'&gt;
&lt;class 'str'&gt;</msg>
<arg>${response.status_code}</arg>
<arg>201</arg>
<doc>Fails if objects are unequal after converting them to strings.</doc>
<status status="PASS" start="2025-10-29T16:34:15.402641" elapsed="0.002024"/>
</kw>
<kw name="Set Variable" owner="BuiltIn">
<msg time="2025-10-29T16:34:15.406266" level="INFO">${json} = {'success': True, 'data': {'name': 'Theater_1761766455_2', 'capacity': 10, 'type': 'standard', '_id': '69026c37735d793ab0538ac9', 'createdAt': '2025-10-29T19:34:15.334Z', 'updatedAt': '2025-10-29T19:3...</msg>
<var>${json}</var>
<arg>${response.json()}</arg>
<doc>Returns the given values which can then be assigned to a variables.</doc>
<status status="PASS" start="2025-10-29T16:34:15.404665" elapsed="0.001601"/>
</kw>
<kw name="Dictionary Should Contain Key" owner="Collections">
<msg time="2025-10-29T16:34:15.406266" level="FAIL">Dictionary does not contain key 'id'.</msg>
<arg>${json}</arg>
<arg>id</arg>
<doc>Fails if ``key`` is not found from ``dictionary``.</doc>
<status status="FAIL" start="2025-10-29T16:34:15.406266" elapsed="0.000000">Dictionary does not contain key 'id'.</status>
</kw>
<kw name="Dictionary Should Contain Key" owner="Collections">
<arg>${json}</arg>
<arg>name</arg>
<doc>Fails if ``key`` is not found from ``dictionary``.</doc>
<status status="NOT RUN" start="2025-10-29T16:34:15.406818" elapsed="0.000000"/>
</kw>
<kw name="Dictionary Should Contain Key" owner="Collections">
<arg>${json}</arg>
<arg>capacity</arg>
<doc>Fails if ``key`` is not found from ``dictionary``.</doc>
<status status="NOT RUN" start="2025-10-29T16:34:15.406818" elapsed="0.000000"/>
</kw>
<kw name="Dictionary Should Contain Key" owner="Collections">
<arg>${json}</arg>
<arg>type</arg>
<doc>Fails if ``key`` is not found from ``dictionary``.</doc>
<status status="NOT RUN" start="2025-10-29T16:34:15.406818" elapsed="0.000000"/>
</kw>
<kw name="Dictionary Should Contain Key" owner="Collections">
<arg>${json}</arg>
<arg>createdAt</arg>
<doc>Fails if ``key`` is not found from ``dictionary``.</doc>
<status status="NOT RUN" start="2025-10-29T16:34:15.407410" elapsed="0.000000"/>
</kw>
<arg>${response}</arg>
<doc>Verifica criação bem-sucedida de theater</doc>
<status status="FAIL" start="2025-10-29T16:34:15.402641" elapsed="0.004769">Dictionary does not contain key 'id'.</status>
</kw>
<kw name="Should Be Equal As Numbers" owner="BuiltIn">
<arg>${response.json()}[capacity]</arg>
<arg>10</arg>
<doc>Fails if objects are unequal after converting them to real numbers.</doc>
<status status="NOT RUN" start="2025-10-29T16:34:15.407410" elapsed="0.000562"/>
</kw>
<doc>Test theater capacity validation</doc>
<status status="FAIL" start="2025-10-29T16:34:15.130179" elapsed="0.277793">Dictionary does not contain key 'id'.</status>
</test>
<status status="FAIL" start="2025-10-29T16:34:09.217355" elapsed="6.195887"/>
</suite>
<status status="FAIL" start="2025-10-29T16:34:06.832577" elapsed="8.585982"/>
</suite>
<statistics>
<total>
<stat pass="11" fail="13" skip="0">All Tests</stat>
</total>
<tag>
</tag>
<suite>
<stat name="Server" id="s1" pass="11" fail="13" skip="0">Server</stat>
<stat name="Auth" id="s1-s1" pass="6" fail="0" skip="0">Server.Auth</stat>
<stat name="Theater" id="s1-s2" pass="5" fail="13" skip="0">Server.Theater</stat>
</suite>
</statistics>
<errors>
<msg time="2025-10-29T16:34:07.145094" level="WARN">Error in file 'C:\Users\raphael\Documents\GitHub\learn\Compass\cinema\test-ciname-challenge\resources\api\auth.resource' on line 28: The '[Return]' setting is deprecated. Use the 'RETURN' statement instead.</msg>
<msg time="2025-10-29T16:34:07.145094" level="WARN">Error in file 'C:\Users\raphael\Documents\GitHub\learn\Compass\cinema\test-ciname-challenge\resources\api\auth.resource' on line 43: The '[Return]' setting is deprecated. Use the 'RETURN' statement instead.</msg>
<msg time="2025-10-29T16:34:07.146087" level="WARN">Error in file 'C:\Users\raphael\Documents\GitHub\learn\Compass\cinema\test-ciname-challenge\resources\api\auth.resource' on line 79: The '[Return]' setting is deprecated. Use the 'RETURN' statement instead.</msg>
<msg time="2025-10-29T16:34:07.146087" level="WARN">Error in file 'C:\Users\raphael\Documents\GitHub\learn\Compass\cinema\test-ciname-challenge\resources\api\auth.resource' on line 89: The '[Return]' setting is deprecated. Use the 'RETURN' statement instead.</msg>
<msg time="2025-10-29T16:34:07.146880" level="WARN">Error in file 'C:\Users\raphael\Documents\GitHub\learn\Compass\cinema\test-ciname-challenge\resources\api\auth.resource' on line 101: The '[Return]' setting is deprecated. Use the 'RETURN' statement instead.</msg>
<msg time="2025-10-29T16:34:09.226357" level="WARN">Error in file 'C:\Users\raphael\Documents\GitHub\learn\Compass\cinema\test-ciname-challenge\resources\api\theater.resource' on line 18: The '[Return]' setting is deprecated. Use the 'RETURN' statement instead.</msg>
<msg time="2025-10-29T16:34:09.227381" level="WARN">Error in file 'C:\Users\raphael\Documents\GitHub\learn\Compass\cinema\test-ciname-challenge\resources\api\theater.resource' on line 24: The '[Return]' setting is deprecated. Use the 'RETURN' statement instead.</msg>
<msg time="2025-10-29T16:34:09.227381" level="WARN">Error in file 'C:\Users\raphael\Documents\GitHub\learn\Compass\cinema\test-ciname-challenge\resources\api\theater.resource' on line 30: The '[Return]' setting is deprecated. Use the 'RETURN' statement instead.</msg>
<msg time="2025-10-29T16:34:09.228385" level="WARN">Error in file 'C:\Users\raphael\Documents\GitHub\learn\Compass\cinema\test-ciname-challenge\resources\api\theater.resource' on line 39: The '[Return]' setting is deprecated. Use the 'RETURN' statement instead.</msg>
<msg time="2025-10-29T16:34:09.228385" level="WARN">Error in file 'C:\Users\raphael\Documents\GitHub\learn\Compass\cinema\test-ciname-challenge\resources\api\theater.resource' on line 50: The '[Return]' setting is deprecated. Use the 'RETURN' statement instead.</msg>
<msg time="2025-10-29T16:34:09.228385" level="WARN">Error in file 'C:\Users\raphael\Documents\GitHub\learn\Compass\cinema\test-ciname-challenge\resources\api\theater.resource' on line 59: The '[Return]' setting is deprecated. Use the 'RETURN' statement instead.</msg>
<msg time="2025-10-29T16:34:09.229392" level="WARN">Error in file 'C:\Users\raphael\Documents\GitHub\learn\Compass\cinema\test-ciname-challenge\resources\api\theater.resource' on line 74: The '[Return]' setting is deprecated. Use the 'RETURN' statement instead.</msg>
<msg time="2025-10-29T16:34:09.230391" level="WARN">Error in file 'C:\Users\raphael\Documents\GitHub\learn\Compass\cinema\test-ciname-challenge\resources\api\theater.resource' on line 132: The '[Return]' setting is deprecated. Use the 'RETURN' statement instead.</msg>
<msg time="2025-10-29T16:34:09.238398" level="ERROR">Error in file 'C:\Users\raphael\Documents\GitHub\learn\Compass\cinema\test-ciname-challenge\resources\api\theater.resource' on line 5: Importing library 'Faker' failed: ModuleNotFoundError: No module named 'Faker'
Traceback (most recent call last):
  None
PYTHONPATH:
  C:\Users\raphael\anaconda3\Scripts\robot.exe
  C:\Users\raphael\anaconda3\python312.zip
  C:\Users\raphael\anaconda3\DLLs
  C:\Users\raphael\anaconda3\Lib
  C:\Users\raphael\anaconda3
  C:\Users\raphael\anaconda3\Lib\site-packages
  C:\Users\raphael\anaconda3\Lib\site-packages\win32
  C:\Users\raphael\anaconda3\Lib\site-packages\win32\lib
  C:\Users\raphael\anaconda3\Lib\site-packages\Pythonwin</msg>
<msg time="2025-10-29T16:34:09.241395" level="WARN">Error in file 'C:\Users\raphael\Documents\GitHub\learn\Compass\cinema\test-ciname-challenge\resources\api\setup.resource' on line 16: The '[Return]' setting is deprecated. Use the 'RETURN' statement instead.</msg>
<msg time="2025-10-29T16:34:09.241395" level="WARN">Error in file 'C:\Users\raphael\Documents\GitHub\learn\Compass\cinema\test-ciname-challenge\resources\api\setup.resource' on line 22: The '[Return]' setting is deprecated. Use the 'RETURN' statement instead.</msg>
<msg time="2025-10-29T16:34:09.242389" level="WARN">Error in file 'C:\Users\raphael\Documents\GitHub\learn\Compass\cinema\test-ciname-challenge\resources\api\setup.resource' on line 31: The '[Return]' setting is deprecated. Use the 'RETURN' statement instead.</msg>
<msg time="2025-10-29T16:34:09.242389" level="WARN">Error in file 'C:\Users\raphael\Documents\GitHub\learn\Compass\cinema\test-ciname-challenge\resources\api\setup.resource' on line 85: The '[Return]' setting is deprecated. Use the 'RETURN' statement instead.</msg>
<msg time="2025-10-29T16:34:09.248395" level="ERROR">Error in file 'C:\Users\raphael\Documents\GitHub\learn\Compass\cinema\test-ciname-challenge\resources\api\setup.resource' on line 4: Importing library 'Faker' failed: ModuleNotFoundError: No module named 'Faker'
Traceback (most recent call last):
  None
PYTHONPATH:
  C:\Users\raphael\anaconda3\Scripts\robot.exe
  C:\Users\raphael\anaconda3\python312.zip
  C:\Users\raphael\anaconda3\DLLs
  C:\Users\raphael\anaconda3\Lib
  C:\Users\raphael\anaconda3
  C:\Users\raphael\anaconda3\Lib\site-packages
  C:\Users\raphael\anaconda3\Lib\site-packages\win32
  C:\Users\raphael\anaconda3\Lib\site-packages\win32\lib
  C:\Users\raphael\anaconda3\Lib\site-packages\Pythonwin</msg>
<msg time="2025-10-29T16:34:09.258398" level="WARN">Error in file 'C:\Users\raphael\Documents\GitHub\learn\Compass\cinema\test-ciname-challenge\resources\base.resource' on line 79: The '[Return]' setting is deprecated. Use the 'RETURN' statement instead.</msg>
<msg time="2025-10-29T16:34:09.260392" level="WARN">Error in file 'C:\Users\raphael\Documents\GitHub\learn\Compass\cinema\test-ciname-challenge\resources\base.resource' on line 163: The '[Return]' setting is deprecated. Use the 'RETURN' statement instead.</msg>
<msg time="2025-10-29T16:34:09.260824" level="WARN">Error in file 'C:\Users\raphael\Documents\GitHub\learn\Compass\cinema\test-ciname-challenge\resources\base.resource' on line 170: The '[Return]' setting is deprecated. Use the 'RETURN' statement instead.</msg>
<msg time="2025-10-29T16:34:09.260824" level="WARN">Error in file 'C:\Users\raphael\Documents\GitHub\learn\Compass\cinema\test-ciname-challenge\resources\base.resource' on line 180: The '[Return]' setting is deprecated. Use the 'RETURN' statement instead.</msg>
<msg time="2025-10-29T16:34:09.260824" level="WARN">Error in file 'C:\Users\raphael\Documents\GitHub\learn\Compass\cinema\test-ciname-challenge\resources\base.resource' on line 185: The '[Return]' setting is deprecated. Use the 'RETURN' statement instead.</msg>
<msg time="2025-10-29T16:34:09.260824" level="WARN">Error in file 'C:\Users\raphael\Documents\GitHub\learn\Compass\cinema\test-ciname-challenge\resources\base.resource' on line 190: The '[Return]' setting is deprecated. Use the 'RETURN' statement instead.</msg>
<msg time="2025-10-29T16:34:09.261832" level="WARN">Error in file 'C:\Users\raphael\Documents\GitHub\learn\Compass\cinema\test-ciname-challenge\resources\base.resource' on line 197: The '[Return]' setting is deprecated. Use the 'RETURN' statement instead.</msg>
<msg time="2025-10-29T16:34:09.569867" level="ERROR">Error in file 'C:\Users\raphael\Documents\GitHub\learn\Compass\cinema\test-ciname-challenge\resources\base.resource' on line 10: Importing library 'Faker' failed: ModuleNotFoundError: No module named 'Faker'
Traceback (most recent call last):
  None
PYTHONPATH:
  C:\Users\raphael\anaconda3\Scripts\robot.exe
  C:\Users\raphael\anaconda3\python312.zip
  C:\Users\raphael\anaconda3\DLLs
  C:\Users\raphael\anaconda3\Lib
  C:\Users\raphael\anaconda3
  C:\Users\raphael\anaconda3\Lib\site-packages
  C:\Users\raphael\anaconda3\Lib\site-packages\win32
  C:\Users\raphael\anaconda3\Lib\site-packages\win32\lib
  C:\Users\raphael\anaconda3\Lib\site-packages\Pythonwin</msg>
</errors>
</robot>
