<?xml version="1.0" encoding="UTF-8"?>
<robot generator="Robot 7.3.2 (Python 3.12.7 on win32)" generated="2025-10-30T14:13:41.857280" rpa="false" schemaversion="5">
<suite id="s1" name="Server" source="C:\Users\raphael\Documents\GitHub\learn\Compass\cinema\test-ciname-challenge\tests\server">
<suite id="s1-s1" name="Movies" source="C:\Users\raphael\Documents\GitHub\learn\Compass\cinema\test-ciname-challenge\tests\server\movies.robot">
<kw name="Setup API Session" owner="base" type="SETUP">
<kw name="Create Session" owner="RequestsLibrary">
<msg time="2025-10-30T14:13:42.647146" level="INFO">Creating Session using : alias=cinema_api, url=http://localhost:3000/api/v1, headers={},                     cookies={}, auth=None, timeout=None, proxies=None, verify=True,                     debug=0 </msg>
<arg>cinema_api</arg>
<arg>${URL_API}</arg>
<arg>verify=true</arg>
<doc>Create Session: create a HTTP session to a server</doc>
<status status="PASS" start="2025-10-30T14:13:42.647146" elapsed="0.000000"/>
</kw>
<doc>Cria sessão da API</doc>
<status status="PASS" start="2025-10-30T14:13:42.647146" elapsed="0.000000"/>
</kw>
<test id="s1-s1-t1" name="TC007 - Get All Movies With Public Access" line="20">
<kw name="Log" owner="BuiltIn" type="SETUP">
<msg time="2025-10-30T14:13:42.647146" level="INFO">Starting test: TC007 - Get All Movies With Public Access</msg>
<arg>Starting test: ${TEST_NAME}</arg>
<doc>Logs the given message with the given level.</doc>
<status status="PASS" start="2025-10-30T14:13:42.647146" elapsed="0.000000"/>
</kw>
<kw name="Get All Movies" owner="movies">
<kw name="Run Keyword If" owner="BuiltIn">
<kw name="Create Dictionary" owner="BuiltIn">
<arg>Content-Type=application/json</arg>
<doc>Creates and returns a dictionary based on the given ``items``.</doc>
<status status="PASS" start="2025-10-30T14:13:42.651562" elapsed="0.000000"/>
</kw>
<msg time="2025-10-30T14:13:42.651562" level="INFO">${headers} = {'Content-Type': 'application/json'}</msg>
<var>${headers}</var>
<arg>$token is not None</arg>
<arg>Create Auth Headers</arg>
<arg>${token}</arg>
<arg>ELSE</arg>
<arg>Create Dictionary</arg>
<arg>Content-Type=application/json</arg>
<doc>Runs the given keyword with the given arguments, if ``condition`` is true.</doc>
<status status="PASS" start="2025-10-30T14:13:42.647146" elapsed="0.004416"/>
</kw>
<kw name="Create Dictionary" owner="BuiltIn">
<msg time="2025-10-30T14:13:42.652570" level="INFO">${params} = {}</msg>
<var>${params}</var>
<doc>Creates and returns a dictionary based on the given ``items``.</doc>
<status status="PASS" start="2025-10-30T14:13:42.652570" elapsed="0.000000"/>
</kw>
<kw name="Run Keyword If" owner="BuiltIn">
<arg>$title is not None</arg>
<arg>Set To Dictionary</arg>
<arg>${params}</arg>
<arg>title=${title}</arg>
<doc>Runs the given keyword with the given arguments, if ``condition`` is true.</doc>
<status status="PASS" start="2025-10-30T14:13:42.652570" elapsed="0.000000"/>
</kw>
<kw name="Run Keyword If" owner="BuiltIn">
<arg>$genre is not None</arg>
<arg>Set To Dictionary</arg>
<arg>${params}</arg>
<arg>genre=${genre}</arg>
<doc>Runs the given keyword with the given arguments, if ``condition`` is true.</doc>
<status status="PASS" start="2025-10-30T14:13:42.652570" elapsed="0.000000"/>
</kw>
<kw name="Run Keyword If" owner="BuiltIn">
<arg>$sort is not None</arg>
<arg>Set To Dictionary</arg>
<arg>${params}</arg>
<arg>sort=${sort}</arg>
<doc>Runs the given keyword with the given arguments, if ``condition`` is true.</doc>
<status status="PASS" start="2025-10-30T14:13:42.652570" elapsed="0.000000"/>
</kw>
<kw name="Run Keyword If" owner="BuiltIn">
<kw name="Set To Dictionary" owner="Collections">
<arg>${params}</arg>
<arg>limit=${limit}</arg>
<doc>Adds the given ``key_value_pairs`` and/or ``items`` to the ``dictionary``.</doc>
<status status="PASS" start="2025-10-30T14:13:42.652570" elapsed="0.000000"/>
</kw>
<arg>$limit is not None</arg>
<arg>Set To Dictionary</arg>
<arg>${params}</arg>
<arg>limit=${limit}</arg>
<doc>Runs the given keyword with the given arguments, if ``condition`` is true.</doc>
<status status="PASS" start="2025-10-30T14:13:42.652570" elapsed="0.000000"/>
</kw>
<kw name="Run Keyword If" owner="BuiltIn">
<kw name="Set To Dictionary" owner="Collections">
<arg>${params}</arg>
<arg>page=${page}</arg>
<doc>Adds the given ``key_value_pairs`` and/or ``items`` to the ``dictionary``.</doc>
<status status="PASS" start="2025-10-30T14:13:42.652570" elapsed="0.000000"/>
</kw>
<arg>$page is not None</arg>
<arg>Set To Dictionary</arg>
<arg>${params}</arg>
<arg>page=${page}</arg>
<doc>Runs the given keyword with the given arguments, if ``condition`` is true.</doc>
<status status="PASS" start="2025-10-30T14:13:42.652570" elapsed="0.000000"/>
</kw>
<kw name="GET On Session" owner="RequestsLibrary">
<msg time="2025-10-30T14:13:42.791816" level="INFO">GET Request : url=http://localhost:3000/api/v1/movies?limit=10&amp;page=1 
 path_url=/api/v1/movies?limit=10&amp;page=1 
 headers={'User-Agent': 'python-requests/2.32.3', 'Accept-Encoding': 'gzip, deflate, br, zstd', 'Accept': '*/*', 'Connection': 'keep-alive', 'Content-Type': 'application/json'} 
 body=None 
 </msg>
<msg time="2025-10-30T14:13:42.791816" level="INFO">GET Response : url=http://localhost:3000/api/v1/movies?limit=10&amp;page=1 
 status=200, reason=OK 
 headers={'X-Powered-By': 'Express', 'Access-Control-Allow-Origin': '*', 'Content-Type': 'application/json; charset=utf-8', 'Content-Length': '3889', 'ETag': 'W/"f31-YcImwEYGmRrTJPirptiaMtGS8cU"', 'Date': 'Thu, 30 Oct 2025 17:13:42 GMT', 'Connection': 'keep-alive', 'Keep-Alive': 'timeout=5'} 
 body={"success":true,"count":10,"pagination":{"next":{"page":2,"limit":10}},"data":[{"_id":"6903947b4ef161c9db3238b2","title":"string","synopsis":"string","director":"string","genres":["string"],"duration":0,"classification":"string","poster":"string","releaseDate":"2025-10-30T00:00:00.000Z","id":"6903947b4ef161c9db3238b2"},{"_id":"6903948f4ef161c9db3238b5","title":"string","synopsis":"string","director":"string","genres":["string"],"duration":0,"classification":"string","poster":"string","releaseDate":"2025-10-30T00:00:00.000Z","id":"6903948f4ef161c9db3238b5"},{"_id":"68f7ec4a377d8700e8da0156","customId":"10","title":"Interstellar","synopsis":"A team of explorers travel through a wormhole in space in an attempt to ensure humanity's survival.","director":"Christopher Nolan","genres":["Adventure","Drama","Science Fiction"],"duration":169,"classification":"PG-13","poster":"interstellar.jpg","releaseDate":"2014-11-07T00:00:00.000Z","id":"68f7ec4a377d8700e8da0156"},{"_id":"68f7ec484bc189e5600e8f87","customId":"2","title":"The Avengers","synopsis":"Earth's mightiest heroes must come together to save the world.","director":"Joss Whedon","genres":["Action","Adventure"],"duration":143,"classification":"PG-13","poster":"avengers.jpg","releaseDate":"2012-05-04T00:00:00.000Z","id":"68f7ec484bc189e5600e8f87"},{"_id":"68f7ec484bc189e5600e8f86","customId":"1","title":"Inception","synopsis":"A thief who enters the dreams of others to steal their secrets.","director":"Christopher Nolan","genres":["Science Fiction","Action"],"duration":148,"classification":"PG-13","poster":"inception.jpg","releaseDate":"2010-07-16T00:00:00.000Z","id":"68f7ec484bc189e5600e8f86"},{"_id":"68f7ec4a377d8700e8da015a","customId":"14","title":"Avatar","synopsis":"A paraplegic Marine dispatched to the moon Pandora on a unique mission becomes torn between following his orders and protecting the world he feels is his home.","director":"James Cameron","genres":["Action","Adventure","Fantasy"],"duration":162,"classification":"PG-13","poster":"avatar.jpg","releaseDate":"2009-12-18T00:00:00.000Z","id":"68f7ec4a377d8700e8da015a"},{"_id":"68f7ec4a377d8700e8da0152","customId":"6","title":"The Dark Knight","synopsis":"When the menace known as the Joker wreaks havoc and chaos on the people of Gotham, Batman must accept one of the greatest psychological and physical tests of his ability to fight injustice.","director":"Christopher Nolan","genres":["Action","Crime","Drama"],"duration":152,"classification":"PG-13","poster":"darkknight.jpg","releaseDate":"2008-07-18T00:00:00.000Z","id":"68f7ec4a377d8700e8da0152"},{"_id":"68f7ec4a377d8700e8da0158","customId":"12","title":"The Lord of the Rings: The Fellowship of the Ring","synopsis":"A meek Hobbit from the Shire and eight companions set out on a journey to destroy the powerful One Ring and save Middle-earth from the Dark Lord Sauron.","director":"Peter Jackson","genres":["Adventure","Fantasy","Drama"],"duration":178,"classification":"PG-13","poster":"lotr.jpg","releaseDate":"2001-12-19T00:00:00.000Z","id":"68f7ec4a377d8700e8da0158"},{"_id":"68f7ec4a377d8700e8da0157","customId":"11","title":"Gladiator","synopsis":"A former Roman General sets out to exact vengeance against the corrupt emperor who murdered his family and sent him into slavery.","director":"Ridley Scott","genres":["Action","Adventure","Drama"],"duration":155,"classification":"R","poster":"gladiator.jpg","releaseDate":"2000-05-05T00:00:00.000Z","id":"68f7ec4a377d8700e8da0157"},{"_id":"68f7ec4a377d8700e8da0153","customId":"7","title":"Fight Club","synopsis":"An insomniac office worker and a devil-may-care soapmaker form an underground fight club that evolves into something much, much more.","director":"David Fincher","genres":["Drama"],"duration":139,"classification":"R","poster":"fightclub.jpg","releaseDate":"1999-10-15T00:00:00.000Z","id":"68f7ec4a377d8700e8da0153"}]} 
 </msg>
<msg time="2025-10-30T14:13:42.792816" level="INFO">${response} = &lt;Response [200]&gt;</msg>
<var>${response}</var>
<arg>cinema_api</arg>
<arg>/movies</arg>
<arg>headers=${headers}</arg>
<arg>params=${params}</arg>
<arg>expected_status=any</arg>
<doc>Sends a GET request on a previously created HTTP Session.</doc>
<status status="PASS" start="2025-10-30T14:13:42.652570" elapsed="0.140246"/>
</kw>
<return>
<value>${response}</value>
<status status="PASS" start="2025-10-30T14:13:42.792816" elapsed="0.000000"/>
</return>
<msg time="2025-10-30T14:13:42.792816" level="INFO">${response} = &lt;Response [200]&gt;</msg>
<var>${response}</var>
<status status="PASS" start="2025-10-30T14:13:42.647146" elapsed="0.145670"/>
</kw>
<kw name="Should Be Success Response" owner="base">
<kw name="Should Be Equal As Strings" owner="BuiltIn">
<msg time="2025-10-30T14:13:42.794816" level="INFO">Argument types are:
&lt;class 'int'&gt;
&lt;class 'str'&gt;</msg>
<arg>${response.status_code}</arg>
<arg>${expected_status}</arg>
<doc>Fails if objects are unequal after converting them to strings.</doc>
<status status="PASS" start="2025-10-30T14:13:42.793815" elapsed="0.001001"/>
</kw>
<kw name="Should Be Equal As Strings" owner="BuiltIn">
<msg time="2025-10-30T14:13:42.796815" level="INFO">Argument types are:
&lt;class 'bool'&gt;
&lt;class 'str'&gt;</msg>
<arg>${response.json()}[success]</arg>
<arg>True</arg>
<doc>Fails if objects are unequal after converting them to strings.</doc>
<status status="PASS" start="2025-10-30T14:13:42.794816" elapsed="0.001999"/>
</kw>
<arg>${response}</arg>
<arg>200</arg>
<status status="PASS" start="2025-10-30T14:13:42.793815" elapsed="0.003000"/>
</kw>
<kw name="Dictionary Should Contain Key" owner="Collections">
<arg>${response.json()}</arg>
<arg>data</arg>
<doc>Fails if ``key`` is not found from ``dictionary``.</doc>
<status status="PASS" start="2025-10-30T14:13:42.796815" elapsed="0.001002"/>
</kw>
<kw name="Should Not Be Empty" owner="BuiltIn">
<msg time="2025-10-30T14:13:42.797817" level="INFO">Length is 10.</msg>
<arg>${response.json()}[data]</arg>
<doc>Verifies that the given item is not empty.</doc>
<status status="PASS" start="2025-10-30T14:13:42.797817" elapsed="0.000000"/>
</kw>
<kw name="Log" owner="BuiltIn" type="TEARDOWN">
<msg time="2025-10-30T14:13:42.797817" level="INFO">Finished test: TC007 - Get All Movies With Public Access</msg>
<arg>Finished test: ${TEST_NAME}</arg>
<doc>Logs the given message with the given level.</doc>
<status status="PASS" start="2025-10-30T14:13:42.797817" elapsed="0.000000"/>
</kw>
<msg time="2025-10-30T14:13:42.829688" level="INFO">Starting Browser process C:\Users\raphael\anaconda3\Lib\site-packages\Browser\wrapper\index.js using at 127.0.0.1:56365</msg>
<doc>Listar todos os filmes com acesso público</doc>
<tag>movies</tag>
<tag>public</tag>
<tag>read</tag>
<status status="PASS" start="2025-10-30T14:13:42.647146" elapsed="0.150671"/>
</test>
<test id="s1-s1-t2" name="TC008 - Get Movies With Title Filter" line="28">
<kw name="Log" owner="BuiltIn" type="SETUP">
<msg time="2025-10-30T14:13:43.880970" level="INFO">Starting test: TC008 - Get Movies With Title Filter</msg>
<arg>Starting test: ${TEST_NAME}</arg>
<doc>Logs the given message with the given level.</doc>
<status status="PASS" start="2025-10-30T14:13:43.879946" elapsed="0.001024"/>
</kw>
<kw name="Get All Movies" owner="movies">
<kw name="Run Keyword If" owner="BuiltIn">
<kw name="Create Dictionary" owner="BuiltIn">
<arg>Content-Type=application/json</arg>
<doc>Creates and returns a dictionary based on the given ``items``.</doc>
<status status="PASS" start="2025-10-30T14:13:43.882647" elapsed="0.000000"/>
</kw>
<msg time="2025-10-30T14:13:43.882647" level="INFO">${headers} = {'Content-Type': 'application/json'}</msg>
<var>${headers}</var>
<arg>$token is not None</arg>
<arg>Create Auth Headers</arg>
<arg>${token}</arg>
<arg>ELSE</arg>
<arg>Create Dictionary</arg>
<arg>Content-Type=application/json</arg>
<doc>Runs the given keyword with the given arguments, if ``condition`` is true.</doc>
<status status="PASS" start="2025-10-30T14:13:43.882091" elapsed="0.000556"/>
</kw>
<kw name="Create Dictionary" owner="BuiltIn">
<msg time="2025-10-30T14:13:43.882647" level="INFO">${params} = {}</msg>
<var>${params}</var>
<doc>Creates and returns a dictionary based on the given ``items``.</doc>
<status status="PASS" start="2025-10-30T14:13:43.882647" elapsed="0.000000"/>
</kw>
<kw name="Run Keyword If" owner="BuiltIn">
<arg>$title is not None</arg>
<arg>Set To Dictionary</arg>
<arg>${params}</arg>
<arg>title=${title}</arg>
<doc>Runs the given keyword with the given arguments, if ``condition`` is true.</doc>
<status status="PASS" start="2025-10-30T14:13:43.882647" elapsed="0.000000"/>
</kw>
<kw name="Run Keyword If" owner="BuiltIn">
<arg>$genre is not None</arg>
<arg>Set To Dictionary</arg>
<arg>${params}</arg>
<arg>genre=${genre}</arg>
<doc>Runs the given keyword with the given arguments, if ``condition`` is true.</doc>
<status status="PASS" start="2025-10-30T14:13:43.882647" elapsed="0.000000"/>
</kw>
<kw name="Run Keyword If" owner="BuiltIn">
<arg>$sort is not None</arg>
<arg>Set To Dictionary</arg>
<arg>${params}</arg>
<arg>sort=${sort}</arg>
<doc>Runs the given keyword with the given arguments, if ``condition`` is true.</doc>
<status status="PASS" start="2025-10-30T14:13:43.882647" elapsed="0.000000"/>
</kw>
<kw name="Run Keyword If" owner="BuiltIn">
<kw name="Set To Dictionary" owner="Collections">
<arg>${params}</arg>
<arg>limit=${limit}</arg>
<doc>Adds the given ``key_value_pairs`` and/or ``items`` to the ``dictionary``.</doc>
<status status="PASS" start="2025-10-30T14:13:43.882647" elapsed="0.000000"/>
</kw>
<arg>$limit is not None</arg>
<arg>Set To Dictionary</arg>
<arg>${params}</arg>
<arg>limit=${limit}</arg>
<doc>Runs the given keyword with the given arguments, if ``condition`` is true.</doc>
<status status="PASS" start="2025-10-30T14:13:43.882647" elapsed="0.000000"/>
</kw>
<kw name="Run Keyword If" owner="BuiltIn">
<kw name="Set To Dictionary" owner="Collections">
<arg>${params}</arg>
<arg>page=${page}</arg>
<doc>Adds the given ``key_value_pairs`` and/or ``items`` to the ``dictionary``.</doc>
<status status="PASS" start="2025-10-30T14:13:43.882647" elapsed="0.000000"/>
</kw>
<arg>$page is not None</arg>
<arg>Set To Dictionary</arg>
<arg>${params}</arg>
<arg>page=${page}</arg>
<doc>Runs the given keyword with the given arguments, if ``condition`` is true.</doc>
<status status="PASS" start="2025-10-30T14:13:43.882647" elapsed="0.000000"/>
</kw>
<kw name="GET On Session" owner="RequestsLibrary">
<msg time="2025-10-30T14:13:44.016053" level="INFO">GET Request : url=http://localhost:3000/api/v1/movies?limit=10&amp;page=1 
 path_url=/api/v1/movies?limit=10&amp;page=1 
 headers={'User-Agent': 'python-requests/2.32.3', 'Accept-Encoding': 'gzip, deflate, br, zstd', 'Accept': '*/*', 'Connection': 'keep-alive', 'Content-Type': 'application/json'} 
 body=None 
 </msg>
<msg time="2025-10-30T14:13:44.016053" level="INFO">GET Response : url=http://localhost:3000/api/v1/movies?limit=10&amp;page=1 
 status=200, reason=OK 
 headers={'X-Powered-By': 'Express', 'Access-Control-Allow-Origin': '*', 'Content-Type': 'application/json; charset=utf-8', 'Content-Length': '3889', 'ETag': 'W/"f31-YcImwEYGmRrTJPirptiaMtGS8cU"', 'Date': 'Thu, 30 Oct 2025 17:13:44 GMT', 'Connection': 'keep-alive', 'Keep-Alive': 'timeout=5'} 
 body={"success":true,"count":10,"pagination":{"next":{"page":2,"limit":10}},"data":[{"_id":"6903947b4ef161c9db3238b2","title":"string","synopsis":"string","director":"string","genres":["string"],"duration":0,"classification":"string","poster":"string","releaseDate":"2025-10-30T00:00:00.000Z","id":"6903947b4ef161c9db3238b2"},{"_id":"6903948f4ef161c9db3238b5","title":"string","synopsis":"string","director":"string","genres":["string"],"duration":0,"classification":"string","poster":"string","releaseDate":"2025-10-30T00:00:00.000Z","id":"6903948f4ef161c9db3238b5"},{"_id":"68f7ec4a377d8700e8da0156","customId":"10","title":"Interstellar","synopsis":"A team of explorers travel through a wormhole in space in an attempt to ensure humanity's survival.","director":"Christopher Nolan","genres":["Adventure","Drama","Science Fiction"],"duration":169,"classification":"PG-13","poster":"interstellar.jpg","releaseDate":"2014-11-07T00:00:00.000Z","id":"68f7ec4a377d8700e8da0156"},{"_id":"68f7ec484bc189e5600e8f87","customId":"2","title":"The Avengers","synopsis":"Earth's mightiest heroes must come together to save the world.","director":"Joss Whedon","genres":["Action","Adventure"],"duration":143,"classification":"PG-13","poster":"avengers.jpg","releaseDate":"2012-05-04T00:00:00.000Z","id":"68f7ec484bc189e5600e8f87"},{"_id":"68f7ec484bc189e5600e8f86","customId":"1","title":"Inception","synopsis":"A thief who enters the dreams of others to steal their secrets.","director":"Christopher Nolan","genres":["Science Fiction","Action"],"duration":148,"classification":"PG-13","poster":"inception.jpg","releaseDate":"2010-07-16T00:00:00.000Z","id":"68f7ec484bc189e5600e8f86"},{"_id":"68f7ec4a377d8700e8da015a","customId":"14","title":"Avatar","synopsis":"A paraplegic Marine dispatched to the moon Pandora on a unique mission becomes torn between following his orders and protecting the world he feels is his home.","director":"James Cameron","genres":["Action","Adventure","Fantasy"],"duration":162,"classification":"PG-13","poster":"avatar.jpg","releaseDate":"2009-12-18T00:00:00.000Z","id":"68f7ec4a377d8700e8da015a"},{"_id":"68f7ec4a377d8700e8da0152","customId":"6","title":"The Dark Knight","synopsis":"When the menace known as the Joker wreaks havoc and chaos on the people of Gotham, Batman must accept one of the greatest psychological and physical tests of his ability to fight injustice.","director":"Christopher Nolan","genres":["Action","Crime","Drama"],"duration":152,"classification":"PG-13","poster":"darkknight.jpg","releaseDate":"2008-07-18T00:00:00.000Z","id":"68f7ec4a377d8700e8da0152"},{"_id":"68f7ec4a377d8700e8da0158","customId":"12","title":"The Lord of the Rings: The Fellowship of the Ring","synopsis":"A meek Hobbit from the Shire and eight companions set out on a journey to destroy the powerful One Ring and save Middle-earth from the Dark Lord Sauron.","director":"Peter Jackson","genres":["Adventure","Fantasy","Drama"],"duration":178,"classification":"PG-13","poster":"lotr.jpg","releaseDate":"2001-12-19T00:00:00.000Z","id":"68f7ec4a377d8700e8da0158"},{"_id":"68f7ec4a377d8700e8da0157","customId":"11","title":"Gladiator","synopsis":"A former Roman General sets out to exact vengeance against the corrupt emperor who murdered his family and sent him into slavery.","director":"Ridley Scott","genres":["Action","Adventure","Drama"],"duration":155,"classification":"R","poster":"gladiator.jpg","releaseDate":"2000-05-05T00:00:00.000Z","id":"68f7ec4a377d8700e8da0157"},{"_id":"68f7ec4a377d8700e8da0153","customId":"7","title":"Fight Club","synopsis":"An insomniac office worker and a devil-may-care soapmaker form an underground fight club that evolves into something much, much more.","director":"David Fincher","genres":["Drama"],"duration":139,"classification":"R","poster":"fightclub.jpg","releaseDate":"1999-10-15T00:00:00.000Z","id":"68f7ec4a377d8700e8da0153"}]} 
 </msg>
<msg time="2025-10-30T14:13:44.016053" level="INFO">${response} = &lt;Response [200]&gt;</msg>
<var>${response}</var>
<arg>cinema_api</arg>
<arg>/movies</arg>
<arg>headers=${headers}</arg>
<arg>params=${params}</arg>
<arg>expected_status=any</arg>
<doc>Sends a GET request on a previously created HTTP Session.</doc>
<status status="PASS" start="2025-10-30T14:13:43.882647" elapsed="0.133406"/>
</kw>
<return>
<value>${response}</value>
<status status="PASS" start="2025-10-30T14:13:44.016053" elapsed="0.000999"/>
</return>
<msg time="2025-10-30T14:13:44.017052" level="INFO">${response} = &lt;Response [200]&gt;</msg>
<var>${response}</var>
<status status="PASS" start="2025-10-30T14:13:43.881558" elapsed="0.135494"/>
</kw>
<kw name="Set Variable" owner="BuiltIn">
<msg time="2025-10-30T14:13:44.018048" level="INFO">${first_movie_title} = string</msg>
<var>${first_movie_title}</var>
<arg>${response.json()}[data][0][title]</arg>
<doc>Returns the given values which can then be assigned to a variables.</doc>
<status status="PASS" start="2025-10-30T14:13:44.017052" elapsed="0.000996"/>
</kw>
<kw name="Get All Movies" owner="movies">
<kw name="Run Keyword If" owner="BuiltIn">
<kw name="Create Dictionary" owner="BuiltIn">
<arg>Content-Type=application/json</arg>
<doc>Creates and returns a dictionary based on the given ``items``.</doc>
<status status="PASS" start="2025-10-30T14:13:44.020043" elapsed="0.000000"/>
</kw>
<msg time="2025-10-30T14:13:44.020043" level="INFO">${headers} = {'Content-Type': 'application/json'}</msg>
<var>${headers}</var>
<arg>$token is not None</arg>
<arg>Create Auth Headers</arg>
<arg>${token}</arg>
<arg>ELSE</arg>
<arg>Create Dictionary</arg>
<arg>Content-Type=application/json</arg>
<doc>Runs the given keyword with the given arguments, if ``condition`` is true.</doc>
<status status="PASS" start="2025-10-30T14:13:44.019052" elapsed="0.000991"/>
</kw>
<kw name="Create Dictionary" owner="BuiltIn">
<msg time="2025-10-30T14:13:44.020043" level="INFO">${params} = {}</msg>
<var>${params}</var>
<doc>Creates and returns a dictionary based on the given ``items``.</doc>
<status status="PASS" start="2025-10-30T14:13:44.020043" elapsed="0.000000"/>
</kw>
<kw name="Run Keyword If" owner="BuiltIn">
<kw name="Set To Dictionary" owner="Collections">
<arg>${params}</arg>
<arg>title=${title}</arg>
<doc>Adds the given ``key_value_pairs`` and/or ``items`` to the ``dictionary``.</doc>
<status status="PASS" start="2025-10-30T14:13:44.021136" elapsed="0.000000"/>
</kw>
<arg>$title is not None</arg>
<arg>Set To Dictionary</arg>
<arg>${params}</arg>
<arg>title=${title}</arg>
<doc>Runs the given keyword with the given arguments, if ``condition`` is true.</doc>
<status status="PASS" start="2025-10-30T14:13:44.021136" elapsed="0.000000"/>
</kw>
<kw name="Run Keyword If" owner="BuiltIn">
<arg>$genre is not None</arg>
<arg>Set To Dictionary</arg>
<arg>${params}</arg>
<arg>genre=${genre}</arg>
<doc>Runs the given keyword with the given arguments, if ``condition`` is true.</doc>
<status status="PASS" start="2025-10-30T14:13:44.021136" elapsed="0.001006"/>
</kw>
<kw name="Run Keyword If" owner="BuiltIn">
<arg>$sort is not None</arg>
<arg>Set To Dictionary</arg>
<arg>${params}</arg>
<arg>sort=${sort}</arg>
<doc>Runs the given keyword with the given arguments, if ``condition`` is true.</doc>
<status status="PASS" start="2025-10-30T14:13:44.022142" elapsed="0.000000"/>
</kw>
<kw name="Run Keyword If" owner="BuiltIn">
<kw name="Set To Dictionary" owner="Collections">
<arg>${params}</arg>
<arg>limit=${limit}</arg>
<doc>Adds the given ``key_value_pairs`` and/or ``items`` to the ``dictionary``.</doc>
<status status="PASS" start="2025-10-30T14:13:44.022142" elapsed="0.001004"/>
</kw>
<arg>$limit is not None</arg>
<arg>Set To Dictionary</arg>
<arg>${params}</arg>
<arg>limit=${limit}</arg>
<doc>Runs the given keyword with the given arguments, if ``condition`` is true.</doc>
<status status="PASS" start="2025-10-30T14:13:44.022142" elapsed="0.001004"/>
</kw>
<kw name="Run Keyword If" owner="BuiltIn">
<kw name="Set To Dictionary" owner="Collections">
<arg>${params}</arg>
<arg>page=${page}</arg>
<doc>Adds the given ``key_value_pairs`` and/or ``items`` to the ``dictionary``.</doc>
<status status="PASS" start="2025-10-30T14:13:44.023146" elapsed="0.000000"/>
</kw>
<arg>$page is not None</arg>
<arg>Set To Dictionary</arg>
<arg>${params}</arg>
<arg>page=${page}</arg>
<doc>Runs the given keyword with the given arguments, if ``condition`` is true.</doc>
<status status="PASS" start="2025-10-30T14:13:44.023146" elapsed="0.000000"/>
</kw>
<kw name="GET On Session" owner="RequestsLibrary">
<msg time="2025-10-30T14:13:44.151703" level="INFO">GET Request : url=http://localhost:3000/api/v1/movies?title=string&amp;limit=10&amp;page=1 
 path_url=/api/v1/movies?title=string&amp;limit=10&amp;page=1 
 headers={'User-Agent': 'python-requests/2.32.3', 'Accept-Encoding': 'gzip, deflate, br, zstd', 'Accept': '*/*', 'Connection': 'keep-alive', 'Content-Type': 'application/json'} 
 body=None 
 </msg>
<msg time="2025-10-30T14:13:44.151703" level="INFO">GET Response : url=http://localhost:3000/api/v1/movies?title=string&amp;limit=10&amp;page=1 
 status=200, reason=OK 
 headers={'X-Powered-By': 'Express', 'Access-Control-Allow-Origin': '*', 'Content-Type': 'application/json; charset=utf-8', 'Content-Length': '3889', 'ETag': 'W/"f31-YcImwEYGmRrTJPirptiaMtGS8cU"', 'Date': 'Thu, 30 Oct 2025 17:13:44 GMT', 'Connection': 'keep-alive', 'Keep-Alive': 'timeout=5'} 
 body={"success":true,"count":10,"pagination":{"next":{"page":2,"limit":10}},"data":[{"_id":"6903947b4ef161c9db3238b2","title":"string","synopsis":"string","director":"string","genres":["string"],"duration":0,"classification":"string","poster":"string","releaseDate":"2025-10-30T00:00:00.000Z","id":"6903947b4ef161c9db3238b2"},{"_id":"6903948f4ef161c9db3238b5","title":"string","synopsis":"string","director":"string","genres":["string"],"duration":0,"classification":"string","poster":"string","releaseDate":"2025-10-30T00:00:00.000Z","id":"6903948f4ef161c9db3238b5"},{"_id":"68f7ec4a377d8700e8da0156","customId":"10","title":"Interstellar","synopsis":"A team of explorers travel through a wormhole in space in an attempt to ensure humanity's survival.","director":"Christopher Nolan","genres":["Adventure","Drama","Science Fiction"],"duration":169,"classification":"PG-13","poster":"interstellar.jpg","releaseDate":"2014-11-07T00:00:00.000Z","id":"68f7ec4a377d8700e8da0156"},{"_id":"68f7ec484bc189e5600e8f87","customId":"2","title":"The Avengers","synopsis":"Earth's mightiest heroes must come together to save the world.","director":"Joss Whedon","genres":["Action","Adventure"],"duration":143,"classification":"PG-13","poster":"avengers.jpg","releaseDate":"2012-05-04T00:00:00.000Z","id":"68f7ec484bc189e5600e8f87"},{"_id":"68f7ec484bc189e5600e8f86","customId":"1","title":"Inception","synopsis":"A thief who enters the dreams of others to steal their secrets.","director":"Christopher Nolan","genres":["Science Fiction","Action"],"duration":148,"classification":"PG-13","poster":"inception.jpg","releaseDate":"2010-07-16T00:00:00.000Z","id":"68f7ec484bc189e5600e8f86"},{"_id":"68f7ec4a377d8700e8da015a","customId":"14","title":"Avatar","synopsis":"A paraplegic Marine dispatched to the moon Pandora on a unique mission becomes torn between following his orders and protecting the world he feels is his home.","director":"James Cameron","genres":["Action","Adventure","Fantasy"],"duration":162,"classification":"PG-13","poster":"avatar.jpg","releaseDate":"2009-12-18T00:00:00.000Z","id":"68f7ec4a377d8700e8da015a"},{"_id":"68f7ec4a377d8700e8da0152","customId":"6","title":"The Dark Knight","synopsis":"When the menace known as the Joker wreaks havoc and chaos on the people of Gotham, Batman must accept one of the greatest psychological and physical tests of his ability to fight injustice.","director":"Christopher Nolan","genres":["Action","Crime","Drama"],"duration":152,"classification":"PG-13","poster":"darkknight.jpg","releaseDate":"2008-07-18T00:00:00.000Z","id":"68f7ec4a377d8700e8da0152"},{"_id":"68f7ec4a377d8700e8da0158","customId":"12","title":"The Lord of the Rings: The Fellowship of the Ring","synopsis":"A meek Hobbit from the Shire and eight companions set out on a journey to destroy the powerful One Ring and save Middle-earth from the Dark Lord Sauron.","director":"Peter Jackson","genres":["Adventure","Fantasy","Drama"],"duration":178,"classification":"PG-13","poster":"lotr.jpg","releaseDate":"2001-12-19T00:00:00.000Z","id":"68f7ec4a377d8700e8da0158"},{"_id":"68f7ec4a377d8700e8da0157","customId":"11","title":"Gladiator","synopsis":"A former Roman General sets out to exact vengeance against the corrupt emperor who murdered his family and sent him into slavery.","director":"Ridley Scott","genres":["Action","Adventure","Drama"],"duration":155,"classification":"R","poster":"gladiator.jpg","releaseDate":"2000-05-05T00:00:00.000Z","id":"68f7ec4a377d8700e8da0157"},{"_id":"68f7ec4a377d8700e8da0153","customId":"7","title":"Fight Club","synopsis":"An insomniac office worker and a devil-may-care soapmaker form an underground fight club that evolves into something much, much more.","director":"David Fincher","genres":["Drama"],"duration":139,"classification":"R","poster":"fightclub.jpg","releaseDate":"1999-10-15T00:00:00.000Z","id":"68f7ec4a377d8700e8da0153"}]} 
 </msg>
<msg time="2025-10-30T14:13:44.151703" level="INFO">${response} = &lt;Response [200]&gt;</msg>
<var>${response}</var>
<arg>cinema_api</arg>
<arg>/movies</arg>
<arg>headers=${headers}</arg>
<arg>params=${params}</arg>
<arg>expected_status=any</arg>
<doc>Sends a GET request on a previously created HTTP Session.</doc>
<status status="PASS" start="2025-10-30T14:13:44.023146" elapsed="0.128557"/>
</kw>
<return>
<value>${response}</value>
<status status="PASS" start="2025-10-30T14:13:44.151703" elapsed="0.000000"/>
</return>
<msg time="2025-10-30T14:13:44.151703" level="INFO">${filter_response} = &lt;Response [200]&gt;</msg>
<var>${filter_response}</var>
<arg>title=${first_movie_title}</arg>
<status status="PASS" start="2025-10-30T14:13:44.019052" elapsed="0.132651"/>
</kw>
<kw name="Should Be Success Response" owner="base">
<kw name="Should Be Equal As Strings" owner="BuiltIn">
<msg time="2025-10-30T14:13:44.151703" level="INFO">Argument types are:
&lt;class 'int'&gt;
&lt;class 'str'&gt;</msg>
<arg>${response.status_code}</arg>
<arg>${expected_status}</arg>
<doc>Fails if objects are unequal after converting them to strings.</doc>
<status status="PASS" start="2025-10-30T14:13:44.151703" elapsed="0.000000"/>
</kw>
<kw name="Should Be Equal As Strings" owner="BuiltIn">
<msg time="2025-10-30T14:13:44.151703" level="INFO">Argument types are:
&lt;class 'bool'&gt;
&lt;class 'str'&gt;</msg>
<arg>${response.json()}[success]</arg>
<arg>True</arg>
<doc>Fails if objects are unequal after converting them to strings.</doc>
<status status="PASS" start="2025-10-30T14:13:44.151703" elapsed="0.000000"/>
</kw>
<arg>${filter_response}</arg>
<arg>200</arg>
<status status="PASS" start="2025-10-30T14:13:44.151703" elapsed="0.000000"/>
</kw>
<kw name="Log" owner="BuiltIn" type="TEARDOWN">
<msg time="2025-10-30T14:13:44.151703" level="INFO">Finished test: TC008 - Get Movies With Title Filter</msg>
<arg>Finished test: ${TEST_NAME}</arg>
<doc>Logs the given message with the given level.</doc>
<status status="PASS" start="2025-10-30T14:13:44.151703" elapsed="0.000000"/>
</kw>
<doc>Filtrar filmes por título</doc>
<tag>filter</tag>
<tag>movies</tag>
<tag>read</tag>
<status status="PASS" start="2025-10-30T14:13:43.876758" elapsed="0.274945"/>
</test>
<test id="s1-s1-t3" name="TC010 - Get Movies With Pagination" line="36">
<kw name="Log" owner="BuiltIn" type="SETUP">
<msg time="2025-10-30T14:13:44.167899" level="INFO">Starting test: TC010 - Get Movies With Pagination</msg>
<arg>Starting test: ${TEST_NAME}</arg>
<doc>Logs the given message with the given level.</doc>
<status status="PASS" start="2025-10-30T14:13:44.167899" elapsed="0.000000"/>
</kw>
<kw name="Get All Movies" owner="movies">
<kw name="Run Keyword If" owner="BuiltIn">
<kw name="Create Dictionary" owner="BuiltIn">
<arg>Content-Type=application/json</arg>
<doc>Creates and returns a dictionary based on the given ``items``.</doc>
<status status="PASS" start="2025-10-30T14:13:44.167899" elapsed="0.004446"/>
</kw>
<msg time="2025-10-30T14:13:44.172345" level="INFO">${headers} = {'Content-Type': 'application/json'}</msg>
<var>${headers}</var>
<arg>$token is not None</arg>
<arg>Create Auth Headers</arg>
<arg>${token}</arg>
<arg>ELSE</arg>
<arg>Create Dictionary</arg>
<arg>Content-Type=application/json</arg>
<doc>Runs the given keyword with the given arguments, if ``condition`` is true.</doc>
<status status="PASS" start="2025-10-30T14:13:44.167899" elapsed="0.004446"/>
</kw>
<kw name="Create Dictionary" owner="BuiltIn">
<msg time="2025-10-30T14:13:44.172345" level="INFO">${params} = {}</msg>
<var>${params}</var>
<doc>Creates and returns a dictionary based on the given ``items``.</doc>
<status status="PASS" start="2025-10-30T14:13:44.172345" elapsed="0.000000"/>
</kw>
<kw name="Run Keyword If" owner="BuiltIn">
<arg>$title is not None</arg>
<arg>Set To Dictionary</arg>
<arg>${params}</arg>
<arg>title=${title}</arg>
<doc>Runs the given keyword with the given arguments, if ``condition`` is true.</doc>
<status status="PASS" start="2025-10-30T14:13:44.172345" elapsed="0.000000"/>
</kw>
<kw name="Run Keyword If" owner="BuiltIn">
<arg>$genre is not None</arg>
<arg>Set To Dictionary</arg>
<arg>${params}</arg>
<arg>genre=${genre}</arg>
<doc>Runs the given keyword with the given arguments, if ``condition`` is true.</doc>
<status status="PASS" start="2025-10-30T14:13:44.172345" elapsed="0.001016"/>
</kw>
<kw name="Run Keyword If" owner="BuiltIn">
<arg>$sort is not None</arg>
<arg>Set To Dictionary</arg>
<arg>${params}</arg>
<arg>sort=${sort}</arg>
<doc>Runs the given keyword with the given arguments, if ``condition`` is true.</doc>
<status status="PASS" start="2025-10-30T14:13:44.173361" elapsed="0.000000"/>
</kw>
<kw name="Run Keyword If" owner="BuiltIn">
<kw name="Set To Dictionary" owner="Collections">
<arg>${params}</arg>
<arg>limit=${limit}</arg>
<doc>Adds the given ``key_value_pairs`` and/or ``items`` to the ``dictionary``.</doc>
<status status="PASS" start="2025-10-30T14:13:44.173361" elapsed="0.000000"/>
</kw>
<arg>$limit is not None</arg>
<arg>Set To Dictionary</arg>
<arg>${params}</arg>
<arg>limit=${limit}</arg>
<doc>Runs the given keyword with the given arguments, if ``condition`` is true.</doc>
<status status="PASS" start="2025-10-30T14:13:44.173361" elapsed="0.000996"/>
</kw>
<kw name="Run Keyword If" owner="BuiltIn">
<kw name="Set To Dictionary" owner="Collections">
<arg>${params}</arg>
<arg>page=${page}</arg>
<doc>Adds the given ``key_value_pairs`` and/or ``items`` to the ``dictionary``.</doc>
<status status="PASS" start="2025-10-30T14:13:44.174357" elapsed="0.000000"/>
</kw>
<arg>$page is not None</arg>
<arg>Set To Dictionary</arg>
<arg>${params}</arg>
<arg>page=${page}</arg>
<doc>Runs the given keyword with the given arguments, if ``condition`` is true.</doc>
<status status="PASS" start="2025-10-30T14:13:44.174357" elapsed="0.000000"/>
</kw>
<kw name="GET On Session" owner="RequestsLibrary">
<msg time="2025-10-30T14:13:44.297365" level="INFO">GET Request : url=http://localhost:3000/api/v1/movies?limit=5&amp;page=1 
 path_url=/api/v1/movies?limit=5&amp;page=1 
 headers={'User-Agent': 'python-requests/2.32.3', 'Accept-Encoding': 'gzip, deflate, br, zstd', 'Accept': '*/*', 'Connection': 'keep-alive', 'Content-Type': 'application/json'} 
 body=None 
 </msg>
<msg time="2025-10-30T14:13:44.297365" level="INFO">GET Response : url=http://localhost:3000/api/v1/movies?limit=5&amp;page=1 
 status=200, reason=OK 
 headers={'X-Powered-By': 'Express', 'Access-Control-Allow-Origin': '*', 'Content-Type': 'application/json; charset=utf-8', 'Content-Length': '1667', 'ETag': 'W/"683-3MXmTa69q12Tc3byy6Ie0LuLGhM"', 'Date': 'Thu, 30 Oct 2025 17:13:44 GMT', 'Connection': 'keep-alive', 'Keep-Alive': 'timeout=5'} 
 body={"success":true,"count":5,"pagination":{"next":{"page":2,"limit":5}},"data":[{"_id":"6903948f4ef161c9db3238b5","title":"string","synopsis":"string","director":"string","genres":["string"],"duration":0,"classification":"string","poster":"string","releaseDate":"2025-10-30T00:00:00.000Z","id":"6903948f4ef161c9db3238b5"},{"_id":"6903947b4ef161c9db3238b2","title":"string","synopsis":"string","director":"string","genres":["string"],"duration":0,"classification":"string","poster":"string","releaseDate":"2025-10-30T00:00:00.000Z","id":"6903947b4ef161c9db3238b2"},{"_id":"68f7ec4a377d8700e8da0156","customId":"10","title":"Interstellar","synopsis":"A team of explorers travel through a wormhole in space in an attempt to ensure humanity's survival.","director":"Christopher Nolan","genres":["Adventure","Drama","Science Fiction"],"duration":169,"classification":"PG-13","poster":"interstellar.jpg","releaseDate":"2014-11-07T00:00:00.000Z","id":"68f7ec4a377d8700e8da0156"},{"_id":"68f7ec484bc189e5600e8f87","customId":"2","title":"The Avengers","synopsis":"Earth's mightiest heroes must come together to save the world.","director":"Joss Whedon","genres":["Action","Adventure"],"duration":143,"classification":"PG-13","poster":"avengers.jpg","releaseDate":"2012-05-04T00:00:00.000Z","id":"68f7ec484bc189e5600e8f87"},{"_id":"68f7ec484bc189e5600e8f86","customId":"1","title":"Inception","synopsis":"A thief who enters the dreams of others to steal their secrets.","director":"Christopher Nolan","genres":["Science Fiction","Action"],"duration":148,"classification":"PG-13","poster":"inception.jpg","releaseDate":"2010-07-16T00:00:00.000Z","id":"68f7ec484bc189e5600e8f86"}]} 
 </msg>
<msg time="2025-10-30T14:13:44.304402" level="INFO">${response} = &lt;Response [200]&gt;</msg>
<var>${response}</var>
<arg>cinema_api</arg>
<arg>/movies</arg>
<arg>headers=${headers}</arg>
<arg>params=${params}</arg>
<arg>expected_status=any</arg>
<doc>Sends a GET request on a previously created HTTP Session.</doc>
<status status="PASS" start="2025-10-30T14:13:44.174357" elapsed="0.130045"/>
</kw>
<return>
<value>${response}</value>
<status status="PASS" start="2025-10-30T14:13:44.304402" elapsed="0.000000"/>
</return>
<msg time="2025-10-30T14:13:44.304402" level="INFO">${response} = &lt;Response [200]&gt;</msg>
<var>${response}</var>
<arg>limit=5</arg>
<arg>page=1</arg>
<status status="PASS" start="2025-10-30T14:13:44.167899" elapsed="0.136503"/>
</kw>
<kw name="Should Be Success Response" owner="base">
<kw name="Should Be Equal As Strings" owner="BuiltIn">
<msg time="2025-10-30T14:13:44.304402" level="INFO">Argument types are:
&lt;class 'int'&gt;
&lt;class 'str'&gt;</msg>
<arg>${response.status_code}</arg>
<arg>${expected_status}</arg>
<doc>Fails if objects are unequal after converting them to strings.</doc>
<status status="PASS" start="2025-10-30T14:13:44.304402" elapsed="0.000000"/>
</kw>
<kw name="Should Be Equal As Strings" owner="BuiltIn">
<msg time="2025-10-30T14:13:44.304402" level="INFO">Argument types are:
&lt;class 'bool'&gt;
&lt;class 'str'&gt;</msg>
<arg>${response.json()}[success]</arg>
<arg>True</arg>
<doc>Fails if objects are unequal after converting them to strings.</doc>
<status status="PASS" start="2025-10-30T14:13:44.304402" elapsed="0.000000"/>
</kw>
<arg>${response}</arg>
<arg>200</arg>
<status status="PASS" start="2025-10-30T14:13:44.304402" elapsed="0.000000"/>
</kw>
<kw name="Log" owner="BuiltIn" type="TEARDOWN">
<msg time="2025-10-30T14:13:44.304402" level="INFO">Finished test: TC010 - Get Movies With Pagination</msg>
<arg>Finished test: ${TEST_NAME}</arg>
<doc>Logs the given message with the given level.</doc>
<status status="PASS" start="2025-10-30T14:13:44.304402" elapsed="0.000000"/>
</kw>
<doc>Listar filmes com paginação</doc>
<tag>movies</tag>
<tag>pagination</tag>
<tag>read</tag>
<status status="PASS" start="2025-10-30T14:13:44.165650" elapsed="0.138752"/>
</test>
<test id="s1-s1-t4" name="TC011 - Get Movies With Sorting" line="42">
<kw name="Log" owner="BuiltIn" type="SETUP">
<msg time="2025-10-30T14:13:44.321635" level="INFO">Starting test: TC011 - Get Movies With Sorting</msg>
<arg>Starting test: ${TEST_NAME}</arg>
<doc>Logs the given message with the given level.</doc>
<status status="PASS" start="2025-10-30T14:13:44.321635" elapsed="0.000000"/>
</kw>
<kw name="Get All Movies" owner="movies">
<kw name="Run Keyword If" owner="BuiltIn">
<kw name="Create Dictionary" owner="BuiltIn">
<arg>Content-Type=application/json</arg>
<doc>Creates and returns a dictionary based on the given ``items``.</doc>
<status status="PASS" start="2025-10-30T14:13:44.322635" elapsed="0.000999"/>
</kw>
<msg time="2025-10-30T14:13:44.323634" level="INFO">${headers} = {'Content-Type': 'application/json'}</msg>
<var>${headers}</var>
<arg>$token is not None</arg>
<arg>Create Auth Headers</arg>
<arg>${token}</arg>
<arg>ELSE</arg>
<arg>Create Dictionary</arg>
<arg>Content-Type=application/json</arg>
<doc>Runs the given keyword with the given arguments, if ``condition`` is true.</doc>
<status status="PASS" start="2025-10-30T14:13:44.322635" elapsed="0.000999"/>
</kw>
<kw name="Create Dictionary" owner="BuiltIn">
<msg time="2025-10-30T14:13:44.323634" level="INFO">${params} = {}</msg>
<var>${params}</var>
<doc>Creates and returns a dictionary based on the given ``items``.</doc>
<status status="PASS" start="2025-10-30T14:13:44.323634" elapsed="0.000000"/>
</kw>
<kw name="Run Keyword If" owner="BuiltIn">
<arg>$title is not None</arg>
<arg>Set To Dictionary</arg>
<arg>${params}</arg>
<arg>title=${title}</arg>
<doc>Runs the given keyword with the given arguments, if ``condition`` is true.</doc>
<status status="PASS" start="2025-10-30T14:13:44.323634" elapsed="0.000000"/>
</kw>
<kw name="Run Keyword If" owner="BuiltIn">
<arg>$genre is not None</arg>
<arg>Set To Dictionary</arg>
<arg>${params}</arg>
<arg>genre=${genre}</arg>
<doc>Runs the given keyword with the given arguments, if ``condition`` is true.</doc>
<status status="PASS" start="2025-10-30T14:13:44.323634" elapsed="0.001012"/>
</kw>
<kw name="Run Keyword If" owner="BuiltIn">
<kw name="Set To Dictionary" owner="Collections">
<arg>${params}</arg>
<arg>sort=${sort}</arg>
<doc>Adds the given ``key_value_pairs`` and/or ``items`` to the ``dictionary``.</doc>
<status status="PASS" start="2025-10-30T14:13:44.324646" elapsed="0.000000"/>
</kw>
<arg>$sort is not None</arg>
<arg>Set To Dictionary</arg>
<arg>${params}</arg>
<arg>sort=${sort}</arg>
<doc>Runs the given keyword with the given arguments, if ``condition`` is true.</doc>
<status status="PASS" start="2025-10-30T14:13:44.324646" elapsed="0.000000"/>
</kw>
<kw name="Run Keyword If" owner="BuiltIn">
<kw name="Set To Dictionary" owner="Collections">
<arg>${params}</arg>
<arg>limit=${limit}</arg>
<doc>Adds the given ``key_value_pairs`` and/or ``items`` to the ``dictionary``.</doc>
<status status="PASS" start="2025-10-30T14:13:44.325626" elapsed="0.000000"/>
</kw>
<arg>$limit is not None</arg>
<arg>Set To Dictionary</arg>
<arg>${params}</arg>
<arg>limit=${limit}</arg>
<doc>Runs the given keyword with the given arguments, if ``condition`` is true.</doc>
<status status="PASS" start="2025-10-30T14:13:44.325626" elapsed="0.000000"/>
</kw>
<kw name="Run Keyword If" owner="BuiltIn">
<kw name="Set To Dictionary" owner="Collections">
<arg>${params}</arg>
<arg>page=${page}</arg>
<doc>Adds the given ``key_value_pairs`` and/or ``items`` to the ``dictionary``.</doc>
<status status="PASS" start="2025-10-30T14:13:44.325626" elapsed="0.001006"/>
</kw>
<arg>$page is not None</arg>
<arg>Set To Dictionary</arg>
<arg>${params}</arg>
<arg>page=${page}</arg>
<doc>Runs the given keyword with the given arguments, if ``condition`` is true.</doc>
<status status="PASS" start="2025-10-30T14:13:44.325626" elapsed="0.001006"/>
</kw>
<kw name="GET On Session" owner="RequestsLibrary">
<msg time="2025-10-30T14:13:44.456228" level="INFO">GET Request : url=http://localhost:3000/api/v1/movies?sort=title&amp;limit=10&amp;page=1 
 path_url=/api/v1/movies?sort=title&amp;limit=10&amp;page=1 
 headers={'User-Agent': 'python-requests/2.32.3', 'Accept-Encoding': 'gzip, deflate, br, zstd', 'Accept': '*/*', 'Connection': 'keep-alive', 'Content-Type': 'application/json'} 
 body=None 
 </msg>
<msg time="2025-10-30T14:13:44.456228" level="INFO">GET Response : url=http://localhost:3000/api/v1/movies?sort=title&amp;limit=10&amp;page=1 
 status=200, reason=OK 
 headers={'X-Powered-By': 'Express', 'Access-Control-Allow-Origin': '*', 'Content-Type': 'application/json; charset=utf-8', 'Content-Length': '3889', 'ETag': 'W/"f31-YcImwEYGmRrTJPirptiaMtGS8cU"', 'Date': 'Thu, 30 Oct 2025 17:13:44 GMT', 'Connection': 'keep-alive', 'Keep-Alive': 'timeout=5'} 
 body={"success":true,"count":10,"pagination":{"next":{"page":2,"limit":10}},"data":[{"_id":"6903947b4ef161c9db3238b2","title":"string","synopsis":"string","director":"string","genres":["string"],"duration":0,"classification":"string","poster":"string","releaseDate":"2025-10-30T00:00:00.000Z","id":"6903947b4ef161c9db3238b2"},{"_id":"6903948f4ef161c9db3238b5","title":"string","synopsis":"string","director":"string","genres":["string"],"duration":0,"classification":"string","poster":"string","releaseDate":"2025-10-30T00:00:00.000Z","id":"6903948f4ef161c9db3238b5"},{"_id":"68f7ec4a377d8700e8da0156","customId":"10","title":"Interstellar","synopsis":"A team of explorers travel through a wormhole in space in an attempt to ensure humanity's survival.","director":"Christopher Nolan","genres":["Adventure","Drama","Science Fiction"],"duration":169,"classification":"PG-13","poster":"interstellar.jpg","releaseDate":"2014-11-07T00:00:00.000Z","id":"68f7ec4a377d8700e8da0156"},{"_id":"68f7ec484bc189e5600e8f87","customId":"2","title":"The Avengers","synopsis":"Earth's mightiest heroes must come together to save the world.","director":"Joss Whedon","genres":["Action","Adventure"],"duration":143,"classification":"PG-13","poster":"avengers.jpg","releaseDate":"2012-05-04T00:00:00.000Z","id":"68f7ec484bc189e5600e8f87"},{"_id":"68f7ec484bc189e5600e8f86","customId":"1","title":"Inception","synopsis":"A thief who enters the dreams of others to steal their secrets.","director":"Christopher Nolan","genres":["Science Fiction","Action"],"duration":148,"classification":"PG-13","poster":"inception.jpg","releaseDate":"2010-07-16T00:00:00.000Z","id":"68f7ec484bc189e5600e8f86"},{"_id":"68f7ec4a377d8700e8da015a","customId":"14","title":"Avatar","synopsis":"A paraplegic Marine dispatched to the moon Pandora on a unique mission becomes torn between following his orders and protecting the world he feels is his home.","director":"James Cameron","genres":["Action","Adventure","Fantasy"],"duration":162,"classification":"PG-13","poster":"avatar.jpg","releaseDate":"2009-12-18T00:00:00.000Z","id":"68f7ec4a377d8700e8da015a"},{"_id":"68f7ec4a377d8700e8da0152","customId":"6","title":"The Dark Knight","synopsis":"When the menace known as the Joker wreaks havoc and chaos on the people of Gotham, Batman must accept one of the greatest psychological and physical tests of his ability to fight injustice.","director":"Christopher Nolan","genres":["Action","Crime","Drama"],"duration":152,"classification":"PG-13","poster":"darkknight.jpg","releaseDate":"2008-07-18T00:00:00.000Z","id":"68f7ec4a377d8700e8da0152"},{"_id":"68f7ec4a377d8700e8da0158","customId":"12","title":"The Lord of the Rings: The Fellowship of the Ring","synopsis":"A meek Hobbit from the Shire and eight companions set out on a journey to destroy the powerful One Ring and save Middle-earth from the Dark Lord Sauron.","director":"Peter Jackson","genres":["Adventure","Fantasy","Drama"],"duration":178,"classification":"PG-13","poster":"lotr.jpg","releaseDate":"2001-12-19T00:00:00.000Z","id":"68f7ec4a377d8700e8da0158"},{"_id":"68f7ec4a377d8700e8da0157","customId":"11","title":"Gladiator","synopsis":"A former Roman General sets out to exact vengeance against the corrupt emperor who murdered his family and sent him into slavery.","director":"Ridley Scott","genres":["Action","Adventure","Drama"],"duration":155,"classification":"R","poster":"gladiator.jpg","releaseDate":"2000-05-05T00:00:00.000Z","id":"68f7ec4a377d8700e8da0157"},{"_id":"68f7ec4a377d8700e8da0153","customId":"7","title":"Fight Club","synopsis":"An insomniac office worker and a devil-may-care soapmaker form an underground fight club that evolves into something much, much more.","director":"David Fincher","genres":["Drama"],"duration":139,"classification":"R","poster":"fightclub.jpg","releaseDate":"1999-10-15T00:00:00.000Z","id":"68f7ec4a377d8700e8da0153"}]} 
 </msg>
<msg time="2025-10-30T14:13:44.456228" level="INFO">${response} = &lt;Response [200]&gt;</msg>
<var>${response}</var>
<arg>cinema_api</arg>
<arg>/movies</arg>
<arg>headers=${headers}</arg>
<arg>params=${params}</arg>
<arg>expected_status=any</arg>
<doc>Sends a GET request on a previously created HTTP Session.</doc>
<status status="PASS" start="2025-10-30T14:13:44.326632" elapsed="0.129596"/>
</kw>
<return>
<value>${response}</value>
<status status="PASS" start="2025-10-30T14:13:44.457224" elapsed="0.000000"/>
</return>
<msg time="2025-10-30T14:13:44.457224" level="INFO">${response} = &lt;Response [200]&gt;</msg>
<var>${response}</var>
<arg>sort=title</arg>
<status status="PASS" start="2025-10-30T14:13:44.322635" elapsed="0.134589"/>
</kw>
<kw name="Should Be Success Response" owner="base">
<kw name="Should Be Equal As Strings" owner="BuiltIn">
<msg time="2025-10-30T14:13:44.457224" level="INFO">Argument types are:
&lt;class 'int'&gt;
&lt;class 'str'&gt;</msg>
<arg>${response.status_code}</arg>
<arg>${expected_status}</arg>
<doc>Fails if objects are unequal after converting them to strings.</doc>
<status status="PASS" start="2025-10-30T14:13:44.457224" elapsed="0.000000"/>
</kw>
<kw name="Should Be Equal As Strings" owner="BuiltIn">
<msg time="2025-10-30T14:13:44.457224" level="INFO">Argument types are:
&lt;class 'bool'&gt;
&lt;class 'str'&gt;</msg>
<arg>${response.json()}[success]</arg>
<arg>True</arg>
<doc>Fails if objects are unequal after converting them to strings.</doc>
<status status="PASS" start="2025-10-30T14:13:44.457224" elapsed="0.000000"/>
</kw>
<arg>${response}</arg>
<arg>200</arg>
<status status="PASS" start="2025-10-30T14:13:44.457224" elapsed="0.000000"/>
</kw>
<kw name="Log" owner="BuiltIn" type="TEARDOWN">
<msg time="2025-10-30T14:13:44.457224" level="INFO">Finished test: TC011 - Get Movies With Sorting</msg>
<arg>Finished test: ${TEST_NAME}</arg>
<doc>Logs the given message with the given level.</doc>
<status status="PASS" start="2025-10-30T14:13:44.457224" elapsed="0.000000"/>
</kw>
<doc>Listar filmes ordenados</doc>
<tag>movies</tag>
<tag>read</tag>
<tag>sort</tag>
<status status="PASS" start="2025-10-30T14:13:44.316522" elapsed="0.140702"/>
</test>
<test id="s1-s1-t5" name="TC012 - Create Movie As Admin" line="48">
<kw name="Log" owner="BuiltIn" type="SETUP">
<msg time="2025-10-30T14:13:44.471963" level="INFO">Starting test: TC012 - Create Movie As Admin</msg>
<arg>Starting test: ${TEST_NAME}</arg>
<doc>Logs the given message with the given level.</doc>
<status status="PASS" start="2025-10-30T14:13:44.471963" elapsed="0.000996"/>
</kw>
<kw name="Get Admin Token" owner="base">
<kw name="Get Auth Token" owner="base">
<kw name="Create Dictionary" owner="BuiltIn">
<msg time="2025-10-30T14:13:44.472959" level="INFO">${headers} = {'Content-Type': 'application/json'}</msg>
<var>${headers}</var>
<arg>Content-Type=application/json</arg>
<doc>Creates and returns a dictionary based on the given ``items``.</doc>
<status status="PASS" start="2025-10-30T14:13:44.472959" elapsed="0.000000"/>
</kw>
<kw name="Create Dictionary" owner="BuiltIn">
<msg time="2025-10-30T14:13:44.472959" level="INFO">${body} = {'email': 'umadmin@gmail.com', 'password': '12345678'}</msg>
<var>${body}</var>
<arg>email=${email}</arg>
<arg>password=${password}</arg>
<doc>Creates and returns a dictionary based on the given ``items``.</doc>
<status status="PASS" start="2025-10-30T14:13:44.472959" elapsed="0.000000"/>
</kw>
<kw name="POST On Session" owner="RequestsLibrary">
<msg time="2025-10-30T14:13:44.603891" level="INFO">POST Request : url=http://localhost:3000/api/v1/auth/login 
 path_url=/api/v1/auth/login 
 headers={'User-Agent': 'python-requests/2.32.3', 'Accept-Encoding': 'gzip, deflate, br, zstd', 'Accept': '*/*', 'Connection': 'keep-alive', 'Content-Type': 'application/json', 'Content-Length': '54'} 
 body=b'{"email": "umadmin@gmail.com", "password": "12345678"}' 
 </msg>
<msg time="2025-10-30T14:13:44.603891" level="INFO">POST Response : url=http://localhost:3000/api/v1/auth/login 
 status=200, reason=OK 
 headers={'X-Powered-By': 'Express', 'Access-Control-Allow-Origin': '*', 'Content-Type': 'application/json; charset=utf-8', 'Content-Length': '300', 'ETag': 'W/"12c-dX5Onn5vcEPFiAQB9BRBVzl3DWM"', 'Date': 'Thu, 30 Oct 2025 17:13:44 GMT', 'Connection': 'keep-alive', 'Keep-Alive': 'timeout=5'} 
 body={"success":true,"data":{"_id":"690259cc735d793ab0538689","name":"zuneimi","email":"umadmin@gmail.com","role":"admin","token":"eyJhbGciOiJIUzI1NiIsInR5cCI6IkpXVCJ9.eyJpZCI6IjY5MDI1OWNjNzM1ZDc5M2FiMDUzODY4OSIsImlhdCI6MTc2MTg0NDQyNCwiZXhwIjoxNzYxOTMwODI0fQ.45qmDC0Ctir_6LN-63OQPHVEa7e3-bHgvULcbswASvY"}} 
 </msg>
<msg time="2025-10-30T14:13:44.603891" level="INFO">${response} = &lt;Response [200]&gt;</msg>
<var>${response}</var>
<arg>cinema_api</arg>
<arg>/auth/login</arg>
<arg>json=${body}</arg>
<arg>headers=${headers}</arg>
<doc>Sends a POST request on a previously created HTTP Session.</doc>
<status status="PASS" start="2025-10-30T14:13:44.472959" elapsed="0.130932"/>
</kw>
<kw name="Set Variable" owner="BuiltIn">
<msg time="2025-10-30T14:13:44.604891" level="INFO">${token} = eyJhbGciOiJIUzI1NiIsInR5cCI6IkpXVCJ9.eyJpZCI6IjY5MDI1OWNjNzM1ZDc5M2FiMDUzODY4OSIsImlhdCI6MTc2MTg0NDQyNCwiZXhwIjoxNzYxOTMwODI0fQ.45qmDC0Ctir_6LN-63OQPHVEa7e3-bHgvULcbswASvY</msg>
<var>${token}</var>
<arg>${response.json()}[data][token]</arg>
<doc>Returns the given values which can then be assigned to a variables.</doc>
<status status="PASS" start="2025-10-30T14:13:44.603891" elapsed="0.001000"/>
</kw>
<return>
<value>${token}</value>
<status status="PASS" start="2025-10-30T14:13:44.605889" elapsed="0.000000"/>
</return>
<msg time="2025-10-30T14:13:44.605889" level="INFO">${token} = eyJhbGciOiJIUzI1NiIsInR5cCI6IkpXVCJ9.eyJpZCI6IjY5MDI1OWNjNzM1ZDc5M2FiMDUzODY4OSIsImlhdCI6MTc2MTg0NDQyNCwiZXhwIjoxNzYxOTMwODI0fQ.45qmDC0Ctir_6LN-63OQPHVEa7e3-bHgvULcbswASvY</msg>
<var>${token}</var>
<arg>${ADMIN_EMAIL}</arg>
<arg>${ADMIN_PASSWORD}</arg>
<doc>Obtém token de autenticação</doc>
<status status="PASS" start="2025-10-30T14:13:44.472959" elapsed="0.132930"/>
</kw>
<return>
<value>Bearer ${token}</value>
<status status="PASS" start="2025-10-30T14:13:44.605889" elapsed="0.000000"/>
</return>
<msg time="2025-10-30T14:13:44.605889" level="INFO">${token} = Bearer eyJhbGciOiJIUzI1NiIsInR5cCI6IkpXVCJ9.eyJpZCI6IjY5MDI1OWNjNzM1ZDc5M2FiMDUzODY4OSIsImlhdCI6MTc2MTg0NDQyNCwiZXhwIjoxNzYxOTMwODI0fQ.45qmDC0Ctir_6LN-63OQPHVEa7e3-bHgvULcbswASvY</msg>
<var>${token}</var>
<doc>Obtém token de administrador</doc>
<status status="PASS" start="2025-10-30T14:13:44.472959" elapsed="0.132930"/>
</kw>
<kw name="Create Sample Movie Data" owner="movies">
<kw name="Create Dictionary" owner="BuiltIn">
<msg time="2025-10-30T14:13:44.608890" level="INFO">${movie_data} = {'title': 'Movie Title 1', 'synopsis': 'This is a sample movie synopsis for testing purposes 1', 'director': 'Director Name 1', 'genres': ['Drama', 'Action'], 'duration': 121, 'classification': 'PG-13...</msg>
<var>${movie_data}</var>
<arg>title=Movie Title ${movie_number}</arg>
<arg>synopsis=This is a sample movie synopsis for testing purposes ${movie_number}</arg>
<arg>director=Director Name ${movie_number}</arg>
<arg>genres=${{["Drama", "Action"]}}</arg>
<arg>duration=${{120 + ${movie_number}}}</arg>
<arg>classification=PG-13</arg>
<arg>poster=movie${movie_number}.jpg</arg>
<arg>releaseDate=2023-01-01</arg>
<doc>Creates and returns a dictionary based on the given ``items``.</doc>
<status status="PASS" start="2025-10-30T14:13:44.606888" elapsed="0.002002"/>
</kw>
<return>
<value>${movie_data}</value>
<status status="PASS" start="2025-10-30T14:13:44.608890" elapsed="0.000998"/>
</return>
<msg time="2025-10-30T14:13:44.609888" level="INFO">${movie_data} = {'title': 'Movie Title 1', 'synopsis': 'This is a sample movie synopsis for testing purposes 1', 'director': 'Director Name 1', 'genres': ['Drama', 'Action'], 'duration': 121, 'classification': 'PG-13...</msg>
<var>${movie_data}</var>
<arg>1</arg>
<status status="PASS" start="2025-10-30T14:13:44.605889" elapsed="0.003999"/>
</kw>
<kw name="Create Movie" owner="movies">
<kw name="Create Auth Headers" owner="base">
<kw name="Create Dictionary" owner="BuiltIn">
<msg time="2025-10-30T14:13:44.610890" level="INFO">${headers} = {'Content-Type': 'application/json', 'Authorization': 'Bearer Bearer eyJhbGciOiJIUzI1NiIsInR5cCI6IkpXVCJ9.eyJpZCI6IjY5MDI1OWNjNzM1ZDc5M2FiMDUzODY4OSIsImlhdCI6MTc2MTg0NDQyNCwiZXhwIjoxNzYxOTMwODI0fQ.45q...</msg>
<var>${headers}</var>
<arg>Content-Type=application/json</arg>
<arg>Authorization=Bearer ${token}</arg>
<doc>Creates and returns a dictionary based on the given ``items``.</doc>
<status status="PASS" start="2025-10-30T14:13:44.610890" elapsed="0.000000"/>
</kw>
<return>
<value>${headers}</value>
<status status="PASS" start="2025-10-30T14:13:44.610890" elapsed="0.000000"/>
</return>
<msg time="2025-10-30T14:13:44.610890" level="INFO">${headers} = {'Content-Type': 'application/json', 'Authorization': 'Bearer Bearer eyJhbGciOiJIUzI1NiIsInR5cCI6IkpXVCJ9.eyJpZCI6IjY5MDI1OWNjNzM1ZDc5M2FiMDUzODY4OSIsImlhdCI6MTc2MTg0NDQyNCwiZXhwIjoxNzYxOTMwODI0fQ.45q...</msg>
<var>${headers}</var>
<arg>${token}</arg>
<status status="PASS" start="2025-10-30T14:13:44.610890" elapsed="0.000000"/>
</kw>
<kw name="Create Dictionary" owner="BuiltIn">
<msg time="2025-10-30T14:13:44.610890" level="INFO">${body} = {'title': 'Movie Title 1', 'synopsis': 'This is a sample movie synopsis for testing purposes 1', 'director': 'Director Name 1', 'genres': ['Drama', 'Action'], 'duration': 121, 'classification': 'PG-13...</msg>
<var>${body}</var>
<arg>title=${title}</arg>
<arg>synopsis=${synopsis}</arg>
<arg>director=${director}</arg>
<arg>genres=${genres}</arg>
<arg>duration=${duration}</arg>
<arg>classification=${classification}</arg>
<doc>Creates and returns a dictionary based on the given ``items``.</doc>
<status status="PASS" start="2025-10-30T14:13:44.610890" elapsed="0.000000"/>
</kw>
<kw name="Run Keyword If" owner="BuiltIn">
<kw name="Set To Dictionary" owner="Collections">
<arg>${body}</arg>
<arg>poster=${poster}</arg>
<doc>Adds the given ``key_value_pairs`` and/or ``items`` to the ``dictionary``.</doc>
<status status="PASS" start="2025-10-30T14:13:44.610890" elapsed="0.000000"/>
</kw>
<arg>$poster is not None</arg>
<arg>Set To Dictionary</arg>
<arg>${body}</arg>
<arg>poster=${poster}</arg>
<doc>Runs the given keyword with the given arguments, if ``condition`` is true.</doc>
<status status="PASS" start="2025-10-30T14:13:44.610890" elapsed="0.000000"/>
</kw>
<kw name="Run Keyword If" owner="BuiltIn">
<kw name="Set To Dictionary" owner="Collections">
<arg>${body}</arg>
<arg>releaseDate=${release_date}</arg>
<doc>Adds the given ``key_value_pairs`` and/or ``items`` to the ``dictionary``.</doc>
<status status="PASS" start="2025-10-30T14:13:44.610890" elapsed="0.000000"/>
</kw>
<arg>$release_date is not None</arg>
<arg>Set To Dictionary</arg>
<arg>${body}</arg>
<arg>releaseDate=${release_date}</arg>
<doc>Runs the given keyword with the given arguments, if ``condition`` is true.</doc>
<status status="PASS" start="2025-10-30T14:13:44.610890" elapsed="0.000000"/>
</kw>
<kw name="POST On Session" owner="RequestsLibrary">
<msg time="2025-10-30T14:13:44.610890" level="INFO">POST Request : url=http://localhost:3000/api/v1/movies 
 path_url=/api/v1/movies 
 headers={'User-Agent': 'python-requests/2.32.3', 'Accept-Encoding': 'gzip, deflate, br, zstd', 'Accept': '*/*', 'Connection': 'keep-alive', 'Content-Type': 'application/json', 'Authorization': 'Bearer Bearer eyJhbGciOiJIUzI1NiIsInR5cCI6IkpXVCJ9.eyJpZCI6IjY5MDI1OWNjNzM1ZDc5M2FiMDUzODY4OSIsImlhdCI6MTc2MTg0NDQyNCwiZXhwIjoxNzYxOTMwODI0fQ.45qmDC0Ctir_6LN-63OQPHVEa7e3-bHgvULcbswASvY', 'Content-Length': '255'} 
 body=b'{"title": "Movie Title 1", "synopsis": "This is a sample movie synopsis for testing purposes 1", "director": "Director Name 1", "genres": ["Drama", "Action"], "duration": 121, "classification": "PG-13", "poster": "movie1.jpg", "releaseDate": "2023-01-01"}' 
 </msg>
<msg time="2025-10-30T14:13:44.610890" level="INFO">POST Response : url=http://localhost:3000/api/v1/movies 
 status=401, reason=Unauthorized 
 headers={'X-Powered-By': 'Express', 'Access-Control-Allow-Origin': '*', 'Content-Type': 'application/json; charset=utf-8', 'Content-Length': '65', 'ETag': 'W/"41-TJq3LYiwj1On+7IZ17oLU5tM1Zs"', 'Date': 'Thu, 30 Oct 2025 17:13:44 GMT', 'Connection': 'keep-alive', 'Keep-Alive': 'timeout=5'} 
 body={"success":false,"message":"Not authorized to access this route"} 
 </msg>
<msg time="2025-10-30T14:13:44.616968" level="FAIL">Url: http://localhost:3000/api/v1/movies Expected status: 401 != 201</msg>
<var>${response}</var>
<arg>cinema_api</arg>
<arg>/movies</arg>
<arg>json=${body}</arg>
<arg>headers=${headers}</arg>
<arg>expected_status=${expected_status}</arg>
<doc>Sends a POST request on a previously created HTTP Session.</doc>
<status status="FAIL" start="2025-10-30T14:13:44.610890" elapsed="0.007308">Url: http://localhost:3000/api/v1/movies Expected status: 401 != 201</status>
</kw>
<return>
<value>${response}</value>
<status status="NOT RUN" start="2025-10-30T14:13:44.618198" elapsed="0.000947"/>
</return>
<var>${response}</var>
<arg>${token}</arg>
<arg>title=${movie_data}[title]</arg>
<arg>synopsis=${movie_data}[synopsis]</arg>
<arg>director=${movie_data}[director]</arg>
<arg>genres=${movie_data}[genres]</arg>
<arg>duration=${movie_data}[duration]</arg>
<arg>classification=${movie_data}[classification]</arg>
<arg>poster=${movie_data}[poster]</arg>
<arg>release_date=${movie_data}[releaseDate]</arg>
<arg>expected_status=201</arg>
<status status="FAIL" start="2025-10-30T14:13:44.609888" elapsed="0.009586">Url: http://localhost:3000/api/v1/movies Expected status: 401 != 201</status>
</kw>
<kw name="Should Be Success Response" owner="base">
<arg>${response}</arg>
<arg>201</arg>
<status status="NOT RUN" start="2025-10-30T14:13:44.619474" elapsed="0.000000"/>
</kw>
<kw name="Verify Movie Data Structure" owner="movies">
<arg>${response.json()}[data]</arg>
<status status="NOT RUN" start="2025-10-30T14:13:44.619474" elapsed="0.001020"/>
</kw>
<kw name="Should Be Equal As Strings" owner="BuiltIn">
<arg>${response.json()}[data][title]</arg>
<arg>${movie_data}[title]</arg>
<doc>Fails if objects are unequal after converting them to strings.</doc>
<status status="NOT RUN" start="2025-10-30T14:13:44.620494" elapsed="0.000000"/>
</kw>
<kw name="Log" owner="BuiltIn" type="TEARDOWN">
<msg time="2025-10-30T14:13:44.620494" level="INFO">Finished test: TC012 - Create Movie As Admin</msg>
<arg>Finished test: ${TEST_NAME}</arg>
<doc>Logs the given message with the given level.</doc>
<status status="PASS" start="2025-10-30T14:13:44.620494" elapsed="0.000000"/>
</kw>
<doc>Criar novo filme como administrador</doc>
<tag>admin</tag>
<tag>create</tag>
<tag>movies</tag>
<status status="FAIL" start="2025-10-30T14:13:44.467898" elapsed="0.153595">Url: http://localhost:3000/api/v1/movies Expected status: 401 != 201</status>
</test>
<test id="s1-s1-t6" name="TC013 - Create Movie With Invalid Data" line="67">
<kw name="Log" owner="BuiltIn" type="SETUP">
<msg time="2025-10-30T14:13:44.631681" level="INFO">Starting test: TC013 - Create Movie With Invalid Data</msg>
<arg>Starting test: ${TEST_NAME}</arg>
<doc>Logs the given message with the given level.</doc>
<status status="PASS" start="2025-10-30T14:13:44.631681" elapsed="0.000000"/>
</kw>
<kw name="Get Admin Token" owner="base">
<kw name="Get Auth Token" owner="base">
<kw name="Create Dictionary" owner="BuiltIn">
<msg time="2025-10-30T14:13:44.633681" level="INFO">${headers} = {'Content-Type': 'application/json'}</msg>
<var>${headers}</var>
<arg>Content-Type=application/json</arg>
<doc>Creates and returns a dictionary based on the given ``items``.</doc>
<status status="PASS" start="2025-10-30T14:13:44.633681" elapsed="0.000000"/>
</kw>
<kw name="Create Dictionary" owner="BuiltIn">
<msg time="2025-10-30T14:13:44.633681" level="INFO">${body} = {'email': 'umadmin@gmail.com', 'password': '12345678'}</msg>
<var>${body}</var>
<arg>email=${email}</arg>
<arg>password=${password}</arg>
<doc>Creates and returns a dictionary based on the given ``items``.</doc>
<status status="PASS" start="2025-10-30T14:13:44.633681" elapsed="0.000000"/>
</kw>
<kw name="POST On Session" owner="RequestsLibrary">
<msg time="2025-10-30T14:13:44.790408" level="INFO">POST Request : url=http://localhost:3000/api/v1/auth/login 
 path_url=/api/v1/auth/login 
 headers={'User-Agent': 'python-requests/2.32.3', 'Accept-Encoding': 'gzip, deflate, br, zstd', 'Accept': '*/*', 'Connection': 'keep-alive', 'Content-Type': 'application/json', 'Content-Length': '54'} 
 body=b'{"email": "umadmin@gmail.com", "password": "12345678"}' 
 </msg>
<msg time="2025-10-30T14:13:44.790408" level="INFO">POST Response : url=http://localhost:3000/api/v1/auth/login 
 status=200, reason=OK 
 headers={'X-Powered-By': 'Express', 'Access-Control-Allow-Origin': '*', 'Content-Type': 'application/json; charset=utf-8', 'Content-Length': '300', 'ETag': 'W/"12c-dX5Onn5vcEPFiAQB9BRBVzl3DWM"', 'Date': 'Thu, 30 Oct 2025 17:13:44 GMT', 'Connection': 'keep-alive', 'Keep-Alive': 'timeout=5'} 
 body={"success":true,"data":{"_id":"690259cc735d793ab0538689","name":"zuneimi","email":"umadmin@gmail.com","role":"admin","token":"eyJhbGciOiJIUzI1NiIsInR5cCI6IkpXVCJ9.eyJpZCI6IjY5MDI1OWNjNzM1ZDc5M2FiMDUzODY4OSIsImlhdCI6MTc2MTg0NDQyNCwiZXhwIjoxNzYxOTMwODI0fQ.45qmDC0Ctir_6LN-63OQPHVEa7e3-bHgvULcbswASvY"}} 
 </msg>
<msg time="2025-10-30T14:13:44.790408" level="INFO">${response} = &lt;Response [200]&gt;</msg>
<var>${response}</var>
<arg>cinema_api</arg>
<arg>/auth/login</arg>
<arg>json=${body}</arg>
<arg>headers=${headers}</arg>
<doc>Sends a POST request on a previously created HTTP Session.</doc>
<status status="PASS" start="2025-10-30T14:13:44.634679" elapsed="0.155729"/>
</kw>
<kw name="Set Variable" owner="BuiltIn">
<msg time="2025-10-30T14:13:44.790408" level="INFO">${token} = eyJhbGciOiJIUzI1NiIsInR5cCI6IkpXVCJ9.eyJpZCI6IjY5MDI1OWNjNzM1ZDc5M2FiMDUzODY4OSIsImlhdCI6MTc2MTg0NDQyNCwiZXhwIjoxNzYxOTMwODI0fQ.45qmDC0Ctir_6LN-63OQPHVEa7e3-bHgvULcbswASvY</msg>
<var>${token}</var>
<arg>${response.json()}[data][token]</arg>
<doc>Returns the given values which can then be assigned to a variables.</doc>
<status status="PASS" start="2025-10-30T14:13:44.790408" elapsed="0.000000"/>
</kw>
<return>
<value>${token}</value>
<status status="PASS" start="2025-10-30T14:13:44.790408" elapsed="0.000000"/>
</return>
<msg time="2025-10-30T14:13:44.790408" level="INFO">${token} = eyJhbGciOiJIUzI1NiIsInR5cCI6IkpXVCJ9.eyJpZCI6IjY5MDI1OWNjNzM1ZDc5M2FiMDUzODY4OSIsImlhdCI6MTc2MTg0NDQyNCwiZXhwIjoxNzYxOTMwODI0fQ.45qmDC0Ctir_6LN-63OQPHVEa7e3-bHgvULcbswASvY</msg>
<var>${token}</var>
<arg>${ADMIN_EMAIL}</arg>
<arg>${ADMIN_PASSWORD}</arg>
<doc>Obtém token de autenticação</doc>
<status status="PASS" start="2025-10-30T14:13:44.632679" elapsed="0.157729"/>
</kw>
<return>
<value>Bearer ${token}</value>
<status status="PASS" start="2025-10-30T14:13:44.790408" elapsed="0.000000"/>
</return>
<msg time="2025-10-30T14:13:44.790408" level="INFO">${token} = Bearer eyJhbGciOiJIUzI1NiIsInR5cCI6IkpXVCJ9.eyJpZCI6IjY5MDI1OWNjNzM1ZDc5M2FiMDUzODY4OSIsImlhdCI6MTc2MTg0NDQyNCwiZXhwIjoxNzYxOTMwODI0fQ.45qmDC0Ctir_6LN-63OQPHVEa7e3-bHgvULcbswASvY</msg>
<var>${token}</var>
<doc>Obtém token de administrador</doc>
<status status="PASS" start="2025-10-30T14:13:44.632679" elapsed="0.157729"/>
</kw>
<kw name="Create Dictionary" owner="BuiltIn">
<msg time="2025-10-30T14:13:44.790408" level="INFO">${body} = {'title': 'Incomplete Movie'}</msg>
<var>${body}</var>
<arg>title=Incomplete Movie</arg>
<doc>Creates and returns a dictionary based on the given ``items``.</doc>
<status status="PASS" start="2025-10-30T14:13:44.790408" elapsed="0.000000"/>
</kw>
<kw name="Create Auth Headers" owner="base">
<kw name="Create Dictionary" owner="BuiltIn">
<msg time="2025-10-30T14:13:44.797385" level="INFO">${headers} = {'Content-Type': 'application/json', 'Authorization': 'Bearer Bearer eyJhbGciOiJIUzI1NiIsInR5cCI6IkpXVCJ9.eyJpZCI6IjY5MDI1OWNjNzM1ZDc5M2FiMDUzODY4OSIsImlhdCI6MTc2MTg0NDQyNCwiZXhwIjoxNzYxOTMwODI0fQ.45q...</msg>
<var>${headers}</var>
<arg>Content-Type=application/json</arg>
<arg>Authorization=Bearer ${token}</arg>
<doc>Creates and returns a dictionary based on the given ``items``.</doc>
<status status="PASS" start="2025-10-30T14:13:44.790408" elapsed="0.006977"/>
</kw>
<return>
<value>${headers}</value>
<status status="PASS" start="2025-10-30T14:13:44.797385" elapsed="0.000000"/>
</return>
<msg time="2025-10-30T14:13:44.797385" level="INFO">${headers} = {'Content-Type': 'application/json', 'Authorization': 'Bearer Bearer eyJhbGciOiJIUzI1NiIsInR5cCI6IkpXVCJ9.eyJpZCI6IjY5MDI1OWNjNzM1ZDc5M2FiMDUzODY4OSIsImlhdCI6MTc2MTg0NDQyNCwiZXhwIjoxNzYxOTMwODI0fQ.45q...</msg>
<var>${headers}</var>
<arg>${token}</arg>
<status status="PASS" start="2025-10-30T14:13:44.790408" elapsed="0.006977"/>
</kw>
<kw name="POST On Session" owner="RequestsLibrary">
<msg time="2025-10-30T14:13:44.797385" level="INFO">POST Request : url=http://localhost:3000/api/v1/movies 
 path_url=/api/v1/movies 
 headers={'User-Agent': 'python-requests/2.32.3', 'Accept-Encoding': 'gzip, deflate, br, zstd', 'Accept': '*/*', 'Connection': 'keep-alive', 'Content-Type': 'application/json', 'Authorization': 'Bearer Bearer eyJhbGciOiJIUzI1NiIsInR5cCI6IkpXVCJ9.eyJpZCI6IjY5MDI1OWNjNzM1ZDc5M2FiMDUzODY4OSIsImlhdCI6MTc2MTg0NDQyNCwiZXhwIjoxNzYxOTMwODI0fQ.45qmDC0Ctir_6LN-63OQPHVEa7e3-bHgvULcbswASvY', 'Content-Length': '29'} 
 body=b'{"title": "Incomplete Movie"}' 
 </msg>
<msg time="2025-10-30T14:13:44.797385" level="INFO">POST Response : url=http://localhost:3000/api/v1/movies 
 status=401, reason=Unauthorized 
 headers={'X-Powered-By': 'Express', 'Access-Control-Allow-Origin': '*', 'Content-Type': 'application/json; charset=utf-8', 'Content-Length': '65', 'ETag': 'W/"41-TJq3LYiwj1On+7IZ17oLU5tM1Zs"', 'Date': 'Thu, 30 Oct 2025 17:13:44 GMT', 'Connection': 'keep-alive', 'Keep-Alive': 'timeout=5'} 
 body={"success":false,"message":"Not authorized to access this route"} 
 </msg>
<msg time="2025-10-30T14:13:44.797385" level="FAIL">Url: http://localhost:3000/api/v1/movies Expected status: 401 != 400</msg>
<var>${response}</var>
<arg>cinema_api</arg>
<arg>/movies</arg>
<arg>json=${body}</arg>
<arg>headers=${headers}</arg>
<arg>expected_status=400</arg>
<doc>Sends a POST request on a previously created HTTP Session.</doc>
<status status="FAIL" start="2025-10-30T14:13:44.797385" elapsed="0.000000">Url: http://localhost:3000/api/v1/movies Expected status: 401 != 400</status>
</kw>
<kw name="Should Be Error Response Message" owner="base">
<arg>${response}</arg>
<arg>400</arg>
<status status="NOT RUN" start="2025-10-30T14:13:44.797385" elapsed="0.000000"/>
</kw>
<kw name="Log" owner="BuiltIn" type="TEARDOWN">
<msg time="2025-10-30T14:13:44.797385" level="INFO">Finished test: TC013 - Create Movie With Invalid Data</msg>
<arg>Finished test: ${TEST_NAME}</arg>
<doc>Logs the given message with the given level.</doc>
<status status="PASS" start="2025-10-30T14:13:44.797385" elapsed="0.000000"/>
</kw>
<doc>Tentativa de criar filme com dados inválidos</doc>
<tag>admin</tag>
<tag>create</tag>
<tag>error</tag>
<tag>movies</tag>
<status status="FAIL" start="2025-10-30T14:13:44.625660" elapsed="0.171725">Url: http://localhost:3000/api/v1/movies Expected status: 401 != 400</status>
</test>
<test id="s1-s1-t7" name="TC014 - Get Movie By Valid ID" line="76">
<kw name="Log" owner="BuiltIn" type="SETUP">
<msg time="2025-10-30T14:13:44.812395" level="INFO">Starting test: TC014 - Get Movie By Valid ID</msg>
<arg>Starting test: ${TEST_NAME}</arg>
<doc>Logs the given message with the given level.</doc>
<status status="PASS" start="2025-10-30T14:13:44.811382" elapsed="0.001013"/>
</kw>
<kw name="Set Variable" owner="BuiltIn">
<msg time="2025-10-30T14:13:44.813205" level="INFO">${movie_id} = 68f7ec4a377d8700e8da0156</msg>
<var>${movie_id}</var>
<arg>68f7ec4a377d8700e8da0156</arg>
<doc>Returns the given values which can then be assigned to a variables.</doc>
<status status="PASS" start="2025-10-30T14:13:44.812395" elapsed="0.000810"/>
</kw>
<kw name="Get Movie By ID" owner="movies">
<kw name="Run Keyword If" owner="BuiltIn">
<kw name="Create Dictionary" owner="BuiltIn">
<arg>Content-Type=application/json</arg>
<doc>Creates and returns a dictionary based on the given ``items``.</doc>
<status status="PASS" start="2025-10-30T14:13:44.813205" elapsed="0.000000"/>
</kw>
<msg time="2025-10-30T14:13:44.813205" level="INFO">${headers} = {'Content-Type': 'application/json'}</msg>
<var>${headers}</var>
<arg>$token is not None</arg>
<arg>Create Auth Headers</arg>
<arg>${token}</arg>
<arg>ELSE</arg>
<arg>Create Dictionary</arg>
<arg>Content-Type=application/json</arg>
<doc>Runs the given keyword with the given arguments, if ``condition`` is true.</doc>
<status status="PASS" start="2025-10-30T14:13:44.813205" elapsed="0.000000"/>
</kw>
<kw name="GET On Session" owner="RequestsLibrary">
<msg time="2025-10-30T14:13:45.241828" level="INFO">GET Request : url=http://localhost:3000/api/v1/movies/68f7ec4a377d8700e8da0156 
 path_url=/api/v1/movies/68f7ec4a377d8700e8da0156 
 headers={'User-Agent': 'python-requests/2.32.3', 'Accept-Encoding': 'gzip, deflate, br, zstd', 'Accept': '*/*', 'Connection': 'keep-alive', 'Content-Type': 'application/json'} 
 body=None 
 </msg>
<msg time="2025-10-30T14:13:45.241828" level="INFO">GET Response : url=http://localhost:3000/api/v1/movies/68f7ec4a377d8700e8da0156 
 status=200, reason=OK 
 headers={'X-Powered-By': 'Express', 'Access-Control-Allow-Origin': '*', 'Content-Type': 'application/json; charset=utf-8', 'Content-Length': '223007', 'ETag': 'W/"3671f-Bf2CNTBIGH5fGHLJwOLCwSUMa/s"', 'Date': 'Thu, 30 Oct 2025 17:13:45 GMT', 'Connection': 'keep-alive', 'Keep-Alive': 'timeout=5'} 
 body={"success":true,"data":{"_id":"68f7ec4a377d8700e8da0156","customId":"10","title":"Interstellar","synopsis":"A team of explorers travel through a wormhole in space in an attempt to ensure humanity's survival.","director":"Christopher Nolan","genres":["Adventure","Drama","Science Fiction"],"duration":169,"classification":"PG-13","poster":"interstellar.jpg","releaseDate":"2014-11-07T00:00:00.000Z","createdAt":"2025-10-21T20:25:46.386Z","__v":0,"updatedAt":"2025-10-21T20:25:46.393Z","sessions":[{"_id":"68f7ec4b377d8700e8da0195","movie":"68f7ec4a377d8700e8da0156","theater":"68f7ec484bc189e5600e8f8a","datetime":"2025-10-21T15:00:00.000Z","fullPrice":16,"halfPrice":9.5,"seats":[{"row":"A","number":1,"status":"available"},{"row":"A","number":2,"status":"available"},{"row":"A","number":3,"status":"available"},{"row":"A","number":4,"status":"available"},{"row":"A","number":5,"status":"available"},{"row":"A","number":6,"status":"available"},{"row":"A","number":7,"status":"available"},{"row":"A","number":8,"status":"available"},{"row":"A","number":9,"status":"available"},{"row":"A","number":10,"status":"available"},{"row":"A","number":11,"status":"available"},{"row":"A","number":12,"status":"available"},{"row":"A","number":13,"status":"available"},{"row":"A","number":14,"status":"available"},{"row":"A","number":15,"status":"available"},{"row":"B","number":1,"status":"available"},{"row":"B","number":2,"status":"available"},{"row":"B","number":3,"status":"available"},{"row":"B","number":4,"status":"available"},{"row":"B","number":5,"status":"available"},{"row":"B","number":6,"status":"available"},{"row":"B","number":7,"status":"available"},{"row":"B","number":8,"status":"available"},{"row":"B","number":9,"status":"available"},{"row":"B","number":10,"status":"available"},{"row":"B","number":11,"status":"available"},{"row":"B","number":12,"status":"available"},{"row":"B","number":13,"status":"available"},{"row":"B","number":14,"status":"available"},{"row":"B","number":15,"status":"available"},{"row":"C","number":1,"status":"available"},{"row":"C","number":2,"status":"available"},{"row":"C","number":3,"status":"available"},{"row":"C","number":4,"status":"available"},{"row":"C","number":5,"status":"available"},{"row":"C","number":6,"status":"available"},{"row":"C","number":7,"status":"available"},{"row":"C","number":8,"status":"available"},{"row":"C","number":9,"status":"available"},{"row":"C","number":10,"status":"available"},{"row":"C","number":11,"status":"available"},{"row":"C","number":12,"status":"available"},{"row":"C","number":13,"status":"available"},{"row":"C","number":14,"status":"available"},{"row":"C","number":15,"status":"available"},{"row":"D","number":1,"status":"available"},{"row":"D","number":2,"status":"available"},{"row":"D","number":3,"status":"available"},{"row":"D","number":4,"status":"available"},{"row":"D","number":5,"status":"available"},{"row":"D","number":6,"status":"available"},{"row":"D","number":7,"status":"available"},{"row":"D","number":8,"status":"available"},{"row":"D","number":9,"status":"available"},{"row":"D","number":10,"status":"available"},{"row":"D","number":11,"status":"available"},{"row":"D","number":12,"status":"available"},{"row":"D","number":13,"status":"available"},{"row":"D","number":14,"status":"available"},{"row":"D","number":15,"status":"available"},{"row":"E","number":1,"status":"available"},{"row":"E","number":2,"status":"available"},{"row":"E","number":3,"status":"available"},{"row":"E","number":4,"status":"available"},{"row":"E","number":5,"status":"available"},{"row":"E","number":6,"status":"available"},{"row":"E","number":7,"status":"available"},{"row":"E","number":8,"status":"available"},{"row":"E","number":9,"status":"available"},{"row":"E","number":10,"status":"available"},{"row":"E","number":11,"status":"available"},{"row":"E","number":12,"status":"available"},{"row":"E","number":13,"status":"available"},{"row":"E","number":14,"status":"available"},{"row":"E","number":15,"status":"available"},{"row":"F","number":1,"status":"available"},{"row":"F","number":2,"status":"available"},{"row":"F","number":3,"status":"available"},{"row":"F","number":4,"status":"available"},{"row":"F","number":5,"status":"available"},{"row":"F","number":6,"status":"available"},{"row":"F","number":7,"status":"available"},{"row":"F","number":8,"status":"available"},{"row":"F","number":9,"status":"available"},{"row":"F","number":10,"sta
[...]
<arg>${verify_response}</arg>
<arg>404</arg>
<status status="NOT RUN" start="2025-10-30T14:13:56.535154" elapsed="0.000000"/>
</kw>
<arg>${admin_token}</arg>
<arg>${movies_response}</arg>
<arg>${theaters_response}</arg>
<status status="FAIL" start="2025-10-30T14:13:56.519320" elapsed="0.015834">Url: http://localhost:3000/api/v1/sessions Expected status: 401 != 201</status>
</kw>
<arg>${movies_count} &gt; 0 and ${theaters_count} &gt; 0</arg>
<arg>Execute Complete CRUD Flow</arg>
<arg>${admin_token}</arg>
<arg>${movies_response}</arg>
<arg>${theaters_response}</arg>
<arg>ELSE</arg>
<arg>Log</arg>
<arg>Não há recursos disponíveis para teste de CRUD completo</arg>
<doc>Runs the given keyword with the given arguments, if ``condition`` is true.</doc>
<status status="FAIL" start="2025-10-30T14:13:56.519320" elapsed="0.015834">Url: http://localhost:3000/api/v1/sessions Expected status: 401 != 201</status>
</kw>
<kw name="Log" owner="BuiltIn" type="TEARDOWN">
<msg time="2025-10-30T14:13:56.535154" level="INFO">Finished test: TC065 - Complete Session CRUD Flow</msg>
<arg>Finished test: ${TEST_NAME}</arg>
<doc>Logs the given message with the given level.</doc>
<status status="PASS" start="2025-10-30T14:13:56.535154" elapsed="0.004964"/>
</kw>
<doc>Fluxo completo CRUD para sessões</doc>
<tag>admin</tag>
<tag>crud</tag>
<tag>sessions</tag>
<tag>smoke</tag>
<status status="FAIL" start="2025-10-30T14:13:56.167911" elapsed="0.372207">Url: http://localhost:3000/api/v1/sessions Expected status: 401 != 201</status>
</test>
<kw name="Teardown API Session" owner="base" type="TEARDOWN">
<kw name="Delete All Sessions" owner="RequestsLibrary">
<msg time="2025-10-30T14:13:56.549075" level="INFO">Deleting All Sessions</msg>
<doc>Removes all the session objects</doc>
<status status="PASS" start="2025-10-30T14:13:56.549075" elapsed="0.000000"/>
</kw>
<doc>Encerra sessão da API</doc>
<status status="PASS" start="2025-10-30T14:13:56.548089" elapsed="0.000986"/>
</kw>
<doc>Testes das Sessões de filmes</doc>
<status status="FAIL" start="2025-10-30T14:13:50.718176" elapsed="5.830899"/>
</suite>
<status status="FAIL" start="2025-10-30T14:13:41.858291" elapsed="14.697747"/>
</suite>
<statistics>
<total>
<stat pass="22" fail="35" skip="0">All Tests</stat>
</total>
<tag>
<stat pass="0" fail="24" skip="0">admin</stat>
<stat pass="2" fail="9" skip="0">create</stat>
<stat pass="0" fail="2" skip="0">crud</stat>
<stat pass="2" fail="5" skip="0">delete</stat>
<stat pass="3" fail="10" skip="0">error</stat>
<stat pass="3" fail="2" skip="0">filter</stat>
<stat pass="8" fail="12" skip="0">movies</stat>
<stat pass="2" fail="1" skip="0">pagination</stat>
<stat pass="3" fail="0" skip="0">public</stat>
<stat pass="15" fail="8" skip="0">read</stat>
<stat pass="5" fail="8" skip="0">reservations</stat>
<stat pass="1" fail="0" skip="0">search</stat>
<stat pass="7" fail="3" skip="0">security</stat>
<stat pass="9" fail="15" skip="0">sessions</stat>
<stat pass="0" fail="2" skip="0">smoke</stat>
<stat pass="1" fail="0" skip="0">sort</stat>
<stat pass="3" fail="11" skip="0">update</stat>
<stat pass="1" fail="3" skip="0">user</stat>
</tag>
<suite>
<stat name="Server" id="s1" pass="22" fail="35" skip="0">Server</stat>
<stat name="Movies" id="s1-s1" pass="8" fail="12" skip="0">Server.Movies</stat>
<stat name="Reservations" id="s1-s2" pass="5" fail="8" skip="0">Server.Reservations</stat>
<stat name="Sessions" id="s1-s3" pass="9" fail="15" skip="0">Server.Sessions</stat>
</suite>
</statistics>
<errors>
<msg time="2025-10-30T14:13:41.846063" level="WARN">Error in file 'C:\Users\raphael\Documents\GitHub\learn\Compass\cinema\test-ciname-challenge\tests\server\sessions.robot' on line 298: The '[Return]' setting is deprecated. Use the 'RETURN' statement instead.</msg>
<msg time="2025-10-30T14:13:42.214117" level="WARN">Error in file 'C:\Users\raphael\Documents\GitHub\learn\Compass\cinema\test-ciname-challenge\resources\base.resource' on line 76: The '[Return]' setting is deprecated. Use the 'RETURN' statement instead.</msg>
<msg time="2025-10-30T14:13:42.214117" level="WARN">Error in file 'C:\Users\raphael\Documents\GitHub\learn\Compass\cinema\test-ciname-challenge\resources\base.resource' on line 157: The '[Return]' setting is deprecated. Use the 'RETURN' statement instead.</msg>
<msg time="2025-10-30T14:13:42.221041" level="WARN">Error in file 'C:\Users\raphael\Documents\GitHub\learn\Compass\cinema\test-ciname-challenge\resources\base.resource' on line 164: The '[Return]' setting is deprecated. Use the 'RETURN' statement instead.</msg>
<msg time="2025-10-30T14:13:42.221041" level="WARN">Error in file 'C:\Users\raphael\Documents\GitHub\learn\Compass\cinema\test-ciname-challenge\resources\base.resource' on line 174: The '[Return]' setting is deprecated. Use the 'RETURN' statement instead.</msg>
<msg time="2025-10-30T14:13:42.221041" level="WARN">Error in file 'C:\Users\raphael\Documents\GitHub\learn\Compass\cinema\test-ciname-challenge\resources\base.resource' on line 179: The '[Return]' setting is deprecated. Use the 'RETURN' statement instead.</msg>
<msg time="2025-10-30T14:13:42.221041" level="WARN">Error in file 'C:\Users\raphael\Documents\GitHub\learn\Compass\cinema\test-ciname-challenge\resources\base.resource' on line 184: The '[Return]' setting is deprecated. Use the 'RETURN' statement instead.</msg>
<msg time="2025-10-30T14:13:42.221041" level="WARN">Error in file 'C:\Users\raphael\Documents\GitHub\learn\Compass\cinema\test-ciname-challenge\resources\base.resource' on line 191: The '[Return]' setting is deprecated. Use the 'RETURN' statement instead.</msg>
<msg time="2025-10-30T14:13:42.546345" level="ERROR">Error in file 'C:\Users\raphael\Documents\GitHub\learn\Compass\cinema\test-ciname-challenge\resources\base.resource' on line 10: Importing library 'Faker' failed: ModuleNotFoundError: No module named 'Faker'
Traceback (most recent call last):
  None
PYTHONPATH:
  C:\Users\raphael\anaconda3\Scripts\robot.exe
  C:\Users\raphael\anaconda3\python312.zip
  C:\Users\raphael\anaconda3\DLLs
  C:\Users\raphael\anaconda3\Lib
  C:\Users\raphael\anaconda3
  C:\Users\raphael\anaconda3\Lib\site-packages
  C:\Users\raphael\anaconda3\Lib\site-packages\win32
  C:\Users\raphael\anaconda3\Lib\site-packages\win32\lib
  C:\Users\raphael\anaconda3\Lib\site-packages\Pythonwin</msg>
<msg time="2025-10-30T14:13:42.623791" level="WARN">Error in file 'C:\Users\raphael\Documents\GitHub\learn\Compass\cinema\test-ciname-challenge\resources\api\movies.resource' on line 25: The '[Return]' setting is deprecated. Use the 'RETURN' statement instead.</msg>
<msg time="2025-10-30T14:13:42.623791" level="WARN">Error in file 'C:\Users\raphael\Documents\GitHub\learn\Compass\cinema\test-ciname-challenge\resources\api\movies.resource' on line 32: The '[Return]' setting is deprecated. Use the 'RETURN' statement instead.</msg>
<msg time="2025-10-30T14:13:42.623791" level="WARN">Error in file 'C:\Users\raphael\Documents\GitHub\learn\Compass\cinema\test-ciname-challenge\resources\api\movies.resource' on line 49: The '[Return]' setting is deprecated. Use the 'RETURN' statement instead.</msg>
<msg time="2025-10-30T14:13:42.623791" level="WARN">Error in file 'C:\Users\raphael\Documents\GitHub\learn\Compass\cinema\test-ciname-challenge\resources\api\movies.resource' on line 66: The '[Return]' setting is deprecated. Use the 'RETURN' statement instead.</msg>
<msg time="2025-10-30T14:13:42.623791" level="WARN">Error in file 'C:\Users\raphael\Documents\GitHub\learn\Compass\cinema\test-ciname-challenge\resources\api\movies.resource' on line 72: The '[Return]' setting is deprecated. Use the 'RETURN' statement instead.</msg>
<msg time="2025-10-30T14:13:42.623791" level="WARN">Error in file 'C:\Users\raphael\Documents\GitHub\learn\Compass\cinema\test-ciname-challenge\resources\api\movies.resource' on line 77: The '[Return]' setting is deprecated. Use the 'RETURN' statement instead.</msg>
<msg time="2025-10-30T14:13:42.623791" level="WARN">Error in file 'C:\Users\raphael\Documents\GitHub\learn\Compass\cinema\test-ciname-challenge\resources\api\movies.resource' on line 103: The '[Return]' setting is deprecated. Use the 'RETURN' statement instead.</msg>
<msg time="2025-10-30T14:13:42.631452" level="WARN">Error in file 'C:\Users\raphael\Documents\GitHub\learn\Compass\cinema\test-ciname-challenge\resources\api\auth.resource' on line 28: The '[Return]' setting is deprecated. Use the 'RETURN' statement instead.</msg>
<msg time="2025-10-30T14:13:42.631452" level="WARN">Error in file 'C:\Users\raphael\Documents\GitHub\learn\Compass\cinema\test-ciname-challenge\resources\api\auth.resource' on line 43: The '[Return]' setting is deprecated. Use the 'RETURN' statement instead.</msg>
<msg time="2025-10-30T14:13:42.631452" level="WARN">Error in file 'C:\Users\raphael\Documents\GitHub\learn\Compass\cinema\test-ciname-challenge\resources\api\auth.resource' on line 79: The '[Return]' setting is deprecated. Use the 'RETURN' statement instead.</msg>
<msg time="2025-10-30T14:13:42.631452" level="WARN">Error in file 'C:\Users\raphael\Documents\GitHub\learn\Compass\cinema\test-ciname-challenge\resources\api\auth.resource' on line 89: The '[Return]' setting is deprecated. Use the 'RETURN' statement instead.</msg>
<msg time="2025-10-30T14:13:42.637771" level="WARN">Error in file 'C:\Users\raphael\Documents\GitHub\learn\Compass\cinema\test-ciname-challenge\resources\api\auth.resource' on line 101: The '[Return]' setting is deprecated. Use the 'RETURN' statement instead.</msg>
<msg time="2025-10-30T14:13:47.832525" level="WARN">Error in file 'C:\Users\raphael\Documents\GitHub\learn\Compass\cinema\test-ciname-challenge\resources\api\reservations.resource' on line 17: The '[Return]' setting is deprecated. Use the 'RETURN' statement instead.</msg>
<msg time="2025-10-30T14:13:47.832525" level="WARN">Error in file 'C:\Users\raphael\Documents\GitHub\learn\Compass\cinema\test-ciname-challenge\resources\api\reservations.resource' on line 25: The '[Return]' setting is deprecated. Use the 'RETURN' statement instead.</msg>
<msg time="2025-10-30T14:13:47.838936" level="WARN">Error in file 'C:\Users\raphael\Documents\GitHub\learn\Compass\cinema\test-ciname-challenge\resources\api\reservations.resource' on line 32: The '[Return]' setting is deprecated. Use the 'RETURN' statement instead.</msg>
<msg time="2025-10-30T14:13:47.839540" level="WARN">Error in file 'C:\Users\raphael\Documents\GitHub\learn\Compass\cinema\test-ciname-challenge\resources\api\reservations.resource' on line 43: The '[Return]' setting is deprecated. Use the 'RETURN' statement instead.</msg>
<msg time="2025-10-30T14:13:47.839540" level="WARN">Error in file 'C:\Users\raphael\Documents\GitHub\learn\Compass\cinema\test-ciname-challenge\resources\api\reservations.resource' on line 53: The '[Return]' setting is deprecated. Use the 'RETURN' statement instead.</msg>
<msg time="2025-10-30T14:13:47.839540" level="WARN">Error in file 'C:\Users\raphael\Documents\GitHub\learn\Compass\cinema\test-ciname-challenge\resources\api\reservations.resource' on line 60: The '[Return]' setting is deprecated. Use the 'RETURN' statement instead.</msg>
<msg time="2025-10-30T14:13:47.839540" level="WARN">Error in file 'C:\Users\raphael\Documents\GitHub\learn\Compass\cinema\test-ciname-challenge\resources\api\reservations.resource' on line 69: The '[Return]' setting is deprecated. Use the 'RETURN' statement instead.</msg>
<msg time="2025-10-30T14:13:47.839540" level="WARN">Error in file 'C:\Users\raphael\Documents\GitHub\learn\Compass\cinema\test-ciname-challenge\resources\api\reservations.resource' on line 80: The '[Return]' setting is deprecated. Use the 'RETURN' statement instead.</msg>
<msg time="2025-10-30T14:13:47.839540" level="WARN">Error in file 'C:\Users\raphael\Documents\GitHub\learn\Compass\cinema\test-ciname-challenge\resources\api\reservations.resource' on line 86: The '[Return]' setting is deprecated. Use the 'RETURN' statement instead.</msg>
<msg time="2025-10-30T14:13:47.853426" level="ERROR">Error in file 'C:\Users\raphael\Documents\GitHub\learn\Compass\cinema\test-ciname-challenge\resources\base.resource' on line 10: Importing library 'Faker' failed: ModuleNotFoundError: No module named 'Faker'
Traceback (most recent call last):
  None
PYTHONPATH:
  C:\Users\raphael\anaconda3\Scripts\robot.exe
  C:\Users\raphael\anaconda3\python312.zip
  C:\Users\raphael\anaconda3\DLLs
  C:\Users\raphael\anaconda3\Lib
  C:\Users\raphael\anaconda3
  C:\Users\raphael\anaconda3\Lib\site-packages
  C:\Users\raphael\anaconda3\Lib\site-packages\win32
  C:\Users\raphael\anaconda3\Lib\site-packages\win32\lib
  C:\Users\raphael\anaconda3\Lib\site-packages\Pythonwin</msg>
<msg time="2025-10-30T14:13:47.860278" level="WARN">Error in file 'C:\Users\raphael\Documents\GitHub\learn\Compass\cinema\test-ciname-challenge\resources\api\sessions.resource' on line 24: The '[Return]' setting is deprecated. Use the 'RETURN' statement instead.</msg>
<msg time="2025-10-30T14:13:47.860278" level="WARN">Error in file 'C:\Users\raphael\Documents\GitHub\learn\Compass\cinema\test-ciname-challenge\resources\api\sessions.resource' on line 32: The '[Return]' setting is deprecated. Use the 'RETURN' statement instead.</msg>
<msg time="2025-10-30T14:13:47.860278" level="WARN">Error in file 'C:\Users\raphael\Documents\GitHub\learn\Compass\cinema\test-ciname-challenge\resources\api\sessions.resource' on line 46: The '[Return]' setting is deprecated. Use the 'RETURN' statement instead.</msg>
<msg time="2025-10-30T14:13:47.860278" level="WARN">Error in file 'C:\Users\raphael\Documents\GitHub\learn\Compass\cinema\test-ciname-challenge\resources\api\sessions.resource' on line 61: The '[Return]' setting is deprecated. Use the 'RETURN' statement instead.</msg>
<msg time="2025-10-30T14:13:47.860278" level="WARN">Error in file 'C:\Users\raphael\Documents\GitHub\learn\Compass\cinema\test-ciname-challenge\resources\api\sessions.resource' on line 68: The '[Return]' setting is deprecated. Use the 'RETURN' statement instead.</msg>
<msg time="2025-10-30T14:13:47.860278" level="WARN">Error in file 'C:\Users\raphael\Documents\GitHub\learn\Compass\cinema\test-ciname-challenge\resources\api\sessions.resource' on line 75: The '[Return]' setting is deprecated. Use the 'RETURN' statement instead.</msg>
<msg time="2025-10-30T14:13:47.860278" level="WARN">Error in file 'C:\Users\raphael\Documents\GitHub\learn\Compass\cinema\test-ciname-challenge\resources\api\sessions.resource' on line 81: The '[Return]' setting is deprecated. Use the 'RETURN' statement instead.</msg>
<msg time="2025-10-30T14:13:50.736024" level="ERROR">Error in file 'C:\Users\raphael\Documents\GitHub\learn\Compass\cinema\test-ciname-challenge\resources\base.resource' on line 10: Importing library 'Faker' failed: ModuleNotFoundError: No module named 'Faker'
Traceback (most recent call last):
  None
PYTHONPATH:
  C:\Users\raphael\anaconda3\Scripts\robot.exe
  C:\Users\raphael\anaconda3\python312.zip
  C:\Users\raphael\anaconda3\DLLs
  C:\Users\raphael\anaconda3\Lib
  C:\Users\raphael\anaconda3
  C:\Users\raphael\anaconda3\Lib\site-packages
  C:\Users\raphael\anaconda3\Lib\site-packages\win32
  C:\Users\raphael\anaconda3\Lib\site-packages\win32\lib
  C:\Users\raphael\anaconda3\Lib\site-packages\Pythonwin</msg>
<msg time="2025-10-30T14:13:50.746204" level="WARN">Error in file 'C:\Users\raphael\Documents\GitHub\learn\Compass\cinema\test-ciname-challenge\resources\api\theater.resource' on line 18: The '[Return]' setting is deprecated. Use the 'RETURN' statement instead.</msg>
<msg time="2025-10-30T14:13:50.746204" level="WARN">Error in file 'C:\Users\raphael\Documents\GitHub\learn\Compass\cinema\test-ciname-challenge\resources\api\theater.resource' on line 24: The '[Return]' setting is deprecated. Use the 'RETURN' statement instead.</msg>
<msg time="2025-10-30T14:13:50.747201" level="WARN">Error in file 'C:\Users\raphael\Documents\GitHub\learn\Compass\cinema\test-ciname-challenge\resources\api\theater.resource' on line 30: The '[Return]' setting is deprecated. Use the 'RETURN' statement instead.</msg>
<msg time="2025-10-30T14:13:50.747201" level="WARN">Error in file 'C:\Users\raphael\Documents\GitHub\learn\Compass\cinema\test-ciname-challenge\resources\api\theater.resource' on line 39: The '[Return]' setting is deprecated. Use the 'RETURN' statement instead.</msg>
<msg time="2025-10-30T14:13:50.747965" level="WARN">Error in file 'C:\Users\raphael\Documents\GitHub\learn\Compass\cinema\test-ciname-challenge\resources\api\theater.resource' on line 50: The '[Return]' setting is deprecated. Use the 'RETURN' statement instead.</msg>
<msg time="2025-10-30T14:13:50.747965" level="WARN">Error in file 'C:\Users\raphael\Documents\GitHub\learn\Compass\cinema\test-ciname-challenge\resources\api\theater.resource' on line 59: The '[Return]' setting is deprecated. Use the 'RETURN' statement instead.</msg>
<msg time="2025-10-30T14:13:50.747965" level="WARN">Error in file 'C:\Users\raphael\Documents\GitHub\learn\Compass\cinema\test-ciname-challenge\resources\api\theater.resource' on line 74: The '[Return]' setting is deprecated. Use the 'RETURN' statement instead.</msg>
<msg time="2025-10-30T14:13:50.749031" level="WARN">Error in file 'C:\Users\raphael\Documents\GitHub\learn\Compass\cinema\test-ciname-challenge\resources\api\theater.resource' on line 132: The '[Return]' setting is deprecated. Use the 'RETURN' statement instead.</msg>
<msg time="2025-10-30T14:13:50.756014" level="ERROR">Error in file 'C:\Users\raphael\Documents\GitHub\learn\Compass\cinema\test-ciname-challenge\resources\api\theater.resource' on line 5: Importing library 'Faker' failed: ModuleNotFoundError: No module named 'Faker'
Traceback (most recent call last):
  None
PYTHONPATH:
  C:\Users\raphael\anaconda3\Scripts\robot.exe
  C:\Users\raphael\anaconda3\python312.zip
  C:\Users\raphael\anaconda3\DLLs
  C:\Users\raphael\anaconda3\Lib
  C:\Users\raphael\anaconda3
  C:\Users\raphael\anaconda3\Lib\site-packages
  C:\Users\raphael\anaconda3\Lib\site-packages\win32
  C:\Users\raphael\anaconda3\Lib\site-packages\win32\lib
  C:\Users\raphael\anaconda3\Lib\site-packages\Pythonwin</msg>
<msg time="2025-10-30T14:13:50.760497" level="WARN">Error in file 'C:\Users\raphael\Documents\GitHub\learn\Compass\cinema\test-ciname-challenge\resources\api\setup.resource' on line 16: The '[Return]' setting is deprecated. Use the 'RETURN' statement instead.</msg>
<msg time="2025-10-30T14:13:50.761043" level="WARN">Error in file 'C:\Users\raphael\Documents\GitHub\learn\Compass\cinema\test-ciname-challenge\resources\api\setup.resource' on line 22: The '[Return]' setting is deprecated. Use the 'RETURN' statement instead.</msg>
<msg time="2025-10-30T14:13:50.761582" level="WARN">Error in file 'C:\Users\raphael\Documents\GitHub\learn\Compass\cinema\test-ciname-challenge\resources\api\setup.resource' on line 31: The '[Return]' setting is deprecated. Use the 'RETURN' statement instead.</msg>
<msg time="2025-10-30T14:13:50.762112" level="WARN">Error in file 'C:\Users\raphael\Documents\GitHub\learn\Compass\cinema\test-ciname-challenge\resources\api\setup.resource' on line 85: The '[Return]' setting is deprecated. Use the 'RETURN' statement instead.</msg>
<msg time="2025-10-30T14:13:50.768722" level="ERROR">Error in file 'C:\Users\raphael\Documents\GitHub\learn\Compass\cinema\test-ciname-challenge\resources\api\setup.resource' on line 4: Importing library 'Faker' failed: ModuleNotFoundError: No module named 'Faker'
Traceback (most recent call last):
  None
PYTHONPATH:
  C:\Users\raphael\anaconda3\Scripts\robot.exe
  C:\Users\raphael\anaconda3\python312.zip
  C:\Users\raphael\anaconda3\DLLs
  C:\Users\raphael\anaconda3\Lib
  C:\Users\raphael\anaconda3
  C:\Users\raphael\anaconda3\Lib\site-packages
  C:\Users\raphael\anaconda3\Lib\site-packages\win32
  C:\Users\raphael\anaconda3\Lib\site-packages\win32\lib
  C:\Users\raphael\anaconda3\Lib\site-packages\Pythonwin</msg>
</errors>
</robot>
