<?xml version="1.0" encoding="UTF-8"?>
<robot generator="Robot 7.3.2 (Python 3.12.7 on win32)" generated="2025-10-28T14:30:28.594442" rpa="false" schemaversion="5">
<suite id="s1" name="Web" source="C:\Users\raphael\Documents\GitHub\learn\Compass\cinema\test-ciname-challenge\tests\web">
<suite id="s1-s1" name="Reservations" source="C:\Users\raphael\Documents\GitHub\learn\Compass\cinema\test-ciname-challenge\tests\web\reservations.robot">
<test id="s1-s1-t1" name="TC050 - Verificar Carregamento da Página de Reservas" line="13">
<kw name="Configurar Teste" owner="login_form">
<kw name="New Browser" owner="Browser">
<msg time="2025-10-28T14:30:29.153715" level="INFO">{"browser": "chromium", "headless": false, "chromiumSandbox": false, "devtools": false, "handleSIGHUP": true, "handleSIGINT": true, "handleSIGTERM": true, "slowMo": 0.0, "timeout": 30000.0, "tracesDir": "C:\\Users\\raphael\\Documents\\GitHub\\learn\\Compass\\cinema\\test-ciname-challenge\\results\\browser\\traces\\temp\\a900130a-bb27-4660-8498-cd85d0950238"}</msg>
<msg time="2025-10-28T14:30:29.190513" level="INFO">Starting Browser process C:\Users\raphael\anaconda3\Lib\site-packages\Browser\wrapper\index.js using at 127.0.0.1:61431</msg>
<msg time="2025-10-28T14:30:30.471202" level="INFO">Successfully created browser with options: {"browser":"chromium","headless":false,"chromiumSandbox":false,"devtools":false,"handleSIGHUP":true,"handleSIGINT":true,"handleSIGTERM":true,"slowMo":0,"timeout":30000,"tracesDir":"C:\\Users\\raphael\\Documents\\GitHub\\learn\\Compass\\cinema\\test-ciname-challenge\\results\\browser\\traces\\temp\\a900130a-bb27-4660-8498-cd85d0950238"}</msg>
<arg>chromium</arg>
<arg>headless=False</arg>
<tag>BrowserControl</tag>
<tag>Setter</tag>
<doc>Create a new playwright Browser with specified options.</doc>
<status status="PASS" start="2025-10-28T14:30:29.152210" elapsed="1.319983"/>
</kw>
<kw name="New Context" owner="Browser">
<msg time="2025-10-28T14:30:30.481448" level="INFO">{
  "acceptDownloads": true,
  "bypassCSP": false,
  "forcedColors": "none",
  "ignoreHTTPSErrors": false,
  "javaScriptEnabled": true,
  "offline": false,
  "reducedMotion": "no-preference",
  "serviceWorkers": "allow",
  "viewport": {
    "height": 1080,
    "width": 1920
  }
}</msg>
<msg time="2025-10-28T14:30:30.516414" level="INFO">Successfully created context. </msg>
<msg time="2025-10-28T14:30:30.516414" level="INFO">{'acceptDownloads': True, 'bypassCSP': False, 'forcedColors': 'none', 'ignoreHTTPSErrors': False, 'javaScriptEnabled': True, 'offline': False, 'reducedMotion': 'no-preference', 'serviceWorkers': 'allow', 'viewport': {'height': 1080, 'width': 1920}}</msg>
<arg>viewport={'width': 1920, 'height': 1080}</arg>
<tag>BrowserControl</tag>
<tag>Setter</tag>
<doc>Create a new BrowserContext with specified options.</doc>
<status status="PASS" start="2025-10-28T14:30:30.472193" elapsed="0.045217"/>
</kw>
<status status="PASS" start="2025-10-28T14:30:29.151211" elapsed="1.366199"/>
</kw>
<kw name="Abrir Página de Login" owner="login_form">
<kw name="New Page" owner="Browser">
<msg time="2025-10-28T14:30:31.194855" level="INFO">Successfully initialized new page object and opened url: http://localhost:3002/login</msg>
<arg>http://localhost:3002/login</arg>
<tag>BrowserControl</tag>
<tag>Setter</tag>
<doc>Open a new Page.</doc>
<status status="PASS" start="2025-10-28T14:30:30.520413" elapsed="0.675444"/>
</kw>
<kw name="Wait For Elements State" owner="Browser">
<msg time="2025-10-28T14:30:31.324476" level="INFO">Waited for Element with selector css=.login-form at state visible</msg>
<arg>css=.login-form</arg>
<arg>visible</arg>
<arg>timeout=10s</arg>
<tag>PageContent</tag>
<tag>Wait</tag>
<doc>Waits for the element found by ``selector`` to satisfy state option.</doc>
<status status="PASS" start="2025-10-28T14:30:31.196860" elapsed="0.127616"/>
</kw>
<status status="PASS" start="2025-10-28T14:30:30.518411" elapsed="0.806065"/>
</kw>
<kw name="Preencher Formulário de Login" owner="login_form">
<kw name="Fill Text" owner="Browser">
<msg time="2025-10-28T14:30:31.328520" level="INFO">Fills the text 'raphaelrates.dev@gmail.com' in the given field.</msg>
<arg>css=#email</arg>
<arg>${email}</arg>
<tag>PageContent</tag>
<tag>Setter</tag>
<doc>Clears and fills the given ``txt`` into the text field found by ``selector``.</doc>
<status status="PASS" start="2025-10-28T14:30:31.324476" elapsed="0.043742"/>
</kw>
<kw name="Fill Text" owner="Browser">
<msg time="2025-10-28T14:30:31.368218" level="INFO">Fills the text '12345678' in the given field.</msg>
<arg>css=#password</arg>
<arg>${senha}</arg>
<tag>PageContent</tag>
<tag>Setter</tag>
<doc>Clears and fills the given ``txt`` into the text field found by ``selector``.</doc>
<status status="PASS" start="2025-10-28T14:30:31.368218" elapsed="0.027754"/>
</kw>
<kw name="Click" owner="Browser">
<msg time="2025-10-28T14:30:31.395972" level="INFO">Clicks the element 'css=main &gt; div &gt; div &gt; form &gt; button'.</msg>
<arg>css=main &gt; div &gt; div &gt; form &gt; button</arg>
<tag>PageContent</tag>
<tag>Setter</tag>
<doc>Simulates mouse click on the element found by ``selector``.</doc>
<status status="PASS" start="2025-10-28T14:30:31.395972" elapsed="0.152283"/>
</kw>
<kw name="Sleep" owner="BuiltIn">
<msg time="2025-10-28T14:30:33.550310" level="INFO">Slept 2 seconds.</msg>
<arg>2s</arg>
<doc>Pauses the test executed for the given time.</doc>
<status status="PASS" start="2025-10-28T14:30:31.549762" elapsed="2.000548"/>
</kw>
<arg>raphaelrates.dev@gmail.com</arg>
<arg>12345678</arg>
<status status="PASS" start="2025-10-28T14:30:31.324476" elapsed="2.225834"/>
</kw>
<kw name="Sleep" owner="BuiltIn">
<msg time="2025-10-28T14:30:34.551101" level="INFO">Slept 1 second.</msg>
<arg>1s</arg>
<doc>Pauses the test executed for the given time.</doc>
<status status="PASS" start="2025-10-28T14:30:33.550819" elapsed="1.000282"/>
</kw>
<kw name="Acessar Página de Reservas" owner="reservation_page">
<kw name="Click" owner="Browser">
<msg time="2025-10-28T14:30:34.552944" level="INFO">Clicks the element 'header &gt; div &gt; nav &gt; ul &gt; li:nth-child(3) &gt; a'.</msg>
<arg>header &gt; div &gt; nav &gt; ul &gt; li:nth-child(3) &gt; a</arg>
<tag>PageContent</tag>
<tag>Setter</tag>
<doc>Simulates mouse click on the element found by ``selector``.</doc>
<status status="PASS" start="2025-10-28T14:30:34.552573" elapsed="0.043629"/>
</kw>
<kw name="Sleep" owner="BuiltIn">
<msg time="2025-10-28T14:30:35.597704" level="INFO">Slept 1 second.</msg>
<arg>1s</arg>
<doc>Pauses the test executed for the given time.</doc>
<status status="PASS" start="2025-10-28T14:30:34.596202" elapsed="1.001502"/>
</kw>
<kw name="Wait For Elements State" owner="Browser">
<msg time="2025-10-28T14:30:35.605931" level="INFO">Waited for Element with selector main &gt; div.reservations-page at state visible</msg>
<arg>main &gt; div.reservations-page</arg>
<arg>visible</arg>
<arg>10</arg>
<tag>PageContent</tag>
<tag>Wait</tag>
<doc>Waits for the element found by ``selector`` to satisfy state option.</doc>
<status status="PASS" start="2025-10-28T14:30:35.597704" elapsed="0.008227"/>
</kw>
<status status="PASS" start="2025-10-28T14:30:34.551101" elapsed="1.055838"/>
</kw>
<kw name="Validar Página de Reservas Carregada" owner="reservation_page">
<kw name="Wait For Elements State" owner="Browser">
<msg time="2025-10-28T14:30:35.614454" level="INFO">Waited for Element with selector .reservations-header h1 &gt;&gt; text="Minhas Reservas" at state visible</msg>
<arg>.reservations-header h1 &gt;&gt; text="Minhas Reservas"</arg>
<arg>visible</arg>
<arg>10s</arg>
<tag>PageContent</tag>
<tag>Wait</tag>
<doc>Waits for the element found by ``selector`` to satisfy state option.</doc>
<status status="PASS" start="2025-10-28T14:30:35.606939" elapsed="0.007515"/>
</kw>
<kw name="Get Element" owner="Browser">
<msg time="2025-10-28T14:30:35.623724" level="INFO">Locator found successfully.</msg>
<arg>.reservations-list</arg>
<tag>Getter</tag>
<tag>PageContent</tag>
<doc>Returns a reference to a Playwright [https://playwright.dev/docs/api/class-locator|Locator].</doc>
<status status="PASS" start="2025-10-28T14:30:35.615454" elapsed="0.008270"/>
</kw>
<status status="PASS" start="2025-10-28T14:30:35.606939" elapsed="0.017795"/>
</kw>
<kw name="Validar Header da Página de Reservas" owner="reservation_page">
<kw name="Get Text" owner="Browser">
<msg time="2025-10-28T14:30:35.663387" level="INFO">Text: 'Minhas Reservas'</msg>
<arg>.reservations-header h1</arg>
<arg>==</arg>
<arg>Minhas Reservas</arg>
<tag>Assertion</tag>
<tag>Getter</tag>
<tag>PageContent</tag>
<doc>Returns text attribute of the element found by ``selector``.</doc>
<status status="PASS" start="2025-10-28T14:30:35.626733" elapsed="0.036654"/>
</kw>
<status status="PASS" start="2025-10-28T14:30:35.625740" elapsed="0.037647"/>
</kw>
<msg time="2025-10-28T14:30:35.679914" level="INFO">Switching context to context=571df713-dcfe-4c3f-bc20-a832e3087714 in CURRENT</msg>
<msg time="2025-10-28T14:30:35.692440" level="INFO">Successfully changed active context: context=571df713-dcfe-4c3f-bc20-a832e3087714</msg>
<msg time="2025-10-28T14:30:35.731249" level="INFO">Successfully closed Context</msg>
<doc>Deve verificar se a página de reservas carrega corretamente</doc>
<tag>reservations</tag>
<tag>smoke</tag>
<status status="PASS" start="2025-10-28T14:30:29.149212" elapsed="6.515182"/>
</test>
<test id="s1-s1-t2" name="TC051 - Verificar Estrutura do Card de Reserva" line="24">
<kw name="Configurar Teste" owner="login_form">
<kw name="New Browser" owner="Browser">
<msg time="2025-10-28T14:30:35.742072" level="INFO">Switching browser to browser=de8cb745-0635-4a89-92a9-3f97ba7e9408</msg>
<msg time="2025-10-28T14:30:35.746284" level="INFO">Successfully changed active browser: browser=de8cb745-0635-4a89-92a9-3f97ba7e9408</msg>
<msg time="2025-10-28T14:30:35.746284" level="INFO">Reusing existing browser with id: browser=de8cb745-0635-4a89-92a9-3f97ba7e9408</msg>
<arg>chromium</arg>
<arg>headless=False</arg>
<tag>BrowserControl</tag>
<tag>Setter</tag>
<doc>Create a new playwright Browser with specified options.</doc>
<status status="PASS" start="2025-10-28T14:30:35.740046" elapsed="0.006238"/>
</kw>
<kw name="New Context" owner="Browser">
<msg time="2025-10-28T14:30:35.754089" level="INFO">{
  "acceptDownloads": true,
  "bypassCSP": false,
  "forcedColors": "none",
  "ignoreHTTPSErrors": false,
  "javaScriptEnabled": true,
  "offline": false,
  "reducedMotion": "no-preference",
  "serviceWorkers": "allow",
  "viewport": {
    "height": 1080,
    "width": 1920
  }
}</msg>
<msg time="2025-10-28T14:30:35.775496" level="INFO">Successfully created context. </msg>
<msg time="2025-10-28T14:30:35.775496" level="INFO">{'acceptDownloads': True, 'bypassCSP': False, 'forcedColors': 'none', 'ignoreHTTPSErrors': False, 'javaScriptEnabled': True, 'offline': False, 'reducedMotion': 'no-preference', 'serviceWorkers': 'allow', 'viewport': {'height': 1080, 'width': 1920}}</msg>
<arg>viewport={'width': 1920, 'height': 1080}</arg>
<tag>BrowserControl</tag>
<tag>Setter</tag>
<doc>Create a new BrowserContext with specified options.</doc>
<status status="PASS" start="2025-10-28T14:30:35.746809" elapsed="0.028687"/>
</kw>
<status status="PASS" start="2025-10-28T14:30:35.737310" elapsed="0.039180"/>
</kw>
<kw name="Abrir Página de Login" owner="login_form">
<kw name="New Page" owner="Browser">
<msg time="2025-10-28T14:30:36.265727" level="INFO">Successfully initialized new page object and opened url: http://localhost:3002/login</msg>
<arg>http://localhost:3002/login</arg>
<tag>BrowserControl</tag>
<tag>Setter</tag>
<doc>Open a new Page.</doc>
<status status="PASS" start="2025-10-28T14:30:35.778493" elapsed="0.488241"/>
</kw>
<kw name="Wait For Elements State" owner="Browser">
<msg time="2025-10-28T14:30:36.388854" level="INFO">Waited for Element with selector css=.login-form at state visible</msg>
<arg>css=.login-form</arg>
<arg>visible</arg>
<arg>timeout=10s</arg>
<tag>PageContent</tag>
<tag>Wait</tag>
<doc>Waits for the element found by ``selector`` to satisfy state option.</doc>
<status status="PASS" start="2025-10-28T14:30:36.266734" elapsed="0.123120"/>
</kw>
<status status="PASS" start="2025-10-28T14:30:35.777492" elapsed="0.612362"/>
</kw>
<kw name="Preencher Formulário de Login" owner="login_form">
<kw name="Fill Text" owner="Browser">
<msg time="2025-10-28T14:30:36.391847" level="INFO">Fills the text 'raphaelrates.dev@gmail.com' in the given field.</msg>
<arg>css=#email</arg>
<arg>${email}</arg>
<tag>PageContent</tag>
<tag>Setter</tag>
<doc>Clears and fills the given ``txt`` into the text field found by ``selector``.</doc>
<status status="PASS" start="2025-10-28T14:30:36.390869" elapsed="0.039598"/>
</kw>
<kw name="Fill Text" owner="Browser">
<msg time="2025-10-28T14:30:36.432465" level="INFO">Fills the text '12345678' in the given field.</msg>
<arg>css=#password</arg>
<arg>${senha}</arg>
<tag>PageContent</tag>
<tag>Setter</tag>
<doc>Clears and fills the given ``txt`` into the text field found by ``selector``.</doc>
<status status="PASS" start="2025-10-28T14:30:36.430467" elapsed="0.033094"/>
</kw>
<kw name="Click" owner="Browser">
<msg time="2025-10-28T14:30:36.466575" level="INFO">Clicks the element 'css=main &gt; div &gt; div &gt; form &gt; button'.</msg>
<arg>css=main &gt; div &gt; div &gt; form &gt; button</arg>
<tag>PageContent</tag>
<tag>Setter</tag>
<doc>Simulates mouse click on the element found by ``selector``.</doc>
<status status="PASS" start="2025-10-28T14:30:36.465568" elapsed="0.096299"/>
</kw>
<kw name="Sleep" owner="BuiltIn">
<msg time="2025-10-28T14:30:38.563286" level="INFO">Slept 2 seconds.</msg>
<arg>2s</arg>
<doc>Pauses the test executed for the given time.</doc>
<status status="PASS" start="2025-10-28T14:30:36.561867" elapsed="2.001419"/>
</kw>
<arg>raphaelrates.dev@gmail.com</arg>
<arg>12345678</arg>
<status status="PASS" start="2025-10-28T14:30:36.389854" elapsed="2.173432"/>
</kw>
<kw name="Acessar Página de Reservas" owner="reservation_page">
<kw name="Click" owner="Browser">
<msg time="2025-10-28T14:30:38.564844" level="INFO">Clicks the element 'header &gt; div &gt; nav &gt; ul &gt; li:nth-child(3) &gt; a'.</msg>
<arg>header &gt; div &gt; nav &gt; ul &gt; li:nth-child(3) &gt; a</arg>
<tag>PageContent</tag>
<tag>Setter</tag>
<doc>Simulates mouse click on the element found by ``selector``.</doc>
<status status="PASS" start="2025-10-28T14:30:38.563825" elapsed="0.046560"/>
</kw>
<kw name="Sleep" owner="BuiltIn">
<msg time="2025-10-28T14:30:39.612057" level="INFO">Slept 1 second.</msg>
<arg>1s</arg>
<doc>Pauses the test executed for the given time.</doc>
<status status="PASS" start="2025-10-28T14:30:38.610385" elapsed="1.001672"/>
</kw>
<kw name="Wait For Elements State" owner="Browser">
<msg time="2025-10-28T14:30:39.621366" level="INFO">Waited for Element with selector main &gt; div.reservations-page at state visible</msg>
<arg>main &gt; div.reservations-page</arg>
<arg>visible</arg>
<arg>10</arg>
<tag>PageContent</tag>
<tag>Wait</tag>
<doc>Waits for the element found by ``selector`` to satisfy state option.</doc>
<status status="PASS" start="2025-10-28T14:30:39.612057" elapsed="0.010308"/>
</kw>
<status status="PASS" start="2025-10-28T14:30:38.563825" elapsed="1.058540"/>
</kw>
<kw name="Validar Estrutura do Card de Reserva" owner="reservation_page">
<kw name="Set Variable" owner="BuiltIn">
<msg time="2025-10-28T14:30:39.623872" level="INFO">${card_selector} = main &gt; div &gt; div &gt; div.reservations-list &gt; div</msg>
<var>${card_selector}</var>
<arg>main &gt; div &gt; div &gt; div.reservations-list &gt; div</arg>
<doc>Returns the given values which can then be assigned to a variables.</doc>
<status status="PASS" start="2025-10-28T14:30:39.623872" elapsed="0.000000"/>
</kw>
<kw name="Wait For Elements State" owner="Browser">
<msg time="2025-10-28T14:30:44.730371" level="INFO" html="true">&lt;/td&gt;&lt;/tr&gt;&lt;tr&gt;&lt;td colspan="3"&gt;&lt;a href="browser/screenshot/fail-screenshot-1.png" target="_blank"&gt;&lt;img src="browser/screenshot/fail-screenshot-1.png" width="800px"/&gt;&lt;/a&gt;</msg>
<msg time="2025-10-28T14:30:44.730371" level="INFO">See also file:///C:/Users/raphael/Documents/GitHub/learn/Compass/cinema/test-ciname-challenge/results/playwright-log.txt for additional details.</msg>
<msg time="2025-10-28T14:30:44.730371" level="FAIL">Error: locator.waitFor: Error: strict mode violation: locator('main &gt; div &gt; div &gt; div.reservations-list &gt; div') resolved to 2 elements:
    1) &lt;div class="reservation-card"&gt;…&lt;/div&gt; aka getByText('Reserva #6900fc00ConfirmadaInterstellar22 de outubro de 202512:00Theater 1F8,')
    2) &lt;div class="reservation-card"&gt;…&lt;/div&gt; aka getByText('Reserva #68fbbd45ConfirmadaThe Avengers21 de outubro de 202512:00Theater')

Call log:
  - waiting for locator('main &gt; div &gt; div &gt; div.reservations-list &gt; div') to be visible
</msg>
<arg>${card_selector}</arg>
<arg>visible</arg>
<arg>5s</arg>
<tag>PageContent</tag>
<tag>Wait</tag>
<doc>Waits for the element found by ``selector`` to satisfy state option.</doc>
<status status="FAIL" start="2025-10-28T14:30:39.623872" elapsed="5.110009">Error: locator.waitFor: Error: strict mode violation: locator('main &gt; div &gt; div &gt; div.reservations-list &gt; div') resolved to 2 elements:
    1) &lt;div class="reservation-card"&gt;…&lt;/div&gt; aka getByText('Reserva #6900fc00ConfirmadaInterstellar22 de outubro de 202512:00Theater 1F8,')
    2) &lt;div class="reservation-card"&gt;…&lt;/div&gt; aka getByText('Reserva #68fbbd45ConfirmadaThe Avengers21 de outubro de 202512:00Theater')

Call log:
  - waiting for locator('main &gt; div &gt; div &gt; div.reservations-list &gt; div') to be visible
</status>
</kw>
<kw name="Get Element" owner="Browser">
<arg>${card_selector} &gt; .reservation-header</arg>
<tag>Getter</tag>
<tag>PageContent</tag>
<doc>Returns a reference to a Playwright [https://playwright.dev/docs/api/class-locator|Locator].</doc>
<status status="NOT RUN" start="2025-10-28T14:30:44.734887" elapsed="0.000000"/>
</kw>
<kw name="Get Element" owner="Browser">
<arg>${card_selector} &gt; .movie-info</arg>
<tag>Getter</tag>
<tag>PageContent</tag>
<doc>Returns a reference to a Playwright [https://playwright.dev/docs/api/class-locator|Locator].</doc>
<status status="NOT RUN" start="2025-10-28T14:30:44.734887" elapsed="0.000000"/>
</kw>
<kw name="Get Element" owner="Browser">
<arg>${card_selector} &gt; .reservation-footer</arg>
<tag>Getter</tag>
<tag>PageContent</tag>
<doc>Returns a reference to a Playwright [https://playwright.dev/docs/api/class-locator|Locator].</doc>
<status status="NOT RUN" start="2025-10-28T14:30:44.734887" elapsed="0.000000"/>
</kw>
<status status="FAIL" start="2025-10-28T14:30:39.622365" elapsed="5.113522">Error: locator.waitFor: Error: strict mode violation: locator('main &gt; div &gt; div &gt; div.reservations-list &gt; div') resolved to 2 elements:
    1) &lt;div class="reservation-card"&gt;…&lt;/div&gt; aka getByText('Reserva #6900fc00ConfirmadaInterstellar22 de outubro de 202512:00Theater 1F8,')
    2) &lt;div class="reservation-card"&gt;…&lt;/div&gt; aka getByText('Reserva #68fbbd45ConfirmadaThe Avengers21 de outubro de 202512:00Theater')

Call log:
  - waiting for locator('main &gt; div &gt; div &gt; div.reservations-list &gt; div') to be visible
</status>
</kw>
<kw name="Validar Elementos do Header da Reserva" owner="reservation_page">
<status status="NOT RUN" start="2025-10-28T14:30:44.735887" elapsed="0.000000"/>
</kw>
<kw name="Validar Informações do Filme" owner="reservation_page">
<status status="NOT RUN" start="2025-10-28T14:30:44.735887" elapsed="0.000000"/>
</kw>
<kw name="Validar Footer da Reserva" owner="reservation_page">
<status status="NOT RUN" start="2025-10-28T14:30:44.736893" elapsed="0.000000"/>
</kw>
<msg time="2025-10-28T14:30:44.754219" level="INFO">Switching context to context=5fa6ab1f-dd55-4b58-86d0-1e2f8505fa23 in CURRENT</msg>
<msg time="2025-10-28T14:30:44.764826" level="INFO">Successfully changed active context: context=5fa6ab1f-dd55-4b58-86d0-1e2f8505fa23</msg>
<msg time="2025-10-28T14:30:44.814832" level="INFO">Successfully closed Context</msg>
<doc>Deve validar a estrutura completa de um card de reserva</doc>
<tag>reservations</tag>
<tag>structure</tag>
<status status="FAIL" start="2025-10-28T14:30:35.734026" elapsed="9.003366">Error: locator.waitFor: Error: strict mode violation: locator('main &gt; div &gt; div &gt; div.reservations-list &gt; div') resolved to 2 elements:
    1) &lt;div class="reservation-card"&gt;…&lt;/div&gt; aka getByText('Reserva #6900fc00ConfirmadaInterstellar22 de outubro de 202512:00Theater 1F8,')
    2) &lt;div class="reservation-card"&gt;…&lt;/div&gt; aka getByText('Reserva #68fbbd45ConfirmadaThe Avengers21 de outubro de 202512:00Theater')

Call log:
  - waiting for locator('main &gt; div &gt; div &gt; div.reservations-list &gt; div') to be visible
</status>
</test>
<test id="s1-s1-t3" name="TC052 - Validar Conteúdo da Reserva do Avengers" line="36">
<kw name="Configurar Teste" owner="login_form">
<kw name="New Browser" owner="Browser">
<msg time="2025-10-28T14:30:44.827810" level="INFO">Switching browser to browser=de8cb745-0635-4a89-92a9-3f97ba7e9408</msg>
<msg time="2025-10-28T14:30:44.831683" level="INFO">Successfully changed active browser: browser=de8cb745-0635-4a89-92a9-3f97ba7e9408</msg>
<msg time="2025-10-28T14:30:44.831683" level="INFO">Reusing existing browser with id: browser=de8cb745-0635-4a89-92a9-3f97ba7e9408</msg>
<arg>chromium</arg>
<arg>headless=False</arg>
<tag>BrowserControl</tag>
<tag>Setter</tag>
<doc>Create a new playwright Browser with specified options.</doc>
<status status="PASS" start="2025-10-28T14:30:44.826795" elapsed="0.004888"/>
</kw>
<kw name="New Context" owner="Browser">
<msg time="2025-10-28T14:30:44.836229" level="INFO">{
  "acceptDownloads": true,
  "bypassCSP": false,
  "forcedColors": "none",
  "ignoreHTTPSErrors": false,
  "javaScriptEnabled": true,
  "offline": false,
  "reducedMotion": "no-preference",
  "serviceWorkers": "allow",
  "viewport": {
    "height": 1080,
    "width": 1920
  }
}</msg>
<msg time="2025-10-28T14:30:44.853726" level="INFO">Successfully created context. </msg>
<msg time="2025-10-28T14:30:44.854739" level="INFO">{'acceptDownloads': True, 'bypassCSP': False, 'forcedColors': 'none', 'ignoreHTTPSErrors': False, 'javaScriptEnabled': True, 'offline': False, 'reducedMotion': 'no-preference', 'serviceWorkers': 'allow', 'viewport': {'height': 1080, 'width': 1920}}</msg>
<arg>viewport={'width': 1920, 'height': 1080}</arg>
<tag>BrowserControl</tag>
<tag>Setter</tag>
<doc>Create a new BrowserContext with specified options.</doc>
<status status="PASS" start="2025-10-28T14:30:44.832690" elapsed="0.022049"/>
</kw>
<status status="PASS" start="2025-10-28T14:30:44.825384" elapsed="0.029355"/>
</kw>
<kw name="Abrir Página de Login" owner="login_form">
<kw name="New Page" owner="Browser">
<msg time="2025-10-28T14:30:45.409979" level="INFO">Successfully initialized new page object and opened url: http://localhost:3002/login</msg>
<arg>http://localhost:3002/login</arg>
<tag>BrowserControl</tag>
<tag>Setter</tag>
<doc>Open a new Page.</doc>
<status status="PASS" start="2025-10-28T14:30:44.856121" elapsed="0.554867"/>
</kw>
<kw name="Wait For Elements State" owner="Browser">
<msg time="2025-10-28T14:30:45.519325" level="INFO">Waited for Element with selector css=.login-form at state visible</msg>
<arg>css=.login-form</arg>
<arg>visible</arg>
<arg>timeout=10s</arg>
<tag>PageContent</tag>
<tag>Wait</tag>
<doc>Waits for the element found by ``selector`` to satisfy state option.</doc>
<status status="PASS" start="2025-10-28T14:30:45.410988" elapsed="0.109331"/>
</kw>
<status status="PASS" start="2025-10-28T14:30:44.854739" elapsed="0.665580"/>
</kw>
<kw name="Preencher Formulário de Login" owner="login_form">
<kw name="Fill Text" owner="Browser">
<msg time="2025-10-28T14:30:45.521748" level="INFO">Fills the text 'raphaelrates.dev@gmail.com' in the given field.</msg>
<arg>css=#email</arg>
<arg>${email}</arg>
<tag>PageContent</tag>
<tag>Setter</tag>
<doc>Clears and fills the given ``txt`` into the text field found by ``selector``.</doc>
<status status="PASS" start="2025-10-28T14:30:45.521748" elapsed="0.077325"/>
</kw>
<kw name="Fill Text" owner="Browser">
<msg time="2025-10-28T14:30:45.601370" level="INFO">Fills the text '12345678' in the given field.</msg>
<arg>css=#password</arg>
<arg>${senha}</arg>
<tag>PageContent</tag>
<tag>Setter</tag>
<doc>Clears and fills the given ``txt`` into the text field found by ``selector``.</doc>
<status status="PASS" start="2025-10-28T14:30:45.600347" elapsed="0.024122"/>
</kw>
<kw name="Click" owner="Browser">
<msg time="2025-10-28T14:30:45.625469" level="INFO">Clicks the element 'css=main &gt; div &gt; div &gt; form &gt; button'.</msg>
<arg>css=main &gt; div &gt; div &gt; form &gt; button</arg>
<tag>PageContent</tag>
<tag>Setter</tag>
<doc>Simulates mouse click on the element found by ``selector``.</doc>
<status status="PASS" start="2025-10-28T14:30:45.624469" elapsed="0.066065"/>
</kw>
<kw name="Sleep" owner="BuiltIn">
<msg time="2025-10-28T14:30:47.692962" level="INFO">Slept 2 seconds.</msg>
<arg>2s</arg>
<doc>Pauses the test executed for the given time.</doc>
<status status="PASS" start="2025-10-28T14:30:45.690534" elapsed="2.002428"/>
</kw>
<arg>raphaelrates.dev@gmail.com</arg>
<arg>12345678</arg>
<status status="PASS" start="2025-10-28T14:30:45.520319" elapsed="2.172643"/>
</kw>
<kw name="Acessar Página de Reservas" owner="reservation_page">
<kw name="Click" owner="Browser">
<msg time="2025-10-28T14:30:47.693478" level="INFO">Clicks the element 'header &gt; div &gt; nav &gt; ul &gt; li:nth-child(3) &gt; a'.</msg>
<arg>header &gt; div &gt; nav &gt; ul &gt; li:nth-child(3) &gt; a</arg>
<tag>PageContent</tag>
<tag>Setter</tag>
<doc>Simulates mouse click on the element found by ``selector``.</doc>
<status status="PASS" start="2025-10-28T14:30:47.693478" elapsed="0.065195"/>
</kw>
<kw name="Sleep" owner="BuiltIn">
<msg time="2025-10-28T14:30:48.760837" level="INFO">Slept 1 second.</msg>
<arg>1s</arg>
<doc>Pauses the test executed for the given time.</doc>
<status status="PASS" start="2025-10-28T14:30:47.759683" elapsed="1.001154"/>
</kw>
<kw name="Wait For Elements State" owner="Browser">
<msg time="2025-10-28T14:30:48.768408" level="INFO">Waited for Element with selector main &gt; div.reservations-page at state visible</msg>
<arg>main &gt; div.reservations-page</arg>
<arg>visible</arg>
<arg>10</arg>
<tag>PageContent</tag>
<tag>Wait</tag>
<doc>Waits for the element found by ``selector`` to satisfy state option.</doc>
<status status="PASS" start="2025-10-28T14:30:48.761350" elapsed="0.007058"/>
</kw>
<status status="PASS" start="2025-10-28T14:30:47.693478" elapsed="1.074930"/>
</kw>
<kw name="Validar Reserva Específica do Avengers" owner="reservation_page">
<kw name="Validar Nome do Filme" owner="reservation_page">
<msg time="2025-10-28T14:30:48.768408" level="FAIL">Invalid argument specification: Non-default argument after default arguments.</msg>
<arg>${index}</arg>
<arg>The Avengers</arg>
<status status="FAIL" start="2025-10-28T14:30:48.768408" elapsed="0.000000">Invalid argument specification: Non-default argument after default arguments.</status>
</kw>
<kw name="Validar Data da Sessão" owner="reservation_page">
<msg time="2025-10-28T14:30:48.768408" level="FAIL">Invalid argument specification: Non-default argument after default arguments.</msg>
<arg>${index}</arg>
<arg>21 de outubro de 2025</arg>
<status status="FAIL" start="2025-10-28T14:30:48.768408" elapsed="0.000000">Invalid argument specification: Non-default argument after default arguments.</status>
</kw>
<kw name="Validar Horário da Sessão" owner="reservation_page">
<msg time="2025-10-28T14:30:48.768408" level="FAIL">Invalid argument specification: Non-default argument after default arguments.</msg>
<arg>${index}</arg>
<arg>12:00</arg>
<status status="FAIL" start="2025-10-28T14:30:48.768408" elapsed="0.000000">Invalid argument specification: Non-default argument after default arguments.</status>
</kw>
<kw name="Validar Teatro da Sessão" owner="reservation_page">
<msg time="2025-10-28T14:30:48.768408" level="FAIL">Invalid argument specification: Non-default argument after default arguments.</msg>
<arg>${index}</arg>
<arg>Theater 1</arg>
<status status="FAIL" start="2025-10-28T14:30:48.768408" elapsed="0.000000">Invalid argument specification: Non-default argument after default arguments.</status>
</kw>
<kw name="Validar Assento da Reserva" owner="reservation_page">
<msg time="2025-10-28T14:30:48.768408" level="FAIL">Invalid argument specification: Non-default argument after default arguments.</msg>
<arg>${index}</arg>
<arg>C8</arg>
<status status="FAIL" start="2025-10-28T14:30:48.768408" elapsed="0.000000">Invalid argument specification: Non-default argument after default arguments.</status>
</kw>
<kw name="Validar Preço da Reserva" owner="reservation_page">
<msg time="2025-10-28T14:30:48.772638" level="FAIL">Invalid argument specification: Non-default argument after default arguments.</msg>
<arg>${index}</arg>
<arg>R$ 15.00</arg>
<status status="FAIL" start="2025-10-28T14:30:48.768408" elapsed="0.004230">Invalid argument specification: Non-default argument after default arguments.</status>
</kw>
<kw name="Validar Forma de Pagamento" owner="reservation_page">
<msg time="2025-10-28T14:30:48.772638" level="FAIL">Invalid argument specification: Non-default argument after default arguments.</msg>
<arg>${index}</arg>
<arg>Cartão de Crédito</arg>
<status status="FAIL" start="2025-10-28T14:30:48.772638" elapsed="0.000000">Invalid argument specification: Non-default argument after default arguments.</status>
</kw>
<kw name="Validar Status da Reserva" owner="reservation_page">
<arg>${index}</arg>
<arg>Confirmada</arg>
<status status="NOT RUN" start="2025-10-28T14:30:48.772638" elapsed="0.000000"/>
</kw>
<status status="FAIL" start="2025-10-28T14:30:48.768408" elapsed="0.004230">Several failures occurred:

1) Invalid argument specification: Non-default argument after default arguments.

2) Invalid argument specification: Non-default argument after default arguments.

3) Invalid argument specification: Non-default argument after default arguments.

4) Invalid argument specification: Non-default argument after default arguments.

5) Invalid argument specification: Non-default argument after default arguments.

6) Invalid argument specification: Non-default argument after default arguments.

7) Invalid argument specification: Non-default argument after default arguments.</status>
</kw>
<msg time="2025-10-28T14:30:48.798771" level="INFO">Switching context to context=4dd6333e-a8c3-45db-9306-2de717456542 in CURRENT</msg>
<msg time="2025-10-28T14:30:48.810241" level="INFO">Successfully changed active context: context=4dd6333e-a8c3-45db-9306-2de717456542</msg>
<msg time="2025-10-28T14:30:48.864457" level="INFO">Successfully closed Context</msg>
<doc>Deve validar todas as informações da reserva do filme The Avengers</doc>
<tag>avengers</tag>
<tag>content</tag>
<tag>reservations</tag>
<status status="FAIL" start="2025-10-28T14:30:44.817537" elapsed="3.955101">Several failures occurred:

1) Invalid argument specification: Non-default argument after default arguments.

2) Invalid argument specification: Non-default argument after default arguments.

3) Invalid argument specification: Non-default argument after default arguments.

4) Invalid argument specification: Non-default argument after default arguments.

5) Invalid argument specification: Non-default argument after default arguments.

6) Invalid argument specification: Non-default argument after default arguments.

7) Invalid argument specification: Non-default argument after default arguments.</status>
</test>
<test id="s1-s1-t4" name="TC053 - Verificar Ícones dos Detalhes" line="45">
<kw name="Configurar Teste" owner="login_form">
<kw name="New Browser" owner="Browser">
<msg time="2025-10-28T14:30:48.874868" level="INFO">Switching browser to browser=de8cb745-0635-4a89-92a9-3f97ba7e9408</msg>
<msg time="2025-10-28T14:30:48.877525" level="INFO">Successfully changed active browser: browser=de8cb745-0635-4a89-92a9-3f97ba7e9408</msg>
<msg time="2025-10-28T14:30:48.877525" level="INFO">Reusing existing browser with id: browser=de8cb745-0635-4a89-92a9-3f97ba7e9408</msg>
<arg>chromium</arg>
<arg>headless=False</arg>
<tag>BrowserControl</tag>
<tag>Setter</tag>
<doc>Create a new playwright Browser with specified options.</doc>
<status status="PASS" start="2025-10-28T14:30:48.873666" elapsed="0.003859"/>
</kw>
<kw name="New Context" owner="Browser">
<msg time="2025-10-28T14:30:48.883607" level="INFO">{
  "acceptDownloads": true,
  "bypassCSP": false,
  "forcedColors": "none",
  "ignoreHTTPSErrors": false,
  "javaScriptEnabled": true,
  "offline": false,
  "reducedMotion": "no-preference",
  "serviceWorkers": "allow",
  "viewport": {
    "height": 1080,
    "width": 1920
  }
}</msg>
<msg time="2025-10-28T14:30:48.898464" level="INFO">Successfully created context. </msg>
<msg time="2025-10-28T14:30:48.898464" level="INFO">{'acceptDownloads': True, 'bypassCSP': False, 'forcedColors': 'none', 'ignoreHTTPSErrors': False, 'javaScriptEnabled': True, 'offline': False, 'reducedMotion': 'no-preference', 'serviceWorkers': 'allow', 'viewport': {'height': 1080, 'width': 1920}}</msg>
<arg>viewport={'width': 1920, 'height': 1080}</arg>
<tag>BrowserControl</tag>
<tag>Setter</tag>
<doc>Create a new BrowserContext with specified options.</doc>
<status status="PASS" start="2025-10-28T14:30:48.877525" elapsed="0.021932"/>
</kw>
<status status="PASS" start="2025-10-28T14:30:48.872667" elapsed="0.026790"/>
</kw>
<kw name="Abrir Página de Login" owner="login_form">
<kw name="New Page" owner="Browser">
<msg time="2025-10-28T14:30:49.459994" level="INFO">Successfully initialized new page object and opened url: http://localhost:3002/login</msg>
<arg>http://localhost:3002/login</arg>
<tag>BrowserControl</tag>
<tag>Setter</tag>
<doc>Open a new Page.</doc>
<status status="PASS" start="2025-10-28T14:30:48.901726" elapsed="0.558268"/>
</kw>
<kw name="Wait For Elements State" owner="Browser">
<msg time="2025-10-28T14:30:49.578156" level="INFO">Waited for Element with selector css=.login-form at state visible</msg>
<arg>css=.login-form</arg>
<arg>visible</arg>
<arg>timeout=10s</arg>
<tag>PageContent</tag>
<tag>Wait</tag>
<doc>Waits for the element found by ``selector`` to satisfy state option.</doc>
<status status="PASS" start="2025-10-28T14:30:49.459994" elapsed="0.118162"/>
</kw>
<status status="PASS" start="2025-10-28T14:30:48.900727" elapsed="0.677429"/>
</kw>
<kw name="Preencher Formulário de Login" owner="login_form">
<kw name="Fill Text" owner="Browser">
<msg time="2025-10-28T14:30:49.582155" level="INFO">Fills the text 'raphaelrates.dev@gmail.com' in the given field.</msg>
<arg>css=#email</arg>
<arg>${email}</arg>
<tag>PageContent</tag>
<tag>Setter</tag>
<doc>Clears and fills the given ``txt`` into the text field found by ``selector``.</doc>
<status status="PASS" start="2025-10-28T14:30:49.580154" elapsed="0.040395"/>
</kw>
<kw name="Fill Text" owner="Browser">
<msg time="2025-10-28T14:30:49.623560" level="INFO">Fills the text '12345678' in the given field.</msg>
<arg>css=#password</arg>
<arg>${senha}</arg>
<tag>PageContent</tag>
<tag>Setter</tag>
<doc>Clears and fills the given ``txt`` into the text field found by ``selector``.</doc>
<status status="PASS" start="2025-10-28T14:30:49.620549" elapsed="0.022874"/>
</kw>
<kw name="Click" owner="Browser">
<msg time="2025-10-28T14:30:49.646338" level="INFO">Clicks the element 'css=main &gt; div &gt; div &gt; form &gt; button'.</msg>
<arg>css=main &gt; div &gt; div &gt; form &gt; button</arg>
<tag>PageContent</tag>
<tag>Setter</tag>
<doc>Simulates mouse click on the element found by ``selector``.</doc>
<status status="PASS" start="2025-10-28T14:30:49.644324" elapsed="0.064429"/>
</kw>
<kw name="Sleep" owner="BuiltIn">
<msg time="2025-10-28T14:30:51.710056" level="INFO">Slept 2 seconds.</msg>
<arg>2s</arg>
<doc>Pauses the test executed for the given time.</doc>
<status status="PASS" start="2025-10-28T14:30:49.709752" elapsed="2.000304"/>
</kw>
<arg>raphaelrates.dev@gmail.com</arg>
<arg>12345678</arg>
<status status="PASS" start="2025-10-28T14:30:49.579153" elapsed="2.130903"/>
</kw>
<kw name="Acessar Página de Reservas" owner="reservation_page">
<kw name="Click" owner="Browser">
<msg time="2025-10-28T14:30:51.712190" level="INFO">Clicks the element 'header &gt; div &gt; nav &gt; ul &gt; li:nth-child(3) &gt; a'.</msg>
<arg>header &gt; div &gt; nav &gt; ul &gt; li:nth-child(3) &gt; a</arg>
<tag>PageContent</tag>
<tag>Setter</tag>
<doc>Simulates mouse click on the element found by ``selector``.</doc>
<status status="PASS" start="2025-10-28T14:30:51.711171" elapsed="0.046777"/>
</kw>
<kw name="Sleep" owner="BuiltIn">
<msg time="2025-10-28T14:30:52.759187" level="INFO">Slept 1 second.</msg>
<arg>1s</arg>
<doc>Pauses the test executed for the given time.</doc>
<status status="PASS" start="2025-10-28T14:30:51.758944" elapsed="1.000243"/>
</kw>
<kw name="Wait For Elements State" owner="Browser">
<msg time="2025-10-28T14:30:52.766122" level="INFO">Waited for Element with selector main &gt; div.reservations-page at state visible</msg>
<arg>main &gt; div.reservations-page</arg>
<arg>visible</arg>
<arg>10</arg>
<tag>PageContent</tag>
<tag>Wait</tag>
<doc>Waits for the element found by ``selector`` to satisfy state option.</doc>
<status status="PASS" start="2025-10-28T14:30:52.759187" elapsed="0.006935"/>
</kw>
<status status="PASS" start="2025-10-28T14:30:51.710056" elapsed="1.056066"/>
</kw>
<kw name="Validar Ícones dos Detalhes" owner="reservation_page">
<kw name="Set Variable" owner="BuiltIn">
<msg time="2025-10-28T14:30:52.768056" level="INFO">${card_selector} = .reservation-card:nth-child(1)</msg>
<var>${card_selector}</var>
<arg>.reservation-card:nth-child(${index})</arg>
<doc>Returns the given values which can then be assigned to a variables.</doc>
<status status="PASS" start="2025-10-28T14:30:52.768056" elapsed="0.000000"/>
</kw>
<kw name="Get Element Count" owner="Browser">
<msg time="2025-10-28T14:30:52.774231" level="INFO">${icon_count} = 4</msg>
<var>${icon_count}</var>
<arg>${card_selector} .detail-item svg</arg>
<tag>Assertion</tag>
<tag>Getter</tag>
<tag>PageContent</tag>
<doc>Returns the count of elements found with ``selector``.</doc>
<status status="PASS" start="2025-10-28T14:30:52.768056" elapsed="0.006175"/>
</kw>
<kw name="Should Be Equal As Numbers" owner="BuiltIn">
<msg time="2025-10-28T14:30:52.776523" level="INFO">Argument types are:
&lt;class 'int'&gt;
&lt;class 'str'&gt;</msg>
<arg>${icon_count}</arg>
<arg>4</arg>
<doc>Fails if objects are unequal after converting them to real numbers.</doc>
<status status="PASS" start="2025-10-28T14:30:52.774231" elapsed="0.002292"/>
</kw>
<arg>1</arg>
<status status="PASS" start="2025-10-28T14:30:52.767123" elapsed="0.009400"/>
</kw>
<msg time="2025-10-28T14:30:52.792044" level="INFO">Switching context to context=7bbf44dc-fd5c-4873-b13d-4a1a7f7d0c68 in CURRENT</msg>
<msg time="2025-10-28T14:30:52.799767" level="INFO">Successfully changed active context: context=7bbf44dc-fd5c-4873-b13d-4a1a7f7d0c68</msg>
<msg time="2025-10-28T14:30:52.852106" level="INFO">Successfully closed Context</msg>
<doc>Deve validar que todos os ícones dos detalhes estão presentes</doc>
<tag>icons</tag>
<tag>reservations</tag>
<status status="PASS" start="2025-10-28T14:30:48.867156" elapsed="3.909367"/>
</test>
<test id="s1-s1-t5" name="TC054 - Validar Status da Reserva" line="54">
<kw name="Configurar Teste" owner="login_form">
<kw name="New Browser" owner="Browser">
<msg time="2025-10-28T14:30:52.862225" level="INFO">Switching browser to browser=de8cb745-0635-4a89-92a9-3f97ba7e9408</msg>
<msg time="2025-10-28T14:30:52.866510" level="INFO">Successfully changed active browser: browser=de8cb745-0635-4a89-92a9-3f97ba7e9408</msg>
<msg time="2025-10-28T14:30:52.866510" level="INFO">Reusing existing browser with id: browser=de8cb745-0635-4a89-92a9-3f97ba7e9408</msg>
<arg>chromium</arg>
<arg>headless=False</arg>
<tag>BrowserControl</tag>
<tag>Setter</tag>
<doc>Create a new playwright Browser with specified options.</doc>
<status status="PASS" start="2025-10-28T14:30:52.862225" elapsed="0.004285"/>
</kw>
<kw name="New Context" owner="Browser">
<msg time="2025-10-28T14:30:52.873737" level="INFO">{
  "acceptDownloads": true,
  "bypassCSP": false,
  "forcedColors": "none",
  "ignoreHTTPSErrors": false,
  "javaScriptEnabled": true,
  "offline": false,
  "reducedMotion": "no-preference",
  "serviceWorkers": "allow",
  "viewport": {
    "height": 1080,
    "width": 1920
  }
}</msg>
<msg time="2025-10-28T14:30:52.891377" level="INFO">Successfully created context. </msg>
<msg time="2025-10-28T14:30:52.891377" level="INFO">{'acceptDownloads': True, 'bypassCSP': False, 'forcedColors': 'none', 'ignoreHTTPSErrors': False, 'javaScriptEnabled': True, 'offline': False, 'reducedMotion': 'no-preference', 'serviceWorkers': 'allow', 'viewport': {'height': 1080, 'width': 1920}}</msg>
<arg>viewport={'width': 1920, 'height': 1080}</arg>
<tag>BrowserControl</tag>
<tag>Setter</tag>
<doc>Create a new BrowserContext with specified options.</doc>
<status status="PASS" start="2025-10-28T14:30:52.866510" elapsed="0.025868"/>
</kw>
<status status="PASS" start="2025-10-28T14:30:52.861217" elapsed="0.031161"/>
</kw>
<kw name="Abrir Página de Login" owner="login_form">
<kw name="New Page" owner="Browser">
<msg time="2025-10-28T14:30:53.421414" level="INFO">Successfully initialized new page object and opened url: http://localhost:3002/login</msg>
<arg>http://localhost:3002/login</arg>
<tag>BrowserControl</tag>
<tag>Setter</tag>
<doc>Open a new Page.</doc>
<status status="PASS" start="2025-10-28T14:30:52.894219" elapsed="0.528195"/>
</kw>
<kw name="Wait For Elements State" owner="Browser">
<msg time="2025-10-28T14:30:53.541869" level="INFO">Waited for Element with selector css=.login-form at state visible</msg>
<arg>css=.login-form</arg>
<arg>visible</arg>
<arg>timeout=10s</arg>
<tag>PageContent</tag>
<tag>Wait</tag>
<doc>Waits for the element found by ``selector`` to satisfy state option.</doc>
<status status="PASS" start="2025-10-28T14:30:53.422414" elapsed="0.119455"/>
</kw>
<status status="PASS" start="2025-10-28T14:30:52.892378" elapsed="0.649491"/>
</kw>
<kw name="Preencher Formulário de Login" owner="login_form">
<kw name="Fill Text" owner="Browser">
<msg time="2025-10-28T14:30:53.543933" level="INFO">Fills the text 'raphaelrates.dev@gmail.com' in the given field.</msg>
<arg>css=#email</arg>
<arg>${email}</arg>
<tag>PageContent</tag>
<tag>Setter</tag>
<doc>Clears and fills the given ``txt`` into the text field found by ``selector``.</doc>
<status status="PASS" start="2025-10-28T14:30:53.541869" elapsed="0.036083"/>
</kw>
<kw name="Fill Text" owner="Browser">
<msg time="2025-10-28T14:30:53.577952" level="INFO">Fills the text '12345678' in the given field.</msg>
<arg>css=#password</arg>
<arg>${senha}</arg>
<tag>PageContent</tag>
<tag>Setter</tag>
<doc>Clears and fills the given ``txt`` into the text field found by ``selector``.</doc>
<status status="PASS" start="2025-10-28T14:30:53.577952" elapsed="0.017836"/>
</kw>
<kw name="Click" owner="Browser">
<msg time="2025-10-28T14:30:53.597257" level="INFO">Clicks the element 'css=main &gt; div &gt; div &gt; form &gt; button'.</msg>
<arg>css=main &gt; div &gt; div &gt; form &gt; button</arg>
<tag>PageContent</tag>
<tag>Setter</tag>
<doc>Simulates mouse click on the element found by ``selector``.</doc>
<status status="PASS" start="2025-10-28T14:30:53.595788" elapsed="0.064903"/>
</kw>
<kw name="Sleep" owner="BuiltIn">
<msg time="2025-10-28T14:30:55.661323" level="INFO">Slept 2 seconds.</msg>
<arg>2s</arg>
<doc>Pauses the test executed for the given time.</doc>
<status status="PASS" start="2025-10-28T14:30:53.661186" elapsed="2.000137"/>
</kw>
<arg>raphaelrates.dev@gmail.com</arg>
<arg>12345678</arg>
<status status="PASS" start="2025-10-28T14:30:53.541869" elapsed="2.119454"/>
</kw>
<kw name="Acessar Página de Reservas" owner="reservation_page">
<kw name="Click" owner="Browser">
<msg time="2025-10-28T14:30:55.663290" level="INFO">Clicks the element 'header &gt; div &gt; nav &gt; ul &gt; li:nth-child(3) &gt; a'.</msg>
<arg>header &gt; div &gt; nav &gt; ul &gt; li:nth-child(3) &gt; a</arg>
<tag>PageContent</tag>
<tag>Setter</tag>
<doc>Simulates mouse click on the element found by ``selector``.</doc>
<status status="PASS" start="2025-10-28T14:30:55.662350" elapsed="0.041136"/>
</kw>
<kw name="Sleep" owner="BuiltIn">
<msg time="2025-10-28T14:30:56.704565" level="INFO">Slept 1 second.</msg>
<arg>1s</arg>
<doc>Pauses the test executed for the given time.</doc>
<status status="PASS" start="2025-10-28T14:30:55.703486" elapsed="1.001079"/>
</kw>
<kw name="Wait For Elements State" owner="Browser">
<msg time="2025-10-28T14:30:56.712584" level="INFO">Waited for Element with selector main &gt; div.reservations-page at state visible</msg>
<arg>main &gt; div.reservations-page</arg>
<arg>visible</arg>
<arg>10</arg>
<tag>PageContent</tag>
<tag>Wait</tag>
<doc>Waits for the element found by ``selector`` to satisfy state option.</doc>
<status status="PASS" start="2025-10-28T14:30:56.705017" elapsed="0.007567"/>
</kw>
<status status="PASS" start="2025-10-28T14:30:55.661323" elapsed="1.051261"/>
</kw>
<kw name="Validar Status da Reserva" owner="reservation_page">
<kw name="Set Variable" owner="BuiltIn">
<msg time="2025-10-28T14:30:56.713603" level="INFO">${card_selector} = .reservation-card:nth-child(1)</msg>
<var>${card_selector}</var>
<arg>.reservation-card:nth-child(${index})</arg>
<doc>Returns the given values which can then be assigned to a variables.</doc>
<status status="PASS" start="2025-10-28T14:30:56.713603" elapsed="0.000000"/>
</kw>
<kw name="Get Text" owner="Browser">
<msg time="2025-10-28T14:30:56.742223" level="INFO">Text: 'CONFIRMADA'</msg>
<arg>${card_selector} .status-badge</arg>
<arg>==</arg>
<arg>${status_esperado}</arg>
<tag>Assertion</tag>
<tag>Getter</tag>
<tag>PageContent</tag>
<doc>Returns text attribute of the element found by ``selector``.</doc>
<status status="PASS" start="2025-10-28T14:30:56.713603" elapsed="0.028620"/>
</kw>
<arg>1</arg>
<arg>CONFIRMADA</arg>
<status status="PASS" start="2025-10-28T14:30:56.713603" elapsed="0.028620"/>
</kw>
<msg time="2025-10-28T14:30:56.757346" level="INFO">Switching context to context=45325ba1-d0dd-44a7-9352-0309e79dac41 in CURRENT</msg>
<msg time="2025-10-28T14:30:56.764583" level="INFO">Successfully changed active context: context=45325ba1-d0dd-44a7-9352-0309e79dac41</msg>
<msg time="2025-10-28T14:30:56.803654" level="INFO">Successfully closed Context</msg>
<doc>Deve verificar se o status da reserva está correto</doc>
<tag>reservations</tag>
<tag>status</tag>
<status status="PASS" start="2025-10-28T14:30:52.853879" elapsed="3.889918"/>
</test>
<test id="s1-s1-t6" name="TC055 - Verificar Informações de Pagamento" line="63">
<kw name="Configurar Teste" owner="login_form">
<kw name="New Browser" owner="Browser">
<msg time="2025-10-28T14:30:56.818843" level="INFO">Switching browser to browser=de8cb745-0635-4a89-92a9-3f97ba7e9408</msg>
<msg time="2025-10-28T14:30:56.818843" level="INFO">Successfully changed active browser: browser=de8cb745-0635-4a89-92a9-3f97ba7e9408</msg>
<msg time="2025-10-28T14:30:56.818843" level="INFO">Reusing existing browser with id: browser=de8cb745-0635-4a89-92a9-3f97ba7e9408</msg>
<arg>chromium</arg>
<arg>headless=False</arg>
<tag>BrowserControl</tag>
<tag>Setter</tag>
<doc>Create a new playwright Browser with specified options.</doc>
<status status="PASS" start="2025-10-28T14:30:56.818013" elapsed="0.000830"/>
</kw>
<kw name="New Context" owner="Browser">
<msg time="2025-10-28T14:30:56.826888" level="INFO">{
  "acceptDownloads": true,
  "bypassCSP": false,
  "forcedColors": "none",
  "ignoreHTTPSErrors": false,
  "javaScriptEnabled": true,
  "offline": false,
  "reducedMotion": "no-preference",
  "serviceWorkers": "allow",
  "viewport": {
    "height": 1080,
    "width": 1920
  }
}</msg>
<msg time="2025-10-28T14:30:56.841548" level="INFO">Successfully created context. </msg>
<msg time="2025-10-28T14:30:56.841548" level="INFO">{'acceptDownloads': True, 'bypassCSP': False, 'forcedColors': 'none', 'ignoreHTTPSErrors': False, 'javaScriptEnabled': True, 'offline': False, 'reducedMotion': 'no-preference', 'serviceWorkers': 'allow', 'viewport': {'height': 1080, 'width': 1920}}</msg>
<arg>viewport={'width': 1920, 'height': 1080}</arg>
<tag>BrowserControl</tag>
<tag>Setter</tag>
<doc>Create a new BrowserContext with specified options.</doc>
<status status="PASS" start="2025-10-28T14:30:56.818843" elapsed="0.023782"/>
</kw>
<status status="PASS" start="2025-10-28T14:30:56.817013" elapsed="0.025612"/>
</kw>
<kw name="Abrir Página de Login" owner="login_form">
<kw name="New Page" owner="Browser">
<msg time="2025-10-28T14:30:57.376253" level="INFO">Successfully initialized new page object and opened url: http://localhost:3002/login</msg>
<arg>http://localhost:3002/login</arg>
<tag>BrowserControl</tag>
<tag>Setter</tag>
<doc>Open a new Page.</doc>
<status status="PASS" start="2025-10-28T14:30:56.844628" elapsed="0.532163"/>
</kw>
<kw name="Wait For Elements State" owner="Browser">
<msg time="2025-10-28T14:30:57.490904" level="INFO">Waited for Element with selector css=.login-form at state visible</msg>
<arg>css=.login-form</arg>
<arg>visible</arg>
<arg>timeout=10s</arg>
<tag>PageContent</tag>
<tag>Wait</tag>
<doc>Waits for the element found by ``selector`` to satisfy state option.</doc>
<status status="PASS" start="2025-10-28T14:30:57.376791" elapsed="0.116128"/>
</kw>
<status status="PASS" start="2025-10-28T14:30:56.843545" elapsed="0.649374"/>
</kw>
<kw name="Preencher Formulário de Login" owner="login_form">
<kw name="Fill Text" owner="Browser">
<msg time="2025-10-28T14:30:57.493928" level="INFO">Fills the text 'raphaelrates.dev@gmail.com' in the given field.</msg>
<arg>css=#email</arg>
<arg>${email}</arg>
<tag>PageContent</tag>
<tag>Setter</tag>
<doc>Clears and fills the given ``txt`` into the text field found by ``selector``.</doc>
<status status="PASS" start="2025-10-28T14:30:57.493928" elapsed="0.024226"/>
</kw>
<kw name="Fill Text" owner="Browser">
<msg time="2025-10-28T14:30:57.521141" level="INFO">Fills the text '12345678' in the given field.</msg>
<arg>css=#password</arg>
<arg>${senha}</arg>
<tag>PageContent</tag>
<tag>Setter</tag>
<doc>Clears and fills the given ``txt`` into the text field found by ``selector``.</doc>
<status status="PASS" start="2025-10-28T14:30:57.519146" elapsed="0.037726"/>
</kw>
<kw name="Click" owner="Browser">
<msg time="2025-10-28T14:30:57.557894" level="INFO">Clicks the element 'css=main &gt; div &gt; div &gt; form &gt; button'.</msg>
<arg>css=main &gt; div &gt; div &gt; form &gt; button</arg>
<tag>PageContent</tag>
<tag>Setter</tag>
<doc>Simulates mouse click on the element found by ``selector``.</doc>
<status status="PASS" start="2025-10-28T14:30:57.556872" elapsed="0.060233"/>
</kw>
<kw name="Sleep" owner="BuiltIn">
<msg time="2025-10-28T14:30:59.621277" level="INFO">Slept 2 seconds.</msg>
<arg>2s</arg>
<doc>Pauses the test executed for the given time.</doc>
<status status="PASS" start="2025-10-28T14:30:57.617105" elapsed="2.004172"/>
</kw>
<arg>raphaelrates.dev@gmail.com</arg>
<arg>12345678</arg>
<status status="PASS" start="2025-10-28T14:30:57.492919" elapsed="2.128358"/>
</kw>
<kw name="Acessar Página de Reservas" owner="reservation_page">
<kw name="Click" owner="Browser">
<msg time="2025-10-28T14:30:59.623466" level="INFO">Clicks the element 'header &gt; div &gt; nav &gt; ul &gt; li:nth-child(3) &gt; a'.</msg>
<arg>header &gt; div &gt; nav &gt; ul &gt; li:nth-child(3) &gt; a</arg>
<tag>PageContent</tag>
<tag>Setter</tag>
<doc>Simulates mouse click on the element found by ``selector``.</doc>
<status status="PASS" start="2025-10-28T14:30:59.622456" elapsed="0.038994"/>
</kw>
<kw name="Sleep" owner="BuiltIn">
<msg time="2025-10-28T14:31:00.662860" level="INFO">Slept 1 second.</msg>
<arg>1s</arg>
<doc>Pauses the test executed for the given time.</doc>
<status status="PASS" start="2025-10-28T14:30:59.661450" elapsed="1.001410"/>
</kw>
<kw name="Wait For Elements State" owner="Browser">
<msg time="2025-10-28T14:31:00.669685" level="INFO">Waited for Element with selector main &gt; div.reservations-page at state visible</msg>
<arg>main &gt; div.reservations-page</arg>
<arg>visible</arg>
<arg>10</arg>
<tag>PageContent</tag>
<tag>Wait</tag>
<doc>Waits for the element found by ``selector`` to satisfy state option.</doc>
<status status="PASS" start="2025-10-28T14:31:00.662860" elapsed="0.007814"/>
</kw>
<status status="PASS" start="2025-10-28T14:30:59.622456" elapsed="1.048218"/>
</kw>
<kw name="Validar Preço da Reserva" owner="reservation_page">
<msg time="2025-10-28T14:31:00.671181" level="FAIL">Invalid argument specification: Non-default argument after default arguments.</msg>
<arg>1</arg>
<arg>R$ 15.00</arg>
<status status="FAIL" start="2025-10-28T14:31:00.671181" elapsed="0.000000">Invalid argument specification: Non-default argument after default arguments.</status>
</kw>
<kw name="Validar Forma de Pagamento" owner="reservation_page">
<msg time="2025-10-28T14:31:00.672191" level="FAIL">Invalid argument specification: Non-default argument after default arguments.</msg>
<arg>1</arg>
<arg>Cartão de Crédito</arg>
<status status="FAIL" start="2025-10-28T14:31:00.672191" elapsed="0.000000">Invalid argument specification: Non-default argument after default arguments.</status>
</kw>
<msg time="2025-10-28T14:31:00.686436" level="INFO">Switching context to context=d87b7d2f-f8b4-4879-9221-ac560fdef378 in CURRENT</msg>
<msg time="2025-10-28T14:31:00.700356" level="INFO">Successfully changed active context: context=d87b7d2f-f8b4-4879-9221-ac560fdef378</msg>
<msg time="2025-10-28T14:31:00.744355" level="INFO">Successfully closed Context</msg>
<doc>Deve validar as informações de pagamento da reserva</doc>
<tag>payment</tag>
<tag>reservations</tag>
<status status="FAIL" start="2025-10-28T14:30:56.803654" elapsed="3.868537">Several failures occurred:

1) Invalid argument specification: Non-default argument after default arguments.

2) Invalid argument specification: Non-default argument after default arguments.</status>
</test>
<test id="s1-s1-t7" name="TC056 - Validar Botões de Ação" line="73">
<kw name="Configurar Teste" owner="login_form">
<kw name="New Browser" owner="Browser">
<msg time="2025-10-28T14:31:00.753809" level="INFO">Switching browser to browser=de8cb745-0635-4a89-92a9-3f97ba7e9408</msg>
<msg time="2025-10-28T14:31:00.754780" level="INFO">Successfully changed active browser: browser=de8cb745-0635-4a89-92a9-3f97ba7e9408</msg>
<msg time="2025-10-28T14:31:00.754780" level="INFO">Reusing existing browser with id: browser=de8cb745-0635-4a89-92a9-3f97ba7e9408</msg>
<arg>chromium</arg>
<arg>headless=False</arg>
<tag>BrowserControl</tag>
<tag>Setter</tag>
<doc>Create a new playwright Browser with specified options.</doc>
<status status="PASS" start="2025-10-28T14:31:00.752325" elapsed="0.002455"/>
</kw>
<kw name="New Context" owner="Browser">
<msg time="2025-10-28T14:31:00.761187" level="INFO">{
  "acceptDownloads": true,
  "bypassCSP": false,
  "forcedColors": "none",
  "ignoreHTTPSErrors": false,
  "javaScriptEnabled": true,
  "offline": false,
  "reducedMotion": "no-preference",
  "serviceWorkers": "allow",
  "viewport": {
    "height": 1080,
    "width": 1920
  }
}</msg>
<msg time="2025-10-28T14:31:00.774097" level="INFO">Successfully created context. </msg>
<msg time="2025-10-28T14:31:00.775111" level="INFO">{'acceptDownloads': True, 'bypassCSP': False, 'forcedColors': 'none', 'ignoreHTTPSErrors': False, 'javaScriptEnabled': True, 'offline': False, 'reducedMotion': 'no-preference', 'serviceWorkers': 'allow', 'viewport': {'height': 1080, 'width': 1920}}</msg>
<arg>viewport={'width': 1920, 'height': 1080}</arg>
<tag>BrowserControl</tag>
<tag>Setter</tag>
<doc>Create a new BrowserContext with specified options.</doc>
<status status="PASS" start="2025-10-28T14:31:00.754780" elapsed="0.020331"/>
</kw>
<status status="PASS" start="2025-10-28T14:31:00.751323" elapsed="0.024810"/>
</kw>
<kw name="Abrir Página de Login" owner="login_form">
<kw name="New Page" owner="Browser">
<msg time="2025-10-28T14:31:01.307591" level="INFO">Successfully initialized new page object and opened url: http://localhost:3002/login</msg>
<arg>http://localhost:3002/login</arg>
<tag>BrowserControl</tag>
<tag>Setter</tag>
<doc>Open a new Page.</doc>
<status status="PASS" start="2025-10-28T14:31:00.778147" elapsed="0.529444"/>
</kw>
<kw name="Wait For Elements State" owner="Browser">
<msg time="2025-10-28T14:31:01.425584" level="INFO">Waited for Element with selector css=.login-form at state visible</msg>
<arg>css=.login-form</arg>
<arg>visible</arg>
<arg>timeout=10s</arg>
<tag>PageContent</tag>
<tag>Wait</tag>
<doc>Waits for the element found by ``selector`` to satisfy state option.</doc>
<status status="PASS" start="2025-10-28T14:31:01.308561" elapsed="0.117023"/>
</kw>
<status status="PASS" start="2025-10-28T14:31:00.777140" elapsed="0.648444"/>
</kw>
<kw name="Preencher Formulário de Login" owner="login_form">
<kw name="Fill Text" owner="Browser">
<msg time="2025-10-28T14:31:01.430747" level="INFO">Fills the text 'raphaelrates.dev@gmail.com' in the given field.</msg>
<arg>css=#email</arg>
<arg>${email}</arg>
<tag>PageContent</tag>
<tag>Setter</tag>
<doc>Clears and fills the given ``txt`` into the text field found by ``selector``.</doc>
<status status="PASS" start="2025-10-28T14:31:01.428753" elapsed="0.037878"/>
</kw>
<kw name="Fill Text" owner="Browser">
<msg time="2025-10-28T14:31:01.467633" level="INFO">Fills the text '12345678' in the given field.</msg>
<arg>css=#password</arg>
<arg>${senha}</arg>
<tag>PageContent</tag>
<tag>Setter</tag>
<doc>Clears and fills the given ``txt`` into the text field found by ``selector``.</doc>
<status status="PASS" start="2025-10-28T14:31:01.466631" elapsed="0.020723"/>
</kw>
<kw name="Click" owner="Browser">
<msg time="2025-10-28T14:31:01.491035" level="INFO">Clicks the element 'css=main &gt; div &gt; div &gt; form &gt; button'.</msg>
<arg>css=main &gt; div &gt; div &gt; form &gt; button</arg>
<tag>PageContent</tag>
<tag>Setter</tag>
<doc>Simulates mouse click on the element found by ``selector``.</doc>
<status status="PASS" start="2025-10-28T14:31:01.487354" elapsed="0.068339"/>
</kw>
<kw name="Sleep" owner="BuiltIn">
<msg time="2025-10-28T14:31:03.557149" level="INFO">Slept 2 seconds.</msg>
<arg>2s</arg>
<doc>Pauses the test executed for the given time.</doc>
<status status="PASS" start="2025-10-28T14:31:01.556701" elapsed="2.000448"/>
</kw>
<arg>raphaelrates.dev@gmail.com</arg>
<arg>12345678</arg>
<status status="PASS" start="2025-10-28T14:31:01.426575" elapsed="2.130574"/>
</kw>
<kw name="Acessar Página de Reservas" owner="reservation_page">
<kw name="Click" owner="Browser">
<msg time="2025-10-28T14:31:03.558160" level="INFO">Clicks the element 'header &gt; div &gt; nav &gt; ul &gt; li:nth-child(3) &gt; a'.</msg>
<arg>header &gt; div &gt; nav &gt; ul &gt; li:nth-child(3) &gt; a</arg>
<tag>PageContent</tag>
<tag>Setter</tag>
<doc>Simulates mouse click on the element found by ``selector``.</doc>
<status status="PASS" start="2025-10-28T14:31:03.558160" elapsed="0.043005"/>
</kw>
<kw name="Sleep" owner="BuiltIn">
<msg time="2025-10-28T14:31:04.602358" level="INFO">Slept 1 second.</msg>
<arg>1s</arg>
<doc>Pauses the test executed for the given time.</doc>
<status status="PASS" start="2025-10-28T14:31:03.602161" elapsed="1.000197"/>
</kw>
<kw name="Wait For Elements State" owner="Browser">
<msg time="2025-10-28T14:31:04.609511" level="INFO">Waited for Element with selector main &gt; div.reservations-page at state visible</msg>
<arg>main &gt; div.reservations-page</arg>
<arg>visible</arg>
<arg>10</arg>
<tag>PageContent</tag>
<tag>Wait</tag>
<doc>Waits for the element found by ``selector`` to satisfy state option.</doc>
<status status="PASS" start="2025-10-28T14:31:04.602874" elapsed="0.006637"/>
</kw>
<status status="PASS" start="2025-10-28T14:31:03.557149" elapsed="1.052362"/>
</kw>
<kw name="Validar Botões de Ação Presentes" owner="reservation_page">
<kw name="Wait For Elements State" owner="Browser">
<msg time="2025-10-28T14:31:04.614487" level="INFO">Waited for Element with selector .page-actions at state visible</msg>
<arg>.page-actions</arg>
<arg>visible</arg>
<arg>5s</arg>
<tag>PageContent</tag>
<tag>Wait</tag>
<doc>Waits for the element found by ``selector`` to satisfy state option.</doc>
<status status="PASS" start="2025-10-28T14:31:04.610511" elapsed="0.003976"/>
</kw>
<kw name="Get Element" owner="Browser">
<msg time="2025-10-28T14:31:04.625460" level="INFO">Locator found successfully.</msg>
<arg>.btn-secondary</arg>
<tag>Getter</tag>
<tag>PageContent</tag>
<doc>Returns a reference to a Playwright [https://playwright.dev/docs/api/class-locator|Locator].</doc>
<status status="PASS" start="2025-10-28T14:31:04.614487" elapsed="0.010973"/>
</kw>
<kw name="Get Element" owner="Browser">
<msg time="2025-10-28T14:31:04.633458" level="INFO">Locator found successfully.</msg>
<arg>.btn-primary</arg>
<tag>Getter</tag>
<tag>PageContent</tag>
<doc>Returns a reference to a Playwright [https://playwright.dev/docs/api/class-locator|Locator].</doc>
<status status="PASS" start="2025-10-28T14:31:04.625460" elapsed="0.008516"/>
</kw>
<status status="PASS" start="2025-10-28T14:31:04.609511" elapsed="0.024465"/>
</kw>
<msg time="2025-10-28T14:31:04.648965" level="INFO">Switching context to context=351a7e0b-dc7b-498f-adc9-0446a19e561d in CURRENT</msg>
<msg time="2025-10-28T14:31:04.655763" level="INFO">Successfully changed active context: context=351a7e0b-dc7b-498f-adc9-0446a19e561d</msg>
<msg time="2025-10-28T14:31:04.698587" level="INFO">Successfully closed Context</msg>
<doc>Deve verificar a presença e funcionalidade dos botões de ação</doc>
<tag>actions</tag>
<tag>reservations</tag>
<status status="PASS" start="2025-10-28T14:31:00.746065" elapsed="3.887911"/>
</test>
<test id="s1-s1-t8" name="TC057 - Navegar para Página Inicial" line="82">
<kw name="Configurar Teste" owner="login_form">
<kw name="New Browser" owner="Browser">
<msg time="2025-10-28T14:31:04.709173" level="INFO">Switching browser to browser=de8cb745-0635-4a89-92a9-3f97ba7e9408</msg>
<msg time="2025-10-28T14:31:04.711357" level="INFO">Successfully changed active browser: browser=de8cb745-0635-4a89-92a9-3f97ba7e9408</msg>
<msg time="2025-10-28T14:31:04.711357" level="INFO">Reusing existing browser with id: browser=de8cb745-0635-4a89-92a9-3f97ba7e9408</msg>
<arg>chromium</arg>
<arg>headless=False</arg>
<tag>BrowserControl</tag>
<tag>Setter</tag>
<doc>Create a new playwright Browser with specified options.</doc>
<status status="PASS" start="2025-10-28T14:31:04.707708" elapsed="0.003649"/>
</kw>
<kw name="New Context" owner="Browser">
<msg time="2025-10-28T14:31:04.716142" level="INFO">{
  "acceptDownloads": true,
  "bypassCSP": false,
  "forcedColors": "none",
  "ignoreHTTPSErrors": false,
  "javaScriptEnabled": true,
  "offline": false,
  "reducedMotion": "no-preference",
  "serviceWorkers": "allow",
  "viewport": {
    "height": 1080,
    "width": 1920
  }
}</msg>
<msg time="2025-10-28T14:31:04.727267" level="INFO">Successfully created context. </msg>
<msg time="2025-10-28T14:31:04.727267" level="INFO">{'acceptDownloads': True, 'bypassCSP': False, 'forcedColors': 'none', 'ignoreHTTPSErrors': False, 'javaScriptEnabled': True, 'offline': False, 'reducedMotion': 'no-preference', 'serviceWorkers': 'allow', 'viewport': {'height': 1080, 'width': 1920}}</msg>
<arg>viewport={'width': 1920, 'height': 1080}</arg>
<tag>BrowserControl</tag>
<tag>Setter</tag>
<doc>Create a new BrowserContext with specified options.</doc>
<status status="PASS" start="2025-10-28T14:31:04.711357" elapsed="0.015910"/>
</kw>
<status status="PASS" start="2025-10-28T14:31:04.707708" elapsed="0.019559"/>
</kw>
<kw name="Abrir Página de Login" owner="login_form">
<kw name="New Page" owner="Browser">
<msg time="2025-10-28T14:31:05.262752" level="INFO">Successfully initialized new page object and opened url: http://localhost:3002/login</msg>
<arg>http://localhost:3002/login</arg>
<tag>BrowserControl</tag>
<tag>Setter</tag>
<doc>Open a new Page.</doc>
<status status="PASS" start="2025-10-28T14:31:04.733565" elapsed="0.529187"/>
</kw>
<kw name="Wait For Elements State" owner="Browser">
<msg time="2025-10-28T14:31:05.369805" level="INFO">Waited for Element with selector css=.login-form at state visible</msg>
<arg>css=.login-form</arg>
<arg>visible</arg>
<arg>timeout=10s</arg>
<tag>PageContent</tag>
<tag>Wait</tag>
<doc>Waits for the element found by ``selector`` to satisfy state option.</doc>
<status status="PASS" start="2025-10-28T14:31:05.263747" elapsed="0.107058"/>
</kw>
<status status="PASS" start="2025-10-28T14:31:04.727267" elapsed="0.643538"/>
</kw>
<kw name="Preencher Formulário de Login" owner="login_form">
<kw name="Fill Text" owner="Browser">
<msg time="2025-10-28T14:31:05.373802" level="INFO">Fills the text 'raphaelrates.dev@gmail.com' in the given field.</msg>
<arg>css=#email</arg>
<arg>${email}</arg>
<tag>PageContent</tag>
<tag>Setter</tag>
<doc>Clears and fills the given ``txt`` into the text field found by ``selector``.</doc>
<status status="PASS" start="2025-10-28T14:31:05.372806" elapsed="0.032320"/>
</kw>
<kw name="Fill Text" owner="Browser">
<msg time="2025-10-28T14:31:05.408125" level="INFO">Fills the text '12345678' in the given field.</msg>
<arg>css=#password</arg>
<arg>${senha}</arg>
<tag>PageContent</tag>
<tag>Setter</tag>
<doc>Clears and fills the given ``txt`` into the text field found by ``selector``.</doc>
<status status="PASS" start="2025-10-28T14:31:05.406129" elapsed="0.017528"/>
</kw>
<kw name="Click" owner="Browser">
<msg time="2025-10-28T14:31:05.424969" level="INFO">Clicks the element 'css=main &gt; div &gt; div &gt; form &gt; button'.</msg>
<arg>css=main &gt; div &gt; div &gt; form &gt; button</arg>
<tag>PageContent</tag>
<tag>Setter</tag>
<doc>Simulates mouse click on the element found by ``selector``.</doc>
<status status="PASS" start="2025-10-28T14:31:05.423657" elapsed="0.072639"/>
</kw>
<kw name="Sleep" owner="BuiltIn">
<msg time="2025-10-28T14:31:07.498529" level="INFO">Slept 2 seconds.</msg>
<arg>2s</arg>
<doc>Pauses the test executed for the given time.</doc>
<status status="PASS" start="2025-10-28T14:31:05.497309" elapsed="2.001220"/>
</kw>
<arg>raphaelrates.dev@gmail.com</arg>
<arg>12345678</arg>
<status status="PASS" start="2025-10-28T14:31:05.371808" elapsed="2.126721"/>
</kw>
<kw name="Acessar Página de Reservas" owner="reservation_page">
<kw name="Click" owner="Browser">
<msg time="2025-10-28T14:31:07.499490" level="INFO">Clicks the element 'header &gt; div &gt; nav &gt; ul &gt; li:nth-child(3) &gt; a'.</msg>
<arg>header &gt; div &gt; nav &gt; ul &gt; li:nth-child(3) &gt; a</arg>
<tag>PageContent</tag>
<tag>Setter</tag>
<doc>Simulates mouse click on the element found by ``selector``.</doc>
<status status="PASS" start="2025-10-28T14:31:07.499490" elapsed="0.039378"/>
</kw>
<kw name="Sleep" owner="BuiltIn">
<msg time="2025-10-28T14:31:08.542585" level="INFO">Slept 1 second.</msg>
<arg>1s</arg>
<doc>Pauses the test executed for the given time.</doc>
<status status="PASS" start="2025-10-28T14:31:07.540389" elapsed="1.002196"/>
</kw>
<kw name="Wait For Elements State" owner="Browser">
<msg time="2025-10-28T14:31:08.549628" level="INFO">Waited for Element with selector main &gt; div.reservations-page at state visible</msg>
<arg>main &gt; div.reservations-page</arg>
<arg>visible</arg>
<arg>10</arg>
<tag>PageContent</tag>
<tag>Wait</tag>
<doc>Waits for the element found by ``selector`` to satisfy state option.</doc>
<status status="PASS" start="2025-10-28T14:31:08.542585" elapsed="0.007043"/>
</kw>
<status status="PASS" start="2025-10-28T14:31:07.498529" elapsed="1.052100"/>
</kw>
<kw name="Validar Navegação para Página Inicial" owner="reservation_page">
<kw name="Clicar Voltar para Página Inicial" owner="reservation_page">
<kw name="Click" owner="Browser">
<msg time="2025-10-28T14:31:08.552623" level="INFO">Clicks the element '.btn-secondary'.</msg>
<arg>.btn-secondary</arg>
<tag>PageContent</tag>
<tag>Setter</tag>
<doc>Simulates mouse click on the element found by ``selector``.</doc>
<status status="PASS" start="2025-10-28T14:31:08.551622" elapsed="0.041550"/>
</kw>
<status status="PASS" start="2025-10-28T14:31:08.551622" elapsed="0.041550"/>
</kw>
<kw name="Wait For Elements State" owner="Browser">
<msg time="2025-10-28T14:31:18.706541" level="INFO" html="true">&lt;/td&gt;&lt;/tr&gt;&lt;tr&gt;&lt;td colspan="3"&gt;&lt;a href="browser/screenshot/fail-screenshot-2.png" target="_blank"&gt;&lt;img src="browser/screenshot/fail-screenshot-2.png" width="800px"/&gt;&lt;/a&gt;</msg>
<msg time="2025-10-28T14:31:18.706541" level="INFO">See also file:///C:/Users/raphael/Documents/GitHub/learn/Compass/cinema/test-ciname-challenge/results/playwright-log.txt for additional details.</msg>
<msg time="2025-10-28T14:31:18.706541" level="FAIL">TimeoutError: locator.waitFor: Timeout 10000ms exceeded.
Call log:
  - waiting for locator('//h1[contains(text(), "Bem-vindo")]') to be visible
</msg>
<arg>//h1[contains(text(), "Bem-vindo")]</arg>
<arg>visible</arg>
<arg>10s</arg>
<tag>PageContent</tag>
<tag>Wait</tag>
<doc>Waits for the element found by ``selector`` to satisfy state option.</doc>
<status status="FAIL" start="2025-10-28T14:31:08.593920" elapsed="10.113621">TimeoutError: locator.waitFor: Timeout 10000ms exceeded.
Call log:
  - waiting for locator('//h1[contains(text(), "Bem-vindo")]') to be visible
</status>
</kw>
<status status="FAIL" start="2025-10-28T14:31:08.550629" elapsed="10.156912">TimeoutError: locator.waitFor: Timeout 10000ms exceeded.
Call log:
  - waiting for locator('//h1[contains(text(), "Bem-vindo")]') to be visible
</status>
</kw>
<msg time="2025-10-28T14:31:18.722541" level="INFO">Switching context to context=3770a39b-d25e-4e69-b816-cb27cd59bdca in CURRENT</msg>
<msg time="2025-10-28T14:31:18.729013" level="INFO">Successfully changed active context: context=3770a39b-d25e-4e69-b816-cb27cd59bdca</msg>
<msg time="2025-10-28T14:31:18.777822" level="INFO">Successfully closed Context</msg>
<doc>Deve testar a navegação para a página inicial</doc>
<tag>navigation</tag>
<tag>reservations</tag>
<status status="FAIL" start="2025-10-28T14:31:04.700582" elapsed="14.008160">TimeoutError: locator.waitFor: Timeout 10000ms exceeded.
Call log:
  - waiting for locator('//h1[contains(text(), "Bem-vindo")]') to be visible
</status>
</test>
<test id="s1-s1-t9" name="TC058 - Navegar para Filmes em Cartaz" line="91">
<kw name="Configurar Teste" owner="login_form">
<kw name="New Browser" owner="Browser">
<msg time="2025-10-28T14:31:18.789969" level="INFO">Switching browser to browser=de8cb745-0635-4a89-92a9-3f97ba7e9408</msg>
<msg time="2025-10-28T14:31:18.791968" level="INFO">Successfully changed active browser: browser=de8cb745-0635-4a89-92a9-3f97ba7e9408</msg>
<msg time="2025-10-28T14:31:18.791968" level="INFO">Reusing existing browser with id: browser=de8cb745-0635-4a89-92a9-3f97ba7e9408</msg>
<arg>chromium</arg>
<arg>headless=False</arg>
<tag>BrowserControl</tag>
<tag>Setter</tag>
<doc>Create a new playwright Browser with specified options.</doc>
<status status="PASS" start="2025-10-28T14:31:18.788963" elapsed="0.003005"/>
</kw>
<kw name="New Context" owner="Browser">
<msg time="2025-10-28T14:31:18.796745" level="INFO">{
  "acceptDownloads": true,
  "bypassCSP": false,
  "forcedColors": "none",
  "ignoreHTTPSErrors": false,
  "javaScriptEnabled": true,
  "offline": false,
  "reducedMotion": "no-preference",
  "serviceWorkers": "allow",
  "viewport": {
    "height": 1080,
    "width": 1920
  }
}</msg>
<msg time="2025-10-28T14:31:18.815624" level="INFO">Successfully created context. </msg>
<msg time="2025-10-28T14:31:18.816634" level="INFO">{'acceptDownloads': True, 'bypassCSP': False, 'forcedColors': 'none', 'ignoreHTTPSErrors': False, 'javaScriptEnabled': True, 'offline': False, 'reducedMotion': 'no-preference', 'serviceWorkers': 'allow', 'viewport': {'height': 1080, 'width': 1920}}</msg>
<arg>viewport={'width': 1920, 'height': 1080}</arg>
<tag>BrowserControl</tag>
<tag>Setter</tag>
<doc>Create a new BrowserContext with specified options.</doc>
<status status="PASS" start="2025-10-28T14:31:18.791968" elapsed="0.024666"/>
</kw>
<status status="PASS" start="2025-10-28T14:31:18.788100" elapsed="0.028534"/>
</kw>
<kw name="Abrir Página de Login" owner="login_form">
<kw name="New Page" owner="Browser">
<msg time="2025-10-28T14:31:19.383951" level="INFO">Successfully initialized new page object and opened url: http://localhost:3002/login</msg>
<arg>http://localhost:3002/login</arg>
<tag>BrowserControl</tag>
<tag>Setter</tag>
<doc>Open a new Page.</doc>
<status status="PASS" start="2025-10-28T14:31:18.818635" elapsed="0.567330"/>
</kw>
<kw name="Wait For Elements State" owner="Browser">
<msg time="2025-10-28T14:31:19.500507" level="INFO">Waited for Element with selector css=.login-form at state visible</msg>
<arg>css=.login-form</arg>
<arg>visible</arg>
<arg>timeout=10s</arg>
<tag>PageContent</tag>
<tag>Wait</tag>
<doc>Waits for the element found by ``selector`` to satisfy state option.</doc>
<status status="PASS" start="2025-10-28T14:31:19.386975" elapsed="0.113532"/>
</kw>
<status status="PASS" start="2025-10-28T14:31:18.817636" elapsed="0.682871"/>
</kw>
<kw name="Preencher Formulário de Login" owner="login_form">
<kw name="Fill Text" owner="Browser">
<msg time="2025-10-28T14:31:19.508874" level="INFO">Fills the text 'raphaelrates.dev@gmail.com' in the given field.</msg>
<arg>css=#email</arg>
<arg>${email}</arg>
<tag>PageContent</tag>
<tag>Setter</tag>
<doc>Clears and fills the given ``txt`` into the text field found by ``selector``.</doc>
<status status="PASS" start="2025-10-28T14:31:19.506873" elapsed="0.043105"/>
</kw>
<kw name="Fill Text" owner="Browser">
<msg time="2025-10-28T14:31:19.551979" level="INFO">Fills the text '12345678' in the given field.</msg>
<arg>css=#password</arg>
<arg>${senha}</arg>
<tag>PageContent</tag>
<tag>Setter</tag>
<doc>Clears and fills the given ``txt`` into the text field found by ``selector``.</doc>
<status status="PASS" start="2025-10-28T14:31:19.549978" elapsed="0.040061"/>
</kw>
<kw name="Click" owner="Browser">
<msg time="2025-10-28T14:31:19.591701" level="INFO">Clicks the element 'css=main &gt; div &gt; div &gt; form &gt; button'.</msg>
<arg>css=main &gt; div &gt; div &gt; form &gt; button</arg>
<tag>PageContent</tag>
<tag>Setter</tag>
<doc>Simulates mouse click on the element found by ``selector``.</doc>
<status status="PASS" start="2025-10-28T14:31:19.591041" elapsed="0.077419"/>
</kw>
<kw name="Sleep" owner="BuiltIn">
<msg time="2025-10-28T14:31:21.672469" level="INFO">Slept 2 seconds.</msg>
<arg>2s</arg>
<doc>Pauses the test executed for the given time.</doc>
<status status="PASS" start="2025-10-28T14:31:19.669465" elapsed="2.003004"/>
</kw>
<arg>raphaelrates.dev@gmail.com</arg>
<arg>12345678</arg>
<status status="PASS" start="2025-10-28T14:31:19.503503" elapsed="2.168966"/>
</kw>
<kw name="Acessar Página de Reservas" owner="reservation_page">
<kw name="Click" owner="Browser">
<msg time="2025-10-28T14:31:21.673543" level="INFO">Clicks the element 'header &gt; div &gt; nav &gt; ul &gt; li:nth-child(3) &gt; a'.</msg>
<arg>header &gt; div &gt; nav &gt; ul &gt; li:nth-child(3) &gt; a</arg>
<tag>PageContent</tag>
<tag>Setter</tag>
<doc>Simulates mouse click on the element found by ``selector``.</doc>
<status status="PASS" start="2025-10-28T14:31:21.673543" elapsed="0.035369"/>
</kw>
<kw name="Sleep" owner="BuiltIn">
<msg time="2025-10-28T14:31:22.710417" level="INFO">Slept 1 second.</msg>
<arg>1s</arg>
<doc>Pauses the test executed for the given time.</doc>
<status status="PASS" start="2025-10-28T14:31:21.708912" elapsed="1.001505"/>
</kw>
<kw name="Wait For Elements State" owner="Browser">
<msg time="2025-10-28T14:31:22.716957" level="INFO">Waited for Element with selector main &gt; div.reservations-page at state visible</msg>
<arg>main &gt; div.reservations-page</arg>
<arg>visible</arg>
<arg>10</arg>
<tag>PageContent</tag>
<tag>Wait</tag>
<doc>Waits for the element found by ``selector`` to satisfy state option.</doc>
<status status="PASS" start="2025-10-28T14:31:22.710417" elapsed="0.006540"/>
</kw>
<status status="PASS" start="2025-10-28T14:31:21.673038" elapsed="1.043919"/>
</kw>
<kw name="Validar Navegação para Filmes em Cartaz" owner="reservation_page">
<kw name="Clicar Ver Filmes em Cartaz" owner="reservation_page">
<kw name="Click" owner="Browser">
<msg time="2025-10-28T14:31:22.719947" level="INFO">Clicks the element '.btn-primary'.</msg>
<arg>.btn-primary</arg>
<tag>PageContent</tag>
<tag>Setter</tag>
<doc>Simulates mouse click on the element found by ``selector``.</doc>
<status status="PASS" start="2025-10-28T14:31:22.718955" elapsed="0.041710"/>
</kw>
<status status="PASS" start="2025-10-28T14:31:22.717947" elapsed="0.042718"/>
</kw>
<kw name="Wait For Elements State" owner="Browser">
<msg time="2025-10-28T14:31:22.776878" level="INFO">Waited for Element with selector //h1[contains(text(), "Filmes")] at state visible</msg>
<arg>//h1[contains(text(), "Filmes")]</arg>
<arg>visible</arg>
<arg>10s</arg>
<tag>PageContent</tag>
<tag>Wait</tag>
<doc>Waits for the element found by ``selector`` to satisfy state option.</doc>
<status status="PASS" start="2025-10-28T14:31:22.760665" elapsed="0.016213"/>
</kw>
<status status="PASS" start="2025-10-28T14:31:22.716957" elapsed="0.059921"/>
</kw>
<msg time="2025-10-28T14:31:22.799646" level="INFO">Switching context to context=99793119-dd86-4604-97b3-8683584dfdf2 in CURRENT</msg>
<msg time="2025-10-28T14:31:22.810321" level="INFO">Successfully changed active context: context=99793119-dd86-4604-97b3-8683584dfdf2</msg>
<msg time="2025-10-28T14:31:22.867214" level="INFO">Successfully closed Context</msg>
<doc>Deve testar a navegação para a página de filmes</doc>
<tag>navigation</tag>
<tag>reservations</tag>
<status status="PASS" start="2025-10-28T14:31:18.777822" elapsed="3.999056"/>
</test>
<test id="s1-s1-t10" name="TC059 - Verificar Número da Reserva" line="100">
<kw name="Configurar Teste" owner="login_form">
<kw name="New Browser" owner="Browser">
<msg time="2025-10-28T14:31:22.873656" level="INFO">Switching browser to browser=de8cb745-0635-4a89-92a9-3f97ba7e9408</msg>
<msg time="2025-10-28T14:31:22.876300" level="INFO">Successfully changed active browser: browser=de8cb745-0635-4a89-92a9-3f97ba7e9408</msg>
<msg time="2025-10-28T14:31:22.877305" level="INFO">Reusing existing browser with id: browser=de8cb745-0635-4a89-92a9-3f97ba7e9408</msg>
<arg>chromium</arg>
<arg>headless=False</arg>
<tag>BrowserControl</tag>
<tag>Setter</tag>
<doc>Create a new playwright Browser with specified options.</doc>
<status status="PASS" start="2025-10-28T14:31:22.873656" elapsed="0.003649"/>
</kw>
<kw name="New Context" owner="Browser">
<msg time="2025-10-28T14:31:22.878321" level="INFO">{
  "acceptDownloads": true,
  "bypassCSP": false,
  "forcedColors": "none",
  "ignoreHTTPSErrors": false,
  "javaScriptEnabled": true,
  "offline": false,
  "reducedMotion": "no-preference",
  "serviceWorkers": "allow",
  "viewport": {
    "height": 1080,
    "width": 1920
  }
}</msg>
<msg time="2025-10-28T14:31:22.899005" level="INFO">Successfully created context. </msg>
[...]
<arg>${card_selector} &gt; .movie-info</arg>
<tag>Getter</tag>
<tag>PageContent</tag>
<doc>Returns a reference to a Playwright [https://playwright.dev/docs/api/class-locator|Locator].</doc>
<status status="NOT RUN" start="2025-10-28T14:31:43.685511" elapsed="0.000000"/>
</kw>
<kw name="Get Element" owner="Browser">
<arg>${card_selector} &gt; .reservation-footer</arg>
<tag>Getter</tag>
<tag>PageContent</tag>
<doc>Returns a reference to a Playwright [https://playwright.dev/docs/api/class-locator|Locator].</doc>
<status status="NOT RUN" start="2025-10-28T14:31:43.685511" elapsed="0.000000"/>
</kw>
<status status="FAIL" start="2025-10-28T14:31:38.578610" elapsed="5.107906">Error: locator.waitFor: Error: strict mode violation: locator('main &gt; div &gt; div &gt; div.reservations-list &gt; div') resolved to 2 elements:
    1) &lt;div class="reservation-card"&gt;…&lt;/div&gt; aka getByText('Reserva #6900fc00ConfirmadaInterstellar22 de outubro de 202512:00Theater 1F8,')
    2) &lt;div class="reservation-card"&gt;…&lt;/div&gt; aka getByText('Reserva #68fbbd45ConfirmadaThe Avengers21 de outubro de 202512:00Theater')

Call log:
  - waiting for locator('main &gt; div &gt; div &gt; div.reservations-list &gt; div') to be visible
</status>
</kw>
<msg time="2025-10-28T14:31:43.702039" level="INFO">Switching context to context=318ed382-7a30-4cde-ad4e-e6d8c0b24ff8 in CURRENT</msg>
<msg time="2025-10-28T14:31:43.711683" level="INFO">Successfully changed active context: context=318ed382-7a30-4cde-ad4e-e6d8c0b24ff8</msg>
<msg time="2025-10-28T14:31:43.762154" level="INFO">Successfully closed Context</msg>
<doc>Deve verificar a estrutura responsiva do card de reserva</doc>
<tag>reservations</tag>
<tag>responsive</tag>
<status status="FAIL" start="2025-10-28T14:31:34.682708" elapsed="9.003808">Error: locator.waitFor: Error: strict mode violation: locator('main &gt; div &gt; div &gt; div.reservations-list &gt; div') resolved to 2 elements:
    1) &lt;div class="reservation-card"&gt;…&lt;/div&gt; aka getByText('Reserva #6900fc00ConfirmadaInterstellar22 de outubro de 202512:00Theater 1F8,')
    2) &lt;div class="reservation-card"&gt;…&lt;/div&gt; aka getByText('Reserva #68fbbd45ConfirmadaThe Avengers21 de outubro de 202512:00Theater')

Call log:
  - waiting for locator('main &gt; div &gt; div &gt; div.reservations-list &gt; div') to be visible
</status>
</test>
<test id="s1-s1-t14" name="TC063 - Verificar Ordenação das Reservas" line="138">
<kw name="Configurar Teste" owner="login_form">
<kw name="New Browser" owner="Browser">
<msg time="2025-10-28T14:31:43.771956" level="INFO">Switching browser to browser=de8cb745-0635-4a89-92a9-3f97ba7e9408</msg>
<msg time="2025-10-28T14:31:43.775496" level="INFO">Successfully changed active browser: browser=de8cb745-0635-4a89-92a9-3f97ba7e9408</msg>
<msg time="2025-10-28T14:31:43.775496" level="INFO">Reusing existing browser with id: browser=de8cb745-0635-4a89-92a9-3f97ba7e9408</msg>
<arg>chromium</arg>
<arg>headless=False</arg>
<tag>BrowserControl</tag>
<tag>Setter</tag>
<doc>Create a new playwright Browser with specified options.</doc>
<status status="PASS" start="2025-10-28T14:31:43.770953" elapsed="0.004543"/>
</kw>
<kw name="New Context" owner="Browser">
<msg time="2025-10-28T14:31:43.778575" level="INFO">{
  "acceptDownloads": true,
  "bypassCSP": false,
  "forcedColors": "none",
  "ignoreHTTPSErrors": false,
  "javaScriptEnabled": true,
  "offline": false,
  "reducedMotion": "no-preference",
  "serviceWorkers": "allow",
  "viewport": {
    "height": 1080,
    "width": 1920
  }
}</msg>
<msg time="2025-10-28T14:31:43.790029" level="INFO">Successfully created context. </msg>
<msg time="2025-10-28T14:31:43.791032" level="INFO">{'acceptDownloads': True, 'bypassCSP': False, 'forcedColors': 'none', 'ignoreHTTPSErrors': False, 'javaScriptEnabled': True, 'offline': False, 'reducedMotion': 'no-preference', 'serviceWorkers': 'allow', 'viewport': {'height': 1080, 'width': 1920}}</msg>
<arg>viewport={'width': 1920, 'height': 1080}</arg>
<tag>BrowserControl</tag>
<tag>Setter</tag>
<doc>Create a new BrowserContext with specified options.</doc>
<status status="PASS" start="2025-10-28T14:31:43.775496" elapsed="0.015536"/>
</kw>
<status status="PASS" start="2025-10-28T14:31:43.769953" elapsed="0.021079"/>
</kw>
<kw name="Abrir Página de Login" owner="login_form">
<kw name="New Page" owner="Browser">
<msg time="2025-10-28T14:31:44.359384" level="INFO">Successfully initialized new page object and opened url: http://localhost:3002/login</msg>
<arg>http://localhost:3002/login</arg>
<tag>BrowserControl</tag>
<tag>Setter</tag>
<doc>Open a new Page.</doc>
<status status="PASS" start="2025-10-28T14:31:43.792032" elapsed="0.567352"/>
</kw>
<kw name="Wait For Elements State" owner="Browser">
<msg time="2025-10-28T14:31:44.498364" level="INFO">Waited for Element with selector css=.login-form at state visible</msg>
<arg>css=.login-form</arg>
<arg>visible</arg>
<arg>timeout=10s</arg>
<tag>PageContent</tag>
<tag>Wait</tag>
<doc>Waits for the element found by ``selector`` to satisfy state option.</doc>
<status status="PASS" start="2025-10-28T14:31:44.360392" elapsed="0.137972"/>
</kw>
<status status="PASS" start="2025-10-28T14:31:43.792032" elapsed="0.706332"/>
</kw>
<kw name="Preencher Formulário de Login" owner="login_form">
<kw name="Fill Text" owner="Browser">
<msg time="2025-10-28T14:31:44.502372" level="INFO">Fills the text 'raphaelrates.dev@gmail.com' in the given field.</msg>
<arg>css=#email</arg>
<arg>${email}</arg>
<tag>PageContent</tag>
<tag>Setter</tag>
<doc>Clears and fills the given ``txt`` into the text field found by ``selector``.</doc>
<status status="PASS" start="2025-10-28T14:31:44.501366" elapsed="0.038947"/>
</kw>
<kw name="Fill Text" owner="Browser">
<msg time="2025-10-28T14:31:44.542309" level="INFO">Fills the text '12345678' in the given field.</msg>
<arg>css=#password</arg>
<arg>${senha}</arg>
<tag>PageContent</tag>
<tag>Setter</tag>
<doc>Clears and fills the given ``txt`` into the text field found by ``selector``.</doc>
<status status="PASS" start="2025-10-28T14:31:44.541313" elapsed="0.042134"/>
</kw>
<kw name="Click" owner="Browser">
<msg time="2025-10-28T14:31:44.592462" level="INFO">Clicks the element 'css=main &gt; div &gt; div &gt; form &gt; button'.</msg>
<arg>css=main &gt; div &gt; div &gt; form &gt; button</arg>
<tag>PageContent</tag>
<tag>Setter</tag>
<doc>Simulates mouse click on the element found by ``selector``.</doc>
<status status="PASS" start="2025-10-28T14:31:44.586477" elapsed="0.101661"/>
</kw>
<kw name="Sleep" owner="BuiltIn">
<msg time="2025-10-28T14:31:46.691387" level="INFO">Slept 2 seconds.</msg>
<arg>2s</arg>
<doc>Pauses the test executed for the given time.</doc>
<status status="PASS" start="2025-10-28T14:31:44.688138" elapsed="2.003249"/>
</kw>
<arg>raphaelrates.dev@gmail.com</arg>
<arg>12345678</arg>
<status status="PASS" start="2025-10-28T14:31:44.499382" elapsed="2.192005"/>
</kw>
<kw name="Acessar Página de Reservas" owner="reservation_page">
<kw name="Click" owner="Browser">
<msg time="2025-10-28T14:31:46.693409" level="INFO">Clicks the element 'header &gt; div &gt; nav &gt; ul &gt; li:nth-child(3) &gt; a'.</msg>
<arg>header &gt; div &gt; nav &gt; ul &gt; li:nth-child(3) &gt; a</arg>
<tag>PageContent</tag>
<tag>Setter</tag>
<doc>Simulates mouse click on the element found by ``selector``.</doc>
<status status="PASS" start="2025-10-28T14:31:46.692396" elapsed="0.042523"/>
</kw>
<kw name="Sleep" owner="BuiltIn">
<msg time="2025-10-28T14:31:47.737222" level="INFO">Slept 1 second.</msg>
<arg>1s</arg>
<doc>Pauses the test executed for the given time.</doc>
<status status="PASS" start="2025-10-28T14:31:46.735926" elapsed="1.001296"/>
</kw>
<kw name="Wait For Elements State" owner="Browser">
<msg time="2025-10-28T14:31:47.744790" level="INFO">Waited for Element with selector main &gt; div.reservations-page at state visible</msg>
<arg>main &gt; div.reservations-page</arg>
<arg>visible</arg>
<arg>10</arg>
<tag>PageContent</tag>
<tag>Wait</tag>
<doc>Waits for the element found by ``selector`` to satisfy state option.</doc>
<status status="PASS" start="2025-10-28T14:31:47.737222" elapsed="0.007568"/>
</kw>
<status status="PASS" start="2025-10-28T14:31:46.691387" elapsed="1.053403"/>
</kw>
<kw name="Log" owner="BuiltIn">
<msg time="2025-10-28T14:31:47.746170" level="INFO">Ordenação validada - implementar lógica específica se necessário</msg>
<arg>Ordenação validada - implementar lógica específica se necessário</arg>
<doc>Logs the given message with the given level.</doc>
<status status="PASS" start="2025-10-28T14:31:47.745794" elapsed="0.000376"/>
</kw>
<msg time="2025-10-28T14:31:47.759580" level="INFO">Switching context to context=4e614f18-fab6-481e-9f9b-835e583489d6 in CURRENT</msg>
<msg time="2025-10-28T14:31:47.767801" level="INFO">Successfully changed active context: context=4e614f18-fab6-481e-9f9b-835e583489d6</msg>
<msg time="2025-10-28T14:31:47.824324" level="INFO">Successfully closed Context</msg>
<doc>Deve validar se as reservas estão ordenadas corretamente</doc>
<tag>ordering</tag>
<tag>reservations</tag>
<status status="PASS" start="2025-10-28T14:31:43.764676" elapsed="3.981494"/>
</test>
<test id="s1-s1-t15" name="TC064 - Validar Comportamento Sem Reservas" line="148">
<kw name="Configurar Teste" owner="login_form">
<kw name="New Browser" owner="Browser">
<msg time="2025-10-28T14:31:47.833670" level="INFO">Switching browser to browser=de8cb745-0635-4a89-92a9-3f97ba7e9408</msg>
<msg time="2025-10-28T14:31:47.836903" level="INFO">Successfully changed active browser: browser=de8cb745-0635-4a89-92a9-3f97ba7e9408</msg>
<msg time="2025-10-28T14:31:47.836903" level="INFO">Reusing existing browser with id: browser=de8cb745-0635-4a89-92a9-3f97ba7e9408</msg>
<arg>chromium</arg>
<arg>headless=False</arg>
<tag>BrowserControl</tag>
<tag>Setter</tag>
<doc>Create a new playwright Browser with specified options.</doc>
<status status="PASS" start="2025-10-28T14:31:47.832355" elapsed="0.004548"/>
</kw>
<kw name="New Context" owner="Browser">
<msg time="2025-10-28T14:31:47.843409" level="INFO">{
  "acceptDownloads": true,
  "bypassCSP": false,
  "forcedColors": "none",
  "ignoreHTTPSErrors": false,
  "javaScriptEnabled": true,
  "offline": false,
  "reducedMotion": "no-preference",
  "serviceWorkers": "allow",
  "viewport": {
    "height": 1080,
    "width": 1920
  }
}</msg>
<msg time="2025-10-28T14:31:47.859658" level="INFO">Successfully created context. </msg>
<msg time="2025-10-28T14:31:47.859658" level="INFO">{'acceptDownloads': True, 'bypassCSP': False, 'forcedColors': 'none', 'ignoreHTTPSErrors': False, 'javaScriptEnabled': True, 'offline': False, 'reducedMotion': 'no-preference', 'serviceWorkers': 'allow', 'viewport': {'height': 1080, 'width': 1920}}</msg>
<arg>viewport={'width': 1920, 'height': 1080}</arg>
<tag>BrowserControl</tag>
<tag>Setter</tag>
<doc>Create a new BrowserContext with specified options.</doc>
<status status="PASS" start="2025-10-28T14:31:47.837910" elapsed="0.021748"/>
</kw>
<status status="PASS" start="2025-10-28T14:31:47.832355" elapsed="0.027303"/>
</kw>
<kw name="Abrir Página de Login" owner="login_form">
<kw name="New Page" owner="Browser">
<msg time="2025-10-28T14:31:48.405645" level="INFO">Successfully initialized new page object and opened url: http://localhost:3002/login</msg>
<arg>http://localhost:3002/login</arg>
<tag>BrowserControl</tag>
<tag>Setter</tag>
<doc>Open a new Page.</doc>
<status status="PASS" start="2025-10-28T14:31:47.860653" elapsed="0.544992"/>
</kw>
<kw name="Wait For Elements State" owner="Browser">
<msg time="2025-10-28T14:31:48.513153" level="INFO">Waited for Element with selector css=.login-form at state visible</msg>
<arg>css=.login-form</arg>
<arg>visible</arg>
<arg>timeout=10s</arg>
<tag>PageContent</tag>
<tag>Wait</tag>
<doc>Waits for the element found by ``selector`` to satisfy state option.</doc>
<status status="PASS" start="2025-10-28T14:31:48.406649" elapsed="0.107023"/>
</kw>
<status status="PASS" start="2025-10-28T14:31:47.860653" elapsed="0.653019"/>
</kw>
<kw name="Preencher Formulário de Login" owner="login_form">
<kw name="Fill Text" owner="Browser">
<msg time="2025-10-28T14:31:48.515686" level="INFO">Fills the text 'raphaelrates.dev@gmail.com' in the given field.</msg>
<arg>css=#email</arg>
<arg>${email}</arg>
<tag>PageContent</tag>
<tag>Setter</tag>
<doc>Clears and fills the given ``txt`` into the text field found by ``selector``.</doc>
<status status="PASS" start="2025-10-28T14:31:48.514679" elapsed="0.027324"/>
</kw>
<kw name="Fill Text" owner="Browser">
<msg time="2025-10-28T14:31:48.546543" level="INFO">Fills the text '12345678' in the given field.</msg>
<arg>css=#password</arg>
<arg>${senha}</arg>
<tag>PageContent</tag>
<tag>Setter</tag>
<doc>Clears and fills the given ``txt`` into the text field found by ``selector``.</doc>
<status status="PASS" start="2025-10-28T14:31:48.543513" elapsed="0.022130"/>
</kw>
<kw name="Click" owner="Browser">
<msg time="2025-10-28T14:31:48.565643" level="INFO">Clicks the element 'css=main &gt; div &gt; div &gt; form &gt; button'.</msg>
<arg>css=main &gt; div &gt; div &gt; form &gt; button</arg>
<tag>PageContent</tag>
<tag>Setter</tag>
<doc>Simulates mouse click on the element found by ``selector``.</doc>
<status status="PASS" start="2025-10-28T14:31:48.565643" elapsed="0.061593"/>
</kw>
<kw name="Sleep" owner="BuiltIn">
<msg time="2025-10-28T14:31:50.629812" level="INFO">Slept 2 seconds.</msg>
<arg>2s</arg>
<doc>Pauses the test executed for the given time.</doc>
<status status="PASS" start="2025-10-28T14:31:48.628083" elapsed="2.001729"/>
</kw>
<arg>raphaelrates.dev@gmail.com</arg>
<arg>12345678</arg>
<status status="PASS" start="2025-10-28T14:31:48.513672" elapsed="2.116140"/>
</kw>
<kw name="Log" owner="BuiltIn">
<msg time="2025-10-28T14:31:50.629812" level="INFO">Comportamento sem reservas - implementar com usuário específico</msg>
<arg>Comportamento sem reservas - implementar com usuário específico</arg>
<doc>Logs the given message with the given level.</doc>
<status status="PASS" start="2025-10-28T14:31:50.629812" elapsed="0.000000"/>
</kw>
<msg time="2025-10-28T14:31:50.643591" level="INFO">Switching context to context=77e8303d-761e-483e-9b1a-3cb41c04a5e5 in CURRENT</msg>
<msg time="2025-10-28T14:31:50.653383" level="INFO">Successfully changed active context: context=77e8303d-761e-483e-9b1a-3cb41c04a5e5</msg>
<msg time="2025-10-28T14:31:50.710166" level="INFO">Successfully closed Context</msg>
<doc>Deve verificar o comportamento quando não há reservas</doc>
<tag>empty</tag>
<tag>reservations</tag>
<status status="PASS" start="2025-10-28T14:31:47.825994" elapsed="2.803818"/>
</test>
<doc>Testes relacionados ás reservs do usuario</doc>
<status status="FAIL" start="2025-10-28T14:30:28.623584" elapsed="82.088584"/>
</suite>
<status status="FAIL" start="2025-10-28T14:30:28.595440" elapsed="82.128052"/>
</suite>
<statistics>
<total>
<stat pass="8" fail="7" skip="0">All Tests</stat>
</total>
<tag>
<stat pass="1" fail="0" skip="0">actions</stat>
<stat pass="0" fail="1" skip="0">avengers</stat>
<stat pass="0" fail="1" skip="0">content</stat>
<stat pass="1" fail="0" skip="0">empty</stat>
<stat pass="1" fail="0" skip="0">icons</stat>
<stat pass="0" fail="1" skip="0">image</stat>
<stat pass="0" fail="1" skip="0">multiple</stat>
<stat pass="1" fail="1" skip="0">navigation</stat>
<stat pass="1" fail="0" skip="0">ordering</stat>
<stat pass="0" fail="1" skip="0">payment</stat>
<stat pass="8" fail="7" skip="0">reservations</stat>
<stat pass="0" fail="1" skip="0">responsive</stat>
<stat pass="1" fail="0" skip="0">smoke</stat>
<stat pass="1" fail="0" skip="0">status</stat>
<stat pass="0" fail="1" skip="0">structure</stat>
<stat pass="1" fail="0" skip="0">validation</stat>
</tag>
<suite>
<stat name="Web" id="s1" pass="8" fail="7" skip="0">Web</stat>
<stat name="Reservations" id="s1-s1" pass="8" fail="7" skip="0">Web.Reservations</stat>
</suite>
</statistics>
<errors>
<msg time="2025-10-28T14:30:28.836711" level="WARN">Error in file 'C:\Users\raphael\Documents\GitHub\learn\Compass\cinema\test-ciname-challenge\resources\base.resource' on line 135: The '[Return]' setting is deprecated. Use the 'RETURN' statement instead.</msg>
<msg time="2025-10-28T14:30:29.011795" level="ERROR">Error in file 'C:\Users\raphael\Documents\GitHub\learn\Compass\cinema\test-ciname-challenge\resources\base.resource' on line 11: Importing library 'Faker' failed: ModuleNotFoundError: No module named 'Faker'
Traceback (most recent call last):
  None
PYTHONPATH:
  C:\Users\raphael\anaconda3\Scripts\robot.exe
  C:\Users\raphael\anaconda3\python312.zip
  C:\Users\raphael\anaconda3\DLLs
  C:\Users\raphael\anaconda3\Lib
  C:\Users\raphael\anaconda3
  C:\Users\raphael\anaconda3\Lib\site-packages
  C:\Users\raphael\anaconda3\Lib\site-packages\win32
  C:\Users\raphael\anaconda3\Lib\site-packages\win32\lib
  C:\Users\raphael\anaconda3\Lib\site-packages\Pythonwin</msg>
<msg time="2025-10-28T14:30:29.123949" level="ERROR">Error in file 'C:\Users\raphael\Documents\GitHub\learn\Compass\cinema\test-ciname-challenge\resources\pages\reservation_page.resource' on line 74: Creating keyword 'Validar Nome do Filme' failed: Invalid argument specification: Non-default argument after default arguments.</msg>
<msg time="2025-10-28T14:30:29.123949" level="ERROR">Error in file 'C:\Users\raphael\Documents\GitHub\learn\Compass\cinema\test-ciname-challenge\resources\pages\reservation_page.resource' on line 79: Creating keyword 'Validar Data da Sessão' failed: Invalid argument specification: Non-default argument after default arguments.</msg>
<msg time="2025-10-28T14:30:29.123949" level="ERROR">Error in file 'C:\Users\raphael\Documents\GitHub\learn\Compass\cinema\test-ciname-challenge\resources\pages\reservation_page.resource' on line 84: Creating keyword 'Validar Horário da Sessão' failed: Invalid argument specification: Non-default argument after default arguments.</msg>
<msg time="2025-10-28T14:30:29.125993" level="ERROR">Error in file 'C:\Users\raphael\Documents\GitHub\learn\Compass\cinema\test-ciname-challenge\resources\pages\reservation_page.resource' on line 89: Creating keyword 'Validar Teatro da Sessão' failed: Invalid argument specification: Non-default argument after default arguments.</msg>
<msg time="2025-10-28T14:30:29.125993" level="ERROR">Error in file 'C:\Users\raphael\Documents\GitHub\learn\Compass\cinema\test-ciname-challenge\resources\pages\reservation_page.resource' on line 94: Creating keyword 'Validar Assento da Reserva' failed: Invalid argument specification: Non-default argument after default arguments.</msg>
<msg time="2025-10-28T14:30:29.125993" level="ERROR">Error in file 'C:\Users\raphael\Documents\GitHub\learn\Compass\cinema\test-ciname-challenge\resources\pages\reservation_page.resource' on line 99: Creating keyword 'Validar Preço da Reserva' failed: Invalid argument specification: Non-default argument after default arguments.</msg>
<msg time="2025-10-28T14:30:29.125993" level="ERROR">Error in file 'C:\Users\raphael\Documents\GitHub\learn\Compass\cinema\test-ciname-challenge\resources\pages\reservation_page.resource' on line 104: Creating keyword 'Validar Forma de Pagamento' failed: Invalid argument specification: Non-default argument after default arguments.</msg>
<msg time="2025-10-28T14:30:29.125993" level="ERROR">Error in file 'C:\Users\raphael\Documents\GitHub\learn\Compass\cinema\test-ciname-challenge\resources\pages\reservation_page.resource' on line 110: Creating keyword 'Validar Poster do Filme' failed: Invalid argument specification: Non-default argument after default arguments.</msg>
<msg time="2025-10-28T14:30:29.138133" level="WARN">Error in file 'C:\Users\raphael\Documents\GitHub\learn\Compass\cinema\test-ciname-challenge\resources\components\auth\login_form.resource' on line 62: The '[Return]' setting is deprecated. Use the 'RETURN' statement instead.</msg>
</errors>
</robot>
