<?xml version="1.0" encoding="UTF-8"?>
<robot generator="Robot 7.3.2 (Python 3.12.7 on win32)" generated="2025-10-28T17:27:40.652655" rpa="false" schemaversion="5">
<suite id="s1" name="Server" source="C:\Users\raphael\Documents\GitHub\learn\Compass\cinema\test-ciname-challenge\tests\server">
<suite id="s1-s1" name="Auth" source="C:\Users\raphael\Documents\GitHub\learn\Compass\cinema\test-ciname-challenge\tests\server\auth.robot">
<test id="s1-s1-t1" name="TC001 - Cadastro de Usuário com Email Já Existente" line="9">
<kw name="Create API Session" owner="auth" type="SETUP">
<kw name="Create Session" owner="RequestsLibrary">
<msg time="2025-10-28T17:27:41.021223" level="INFO">Creating Session using : alias=cinema_api, url=http://localhost:3000/api/v1, headers={},                     cookies={}, auth=None, timeout=None, proxies=None, verify=True,                     debug=0 </msg>
<arg>cinema_api</arg>
<arg>${URL_API}</arg>
<arg>verify=True</arg>
<doc>Create Session: create a HTTP session to a server</doc>
<status status="PASS" start="2025-10-28T17:27:41.021223" elapsed="0.000000"/>
</kw>
<doc>Cria a sessão de RequestsLibrary.</doc>
<status status="PASS" start="2025-10-28T17:27:41.020724" elapsed="0.000499"/>
</kw>
<kw name="Get Time" owner="BuiltIn">
<msg time="2025-10-28T17:27:41.022231" level="INFO">${timestamp} = 1761683261</msg>
<var>${timestamp}</var>
<arg>epoch</arg>
<doc>Returns the given time in the requested format.</doc>
<status status="PASS" start="2025-10-28T17:27:41.022231" elapsed="0.000000"/>
</kw>
<kw name="Catenate" owner="BuiltIn">
<msg time="2025-10-28T17:27:41.023230" level="INFO">${existing_email} = teste_existente_1761683261@email.com</msg>
<var>${existing_email}</var>
<arg>SEPARATOR=</arg>
<arg>teste_existente_${timestamp}@email.com</arg>
<doc>Catenates the given items together and returns the resulted string.</doc>
<status status="PASS" start="2025-10-28T17:27:41.022231" elapsed="0.000999"/>
</kw>
<kw name="Register And Perform Login" owner="auth">
<kw name="Create Dictionary" owner="BuiltIn">
<msg time="2025-10-28T17:27:41.024228" level="INFO">${headers} = {'Content-Type': 'application/json'}</msg>
<var>${headers}</var>
<arg>Content-Type=application/json</arg>
<doc>Creates and returns a dictionary based on the given ``items``.</doc>
<status status="PASS" start="2025-10-28T17:27:41.024228" elapsed="0.000000"/>
</kw>
<kw name="Create Dictionary" owner="BuiltIn">
<msg time="2025-10-28T17:27:41.024228" level="INFO">${body} = {'email': 'teste_existente_1761683261@email.com', 'password': 'senha456', 'name': 'New Test User', 'role': 'user # &lt;-- INCLUA ROLE NO BODY'}</msg>
<var>${body}</var>
<arg>email=${email}</arg>
<arg>password=${password}</arg>
<arg>name=${name}</arg>
<arg>role=${role} # &lt;-- INCLUA ROLE NO BODY</arg>
<doc>Creates and returns a dictionary based on the given ``items``.</doc>
<status status="PASS" start="2025-10-28T17:27:41.024228" elapsed="0.000000"/>
</kw>
<kw name="POST On Session" owner="RequestsLibrary">
<msg time="2025-10-28T17:27:41.227335" level="INFO">POST Request : url=http://localhost:3000/api/v1/auth/register 
 path_url=/api/v1/auth/register 
 headers={'User-Agent': 'python-requests/2.32.3', 'Accept-Encoding': 'gzip, deflate, br, zstd', 'Accept': '*/*', 'Connection': 'keep-alive', 'Content-Type': 'application/json', 'Content-Length': '140'} 
 body=b'{"email": "teste_existente_1761683261@email.com", "password": "senha456", "name": "New Test User", "role": "user # &lt;-- INCLUA ROLE NO BODY"}' 
 </msg>
<msg time="2025-10-28T17:27:41.227335" level="INFO">POST Response : url=http://localhost:3000/api/v1/auth/register 
 status=201, reason=Created 
 headers={'X-Powered-By': 'Express', 'Access-Control-Allow-Origin': '*', 'Content-Type': 'application/json; charset=utf-8', 'Content-Length': '324', 'ETag': 'W/"144-t3kvHQug9NvaNNiMg9uYxsYOh4w"', 'Date': 'Tue, 28 Oct 2025 20:27:41 GMT', 'Connection': 'keep-alive', 'Keep-Alive': 'timeout=5'} 
 body={"success":true,"data":{"_id":"6901273db07ad8ec5dda511a","name":"New Test User","email":"teste_existente_1761683261@email.com","role":"user","token":"eyJhbGciOiJIUzI1NiIsInR5cCI6IkpXVCJ9.eyJpZCI6IjY5MDEyNzNkYjA3YWQ4ZWM1ZGRhNTExYSIsImlhdCI6MTc2MTY4MzI2MSwiZXhwIjoxNzYxNzY5NjYxfQ.oHJarCbDav1sCO4TrSO-X3E2IJOwrdnRJsVbOglMogM"}} 
 </msg>
<msg time="2025-10-28T17:27:41.227335" level="INFO">${response} = &lt;Response [201]&gt;</msg>
<var>${response}</var>
<arg>cinema_api</arg>
<arg>/auth/register</arg>
<arg>json=${body}</arg>
<arg>headers=${headers}</arg>
<doc>Sends a POST request on a previously created HTTP Session.</doc>
<status status="PASS" start="2025-10-28T17:27:41.024228" elapsed="0.203107"/>
</kw>
<kw name="Should Be Equal As Strings" owner="BuiltIn">
<msg time="2025-10-28T17:27:41.229336" level="INFO">Argument types are:
&lt;class 'int'&gt;
&lt;class 'str'&gt;</msg>
<arg>${response.status_code}</arg>
<arg>201</arg>
<doc>Fails if objects are unequal after converting them to strings.</doc>
<status status="PASS" start="2025-10-28T17:27:41.228336" elapsed="0.001000"/>
</kw>
<kw name="Perform Valid Login" owner="auth">
<kw name="Create Dictionary" owner="BuiltIn">
<msg time="2025-10-28T17:27:41.229336" level="INFO">${headers} = {'Content-Type': 'application/json'}</msg>
<var>${headers}</var>
<arg>Content-Type=application/json</arg>
<doc>Creates and returns a dictionary based on the given ``items``.</doc>
<status status="PASS" start="2025-10-28T17:27:41.229336" elapsed="0.000000"/>
</kw>
<kw name="Create Dictionary" owner="BuiltIn">
<msg time="2025-10-28T17:27:41.230842" level="INFO">${body} = {'email': 'teste_existente_1761683261@email.com', 'password': 'senha456'}</msg>
<var>${body}</var>
<arg>email=${email}</arg>
<arg>password=${password}</arg>
<doc>Creates and returns a dictionary based on the given ``items``.</doc>
<status status="PASS" start="2025-10-28T17:27:41.229336" elapsed="0.001506"/>
</kw>
<kw name="POST On Session" owner="RequestsLibrary">
<msg time="2025-10-28T17:27:41.361983" level="INFO">POST Request : url=http://localhost:3000/api/v1/auth/login 
 path_url=/api/v1/auth/login 
 headers={'User-Agent': 'python-requests/2.32.3', 'Accept-Encoding': 'gzip, deflate, br, zstd', 'Accept': '*/*', 'Connection': 'keep-alive', 'Content-Type': 'application/json', 'Content-Length': '73'} 
 body=b'{"email": "teste_existente_1761683261@email.com", "password": "senha456"}' 
 </msg>
<msg time="2025-10-28T17:27:41.361983" level="INFO">POST Response : url=http://localhost:3000/api/v1/auth/login 
 status=200, reason=OK 
 headers={'X-Powered-By': 'Express', 'Access-Control-Allow-Origin': '*', 'Content-Type': 'application/json; charset=utf-8', 'Content-Length': '324', 'ETag': 'W/"144-t3kvHQug9NvaNNiMg9uYxsYOh4w"', 'Date': 'Tue, 28 Oct 2025 20:27:41 GMT', 'Connection': 'keep-alive', 'Keep-Alive': 'timeout=5'} 
 body={"success":true,"data":{"_id":"6901273db07ad8ec5dda511a","name":"New Test User","email":"teste_existente_1761683261@email.com","role":"user","token":"eyJhbGciOiJIUzI1NiIsInR5cCI6IkpXVCJ9.eyJpZCI6IjY5MDEyNzNkYjA3YWQ4ZWM1ZGRhNTExYSIsImlhdCI6MTc2MTY4MzI2MSwiZXhwIjoxNzYxNzY5NjYxfQ.oHJarCbDav1sCO4TrSO-X3E2IJOwrdnRJsVbOglMogM"}} 
 </msg>
<msg time="2025-10-28T17:27:41.361983" level="INFO">${response} = &lt;Response [200]&gt;</msg>
<var>${response}</var>
<arg>cinema_api</arg>
<arg>/auth/login</arg>
<arg>json=${body}</arg>
<arg>headers=${headers}</arg>
<doc>Sends a POST request on a previously created HTTP Session.</doc>
<status status="PASS" start="2025-10-28T17:27:41.230842" elapsed="0.131141"/>
</kw>
<kw name="Should Be Equal As Strings" owner="BuiltIn">
<msg time="2025-10-28T17:27:41.361983" level="INFO">Argument types are:
&lt;class 'int'&gt;
&lt;class 'str'&gt;</msg>
<arg>${response.status_code}</arg>
<arg>200</arg>
<doc>Fails if objects are unequal after converting them to strings.</doc>
<status status="PASS" start="2025-10-28T17:27:41.361983" elapsed="0.000000"/>
</kw>
<kw name="Should Be Equal As Strings" owner="BuiltIn">
<msg time="2025-10-28T17:27:41.361983" level="INFO">Argument types are:
&lt;class 'bool'&gt;
&lt;class 'str'&gt;</msg>
<arg>${response.json()}[success]</arg>
<arg>True</arg>
<doc>Fails if objects are unequal after converting them to strings.</doc>
<status status="PASS" start="2025-10-28T17:27:41.361983" elapsed="0.000000"/>
</kw>
<kw name="Set Variable" owner="BuiltIn">
<msg time="2025-10-28T17:27:41.361983" level="INFO">${token} = eyJhbGciOiJIUzI1NiIsInR5cCI6IkpXVCJ9.eyJpZCI6IjY5MDEyNzNkYjA3YWQ4ZWM1ZGRhNTExYSIsImlhdCI6MTc2MTY4MzI2MSwiZXhwIjoxNzYxNzY5NjYxfQ.oHJarCbDav1sCO4TrSO-X3E2IJOwrdnRJsVbOglMogM</msg>
<var>${token}</var>
<arg>${response.json()}[data][token]</arg>
<doc>Returns the given values which can then be assigned to a variables.</doc>
<status status="PASS" start="2025-10-28T17:27:41.361983" elapsed="0.000000"/>
</kw>
<return>
<value>${token}</value>
<status status="PASS" start="2025-10-28T17:27:41.361983" elapsed="0.000000"/>
</return>
<msg time="2025-10-28T17:27:41.367965" level="INFO">${token} = eyJhbGciOiJIUzI1NiIsInR5cCI6IkpXVCJ9.eyJpZCI6IjY5MDEyNzNkYjA3YWQ4ZWM1ZGRhNTExYSIsImlhdCI6MTc2MTY4MzI2MSwiZXhwIjoxNzYxNzY5NjYxfQ.oHJarCbDav1sCO4TrSO-X3E2IJOwrdnRJsVbOglMogM</msg>
<var>${token}</var>
<arg>${email}</arg>
<arg>${password}</arg>
<doc>Realiza login e retorna o token JWT.</doc>
<status status="PASS" start="2025-10-28T17:27:41.229336" elapsed="0.138629"/>
</kw>
<return>
<value>${token}</value>
<status status="PASS" start="2025-10-28T17:27:41.367965" elapsed="0.000000"/>
</return>
<msg time="2025-10-28T17:27:41.367965" level="INFO">${token} = eyJhbGciOiJIUzI1NiIsInR5cCI6IkpXVCJ9.eyJpZCI6IjY5MDEyNzNkYjA3YWQ4ZWM1ZGRhNTExYSIsImlhdCI6MTc2MTY4MzI2MSwiZXhwIjoxNzYxNzY5NjYxfQ.oHJarCbDav1sCO4TrSO-X3E2IJOwrdnRJsVbOglMogM</msg>
<var>${token}</var>
<arg>${existing_email}</arg>
<arg>${NEW_USER_PASSWORD}</arg>
<doc>Registra um novo usuário e faz login imediatamente.</doc>
<status status="PASS" start="2025-10-28T17:27:41.023230" elapsed="0.344735"/>
</kw>
<kw name="Create Dictionary" owner="BuiltIn">
<msg time="2025-10-28T17:27:41.367965" level="INFO">${headers} = {'Content-Type': 'application/json'}</msg>
<var>${headers}</var>
<arg>Content-Type=application/json</arg>
<doc>Creates and returns a dictionary based on the given ``items``.</doc>
<status status="PASS" start="2025-10-28T17:27:41.367965" elapsed="0.000000"/>
</kw>
<kw name="Create Dictionary" owner="BuiltIn">
<msg time="2025-10-28T17:27:41.368972" level="INFO">${body} = {'name': 'Duplicate User', 'email': 'teste_existente_1761683261@email.com', 'password': 'senha456'}</msg>
<var>${body}</var>
<arg>name=Duplicate User</arg>
<arg>email=${existing_email}</arg>
<arg>password=${NEW_USER_PASSWORD}</arg>
<doc>Creates and returns a dictionary based on the given ``items``.</doc>
<status status="PASS" start="2025-10-28T17:27:41.367965" elapsed="0.001007"/>
</kw>
<kw name="POST On Session" owner="RequestsLibrary">
<msg time="2025-10-28T17:27:41.431093" level="INFO">POST Request : url=http://localhost:3000/api/v1/auth/register 
 path_url=/api/v1/auth/register 
 headers={'User-Agent': 'python-requests/2.32.3', 'Accept-Encoding': 'gzip, deflate, br, zstd', 'Accept': '*/*', 'Connection': 'keep-alive', 'Content-Type': 'application/json', 'Content-Length': '99'} 
 body=b'{"name": "Duplicate User", "email": "teste_existente_1761683261@email.com", "password": "senha456"}' 
 </msg>
<msg time="2025-10-28T17:27:41.431093" level="INFO">POST Response : url=http://localhost:3000/api/v1/auth/register 
 status=400, reason=Bad Request 
 headers={'X-Powered-By': 'Express', 'Access-Control-Allow-Origin': '*', 'Content-Type': 'application/json; charset=utf-8', 'Content-Length': '49', 'ETag': 'W/"31-WKEMg8zALB1Ko0WjUHi/6RBGHVc"', 'Date': 'Tue, 28 Oct 2025 20:27:41 GMT', 'Connection': 'keep-alive', 'Keep-Alive': 'timeout=5'} 
 body={"success":false,"message":"User already exists"} 
 </msg>
<msg time="2025-10-28T17:27:41.431093" level="INFO">${response} = &lt;Response [400]&gt;</msg>
<var>${response}</var>
<arg>cinema_api</arg>
<arg>/auth/register</arg>
<arg>json=${body}</arg>
<arg>headers=${headers}</arg>
<arg>expected_status=400</arg>
<doc>Sends a POST request on a previously created HTTP Session.</doc>
<status status="PASS" start="2025-10-28T17:27:41.368972" elapsed="0.062121"/>
</kw>
<kw name="Should Be Equal As Strings" owner="BuiltIn">
<msg time="2025-10-28T17:27:41.431093" level="INFO">Argument types are:
&lt;class 'int'&gt;
&lt;class 'str'&gt;</msg>
<arg>${response.status_code}</arg>
<arg>400</arg>
<doc>Fails if objects are unequal after converting them to strings.</doc>
<status status="PASS" start="2025-10-28T17:27:41.431093" elapsed="0.000000"/>
</kw>
<kw name="Log" owner="BuiltIn">
<msg time="2025-10-28T17:27:41.431093" level="INFO">Response da duplicação: {'success': False, 'message': 'User already exists'}</msg>
<arg>Response da duplicação: ${response.json()}</arg>
<doc>Logs the given message with the given level.</doc>
<status status="PASS" start="2025-10-28T17:27:41.431093" elapsed="0.000000"/>
</kw>
<doc>Tenta cadastrar usuário com email já registrado - CORRIGIDO</doc>
<status status="PASS" start="2025-10-28T17:27:41.017630" elapsed="0.413463"/>
</test>
<test id="s1-s1-t2" name="TC002 - Cadastro com Dados Inválidos" line="20">
<kw name="Create API Session" owner="auth" type="SETUP">
<kw name="Create Session" owner="RequestsLibrary">
<msg time="2025-10-28T17:27:41.431093" level="INFO">Creating Session using : alias=cinema_api, url=http://localhost:3000/api/v1, headers={},                     cookies={}, auth=None, timeout=None, proxies=None, verify=True,                     debug=0 </msg>
<arg>cinema_api</arg>
<arg>${URL_API}</arg>
<arg>verify=True</arg>
<doc>Create Session: create a HTTP session to a server</doc>
<status status="PASS" start="2025-10-28T17:27:41.431093" elapsed="0.000000"/>
</kw>
<doc>Cria a sessão de RequestsLibrary.</doc>
<status status="PASS" start="2025-10-28T17:27:41.431093" elapsed="0.000000"/>
</kw>
<kw name="Get Time" owner="BuiltIn">
<msg time="2025-10-28T17:27:41.431093" level="INFO">${timestamp} = 1761683261</msg>
<var>${timestamp}</var>
<arg>epoch</arg>
<doc>Returns the given time in the requested format.</doc>
<status status="PASS" start="2025-10-28T17:27:41.431093" elapsed="0.000000"/>
</kw>
<kw name="Create List" owner="BuiltIn">
<msg time="2025-10-28T17:27:41.439438" level="INFO">@{test_cases} = [ {'name': '', 'email': 'teste1761683261@email.com', 'password': '123456'} | {'name': 'Test User', 'email': 'email-invalido', 'password': '123456'} | {'name': 'Test User', 'email': 'teste17616832612@e...</msg>
<var>@{test_cases}</var>
<arg>${{{"name": "", "email": "teste${timestamp}@email.com", "password": "123456"}}}</arg>
<arg>${{{"name": "Test User", "email": "email-invalido", "password": "123456"}}}</arg>
<arg>${{{"name": "Test User", "email": "teste${timestamp}2@email.com", "password": "123"}}}</arg>
<arg>${{{"name": "Test User", "email": "", "password": "123456"}}}</arg>
<doc>Returns a list containing given items.</doc>
<status status="PASS" start="2025-10-28T17:27:41.431093" elapsed="0.008345"/>
</kw>
<for flavor="IN">
<iter>
<kw name="Create Dictionary" owner="BuiltIn">
<msg time="2025-10-28T17:27:41.439438" level="INFO">${headers} = {'Content-Type': 'application/json'}</msg>
<var>${headers}</var>
<arg>Content-Type=application/json</arg>
<doc>Creates and returns a dictionary based on the given ``items``.</doc>
<status status="PASS" start="2025-10-28T17:27:41.439438" elapsed="0.000000"/>
</kw>
<kw name="POST On Session" owner="RequestsLibrary">
<msg time="2025-10-28T17:27:41.500969" level="INFO">POST Request : url=http://localhost:3000/api/v1/auth/register 
 path_url=/api/v1/auth/register 
 headers={'User-Agent': 'python-requests/2.32.3', 'Accept-Encoding': 'gzip, deflate, br, zstd', 'Accept': '*/*', 'Connection': 'keep-alive', 'Content-Type': 'application/json', 'Content-Length': '72'} 
 body=b'{"name": "", "email": "teste1761683261@email.com", "password": "123456"}' 
 </msg>
<msg time="2025-10-28T17:27:41.500969" level="INFO">POST Response : url=http://localhost:3000/api/v1/auth/register 
 status=400, reason=Bad Request 
 headers={'X-Powered-By': 'Express', 'Access-Control-Allow-Origin': '*', 'Content-Type': 'application/json; charset=utf-8', 'Content-Length': '84', 'ETag': 'W/"54-ngttIdQLZ4eaUkzci3s3HkS64jw"', 'Date': 'Tue, 28 Oct 2025 20:27:41 GMT', 'Connection': 'keep-alive', 'Keep-Alive': 'timeout=5'} 
 body={"success":false,"message":"Validation failed","errors":{"name":"Name is required"}} 
 </msg>
<msg time="2025-10-28T17:27:41.500969" level="INFO">${response} = &lt;Response [400]&gt;</msg>
<var>${response}</var>
<arg>cinema_api</arg>
<arg>/auth/register</arg>
<arg>json=${test_case}</arg>
<arg>headers=${headers}</arg>
<arg>expected_status=400</arg>
<doc>Sends a POST request on a previously created HTTP Session.</doc>
<status status="PASS" start="2025-10-28T17:27:41.439438" elapsed="0.061531"/>
</kw>
<kw name="Should Be Equal As Strings" owner="BuiltIn">
<msg time="2025-10-28T17:27:41.504359" level="INFO">Argument types are:
&lt;class 'int'&gt;
&lt;class 'str'&gt;</msg>
<arg>${response.status_code}</arg>
<arg>400</arg>
<doc>Fails if objects are unequal after converting them to strings.</doc>
<status status="PASS" start="2025-10-28T17:27:41.504359" elapsed="0.000000"/>
</kw>
<kw name="Log" owner="BuiltIn">
<msg time="2025-10-28T17:27:41.506803" level="INFO">Response para caso inválido: {'success': False, 'message': 'Validation failed', 'errors': {'name': 'Name is required'}}</msg>
<arg>Response para caso inválido: ${response.json()}</arg>
<doc>Logs the given message with the given level.</doc>
<status status="PASS" start="2025-10-28T17:27:41.504359" elapsed="0.002444"/>
</kw>
<var name="${test_case}">{'name': '', 'email': 'teste1761683261@email.com', 'password': '123456'}</var>
<status status="PASS" start="2025-10-28T17:27:41.439438" elapsed="0.067365"/>
</iter>
<iter>
<kw name="Create Dictionary" owner="BuiltIn">
<msg time="2025-10-28T17:27:41.506803" level="INFO">${headers} = {'Content-Type': 'application/json'}</msg>
<var>${headers}</var>
<arg>Content-Type=application/json</arg>
<doc>Creates and returns a dictionary based on the given ``items``.</doc>
<status status="PASS" start="2025-10-28T17:27:41.506803" elapsed="0.000000"/>
</kw>
<kw name="POST On Session" owner="RequestsLibrary">
<msg time="2025-10-28T17:27:41.581090" level="INFO">POST Request : url=http://localhost:3000/api/v1/auth/register 
 path_url=/api/v1/auth/register 
 headers={'User-Agent': 'python-requests/2.32.3', 'Accept-Encoding': 'gzip, deflate, br, zstd', 'Accept': '*/*', 'Connection': 'keep-alive', 'Content-Type': 'application/json', 'Content-Length': '70'} 
 body=b'{"name": "Test User", "email": "email-invalido", "password": "123456"}' 
 </msg>
<msg time="2025-10-28T17:27:41.581090" level="INFO">POST Response : url=http://localhost:3000/api/v1/auth/register 
 status=400, reason=Bad Request 
 headers={'X-Powered-By': 'Express', 'Access-Control-Allow-Origin': '*', 'Content-Type': 'application/json; charset=utf-8', 'Content-Length': '97', 'ETag': 'W/"61-Krv9gnZpw94ZcTkLQB5OMXVuBok"', 'Date': 'Tue, 28 Oct 2025 20:27:41 GMT', 'Connection': 'keep-alive', 'Keep-Alive': 'timeout=5'} 
 body={"success":false,"message":"Validation failed","errors":{"email":"Please provide a valid email"}} 
 </msg>
<msg time="2025-10-28T17:27:41.581090" level="INFO">${response} = &lt;Response [400]&gt;</msg>
<var>${response}</var>
<arg>cinema_api</arg>
<arg>/auth/register</arg>
<arg>json=${test_case}</arg>
<arg>headers=${headers}</arg>
<arg>expected_status=400</arg>
<doc>Sends a POST request on a previously created HTTP Session.</doc>
<status status="PASS" start="2025-10-28T17:27:41.506803" elapsed="0.074287"/>
</kw>
<kw name="Should Be Equal As Strings" owner="BuiltIn">
<msg time="2025-10-28T17:27:41.583184" level="INFO">Argument types are:
&lt;class 'int'&gt;
&lt;class 'str'&gt;</msg>
<arg>${response.status_code}</arg>
<arg>400</arg>
<doc>Fails if objects are unequal after converting them to strings.</doc>
<status status="PASS" start="2025-10-28T17:27:41.581090" elapsed="0.002094"/>
</kw>
<kw name="Log" owner="BuiltIn">
<msg time="2025-10-28T17:27:41.583184" level="INFO">Response para caso inválido: {'success': False, 'message': 'Validation failed', 'errors': {'email': 'Please provide a valid email'}}</msg>
<arg>Response para caso inválido: ${response.json()}</arg>
<doc>Logs the given message with the given level.</doc>
<status status="PASS" start="2025-10-28T17:27:41.583184" elapsed="0.000000"/>
</kw>
<var name="${test_case}">{'name': 'Test User', 'email': 'email-invalido', 'password': '123456'}</var>
<status status="PASS" start="2025-10-28T17:27:41.506803" elapsed="0.076381"/>
</iter>
<iter>
<kw name="Create Dictionary" owner="BuiltIn">
<msg time="2025-10-28T17:27:41.583184" level="INFO">${headers} = {'Content-Type': 'application/json'}</msg>
<var>${headers}</var>
<arg>Content-Type=application/json</arg>
<doc>Creates and returns a dictionary based on the given ``items``.</doc>
<status status="PASS" start="2025-10-28T17:27:41.583184" elapsed="0.000000"/>
</kw>
<kw name="POST On Session" owner="RequestsLibrary">
<msg time="2025-10-28T17:27:41.660999" level="INFO">POST Request : url=http://localhost:3000/api/v1/auth/register 
 path_url=/api/v1/auth/register 
 headers={'User-Agent': 'python-requests/2.32.3', 'Accept-Encoding': 'gzip, deflate, br, zstd', 'Accept': '*/*', 'Connection': 'keep-alive', 'Content-Type': 'application/json', 'Content-Length': '79'} 
 body=b'{"name": "Test User", "email": "teste17616832612@email.com", "password": "123"}' 
 </msg>
<msg time="2025-10-28T17:27:41.660999" level="INFO">POST Response : url=http://localhost:3000/api/v1/auth/register 
 status=400, reason=Bad Request 
 headers={'X-Powered-By': 'Express', 'Access-Control-Allow-Origin': '*', 'Content-Type': 'application/json; charset=utf-8', 'Content-Length': '115', 'ETag': 'W/"73-2kjRr4xheMpIIlrrmnuX+9CkBCA"', 'Date': 'Tue, 28 Oct 2025 20:27:41 GMT', 'Connection': 'keep-alive', 'Keep-Alive': 'timeout=5'} 
 body={"success":false,"message":"Validation failed","errors":{"password":"Password must be at least 6 characters long"}} 
 </msg>
<msg time="2025-10-28T17:27:41.660999" level="INFO">${response} = &lt;Response [400]&gt;</msg>
<var>${response}</var>
<arg>cinema_api</arg>
<arg>/auth/register</arg>
<arg>json=${test_case}</arg>
<arg>headers=${headers}</arg>
<arg>expected_status=400</arg>
<doc>Sends a POST request on a previously created HTTP Session.</doc>
<status status="PASS" start="2025-10-28T17:27:41.583184" elapsed="0.077815"/>
</kw>
<kw name="Should Be Equal As Strings" owner="BuiltIn">
<msg time="2025-10-28T17:27:41.660999" level="INFO">Argument types are:
&lt;class 'int'&gt;
&lt;class 'str'&gt;</msg>
<arg>${response.status_code}</arg>
<arg>400</arg>
<doc>Fails if objects are unequal after converting them to strings.</doc>
<status status="PASS" start="2025-10-28T17:27:41.660999" elapsed="0.000000"/>
</kw>
<kw name="Log" owner="BuiltIn">
<msg time="2025-10-28T17:27:41.660999" level="INFO">Response para caso inválido: {'success': False, 'message': 'Validation failed', 'errors': {'password': 'Password must be at least 6 characters long'}}</msg>
<arg>Response para caso inválido: ${response.json()}</arg>
<doc>Logs the given message with the given level.</doc>
<status status="PASS" start="2025-10-28T17:27:41.660999" elapsed="0.000000"/>
</kw>
<var name="${test_case}">{'name': 'Test User', 'email': 'teste17616832612@email.com', 'password': '123'}</var>
<status status="PASS" start="2025-10-28T17:27:41.583184" elapsed="0.077815"/>
</iter>
<iter>
<kw name="Create Dictionary" owner="BuiltIn">
<msg time="2025-10-28T17:27:41.660999" level="INFO">${headers} = {'Content-Type': 'application/json'}</msg>
<var>${headers}</var>
<arg>Content-Type=application/json</arg>
<doc>Creates and returns a dictionary based on the given ``items``.</doc>
<status status="PASS" start="2025-10-28T17:27:41.660999" elapsed="0.000000"/>
</kw>
<kw name="POST On Session" owner="RequestsLibrary">
<msg time="2025-10-28T17:27:41.731161" level="INFO">POST Request : url=http://localhost:3000/api/v1/auth/register 
 path_url=/api/v1/auth/register 
 headers={'User-Agent': 'python-requests/2.32.3', 'Accept-Encoding': 'gzip, deflate, br, zstd', 'Accept': '*/*', 'Connection': 'keep-alive', 'Content-Type': 'application/json', 'Content-Length': '56'} 
 body=b'{"name": "Test User", "email": "", "password": "123456"}' 
 </msg>
<msg time="2025-10-28T17:27:41.731161" level="INFO">POST Response : url=http://localhost:3000/api/v1/auth/register 
 status=400, reason=Bad Request 
 headers={'X-Powered-By': 'Express', 'Access-Control-Allow-Origin': '*', 'Content-Type': 'application/json; charset=utf-8', 'Content-Length': '86', 'ETag': 'W/"56-2AeNYjR8esCaF35ZnD5LBawWrNs"', 'Date': 'Tue, 28 Oct 2025 20:27:41 GMT', 'Connection': 'keep-alive', 'Keep-Alive': 'timeout=5'} 
 body={"success":false,"message":"Validation failed","errors":{"email":"Email is required"}} 
 </msg>
<msg time="2025-10-28T17:27:41.731161" level="INFO">${response} = &lt;Response [400]&gt;</msg>
<var>${response}</var>
<arg>cinema_api</arg>
<arg>/auth/register</arg>
<arg>json=${test_case}</arg>
<arg>headers=${headers}</arg>
<arg>expected_status=400</arg>
<doc>Sends a POST request on a previously created HTTP Session.</doc>
<status status="PASS" start="2025-10-28T17:27:41.660999" elapsed="0.070162"/>
</kw>
<kw name="Should Be Equal As Strings" owner="BuiltIn">
<msg time="2025-10-28T17:27:41.731161" level="INFO">Argument types are:
&lt;class 'int'&gt;
&lt;class 'str'&gt;</msg>
<arg>${response.status_code}</arg>
<arg>400</arg>
<doc>Fails if objects are unequal after converting them to strings.</doc>
<status status="PASS" start="2025-10-28T17:27:41.731161" elapsed="0.000000"/>
</kw>
<kw name="Log" owner="BuiltIn">
<msg time="2025-10-28T17:27:41.731161" level="INFO">Response para caso inválido: {'success': False, 'message': 'Validation failed', 'errors': {'email': 'Email is required'}}</msg>
<arg>Response para caso inválido: ${response.json()}</arg>
<doc>Logs the given message with the given level.</doc>
<status status="PASS" start="2025-10-28T17:27:41.731161" elapsed="0.000000"/>
</kw>
<var name="${test_case}">{'name': 'Test User', 'email': '', 'password': '123456'}</var>
<status status="PASS" start="2025-10-28T17:27:41.660999" elapsed="0.070162"/>
</iter>
<var>${test_case}</var>
<value>@{test_cases}</value>
<status status="PASS" start="2025-10-28T17:27:41.439438" elapsed="0.291723"/>
</for>
<doc>Testa registro com dados faltantes/inválidos - CORRIGIDO</doc>
<status status="PASS" start="2025-10-28T17:27:41.431093" elapsed="0.300068"/>
</test>
<test id="s1-s1-t3" name="TC003 - Login com Credenciais Inválidas" line="37">
<kw name="Create API Session" owner="auth" type="SETUP">
<kw name="Create Session" owner="RequestsLibrary">
<msg time="2025-10-28T17:27:41.735956" level="INFO">Creating Session using : alias=cinema_api, url=http://localhost:3000/api/v1, headers={},                     cookies={}, auth=None, timeout=None, proxies=None, verify=True,                     debug=0 </msg>
<arg>cinema_api</arg>
<arg>${URL_API}</arg>
<arg>verify=True</arg>
<doc>Create Session: create a HTTP session to a server</doc>
<status status="PASS" start="2025-10-28T17:27:41.735956" elapsed="0.000000"/>
</kw>
<doc>Cria a sessão de RequestsLibrary.</doc>
<status status="PASS" start="2025-10-28T17:27:41.735956" elapsed="0.000000"/>
</kw>
<kw name="Get Time" owner="BuiltIn">
<msg time="2025-10-28T17:27:41.735956" level="INFO">${timestamp} = 1761683261</msg>
<var>${timestamp}</var>
<arg>epoch</arg>
<doc>Returns the given time in the requested format.</doc>
<status status="PASS" start="2025-10-28T17:27:41.735956" elapsed="0.000000"/>
</kw>
<kw name="Catenate" owner="BuiltIn">
<msg time="2025-10-28T17:27:41.735956" level="INFO">${valid_email} = teste_login_invalido_1761683261@email.com</msg>
<var>${valid_email}</var>
<arg>SEPARATOR=</arg>
<arg>teste_login_invalido_${timestamp}@email.com</arg>
<doc>Catenates the given items together and returns the resulted string.</doc>
<status status="PASS" start="2025-10-28T17:27:41.735956" elapsed="0.000000"/>
</kw>
<kw name="Register And Perform Login" owner="auth">
<kw name="Create Dictionary" owner="BuiltIn">
<msg time="2025-10-28T17:27:41.735956" level="INFO">${headers} = {'Content-Type': 'application/json'}</msg>
<var>${headers}</var>
<arg>Content-Type=application/json</arg>
<doc>Creates and returns a dictionary based on the given ``items``.</doc>
<status status="PASS" start="2025-10-28T17:27:41.735956" elapsed="0.000000"/>
</kw>
<kw name="Create Dictionary" owner="BuiltIn">
<msg time="2025-10-28T17:27:41.735956" level="INFO">${body} = {'email': 'teste_login_invalido_1761683261@email.com', 'password': 'senha456', 'name': 'New Test User', 'role': 'user # &lt;-- INCLUA ROLE NO BODY'}</msg>
<var>${body}</var>
<arg>email=${email}</arg>
<arg>password=${password}</arg>
<arg>name=${name}</arg>
<arg>role=${role} # &lt;-- INCLUA ROLE NO BODY</arg>
<doc>Creates and returns a dictionary based on the given ``items``.</doc>
<status status="PASS" start="2025-10-28T17:27:41.735956" elapsed="0.000000"/>
</kw>
<kw name="POST On Session" owner="RequestsLibrary">
<msg time="2025-10-28T17:27:41.931066" level="INFO">POST Request : url=http://localhost:3000/api/v1/auth/register 
 path_url=/api/v1/auth/register 
 headers={'User-Agent': 'python-requests/2.32.3', 'Accept-Encoding': 'gzip, deflate, br, zstd', 'Accept': '*/*', 'Connection': 'keep-alive', 'Content-Type': 'application/json', 'Content-Length': '145'} 
 body=b'{"email": "teste_login_invalido_1761683261@email.com", "password": "senha456", "name": "New Test User", "role": "user # &lt;-- INCLUA ROLE NO BODY"}' 
 </msg>
<msg time="2025-10-28T17:27:41.931066" level="INFO">POST Response : url=http://localhost:3000/api/v1/auth/register 
 status=201, reason=Created 
 headers={'X-Powered-By': 'Express', 'Access-Control-Allow-Origin': '*', 'Content-Type': 'application/json; charset=utf-8', 'Content-Length': '329', 'ETag': 'W/"149-IBlNL5TSvOiN1E5O+XIbztLWzM8"', 'Date': 'Tue, 28 Oct 2025 20:27:41 GMT', 'Connection': 'keep-alive', 'Keep-Alive': 'timeout=5'} 
 body={"success":true,"data":{"_id":"6901273db07ad8ec5dda5127","name":"New Test User","email":"teste_login_invalido_1761683261@email.com","role":"user","token":"eyJhbGciOiJIUzI1NiIsInR5cCI6IkpXVCJ9.eyJpZCI6IjY5MDEyNzNkYjA3YWQ4ZWM1ZGRhNTEyNyIsImlhdCI6MTc2MTY4MzI2MSwiZXhwIjoxNzYxNzY5NjYxfQ.iHMTFQazdKHrhAL2TWvxDXTJRNtfhx80BtnArl7AJ18"}} 
 </msg>
<msg time="2025-10-28T17:27:41.937410" level="INFO">${response} = &lt;Response [201]&gt;</msg>
<var>${response}</var>
<arg>cinema_api</arg>
<arg>/auth/register</arg>
<arg>json=${body}</arg>
<arg>headers=${headers}</arg>
<doc>Sends a POST request on a previously created HTTP Session.</doc>
<status status="PASS" start="2025-10-28T17:27:41.735956" elapsed="0.201454"/>
</kw>
<kw name="Should Be Equal As Strings" owner="BuiltIn">
<msg time="2025-10-28T17:27:41.937410" level="INFO">Argument types are:
&lt;class 'int'&gt;
&lt;class 'str'&gt;</msg>
<arg>${response.status_code}</arg>
<arg>201</arg>
<doc>Fails if objects are unequal after converting them to strings.</doc>
<status status="PASS" start="2025-10-28T17:27:41.937410" elapsed="0.000000"/>
</kw>
<kw name="Perform Valid Login" owner="auth">
<kw name="Create Dictionary" owner="BuiltIn">
<msg time="2025-10-28T17:27:41.937410" level="INFO">${headers} = {'Content-Type': 'application/json'}</msg>
<var>${headers}</var>
<arg>Content-Type=application/json</arg>
<doc>Creates and returns a dictionary based on the given ``items``.</doc>
<status status="PASS" start="2025-10-28T17:27:41.937410" elapsed="0.000000"/>
</kw>
<kw name="Create Dictionary" owner="BuiltIn">
<msg time="2025-10-28T17:27:41.937410" level="INFO">${body} = {'email': 'teste_login_invalido_1761683261@email.com', 'password': 'senha456'}</msg>
<var>${body}</var>
<arg>email=${email}</arg>
<arg>password=${password}</arg>
<doc>Creates and returns a dictionary based on the given ``items``.</doc>
<status status="PASS" start="2025-10-28T17:27:41.937410" elapsed="0.000000"/>
</kw>
<kw name="POST On Session" owner="RequestsLibrary">
<msg time="2025-10-28T17:27:42.064713" level="INFO">POST Request : url=http://localhost:3000/api/v1/auth/login 
 path_url=/api/v1/auth/login 
 headers={'User-Agent': 'python-requests/2.32.3', 'Accept-Encoding': 'gzip, deflate, br, zstd', 'Accept': '*/*', 'Connection': 'keep-alive', 'Content-Type': 'application/json', 'Content-Length': '78'} 
 body=b'{"email": "teste_login_invalido_1761683261@email.com", "password": "senha456"}' 
 </msg>
<msg time="2025-10-28T17:27:42.064713" level="INFO">POST Response : url=http://localhost:3000/api/v1/auth/login 
 status=200, reason=OK 
 headers={'X-Powered-By': 'Express', 'Access-Control-Allow-Origin': '*', 'Content-Type': 'application/json; charset=utf-8', 'Content-Length': '329', 'ETag': 'W/"149-XiWeuDSHauo+HKmPny2/tH6fwUU"', 'Date': 'Tue, 28 Oct 2025 20:27:41 GMT', 'Connection': 'keep-alive', 'Keep-Alive': 'timeout=5'} 
 body={"success":true,"data":{"_id":"6901273db07ad8ec5dda5127","name":"New Test User","email":"teste_login_invalido_1761683261@email.com","role":"user","token":"eyJhbGciOiJIUzI1NiIsInR5cCI6IkpXVCJ9.eyJpZCI6IjY5MDEyNzNkYjA3YWQ4ZWM1ZGRhNTEyNyIsImlhdCI6MTc2MTY4MzI2MiwiZXhwIjoxNzYxNzY5NjYyfQ.gk5DnawhSzzu8qEtvhWm5Ut-9klQDnsMdPnvUmk8ELk"}} 
 </msg>
<msg time="2025-10-28T17:27:42.064713" level="INFO">${response} = &lt;Response [200]&gt;</msg>
<var>${response}</var>
<arg>cinema_api</arg>
<arg>/auth/login</arg>
<arg>json=${body}</arg>
<arg>headers=${headers}</arg>
<doc>Sends a POST request on a previously created HTTP Session.</doc>
<status status="PASS" start="2025-10-28T17:27:41.937410" elapsed="0.127303"/>
</kw>
<kw name="Should Be Equal As Strings" owner="BuiltIn">
<msg time="2025-10-28T17:27:42.064713" level="INFO">Argument types are:
&lt;class 'int'&gt;
&lt;class 'str'&gt;</msg>
<arg>${response.status_code}</arg>
<arg>200</arg>
<doc>Fails if objects are unequal after converting them to strings.</doc>
<status status="PASS" start="2025-10-28T17:27:42.064713" elapsed="0.000000"/>
</kw>
<kw name="Should Be Equal As Strings" owner="BuiltIn">
<msg time="2025-10-28T17:27:42.064713" level="INFO">Argument types are:
&lt;class 'bool'&gt;
&lt;class 'str'&gt;</msg>
<arg>${response.json()}[success]</arg>
<arg>True</arg>
<doc>Fails if objects are unequal after converting them to strings.</doc>
<status status="PASS" start="2025-10-28T17:27:42.064713" elapsed="0.004807"/>
</kw>
<kw name="Set Variable" owner="BuiltIn">
<msg time="2025-10-28T17:27:42.069846" level="INFO">${token} = eyJhbGciOiJIUzI1NiIsInR5cCI6IkpXVCJ9.eyJpZCI6IjY5MDEyNzNkYjA3YWQ4ZWM1ZGRhNTEyNyIsImlhdCI6MTc2MTY4MzI2MiwiZXhwIjoxNzYxNzY5NjYyfQ.gk5DnawhSzzu8qEtvhWm5Ut-9klQDnsMdPnvUmk8ELk</msg>
<var>${token}</var>
<arg>${response.json()}[data][token]</arg>
<doc>Returns the given values which can then be assigned to a variables.</doc>
<status status="PASS" start="2025-10-28T17:27:42.069520" elapsed="0.000326"/>
</kw>
<return>
<value>${token}</value>
<status status="PASS" start="2025-10-28T17:27:42.069846" elapsed="0.000000"/>
</return>
<msg time="2025-10-28T17:27:42.071062" level="INFO">${token} = eyJhbGciOiJIUzI1NiIsInR5cCI6IkpXVCJ9.eyJpZCI6IjY5MDEyNzNkYjA3YWQ4ZWM1ZGRhNTEyNyIsImlhdCI6MTc2MTY4MzI2MiwiZXhwIjoxNzYxNzY5NjYyfQ.gk5DnawhSzzu8qEtvhWm5Ut-9klQDnsMdPnvUmk8ELk</msg>
<var>${token}</var>
<arg>${email}</arg>
<arg>${password}</arg>
<doc>Realiza login e retorna o token JWT.</doc>
<status status="PASS" start="2025-10-28T17:27:41.937410" elapsed="0.133652"/>
</kw>
<return>
<value>${token}</value>
<status status="PASS" start="2025-10-28T17:27:42.071062" elapsed="0.000000"/>
</return>
<msg time="2025-10-28T17:27:42.071062" level="INFO">${token} = eyJhbGciOiJIUzI1NiIsInR5cCI6IkpXVCJ9.eyJpZCI6IjY5MDEyNzNkYjA3YWQ4ZWM1ZGRhNTEyNyIsImlhdCI6MTc2MTY4MzI2MiwiZXhwIjoxNzYxNzY5NjYyfQ.gk5DnawhSzzu8qEtvhWm5Ut-9klQDnsMdPnvUmk8ELk</msg>
<var>${token}</var>
<arg>${valid_email}</arg>
<arg>${NEW_USER_PASSWORD}</arg>
<doc>Registra um novo usuário e faz login imediatamente.</doc>
<status status="PASS" start="2025-10-28T17:27:41.735956" elapsed="0.335106"/>
</kw>
<kw name="Create List" owner="BuiltIn">
<msg time="2025-10-28T17:27:42.073073" level="INFO">@{invalid_credentials} = [ {'email': 'naoexiste@email.com', 'password': 'senha456'} | {'email': 'teste_login_invalido_1761683261@email.com', 'password': 'senhaerrada'} ]</msg>
<var>@{invalid_credentials}</var>
<arg>${{{"email": "naoexiste@email.com", "password": "${NEW_USER_PASSWORD}"}}}</arg>
<arg>${{{"email": "${valid_email}", "password": "senhaerrada"}}}</arg>
<doc>Returns a list containing given items.</doc>
<status status="PASS" start="2025-10-28T17:27:42.071062" elapsed="0.002011"/>
</kw>
<for flavor="IN">
<iter>
<kw name="Create Dictionary" owner="BuiltIn">
<msg time="2025-10-28T17:27:42.074079" level="INFO">${headers} = {'Content-Type': 'application/json'}</msg>
<var>${headers}</var>
<arg>Content-Type=application/json</arg>
<doc>Creates and returns a dictionary based on the given ``items``.</doc>
<status status="PASS" start="2025-10-28T17:27:42.074079" elapsed="0.000000"/>
</kw>
<kw name="POST On Session" owner="RequestsLibrary">
<msg time="2025-10-28T17:27:42.138769" level="INFO">POST Request : url=http://localhost:3000/api/v1/auth/login 
 path_url=/api/v1/auth/login 
 headers={'User-Agent': 'python-requests/2.32.3', 'Accept-Encoding': 'gzip, deflate, br, zstd', 'Accept': '*/*', 'Connection': 'keep-alive', 'Content-Type': 'application/json', 'Content-Length': '56'} 
 body=b'{"email": "naoexiste@email.com", "password": "senha456"}' 
 </msg>
<msg time="2025-10-28T17:27:42.138769" level="INFO">POST Response : url=http://localhost:3000/api/v1/auth/login 
 status=401, reason=Unauthorized 
 headers={'X-Powered-By': 'Express', 'Access-Control-Allow-Origin': '*', 'Content-Type': 'application/json; charset=utf-8', 'Content-Length': '55', 'ETag': 'W/"37-5uDpJTljPBecOPs/j7OXFdPRcmQ"', 'Date': 'Tue, 28 Oct 2025 20:27:42 GMT', 'Connection': 'keep-alive', 'Keep-Alive': 'timeout=5'} 
 body={"success":false,"message":"Invalid email or password"} 
 </msg>
<msg time="2025-10-28T17:27:42.138769" level="INFO">${response} = &lt;Response [401]&gt;</msg>
<var>${response}</var>
<arg>cinema_api</arg>
<arg>/auth/login</arg>
<arg>json=${credentials}</arg>
<arg>headers=${headers}</arg>
<arg>expected_status=401</arg>
<doc>Sends a POST request on a previously created HTTP Session.</doc>
<status status="PASS" start="2025-10-28T17:27:42.074079" elapsed="0.064690"/>
</kw>
<kw name="Should Be Equal As Strings" owner="BuiltIn">
<msg time="2025-10-28T17:27:42.140909" level="INFO">Argument types are:
&lt;class 'int'&gt;
&lt;class 'str'&gt;</msg>
<arg>${response.status_code}</arg>
<arg>401</arg>
<doc>Fails if objects are unequal after converting them to strings.</doc>
<status status="PASS" start="2025-10-28T17:27:42.138769" elapsed="0.002140"/>
</kw>
<kw name="Should Be Equal As Strings" owner="BuiltIn">
<msg time="2025-10-28T17:27:42.140909" level="INFO">Argument types are:
&lt;class 'bool'&gt;
&lt;class 'str'&gt;</msg>
<arg>${response.json()}[success]</arg>
<arg>False</arg>
<doc>Fails if objects are unequal after converting them to strings.</doc>
<status status="PASS" start="2025-10-28T17:27:42.140909" elapsed="0.000000"/>
</kw>
<kw name="Log" owner="BuiltIn">
<msg time="2025-10-28T17:27:42.140909" level="INFO">Response login inválido: {'success': False, 'message': 'Invalid email or password'}</msg>
<arg>Response login inválido: ${response.json()}</arg>
<doc>Logs the given message with the given level.</doc>
<status status="PASS" start="2025-10-28T17:27:42.140909" elapsed="0.000000"/>
</kw>
<var name="${credentials}">{'email': 'naoexiste@email.com', 'password': 'senha456'}</var>
<status status="PASS" start="2025-10-28T17:27:42.074079" elapsed="0.066830"/>
</iter>
<iter>
<kw name="Create Dictionary" owner="BuiltIn">
<msg time="2025-10-28T17:27:42.140909" level="INFO">${headers} = {'Content-Type': 'application/json'}</msg>
<var>${headers}</var>
<arg>Content-Type=application/json</arg>
<doc>Creates and returns a dictionary based on the given ``items``.</doc>
<status status="PASS" start="2025-10-28T17:27:42.140909" elapsed="0.000000"/>
</kw>
<kw name="POST On Session" owner="RequestsLibrary">
<msg time="2025-10-28T17:27:42.263723" level="INFO">POST Request : url=http://localhost:3000/api/v1/auth/login 
 path_url=/api/v1/auth/login 
 headers={'User-Agent': 'python-requests/2.32.3', 'Accept-Encoding': 'gzip, deflate, br, zstd', 'Accept': '*/*', 'Connection': 'keep-alive', 'Content-Type': 'application/json', 'Content-Length': '81'} 
 body=b'{"email": "teste_login_invalido_1761683261@email.com", "password": "senhaerrada"}' 
 </msg>
<msg time="2025-10-28T17:27:42.263723" level="INFO">POST Response : url=http://localhost:3000/api/v1/auth/login 
 status=401, reason=Unauthorized 
 headers={'X-Powered-By': 'Express', 'Access-Control-Allow-Origin': '*', 'Content-Type': 'application/json; charset=utf-8', 'Content-Length': '55', 'ETag': 'W/"37-5uDpJTljPBecOPs/j7OXFdPRcmQ"', 'Date': 'Tue, 28 Oct 2025 20:27:42 GMT', 'Connection': 'keep-alive', 'Keep-Alive': 'timeout=5'} 
 body={"success":false,"message":"Invalid email or password"} 
 </msg>
<msg time="2025-10-28T17:27:42.263723" level="INFO">${response} = &lt;Response [401]&gt;</msg>
<var>${response}</var>
<arg>cinema_api</arg>
<arg>/auth/login</arg>
<arg>json=${credentials}</arg>
<arg>headers=${headers}</arg>
<arg>expected_status=401</arg>
<doc>Sends a POST request on a previously created HTTP Session.</doc>
<status status="PASS" start="2025-10-28T17:27:42.140909" elapsed="0.122814"/>
</kw>
<kw name="Should Be Equal As Strings" owner="BuiltIn">
<msg time="2025-10-28T17:27:42.263723" level="INFO">Argument types are:
&lt;class 'int'&gt;
&lt;class 'str'&gt;</msg>
<arg>${response.status_code}</arg>
<arg>401</arg>
<doc>Fails if objects are unequal after converting them to strings.</doc>
<status status="PASS" start="2025-10-28T17:27:42.263723" elapsed="0.000000"/>
</kw>
<kw name="Should Be Equal As Strings" owner="BuiltIn">
<msg time="2025-10-28T17:27:42.270673" level="INFO">Argument types are:
&lt;class 'bool'&gt;
&lt;class 'str'&gt;</msg>
<arg>${response.json()}[success]</arg>
<arg>False</arg>
<doc>Fails if objects are unequal after converting them to strings.</doc>
<status status="PASS" start="2025-10-28T17:27:42.263723" elapsed="0.006950"/>
</kw>
<kw name="Log" owner="BuiltIn">
<msg time="2025-10-28T17:27:42.270673" level="INFO">Response login inválido: {'success': False, 'message': 'Invalid email or password'}</msg>
<arg>Response login inválido: ${response.json()}</arg>
<doc>Logs the given message with the given level.</doc>
<status status="PASS" start="2025-10-28T17:27:42.270673" elapsed="0.000000"/>
</kw>
<var name="${credentials}">{'email': 'teste_login_invalido_1761683261@email.com', 'password': 'senhaerrada'}</var>
<status status="PASS" start="2025-10-28T17:27:42.140909" elapsed="0.129764"/>
</iter>
<var>${credentials}</var>
<value>@{invalid_credentials}</value>
<status status="PASS" start="2025-10-28T17:27:42.074079" elapsed="0.196594"/>
</for>
<doc>Testa login com email/senha incorretos - CORRIGIDO</doc>
<status status="PASS" start="2025-10-28T17:27:41.735956" elapsed="0.534717"/>
</test>
<test id="s1-s1-t4" name="TC004 - Acesso ao Perfil com Token Inválido" line="56">
<kw name="Create API Session" owner="auth" type="SETUP">
<kw name="Create Session" owner="RequestsLibrary">
<msg time="2025-10-28T17:27:42.270673" level="INFO">Creating Session using : alias=cinema_api, url=http://localhost:3000/api/v1, headers={},                     cookies={}, auth=None, timeout=None, proxies=None, verify=True,                     debug=0 </msg>
<arg>cinema_api</arg>
<arg>${URL_API}</arg>
<arg>verify=True</arg>
<doc>Create Session: create a HTTP session to a server</doc>
<status status="PASS" start="2025-10-28T17:27:42.270673" elapsed="0.000000"/>
</kw>
<doc>Cria a sessão de RequestsLibrary.</doc>
<status status="PASS" start="2025-10-28T17:27:42.270673" elapsed="0.000000"/>
</kw>
<kw name="Create Dictionary" owner="BuiltIn">
<msg time="2025-10-28T17:27:42.270673" level="INFO">${headers} = {'Content-Type': 'application/json', 'Authorization': 'Bearer token_invalido_123'}</msg>
<var>${headers}</var>
<arg>Content-Type=application/json</arg>
<arg>Authorization=Bearer token_invalido_123</arg>
<doc>Creates and returns a dictionary based on the given ``items``.</doc>
<status status="PASS" start="2025-10-28T17:27:42.270673" elapsed="0.000000"/>
</kw>
<kw name="GET On Session" owner="RequestsLibrary">
<msg time="2025-10-28T17:27:42.277627" level="INFO">GET Request : url=http://localhost:3000/api/v1/auth/me 
 path_url=/api/v1/auth/me 
 headers={'User-Agent': 'python-requests/2.32.3', 'Accept-Encoding': 'gzip, deflate, br, zstd', 'Accept': '*/*', 'Connection': 'keep-alive', 'Content-Type': 'application/json', 'Authorization': 'Bearer token_invalido_123'} 
 body=None 
 </msg>
<msg time="2025-10-28T17:27:42.277627" level="INFO">GET Response : url=http://localhost:3000/api/v1/auth/me 
 status=401, reason=Unauthorized 
 headers={'X-Powered-By': 'Express', 'Access-Control-Allow-Origin': '*', 'Content-Type': 'application/json; charset=utf-8', 'Content-Length': '65', 'ETag': 'W/"41-TJq3LYiwj1On+7IZ17oLU5tM1Zs"', 'Date': 'Tue, 28 Oct 2025 20:27:42 GMT', 'Connection': 'keep-alive', 'Keep-Alive': 'timeout=5'} 
 body={"success":false,"message":"Not authorized to access this route"} 
 </msg>
<msg time="2025-10-28T17:27:42.277627" level="INFO">${response} = &lt;Response [401]&gt;</msg>
<var>${response}</var>
<arg>cinema_api</arg>
<arg>/auth/me</arg>
<arg>headers=${headers}</arg>
<arg>expected_status=401</arg>
<doc>Sends a GET request on a previously created HTTP Session.</doc>
<status status="PASS" start="2025-10-28T17:27:42.270673" elapsed="0.006954"/>
</kw>
<kw name="Should Be Equal As Strings" owner="BuiltIn">
<msg time="2025-10-28T17:27:42.277627" level="INFO">Argument types are:
&lt;class 'int'&gt;
&lt;class 'str'&gt;</msg>
<arg>${response.status_code}</arg>
<arg>401</arg>
<doc>Fails if objects are unequal after converting them to strings.</doc>
<status status="PASS" start="2025-10-28T17:27:42.277627" elapsed="0.000000"/>
</kw>
<kw name="Should Be Equal As Strings" owner="BuiltIn">
<msg time="2025-10-28T17:27:42.281232" level="INFO">Argument types are:
&lt;class 'bool'&gt;
&lt;class 'str'&gt;</msg>
<arg>${response.json()}[success]</arg>
<arg>False</arg>
<doc>Fails if objects are unequal after converting them to strings.</doc>
<status status="PASS" start="2025-10-28T17:27:42.280690" elapsed="0.000542"/>
</kw>
<doc>Tenta acessar /auth/me com token inválido - CORRIGIDO</doc>
<status status="PASS" start="2025-10-28T17:27:42.270673" elapsed="0.010559"/>
</test>
<test id="s1-s1-t5" name="TC005 - Fluxo Completo de Autenticação" line="68">
<kw name="Create API Session" owner="auth" type="SETUP">
<kw name="Create Session" owner="RequestsLibrary">
<msg time="2025-10-28T17:27:42.281232" level="INFO">Creating Session using : alias=cinema_api, url=http://localhost:3000/api/v1, headers={},                     cookies={}, auth=None, timeout=None, proxies=None, verify=True,                     debug=0 </msg>
<arg>cinema_api</arg>
<arg>${URL_API}</arg>
<arg>verify=True</arg>
<doc>Create Session: create a HTTP session to a server</doc>
<status status="PASS" start="2025-10-28T17:27:42.281232" elapsed="0.000000"/>
</kw>
<doc>Cria a sessão de RequestsLibrary.</doc>
<status status="PASS" start="2025-10-28T17:27:42.281232" elapsed="0.000000"/>
</kw>
<kw name="Get Time" owner="BuiltIn">
<msg time="2025-10-28T17:27:42.284029" level="INFO">${timestamp} = 1761683262</msg>
<var>${timestamp}</var>
<arg>epoch</arg>
<doc>Returns the given time in the requested format.</doc>
<status status="PASS" start="2025-10-28T17:27:42.284029" elapsed="0.000000"/>
</kw>
<kw name="Catenate" owner="BuiltIn">
<msg time="2025-10-28T17:27:42.284029" level="INFO">${flow_email} = teste_fluxo_1761683262@email.com</msg>
<var>${flow_email}</var>
<arg>SEPARATOR=</arg>
<arg>teste_fluxo_${timestamp}@email.com</arg>
<doc>Catenates the given items together and returns the resulted string.</doc>
<status status="PASS" start="2025-10-28T17:27:42.284029" elapsed="0.000000"/>
</kw>
<kw name="Set Variable" owner="BuiltIn">
<msg time="2025-10-28T17:27:42.285038" level="INFO">${new_name} = Usuário Fluxo Completo</msg>
<var>${new_name}</var>
<arg>Usuário Fluxo Completo</arg>
<doc>Returns the given values which can then be assigned to a variables.</doc>
<status status="PASS" start="2025-10-28T17:27:42.285038" elapsed="0.000000"/>
</kw>
<kw name="Create Dictionary" owner="BuiltIn">
<msg time="2025-10-28T17:27:42.285038" level="INFO">${headers} = {'Content-Type': 'application/json'}</msg>
<var>${headers}</var>
<arg>Content-Type=application/json</arg>
<doc>Creates and returns a dictionary based on the given ``items``.</doc>
<status status="PASS" start="2025-10-28T17:27:42.285038" elapsed="0.000000"/>
</kw>
<kw name="Create Dictionary" owner="BuiltIn">
<msg time="2025-10-28T17:27:42.285038" level="INFO">${register_body} = {'name': 'Usuario Inicial', 'email': 'teste_fluxo_1761683262@email.com', 'password': 'senha456'}</msg>
<var>${register_body}</var>
<arg>name=Usuario Inicial</arg>
<arg>email=${flow_email}</arg>
<arg>password=${NEW_USER_PASSWORD}</arg>
<doc>Creates and returns a dictionary based on the given ``items``.</doc>
<status status="PASS" start="2025-10-28T17:27:42.285038" elapsed="0.000998"/>
</kw>
<kw name="POST On Session" owner="RequestsLibrary">
<msg time="2025-10-28T17:27:42.472009" level="INFO">POST Request : url=http://localhost:3000/api/v1/auth/register 
 path_url=/api/v1/auth/register 
 headers={'User-Agent': 'python-requests/2.32.3', 'Accept-Encoding': 'gzip, deflate, br, zstd', 'Accept': '*/*', 'Connection': 'keep-alive', 'Content-Type': 'application/json', 'Content-Length': '96'} 
 body=b'{"name": "Usuario Inicial", "email": "teste_fluxo_1761683262@email.com", "password": "senha456"}' 
 </msg>
<msg time="2025-10-28T17:27:42.472009" level="INFO">POST Response : url=http://localhost:3000/api/v1/auth/register 
 status=201, reason=Created 
 headers={'X-Powered-By': 'Express', 'Access-Control-Allow-Origin': '*', 'Content-Type': 'application/json; charset=utf-8', 'Content-Length': '322', 'ETag': 'W/"142-A+dO+XHj3lCTvyjTATOEJoeO+oc"', 'Date': 'Tue, 28 Oct 2025 20:27:42 GMT', 'Connection': 'keep-alive', 'Keep-Alive': 'timeout=5'} 
 body={"success":true,"data":{"_id":"6901273eb07ad8ec5dda512d","name":"Usuario Inicial","email":"teste_fluxo_1761683262@email.com","role":"user","token":"eyJhbGciOiJIUzI1NiIsInR5cCI6IkpXVCJ9.eyJpZCI6IjY5MDEyNzNlYjA3YWQ4ZWM1ZGRhNTEyZCIsImlhdCI6MTc2MTY4MzI2MiwiZXhwIjoxNzYxNzY5NjYyfQ.k4vBBEDoEov_EHQND18G24Lch-pYCPRBOiPCEjy9mew"}} 
 </msg>
<msg time="2025-10-28T17:27:42.472009" level="INFO">${register_response} = &lt;Response [201]&gt;</msg>
<var>${register_response}</var>
<arg>cinema_api</arg>
<arg>/auth/register</arg>
<arg>json=${register_body}</arg>
<arg>headers=${headers}</arg>
<doc>Sends a POST request on a previously created HTTP Session.</doc>
<status status="PASS" start="2025-10-28T17:27:42.286036" elapsed="0.185973"/>
</kw>
<kw name="Should Be Equal As Strings" owner="BuiltIn">
<msg time="2025-10-28T17:27:42.472009" level="INFO">Argument types are:
&lt;class 'int'&gt;
&lt;class 'str'&gt;</msg>
<arg>${register_response.status_code}</arg>
<arg>201</arg>
<doc>Fails if objects are unequal after converting them to strings.</doc>
<status status="PASS" start="2025-10-28T17:27:42.472009" elapsed="0.000000"/>
</kw>
<kw name="Perform Valid Login" owner="auth">
<kw name="Create Dictionary" owner="BuiltIn">
<msg time="2025-10-28T17:27:42.472009" level="INFO">${headers} = {'Content-Type': 'application/json'}</msg>
<var>${headers}</var>
<arg>Content-Type=application/json</arg>
<doc>Creates and returns a dictionary based on the given ``items``.</doc>
<status status="PASS" start="2025-10-28T17:27:42.472009" elapsed="0.000000"/>
</kw>
<kw name="Create Dictionary" owner="BuiltIn">
<msg time="2025-10-28T17:27:42.472009" level="INFO">${body} = {'email': 'teste_fluxo_1761683262@email.com', 'password': 'senha456'}</msg>
<var>${body}</var>
<arg>email=${email}</arg>
<arg>password=${password}</arg>
<doc>Creates and returns a dictionary based on the given ``items``.</doc>
<status status="PASS" start="2025-10-28T17:27:42.472009" elapsed="0.000000"/>
</kw>
<kw name="POST On Session" owner="RequestsLibrary">
<msg time="2025-10-28T17:27:42.600619" level="INFO">POST Request : url=http://localhost:3000/api/v1/auth/login 
 path_url=/api/v1/auth/login 
 headers={'User-Agent': 'python-requests/2.32.3', 'Accept-Encoding': 'gzip, deflate, br, zstd', 'Accept': '*/*', 'Connection': 'keep-alive', 'Content-Type': 'application/json', 'Content-Length': '69'} 
 body=b'{"email": "teste_fluxo_1761683262@email.com", "password": "senha456"}' 
 </msg>
<msg time="2025-10-28T17:27:42.600619" level="INFO">POST Response : url=http://localhost:3000/api/v1/auth/login 
 status=200, reason=OK 
 headers={'X-Powered-By': 'Express', 'Access-Control-Allow-Origin': '*', 'Content-Type': 'application/json; charset=utf-8', 'Content-Length': '322', 'ETag': 'W/"142-A+dO+XHj3lCTvyjTATOEJoeO+oc"', 'Date': 'Tue, 28 Oct 2025 20:27:42 GMT', 'Connection': 'keep-alive', 'Keep-Alive': 'timeout=5'} 
 body={"success":true,"data":{"_id":"6901273eb07ad8ec5dda512d","name":"Usuario Inicial","email":"teste_fluxo_1761683262@email.com","role":"user","token":"eyJhbGciOiJIUzI1NiIsInR5cCI6IkpXVCJ9.eyJpZCI6IjY5MDEyNzNlYjA3YWQ4ZWM1ZGRhNTEyZCIsImlhdCI6MTc2MTY4MzI2MiwiZXhwIjoxNzYxNzY5NjYyfQ.k4vBBEDoEov_EHQND18G24Lch-pYCPRBOiPCEjy9mew"}} 
 </msg>
<msg time="2025-10-28T17:27:42.600619" level="INFO">${response} = &lt;Response [200]&gt;</msg>
<var>${response}</var>
<arg>cinema_api</arg>
<arg>/auth/login</arg>
<arg>json=${body}</arg>
<arg>headers=${headers}</arg>
<doc>Sends a POST request on a previously created HTTP Session.</doc>
<status status="PASS" start="2025-10-28T17:27:42.472009" elapsed="0.128610"/>
</kw>
<kw name="Should Be Equal As Strings" owner="BuiltIn">
<msg time="2025-10-28T17:27:42.604752" level="INFO">Argument types are:
&lt;class 'int'&gt;
&lt;class 'str'&gt;</msg>
<arg>${response.status_code}</arg>
<arg>200</arg>
<doc>Fails if objects are unequal after converting them to strings.</doc>
<status status="PASS" start="2025-10-28T17:27:42.604100" elapsed="0.000652"/>
</kw>
<kw name="Should Be Equal As Strings" owner="BuiltIn">
<msg time="2025-10-28T17:27:42.604752" level="INFO">Argument types are:
&lt;class 'bool'&gt;
&lt;class 'str'&gt;</msg>
<arg>${response.json()}[success]</arg>
<arg>True</arg>
<doc>Fails if objects are unequal after converting them to strings.</doc>
<status status="PASS" start="2025-10-28T17:27:42.604752" elapsed="0.000000"/>
</kw>
<kw name="Set Variable" owner="BuiltIn">
<msg time="2025-10-28T17:27:42.604752" level="INFO">${token} = eyJhbGciOiJIUzI1NiIsInR5cCI6IkpXVCJ9.eyJpZCI6IjY5MDEyNzNlYjA3YWQ4ZWM1ZGRhNTEyZCIsImlhdCI6MTc2MTY4MzI2MiwiZXhwIjoxNzYxNzY5NjYyfQ.k4vBBEDoEov_EHQND18G24Lch-pYCPRBOiPCEjy9mew</msg>
<var>${token}</var>
<arg>${response.json()}[data][token]</arg>
<doc>Returns the given values which can then be assigned to a variables.</doc>
<status status="PASS" start="2025-10-28T17:27:42.604752" elapsed="0.000000"/>
</kw>
<return>
<value>${token}</value>
<status status="PASS" start="2025-10-28T17:27:42.604752" elapsed="0.000000"/>
</return>
<msg time="2025-10-28T17:27:42.604752" level="INFO">${token} = eyJhbGciOiJIUzI1NiIsInR5cCI6IkpXVCJ9.eyJpZCI6IjY5MDEyNzNlYjA3YWQ4ZWM1ZGRhNTEyZCIsImlhdCI6MTc2MTY4MzI2MiwiZXhwIjoxNzYxNzY5NjYyfQ.k4vBBEDoEov_EHQND18G24Lch-pYCPRBOiPCEjy9mew</msg>
<var>${token}</var>
<arg>${flow_email}</arg>
<arg>${NEW_USER_PASSWORD}</arg>
<doc>Realiza login e retorna o token JWT.</doc>
<status status="PASS" start="2025-10-28T17:27:42.472009" elapsed="0.132743"/>
</kw>
<kw name="Should Not Be Empty" owner="BuiltIn">
<msg time="2025-10-28T17:27:42.604752" level="INFO">Length is 171.</msg>
<arg>${token}</arg>
<doc>Verifies that the given item is not empty.</doc>
<status status="PASS" start="2025-10-28T17:27:42.604752" elapsed="0.000000"/>
</kw>
<kw name="Create Dictionary" owner="BuiltIn">
<msg time="2025-10-28T17:27:42.604752" level="INFO">${profile_headers} = {'Content-Type': 'application/json', 'Authorization': 'Bearer eyJhbGciOiJIUzI1NiIsInR5cCI6IkpXVCJ9.eyJpZCI6IjY5MDEyNzNlYjA3YWQ4ZWM1ZGRhNTEyZCIsImlhdCI6MTc2MTY4MzI2MiwiZXhwIjoxNzYxNzY5NjYyfQ.k4vBBEDoEo...</msg>
<var>${profile_headers}</var>
<arg>Content-Type=application/json</arg>
<arg>Authorization=Bearer ${token}</arg>
<doc>Creates and returns a dictionary based on the given ``items``.</doc>
<status status="PASS" start="2025-10-28T17:27:42.604752" elapsed="0.000000"/>
</kw>
<kw name="GET On Session" owner="RequestsLibrary">
<msg time="2025-10-28T17:27:42.729023" level="INFO">GET Request : url=http://localhost:3000/api/v1/auth/me 
 path_url=/api/v1/auth/me 
 headers={'User-Agent': 'python-requests/2.32.3', 'Accept-Encoding': 'gzip, deflate, br, zstd', 'Accept': '*/*', 'Connection': 'keep-alive', 'Content-Type': 'application/json', 'Authorization': 'Bearer eyJhbGciOiJIUzI1NiIsInR5cCI6IkpXVCJ9.eyJpZCI6IjY5MDEyNzNlYjA3YWQ4ZWM1ZGRhNTEyZCIsImlhdCI6MTc2MTY4MzI2MiwiZXhwIjoxNzYxNzY5NjYyfQ.k4vBBEDoEov_EHQND18G24Lch-pYCPRBOiPCEjy9mew'} 
 body=None 
 </msg>
<msg time="2025-10-28T17:27:42.729023" level="INFO">GET Response : url=http://localhost:3000/api/v1/auth/me 
 status=200, reason=OK 
 headers={'X-Powered-By': 'Express', 'Access-Control-Allow-Origin': '*', 'Content-Type': 'application/json; charset=utf-8', 'Content-Length': '140', 'ETag': 'W/"8c-vNuzaMC96XXgOH5a4zdaQ+bPpU8"', 'Date': 'Tue, 28 Oct 2025 20:27:42 GMT', 'Connection': 'keep-alive', 'Keep-Alive': 'timeout=5'} 
 body={"success":true,"data":{"_id":"6901273eb07ad8ec5dda512d","name":"Usuario Inicial","email":"teste_fluxo_1761683262@email.com","role":"user"}} 
 </msg>
<msg time="2025-10-28T17:27:42.729023" level="INFO">${profile_response} = &lt;Response [200]&gt;</msg>
<var>${profile_response}</var>
<arg>cinema_api</arg>
<arg>/auth/me</arg>
<arg>headers=${profile_headers}</arg>
<doc>Sends a GET request on a previously created HTTP Session.</doc>
<status status="PASS" start="2025-10-28T17:27:42.604752" elapsed="0.124271"/>
</kw>
<kw name="Should Be Equal As Strings" owner="BuiltIn">
<msg time="2025-10-28T17:27:42.730022" level="INFO">Argument types are:
&lt;class 'int'&gt;
&lt;class 'str'&gt;</msg>
<arg>${profile_response.status_code}</arg>
<arg>200</arg>
<doc>Fails if objects are unequal after converting them to strings.</doc>
<status status="PASS" start="2025-10-28T17:27:42.729023" elapsed="0.002000"/>
</kw>
<kw name="Should Be Equal As Strings" owner="BuiltIn">
<arg>${profile_response.json()}[data][email]</arg>
<arg>${flow_email}</arg>
<doc>Fails if objects are unequal after converting them to strings.</doc>
<status status="PASS" start="2025-10-28T17:27:42.731023" elapsed="0.000517"/>
</kw>
<kw name="Create Dictionary" owner="BuiltIn">
<msg time="2025-10-28T17:27:42.732554" level="INFO">${update_body} = {'name': 'Usuário Fluxo Completo'}</msg>
<var>${update_body}</var>
<arg>name=${new_name}</arg>
<doc>Creates and returns a dictionary based on the given ``items``.</doc>
<status status="PASS" start="2025-10-28T17:27:42.732554" elapsed="0.000000"/>
</kw>
<kw name="PUT On Session" owner="RequestsLibrary">
<msg time="2025-10-28T17:27:42.916528" level="INFO">PUT Request : url=http://localhost:3000/api/v1/auth/profile 
 path_url=/api/v1/auth/profile 
 headers={'User-Agent': 'python-requests/2.32.3', 'Accept-Encoding': 'gzip, deflate, br, zstd', 'Accept': '*/*', 'Connection': 'keep-alive', 'Content-Type': 'application/json', 'Authorization': 'Bearer eyJhbGciOiJIUzI1NiIsInR5cCI6IkpXVCJ9.eyJpZCI6IjY5MDEyNzNlYjA3YWQ4ZWM1ZGRhNTEyZCIsImlhdCI6MTc2MTY4MzI2MiwiZXhwIjoxNzYxNzY5NjYyfQ.k4vBBEDoEov_EHQND18G24Lch-pYCPRBOiPCEjy9mew', 'Content-Length': '39'} 
 body=b'{"name": "Usu\\u00e1rio Fluxo Completo"}' 
 </msg>
<msg time="2025-10-28T17:27:42.916528" level="INFO">PUT Response : url=http://localhost:3000/api/v1/auth/profile 
 status=200, reason=OK 
 headers={'X-Powered-By': 'Express', 'Access-Control-Allow-Origin': '*', 'Content-Type': 'application/json; charset=utf-8', 'Content-Length': '372', 'ETag': 'W/"174-IyyWNFtvffwUg5GAgJDOVN0AZ+c"', 'Date': 'Tue, 28 Oct 2025 20:27:42 GMT', 'Connection': 'keep-alive', 'Keep-Alive': 'timeout=5'} 
 body={"success":true,"message":"Perfil atualizado com sucesso","data":{"_id":"6901273eb07ad8ec5dda512d","name":"Usuário Fluxo Completo","email":"teste_fluxo_1761683262@email.com","role":"user","token":"eyJhbGciOiJIUzI1NiIsInR5cCI6IkpXVCJ9.eyJpZCI6IjY5MDEyNzNlYjA3YWQ4ZWM1ZGRhNTEyZCIsImlhdCI6MTc2MTY4MzI2MiwiZXhwIjoxNzYxNzY5NjYyfQ.k4vBBEDoEov_EHQND18G24Lch-pYCPRBOiPCEjy9mew"}} 
 </msg>
<msg time="2025-10-28T17:27:42.916528" level="INFO">${update_response} = &lt;Response [200]&gt;</msg>
<var>${update_response}</var>
<arg>cinema_api</arg>
<arg>/auth/profile</arg>
<arg>json=${update_body}</arg>
<arg>headers=${profile_headers}</arg>
<doc>Sends a PUT request on a previously created HTTP Session.</doc>
<status status="PASS" start="2025-10-28T17:27:42.732554" elapsed="0.183974"/>
</kw>
<kw name="Should Be Equal As Strings" owner="BuiltIn">
<msg time="2025-10-28T17:27:42.916528" level="INFO">Argument types are:
&lt;class 'int'&gt;
&lt;class 'str'&gt;</msg>
<arg>${update_response.status_code}</arg>
<arg>200</arg>
<doc>Fails if objects are unequal after converting them to strings.</doc>
<status status="PASS" start="2025-10-28T17:27:42.916528" elapsed="0.000000"/>
</kw>
<kw name="Should Be Equal As Strings" owner="BuiltIn">
<arg>${update_response.json()}[data][name]</arg>
<arg>${new_name}</arg>
<doc>Fails if objects are unequal after converting them to strings.</doc>
<status status="PASS" start="2025-10-28T17:27:42.916528" elapsed="0.004285"/>
</kw>
<kw name="Log" owner="BuiltIn">
<msg time="2025-10-28T17:27:42.920813" level="INFO">Fluxo completo de autenticação executado com sucesso!</msg>
<arg>Fluxo completo de autenticação executado com sucesso!</arg>
<doc>Logs the given message with the given level.</doc>
<status status="PASS" start="2025-10-28T17:27:42.920813" elapsed="0.000000"/>
</kw>
<doc>Testa fluxo completo: registro → login → perfil → update → CORRIGIDO</doc>
<status status="PASS" start="2025-10-28T17:27:42.281232" elapsed="0.639581"/>
</test>
<test id="s1-s1-t6" name="TC006 - Login com Credenciais do Raphael" line="96">
<kw name="Create API Session" owner="auth" type="SETUP">
<kw name="Create Session" owner="RequestsLibrary">
<msg time="2025-10-28T17:27:42.920813" level="INFO">Creating Session using : alias=cinema_api, url=http://localhost:3000/api/v1, headers={},                     cookies={}, auth=None, timeout=None, proxies=None, verify=True,                     debug=0 </msg>
<arg>cinema_api</arg>
<arg>${URL_API}</arg>
<arg>verify=True</arg>
<doc>Create Session: create a HTTP session to a server</doc>
<status status="PASS" start="2025-10-28T17:27:42.920813" elapsed="0.000000"/>
</kw>
<doc>Cria a sessão de RequestsLibrary.</doc>
<status status="PASS" start="2025-10-28T17:27:42.920813" elapsed="0.000000"/>
</kw>
<kw name="Set Variable" owner="BuiltIn">
<msg time="2025-10-28T17:27:42.920813" level="INFO">${specific_email} = raphaelrates.dev@gmail.com</msg>
<var>${specific_email}</var>
<arg>raphaelrates.dev@gmail.com</arg>
<doc>Returns the given values which can then be assigned to a variables.</doc>
<status status="PASS" start="2025-10-28T17:27:42.920813" elapsed="0.000000"/>
</kw>
<kw name="Set Variable" owner="BuiltIn">
<msg time="2025-10-28T17:27:42.923428" level="INFO">${specific_password} = 12345678</msg>
<var>${specific_password}</var>
<arg>12345678</arg>
<doc>Returns the given values which can then be assigned to a variables.</doc>
<status status="PASS" start="2025-10-28T17:27:42.923428" elapsed="0.000000"/>
</kw>
<kw name="Perform Valid Login" owner="auth">
<kw name="Create Dictionary" owner="BuiltIn">
<msg time="2025-10-28T17:27:42.923428" level="INFO">${headers} = {'Content-Type': 'application/json'}</msg>
<var>${headers}</var>
<arg>Content-Type=application/json</arg>
<doc>Creates and returns a dictionary based on the given ``items``.</doc>
<status status="PASS" start="2025-10-28T17:27:42.923428" elapsed="0.000000"/>
</kw>
<kw name="Create Dictionary" owner="BuiltIn">
<msg time="2025-10-28T17:27:42.923428" level="INFO">${body} = {'email': 'raphaelrates.dev@gmail.com', 'password': '12345678'}</msg>
<var>${body}</var>
<arg>email=${email}</arg>
<arg>password=${password}</arg>
<doc>Creates and returns a dictionary based on the given ``items``.</doc>
<status status="PASS" start="2025-10-28T17:27:42.923428" elapsed="0.000000"/>
</kw>
<kw name="POST On Session" owner="RequestsLibrary">
<msg time="2025-10-28T17:27:43.051124" level="INFO">POST Request : url=http://localhost:3000/api/v1/auth/login 
 path_url=/api/v1/auth/login 
 headers={'User-Agent': 'python-requests/2.32.3', 'Accept-Encoding': 'gzip, deflate, br, zstd', 'Accept': '*/*', 'Connection': 'keep-alive', 'Content-Type': 'application/json', 'Content-Length': '63'} 
 body=b'{"email": "raphaelrates.dev@gmail.com", "password": "12345678"}' 
 </msg>
<msg time="2025-10-28T17:27:43.051124" level="INFO">POST Response : url=http://localhost:3000/api/v1/auth/login 
 status=200, reason=OK 
 headers={'X-Powered-By': 'Express', 'Access-Control-Allow-Origin': '*', 'Content-Type': 'application/json; charset=utf-8', 'Content-Length': '319', 'ETag': 'W/"13f-EZip1bTduAYp0S3WR/tbMdTo08w"', 'Date': 'Tue, 28 Oct 2025 20:27:42 GMT', 'Connection': 'keep-alive', 'Keep-Alive': 'timeout=5'} 
 body={"success":true,"data":{"_id":"68fbbd1d5127a80a9600b456","name":"Raphael Susa Silva","email":"raphaelrates.dev@gmail.com","role":"user","token":"eyJhbGciOiJIUzI1NiIsInR5cCI6IkpXVCJ9.eyJpZCI6IjY4ZmJiZDFkNTEyN2E4MGE5NjAwYjQ1NiIsImlhdCI6MTc2MTY4MzI2MywiZXhwIjoxNzYxNzY5NjYzfQ.LY3TrMB9ad7uUZTwKOuKXB0CyVcHrVUKsDtJ5Rwa-3U"}} 
 </msg>
<msg time="2025-10-28T17:27:43.051124" level="INFO">${response} = &lt;Response [200]&gt;</msg>
<var>${response}</var>
<arg>cinema_api</arg>
<arg>/auth/login</arg>
<arg>json=${body}</arg>
<arg>headers=${headers}</arg>
<doc>Sends a POST request on a previously created HTTP Session.</doc>
<status status="PASS" start="2025-10-28T17:27:42.923428" elapsed="0.127696"/>
</kw>
<kw name="Should Be Equal As Strings" owner="BuiltIn">
<msg time="2025-10-28T17:27:43.051124" level="INFO">Argument types are:
&lt;class 'int'&gt;
&lt;class 'str'&gt;</msg>
<arg>${response.status_code}</arg>
<arg>200</arg>
<doc>Fails if objects are unequal after converting them to strings.</doc>
<status status="PASS" start="2025-10-28T17:27:43.051124" elapsed="0.000000"/>
</kw>
<kw name="Should Be Equal As Strings" owner="BuiltIn">
<msg time="2025-10-28T17:27:43.051124" level="INFO">Argument types are:
&lt;class 'bool'&gt;
&lt;class 'str'&gt;</msg>
<arg>${response.json()}[success]</arg>
<arg>True</arg>
<doc>Fails if objects are unequal after converting them to strings.</doc>
<status status="PASS" start="2025-10-28T17:27:43.051124" elapsed="0.000000"/>
</kw>
<kw name="Set Variable" owner="BuiltIn">
<msg time="2025-10-28T17:27:43.055387" level="INFO">${token} = eyJhbGciOiJIUzI1NiIsInR5cCI6IkpXVCJ9.eyJpZCI6IjY4ZmJiZDFkNTEyN2E4MGE5NjAwYjQ1NiIsImlhdCI6MTc2MTY4MzI2MywiZXhwIjoxNzYxNzY5NjYzfQ.LY3TrMB9ad7uUZTwKOuKXB0CyVcHrVUKsDtJ5Rwa-3U</msg>
<var>${token}</var>
<arg>${response.json()}[data][token]</arg>
<doc>Returns the given values which can then be assigned to a variables.</doc>
<status status="PASS" start="2025-10-28T17:27:43.051124" elapsed="0.004263"/>
</kw>
<return>
<value>${token}</value>
<status status="PASS" start="2025-10-28T17:27:43.055387" elapsed="0.000000"/>
</return>
<msg time="2025-10-28T17:27:43.055387" level="INFO">${token} = eyJhbGciOiJIUzI1NiIsInR5cCI6IkpXVCJ9.eyJpZCI6IjY4ZmJiZDFkNTEyN2E4MGE5NjAwYjQ1NiIsImlhdCI6MTc2MTY4MzI2MywiZXhwIjoxNzYxNzY5NjYzfQ.LY3TrMB9ad7uUZTwKOuKXB0CyVcHrVUKsDtJ5Rwa-3U</msg>
<var>${token}</var>
<arg>${specific_email}</arg>
<arg>${specific_password}</arg>
<doc>Realiza login e retorna o token JWT.</doc>
<status status="PASS" start="2025-10-28T17:27:42.923428" elapsed="0.131959"/>
</kw>
<kw name="Should Not Be Empty" owner="BuiltIn">
<msg time="2025-10-28T17:27:43.055387" level="INFO">Length is 171.</msg>
<arg>${token}</arg>
<doc>Verifies that the given item is not empty.</doc>
<status status="PASS" start="2025-10-28T17:27:43.055387" elapsed="0.000000"/>
</kw>
<kw name="Log" owner="BuiltIn">
<msg time="2025-10-28T17:27:43.055387" level="INFO">Login realizado com sucesso! Token obtido: eyJhbGciOiJIUzI1NiIsInR5cCI6IkpXVCJ9.eyJpZCI6IjY4ZmJiZDFkNTEyN2E4MGE5NjAwYjQ1NiIsImlhdCI6MTc2MTY4MzI2MywiZXhwIjoxNzYxNzY5NjYzfQ.LY3TrMB9ad7uUZTwKOuKXB0CyVcHrVUKsDtJ5Rwa-3U</msg>
<arg>Login realizado com sucesso! Token obtido: ${token}</arg>
<doc>Logs the given message with the given level.</doc>
<status status="PASS" start="2025-10-28T17:27:43.055387" elapsed="0.000000"/>
</kw>
<doc>Testa login com email: raphaelrates.dev@gmail.com e senha: 12345678</doc>
<status status="PASS" start="2025-10-28T17:27:42.920813" elapsed="0.134574"/>
</test>
<status status="PASS" start="2025-10-28T17:27:40.682905" elapsed="2.372482"/>
</suite>
<suite id="s1-s2" name="Movies" source="C:\Users\raphael\Documents\GitHub\learn\Compass\cinema\test-ciname-challenge\tests\server\movies.robot">
<kw name="Setup API Session" owner="base" type="SETUP">
<kw name="Create Session" owner="RequestsLibrary">
<msg time="2025-10-28T17:27:43.508335" level="INFO">Creating Session using : alias=cinema_api, url=http://localhost:3000/api/v1, headers={},                     cookies={}, auth=None, timeout=None, proxies=None, verify=True,                     debug=0 </msg>
<arg>cinema_api</arg>
<arg>${BASE_URL}</arg>
<arg>verify=true</arg>
<doc>Create Session: create a HTTP session to a server</doc>
<status status="PASS" start="2025-10-28T17:27:43.507334" elapsed="0.001001"/>
</kw>
<doc>Cria sessão da API</doc>
<status status="PASS" start="2025-10-28T17:27:43.505265" elapsed="0.003070"/>
</kw>
<test id="s1-s2-t1" name="TC007 - Get All Movies With Public Access" line="20">
<kw name="Log" owner="BuiltIn" type="SETUP">
<msg time="2025-10-28T17:27:43.509342" level="INFO">Starting test: TC007 - Get All Movies With Public Access</msg>
<arg>Starting test: ${TEST_NAME}</arg>
<doc>Logs the given message with the given level.</doc>
<status status="PASS" start="2025-10-28T17:27:43.509342" elapsed="0.000000"/>
</kw>
<kw name="Get All Movies" owner="movies">
<kw name="Run Keyword If" owner="BuiltIn">
<kw name="Create Dictionary" owner="BuiltIn">
<arg>Content-Type=application/json</arg>
<doc>Creates and returns a dictionary based on the given ``items``.</doc>
<status status="PASS" start="2025-10-28T17:27:43.510872" elapsed="0.000000"/>
</kw>
<msg time="2025-10-28T17:27:43.511879" level="INFO">${headers} = {'Content-Type': 'application/json'}</msg>
<var>${headers}</var>
<arg>$token is not None</arg>
<arg>Create Auth Headers</arg>
<arg>${token}</arg>
<arg>ELSE</arg>
<arg>Create Dictionary</arg>
<arg>Content-Type=application/json</arg>
<doc>Runs the given keyword with the given arguments, if ``condition`` is true.</doc>
<status status="PASS" start="2025-10-28T17:27:43.510872" elapsed="0.001007"/>
</kw>
<kw name="Create Dictionary" owner="BuiltIn">
<msg time="2025-10-28T17:27:43.511879" level="INFO">${params} = {}</msg>
<var>${params}</var>
<doc>Creates and returns a dictionary based on the given ``items``.</doc>
<status status="PASS" start="2025-10-28T17:27:43.511879" elapsed="0.000000"/>
</kw>
<kw name="Run Keyword If" owner="BuiltIn">
<arg>$title is not None</arg>
<arg>Set To Dictionary</arg>
<arg>${params}</arg>
<arg>title=${title}</arg>
<doc>Runs the given keyword with the given arguments, if ``condition`` is true.</doc>
<status status="PASS" start="2025-10-28T17:27:43.511879" elapsed="0.000000"/>
</kw>
<kw name="Run Keyword If" owner="BuiltIn">
<arg>$genre is not None</arg>
<arg>Set To Dictionary</arg>
<arg>${params}</arg>
<arg>genre=${genre}</arg>
<doc>Runs the given keyword with the given arguments, if ``condition`` is true.</doc>
<status status="PASS" start="2025-10-28T17:27:43.511879" elapsed="0.001030"/>
</kw>
<kw name="Run Keyword If" owner="BuiltIn">
<arg>$sort is not None</arg>
<arg>Set To Dictionary</arg>
<arg>${params}</arg>
<arg>sort=${sort}</arg>
<doc>Runs the given keyword with the given arguments, if ``condition`` is true.</doc>
<status status="PASS" start="2025-10-28T17:27:43.512909" elapsed="0.000000"/>
</kw>
<kw name="Run Keyword If" owner="BuiltIn">
<kw name="Set To Dictionary" owner="Collections">
<arg>${params}</arg>
<arg>limit=${limit}</arg>
<doc>Adds the given ``key_value_pairs`` and/or ``items`` to the ``dictionary``.</doc>
<status status="PASS" start="2025-10-28T17:27:43.512909" elapsed="0.000977"/>
</kw>
<arg>$limit is not None</arg>
<arg>Set To Dictionary</arg>
<arg>${params}</arg>
<arg>limit=${limit}</arg>
<doc>Runs the given keyword with the given arguments, if ``condition`` is true.</doc>
<status status="PASS" start="2025-10-28T17:27:43.512909" elapsed="0.000977"/>
</kw>
<kw name="Run Keyword If" owner="BuiltIn">
<kw name="Set To Dictionary" owner="Collections">
<arg>${params}</arg>
<arg>page=${page}</arg>
<doc>Adds the given ``key_value_pairs`` and/or ``items`` to the ``dictionary``.</doc>
<status status="PASS" start="2025-10-28T17:27:43.513886" elapsed="0.000000"/>
</kw>
<arg>$page is not None</arg>
<arg>Set To Dictionary</arg>
<arg>${params}</arg>
<arg>page=${page}</arg>
<doc>Runs the given keyword with the given arguments, if ``condition`` is true.</doc>
<status status="PASS" start="2025-10-28T17:27:43.513886" elapsed="0.000000"/>
</kw>
<kw name="GET On Session" owner="RequestsLibrary">
<msg time="2025-10-28T17:27:43.638680" level="INFO">GET Request : url=http://localhost:3000/api/v1/movies?limit=10&amp;page=1 
 path_url=/api/v1/movies?limit=10&amp;page=1 
 headers={'User-Agent': 'python-requests/2.32.3', 'Accept-Encoding': 'gzip, deflate, br, zstd', 'Accept': '*/*', 'Connection': 'keep-alive', 'Content-Type': 'application/json'} 
 body=None 
 </msg>
<msg time="2025-10-28T17:27:43.638680" level="INFO">GET Response : url=http://localhost:3000/api/v1/movies?limit=10&amp;page=1 
 status=200, reason=OK 
 headers={'X-Powered-By': 'Express', 'Access-Control-Allow-Origin': '*', 'Content-Type': 'application/json; charset=utf-8', 'Content-Length': '4233', 'ETag': 'W/"1089-U/b2afFG9+yJ8XF/Ax9NfvbhlUw"', 'Date': 'Tue, 28 Oct 2025 20:27:43 GMT', 'Connection': 'keep-alive', 'Keep-Alive': 'timeout=5'} 
 body={"success":true,"count":10,"pagination":{"next":{"page":2,"limit":10}},"data":[{"_id":"68f7ec4a377d8700e8da0156","customId":"10","title":"Interstellar","synopsis":"A team of explorers travel through a wormhole in space in an attempt to ensure humanity's survival.","director":"Christopher Nolan","genres":["Adventure","Drama","Science Fiction"],"duration":169,"classification":"PG-13","poster":"interstellar.jpg","releaseDate":"2014-11-07T00:00:00.000Z","id":"68f7ec4a377d8700e8da0156"},{"_id":"68f7ec484bc189e5600e8f87","customId":"2","title":"The Avengers","synopsis":"Earth's mightiest heroes must come together to save the world.","director":"Joss Whedon","genres":["Action","Adventure"],"duration":143,"classification":"PG-13","poster":"avengers.jpg","releaseDate":"2012-05-04T00:00:00.000Z","id":"68f7ec484bc189e5600e8f87"},{"_id":"68f7ec484bc189e5600e8f86","customId":"1","title":"Inception","synopsis":"A thief who enters the dreams of others to steal their secrets.","director":"Christopher Nolan","genres":["Science Fiction","Action"],"duration":148,"classification":"PG-13","poster":"inception.jpg","releaseDate":"2010-07-16T00:00:00.000Z","id":"68f7ec484bc189e5600e8f86"},{"_id":"68f7ec4a377d8700e8da015a","customId":"14","title":"Avatar","synopsis":"A paraplegic Marine dispatched to the moon Pandora on a unique mission becomes torn between following his orders and protecting the world he feels is his home.","director":"James Cameron","genres":["Action","Adventure","Fantasy"],"duration":162,"classification":"PG-13","poster":"avatar.jpg","releaseDate":"2009-12-18T00:00:00.000Z","id":"68f7ec4a377d8700e8da015a"},{"_id":"68f7ec4a377d8700e8da0152","customId":"6","title":"The Dark Knight","synopsis":"When the menace known as the Joker wreaks havoc and chaos on the people of Gotham, Batman must accept one of the greatest psychological and physical tests of his ability to fight injustice.","director":"Christopher Nolan","genres":["Action","Crime","Drama"],"duration":152,"classification":"PG-13","poster":"darkknight.jpg","releaseDate":"2008-07-18T00:00:00.000Z","id":"68f7ec4a377d8700e8da0152"},{"_id":"68f7ec4a377d8700e8da0158","customId":"12","title":"The Lord of the Rings: The Fellowship of the Ring","synopsis":"A meek Hobbit from the Shire and eight companions set out on a journey to destroy the powerful One Ring and save Middle-earth from the Dark Lord Sauron.","director":"Peter Jackson","genres":["Adventure","Fantasy","Drama"],"duration":178,"classification":"PG-13","poster":"lotr.jpg","releaseDate":"2001-12-19T00:00:00.000Z","id":"68f7ec4a377d8700e8da0158"},{"_id":"68f7ec4a377d8700e8da0157","customId":"11","title":"Gladiator","synopsis":"A former Roman General sets out to exact vengeance against the corrupt emperor who murdered his family and sent him into slavery.","director":"Ridley Scott","genres":["Action","Adventure","Drama"],"duration":155,"classification":"R","poster":"gladiator.jpg","releaseDate":"2000-05-05T00:00:00.000Z","id":"68f7ec4a377d8700e8da0157"},{"_id":"68f7ec4a377d8700e8da0153","customId":"7","title":"Fight Club","synopsis":"An insomniac office worker and a devil-may-care soapmaker form an underground fight club that evolves into something much, much more.","director":"David Fincher","genres":["Drama"],"duration":139,"classification":"R","poster":"fightclub.jpg","releaseDate":"1999-10-15T00:00:00.000Z","id":"68f7ec4a377d8700e8da0153"},{"_id":"68f7ec4a377d8700e8da0150","customId":"4","title":"The Matrix","synopsis":"A computer hacker learns from mysterious rebels about the true nature of his reality and his role in the war against its controllers.","director":"Lana Wachowski, Lilly Wachowski","genres":["Science Fiction","Action"],"duration":136,"classification":"R","poster":"matrix.jpg","releaseDate":"1999-03-31T00:00:00.000Z","id":"68f7ec4a377d8700e8da0150"},{"_id":"68f7ec4a377d8700e8da0159","customId":"13","title":"Titanic","synopsis":"A seventeen-year-old aristocrat falls in love with a kind but poor artist aboard the luxurious, ill-fated R.M.S. Titanic.","director":"James Cameron","genres":["Drama","Romance"],"duration":194,"classification":"PG-13","poster":"titanic.jpg","releaseDate":"1997-12-19T00:00:00.000Z","id":"68f7ec4a377d8700e8da0159"}]} 
 </msg>
<msg time="2025-10-28T17:27:43.638680" level="INFO">${response} = &lt;Response [200]&gt;</msg>
<var>${response}</var>
<arg>cinema_api</arg>
<arg>/movies</arg>
<arg>headers=${headers}</arg>
<arg>params=${params}</arg>
<doc>Sends a GET request on a previously created HTTP Session.</doc>
<status status="PASS" start="2025-10-28T17:27:43.513886" elapsed="0.124794"/>
</kw>
<return>
<value>${response}</value>
<status status="PASS" start="2025-10-28T17:27:43.638680" elapsed="0.000000"/>
</return>
<msg time="2025-10-28T17:27:43.638680" level="INFO">${response} = &lt;Response [200]&gt;</msg>
<var>${response}</var>
<status status="PASS" start="2025-10-28T17:27:43.509342" elapsed="0.129338"/>
</kw>
<kw name="Should Be Success Response" owner="base">
<kw name="Should Be Equal As Strings" owner="BuiltIn">
<msg time="2025-10-28T17:27:43.640852" level="INFO">Argument types are:
&lt;class 'int'&gt;
&lt;class 'str'&gt;</msg>
<arg>${response.status_code}</arg>
<arg>${expected_status}</arg>
<doc>Fails if objects are unequal after converting them to strings.</doc>
[...]
<arg>${USER_PASSWORD}</arg>
<doc>Obtém token de autenticação</doc>
<status status="FAIL" start="2025-10-28T17:27:48.348417" elapsed="0.066287">HTTPError: 401 Client Error: Unauthorized for url: http://localhost:3000/api/v1/auth/login</status>
</kw>
<return>
<value>${token}</value>
<status status="NOT RUN" start="2025-10-28T17:27:48.414704" elapsed="0.000000"/>
</return>
<var>${user_token}</var>
<doc>Obtém token de usuário comum</doc>
<status status="FAIL" start="2025-10-28T17:27:48.348417" elapsed="0.066287">HTTPError: 401 Client Error: Unauthorized for url: http://localhost:3000/api/v1/auth/login</status>
</kw>
<kw name="Sleep" owner="BuiltIn">
<arg>0.5s</arg>
<doc>Pauses the test executed for the given time.</doc>
<status status="NOT RUN" start="2025-10-28T17:27:48.414704" elapsed="0.000997"/>
</kw>
<kw name="Delete Reservation" owner="reservations">
<var>${response}</var>
<arg>${user_token}</arg>
<arg>60d0fe4f5311236168a109ce</arg>
<arg>expected_status=403</arg>
<doc>DELETE /reservations/{id} - Delete reservation (admin only)</doc>
<status status="NOT RUN" start="2025-10-28T17:27:48.415701" elapsed="0.000000"/>
</kw>
<kw name="Should Be Error Response">
<arg>${response}</arg>
<arg>403</arg>
<status status="NOT RUN" start="2025-10-28T17:27:48.415701" elapsed="0.000000"/>
</kw>
<kw name="Log" owner="BuiltIn" type="TEARDOWN">
<msg time="2025-10-28T17:27:48.416701" level="INFO">Finished test: TC040 - Delete Reservation Without Admin Rights</msg>
<arg>Finished test: ${TEST_NAME}</arg>
<doc>Logs the given message with the given level.</doc>
<status status="PASS" start="2025-10-28T17:27:48.416701" elapsed="0.000000"/>
</kw>
<doc>Tentativa de deletar reserva sem ser admin</doc>
<tag>delete</tag>
<tag>reservations</tag>
<tag>security</tag>
<status status="FAIL" start="2025-10-28T17:27:48.341104" elapsed="0.075597">HTTPError: 401 Client Error: Unauthorized for url: http://localhost:3000/api/v1/auth/login</status>
</test>
<test id="s1-s3-t13" name="TC041 - Create Reservation With Different Payment Methods" line="207">
<kw name="Log" owner="BuiltIn" type="SETUP">
<msg time="2025-10-28T17:27:48.424911" level="INFO">Starting test: TC041 - Create Reservation With Different Payment Methods</msg>
<arg>Starting test: ${TEST_NAME}</arg>
<doc>Logs the given message with the given level.</doc>
<status status="PASS" start="2025-10-28T17:27:48.424911" elapsed="0.000000"/>
</kw>
<kw name="Get User Token" owner="base">
<kw name="Get Auth Token" owner="base">
<kw name="Create Dictionary" owner="BuiltIn">
<msg time="2025-10-28T17:27:48.426910" level="INFO">${headers} = {'Content-Type': 'application/json'}</msg>
<var>${headers}</var>
<arg>Content-Type=application/json</arg>
<doc>Creates and returns a dictionary based on the given ``items``.</doc>
<status status="PASS" start="2025-10-28T17:27:48.425909" elapsed="0.001001"/>
</kw>
<kw name="Create Dictionary" owner="BuiltIn">
<msg time="2025-10-28T17:27:48.426910" level="INFO">${body} = {'email': 'test@example.com', 'password': 'password123'}</msg>
<var>${body}</var>
<arg>email=${email}</arg>
<arg>password=${password}</arg>
<doc>Creates and returns a dictionary based on the given ``items``.</doc>
<status status="PASS" start="2025-10-28T17:27:48.426910" elapsed="0.000000"/>
</kw>
<kw name="POST On Session" owner="RequestsLibrary">
<msg time="2025-10-28T17:27:48.485807" level="INFO">POST Request : url=http://localhost:3000/api/v1/auth/login 
 path_url=/api/v1/auth/login 
 headers={'User-Agent': 'python-requests/2.32.3', 'Accept-Encoding': 'gzip, deflate, br, zstd', 'Accept': '*/*', 'Connection': 'keep-alive', 'Content-Type': 'application/json', 'Content-Length': '56'} 
 body=b'{"email": "test@example.com", "password": "password123"}' 
 </msg>
<msg time="2025-10-28T17:27:48.485807" level="INFO">POST Response : url=http://localhost:3000/api/v1/auth/login 
 status=401, reason=Unauthorized 
 headers={'X-Powered-By': 'Express', 'Access-Control-Allow-Origin': '*', 'Content-Type': 'application/json; charset=utf-8', 'Content-Length': '55', 'ETag': 'W/"37-5uDpJTljPBecOPs/j7OXFdPRcmQ"', 'Date': 'Tue, 28 Oct 2025 20:27:48 GMT', 'Connection': 'keep-alive', 'Keep-Alive': 'timeout=5'} 
 body={"success":false,"message":"Invalid email or password"} 
 </msg>
<msg time="2025-10-28T17:27:48.485807" level="FAIL">HTTPError: 401 Client Error: Unauthorized for url: http://localhost:3000/api/v1/auth/login</msg>
<var>${response}</var>
<arg>cinema_api</arg>
<arg>/auth/login</arg>
<arg>json=${body}</arg>
<arg>headers=${headers}</arg>
<doc>Sends a POST request on a previously created HTTP Session.</doc>
<status status="FAIL" start="2025-10-28T17:27:48.426910" elapsed="0.061799">HTTPError: 401 Client Error: Unauthorized for url: http://localhost:3000/api/v1/auth/login</status>
</kw>
<kw name="Should Be Equal As Strings" owner="BuiltIn">
<arg>${response.status_code}</arg>
<arg>200</arg>
<doc>Fails if objects are unequal after converting them to strings.</doc>
<status status="NOT RUN" start="2025-10-28T17:27:48.488709" elapsed="0.000000"/>
</kw>
<kw name="Set Variable" owner="BuiltIn">
<var>${token}</var>
<arg>${response.json()}[data][token]</arg>
<doc>Returns the given values which can then be assigned to a variables.</doc>
<status status="NOT RUN" start="2025-10-28T17:27:48.488709" elapsed="0.000000"/>
</kw>
<return>
<value>${token}</value>
<status status="NOT RUN" start="2025-10-28T17:27:48.488709" elapsed="0.000000"/>
</return>
<var>${token}</var>
<arg>${USER_EMAIL}</arg>
<arg>${USER_PASSWORD}</arg>
<doc>Obtém token de autenticação</doc>
<status status="FAIL" start="2025-10-28T17:27:48.425909" elapsed="0.062800">HTTPError: 401 Client Error: Unauthorized for url: http://localhost:3000/api/v1/auth/login</status>
</kw>
<return>
<value>${token}</value>
<status status="NOT RUN" start="2025-10-28T17:27:48.488709" elapsed="0.000000"/>
</return>
<var>${token}</var>
<doc>Obtém token de usuário comum</doc>
<status status="FAIL" start="2025-10-28T17:27:48.425909" elapsed="0.062800">HTTPError: 401 Client Error: Unauthorized for url: http://localhost:3000/api/v1/auth/login</status>
</kw>
<kw name="Sleep" owner="BuiltIn">
<arg>0.5s</arg>
<doc>Pauses the test executed for the given time.</doc>
<status status="NOT RUN" start="2025-10-28T17:27:48.488709" elapsed="0.000000"/>
</kw>
<kw name="Get All Sessions">
<var>${sessions_response}</var>
<arg>${token}</arg>
<status status="NOT RUN" start="2025-10-28T17:27:48.490753" elapsed="0.000000"/>
</kw>
<kw name="Sleep" owner="BuiltIn">
<arg>0.5s</arg>
<doc>Pauses the test executed for the given time.</doc>
<status status="NOT RUN" start="2025-10-28T17:27:48.490753" elapsed="0.000000"/>
</kw>
<kw name="Run Keyword If" owner="BuiltIn">
<arg>len($sessions_response.json()['data']) &gt; 0</arg>
<arg>Run Keywords</arg>
<arg>${session_id}=</arg>
<arg>Set Variable</arg>
<arg>${sessions_response.json()}[data][0][_id]</arg>
<arg>AND</arg>
<arg>${seats}=</arg>
<arg>Create Sample Seats</arg>
<arg>1</arg>
<arg>AND</arg>
<arg>@{payment_methods}=</arg>
<arg>Create List</arg>
<arg>credit_card</arg>
<arg>debit_card</arg>
<arg>pix</arg>
<arg>cash</arg>
<arg>AND</arg>
<arg>FOR</arg>
<arg>${method}</arg>
<arg>IN</arg>
<arg>@{payment_methods}</arg>
<arg>Sleep</arg>
<arg>0.5s</arg>
<arg>${response}=</arg>
<arg>Create Reservation</arg>
<arg>${token}</arg>
<arg>${session_id}</arg>
<arg>${seats}</arg>
<arg>payment_method=${method}</arg>
<arg>Run Keyword If</arg>
<arg>${response.status_code} == 201</arg>
<arg>Should Be Equal As Strings</arg>
<arg>${response.json()}[data][paymentMethod]</arg>
<arg>${method}</arg>
<arg>...</arg>
<arg>ELSE</arg>
<arg>Log</arg>
<arg>Método ${method} não suportado: ${response.json()}</arg>
<arg>ELSE</arg>
<arg>Log</arg>
<arg>Não há sessões para testar métodos de pagamento</arg>
<doc>Runs the given keyword with the given arguments, if ``condition`` is true.</doc>
<status status="NOT RUN" start="2025-10-28T17:27:48.490753" elapsed="0.000000"/>
</kw>
<kw name="Log" owner="BuiltIn" type="TEARDOWN">
<msg time="2025-10-28T17:27:48.490753" level="INFO">Finished test: TC041 - Create Reservation With Different Payment Methods</msg>
<arg>Finished test: ${TEST_NAME}</arg>
<doc>Logs the given message with the given level.</doc>
<status status="PASS" start="2025-10-28T17:27:48.490753" elapsed="0.000000"/>
</kw>
<doc>Criar reservas com diferentes métodos de pagamento</doc>
<tag>create</tag>
<tag>reservations</tag>
<tag>user</tag>
<status status="FAIL" start="2025-10-28T17:27:48.421903" elapsed="0.068850">HTTPError: 401 Client Error: Unauthorized for url: http://localhost:3000/api/v1/auth/login</status>
</test>
<kw name="Teardown API Session" owner="base" type="TEARDOWN">
<kw name="Delete All Sessions" owner="RequestsLibrary">
<msg time="2025-10-28T17:27:48.497880" level="INFO">Deleting All Sessions</msg>
<doc>Removes all the session objects</doc>
<status status="PASS" start="2025-10-28T17:27:48.492746" elapsed="0.005134"/>
</kw>
<doc>Encerra sessão da API</doc>
<status status="PASS" start="2025-10-28T17:27:48.492746" elapsed="0.005134"/>
</kw>
<doc>Testes das Reservas de filmes</doc>
<status status="FAIL" start="2025-10-28T17:27:47.341953" elapsed="1.155927"/>
</suite>
<status status="FAIL" start="2025-10-28T17:27:40.652655" elapsed="7.853896"/>
</suite>
<statistics>
<total>
<stat pass="13" fail="26" skip="0">All Tests</stat>
</total>
<tag>
<stat pass="0" fail="12" skip="0">admin</stat>
<stat pass="0" fail="6" skip="0">create</stat>
<stat pass="0" fail="1" skip="0">crud</stat>
<stat pass="0" fail="4" skip="0">delete</stat>
<stat pass="0" fail="5" skip="0">error</stat>
<stat pass="1" fail="1" skip="0">filter</stat>
<stat pass="7" fail="13" skip="0">movies</stat>
<stat pass="1" fail="1" skip="0">pagination</stat>
<stat pass="2" fail="0" skip="0">public</stat>
<stat pass="7" fail="8" skip="0">read</stat>
<stat pass="0" fail="13" skip="0">reservations</stat>
<stat pass="1" fail="0" skip="0">search</stat>
<stat pass="0" fail="6" skip="0">security</stat>
<stat pass="0" fail="1" skip="0">smoke</stat>
<stat pass="1" fail="0" skip="0">sort</stat>
<stat pass="0" fail="7" skip="0">update</stat>
<stat pass="0" fail="4" skip="0">user</stat>
</tag>
<suite>
<stat name="Server" id="s1" pass="13" fail="26" skip="0">Server</stat>
<stat name="Auth" id="s1-s1" pass="6" fail="0" skip="0">Server.Auth</stat>
<stat name="Movies" id="s1-s2" pass="7" fail="13" skip="0">Server.Movies</stat>
<stat name="Reservations" id="s1-s3" pass="0" fail="13" skip="0">Server.Reservations</stat>
</suite>
</statistics>
<errors>
<msg time="2025-10-28T17:27:41.011616" level="WARN">Error in file 'C:\Users\raphael\Documents\GitHub\learn\Compass\cinema\test-ciname-challenge\resources\api\auth.resource' on line 28: The '[Return]' setting is deprecated. Use the 'RETURN' statement instead.</msg>
<msg time="2025-10-28T17:27:41.011616" level="WARN">Error in file 'C:\Users\raphael\Documents\GitHub\learn\Compass\cinema\test-ciname-challenge\resources\api\auth.resource' on line 43: The '[Return]' setting is deprecated. Use the 'RETURN' statement instead.</msg>
<msg time="2025-10-28T17:27:41.012627" level="WARN">Error in file 'C:\Users\raphael\Documents\GitHub\learn\Compass\cinema\test-ciname-challenge\resources\api\auth.resource' on line 79: The '[Return]' setting is deprecated. Use the 'RETURN' statement instead.</msg>
<msg time="2025-10-28T17:27:41.012627" level="WARN">Error in file 'C:\Users\raphael\Documents\GitHub\learn\Compass\cinema\test-ciname-challenge\resources\api\auth.resource' on line 89: The '[Return]' setting is deprecated. Use the 'RETURN' statement instead.</msg>
<msg time="2025-10-28T17:27:41.012627" level="WARN">Error in file 'C:\Users\raphael\Documents\GitHub\learn\Compass\cinema\test-ciname-challenge\resources\api\auth.resource' on line 101: The '[Return]' setting is deprecated. Use the 'RETURN' statement instead.</msg>
<msg time="2025-10-28T17:27:43.076358" level="WARN">Error in file 'C:\Users\raphael\Documents\GitHub\learn\Compass\cinema\test-ciname-challenge\resources\base.resource' on line 136: The '[Return]' setting is deprecated. Use the 'RETURN' statement instead.</msg>
<msg time="2025-10-28T17:27:43.077359" level="WARN">Error in file 'C:\Users\raphael\Documents\GitHub\learn\Compass\cinema\test-ciname-challenge\resources\base.resource' on line 168: The '[Return]' setting is deprecated. Use the 'RETURN' statement instead.</msg>
<msg time="2025-10-28T17:27:43.078354" level="WARN">Error in file 'C:\Users\raphael\Documents\GitHub\learn\Compass\cinema\test-ciname-challenge\resources\base.resource' on line 175: The '[Return]' setting is deprecated. Use the 'RETURN' statement instead.</msg>
<msg time="2025-10-28T17:27:43.078354" level="WARN">Error in file 'C:\Users\raphael\Documents\GitHub\learn\Compass\cinema\test-ciname-challenge\resources\base.resource' on line 185: The '[Return]' setting is deprecated. Use the 'RETURN' statement instead.</msg>
<msg time="2025-10-28T17:27:43.079365" level="WARN">Error in file 'C:\Users\raphael\Documents\GitHub\learn\Compass\cinema\test-ciname-challenge\resources\base.resource' on line 190: The '[Return]' setting is deprecated. Use the 'RETURN' statement instead.</msg>
<msg time="2025-10-28T17:27:43.079365" level="WARN">Error in file 'C:\Users\raphael\Documents\GitHub\learn\Compass\cinema\test-ciname-challenge\resources\base.resource' on line 195: The '[Return]' setting is deprecated. Use the 'RETURN' statement instead.</msg>
<msg time="2025-10-28T17:27:43.079365" level="WARN">Error in file 'C:\Users\raphael\Documents\GitHub\learn\Compass\cinema\test-ciname-challenge\resources\base.resource' on line 202: The '[Return]' setting is deprecated. Use the 'RETURN' statement instead.</msg>
<msg time="2025-10-28T17:27:43.405898" level="ERROR">Error in file 'C:\Users\raphael\Documents\GitHub\learn\Compass\cinema\test-ciname-challenge\resources\base.resource' on line 12: Importing library 'Faker' failed: ModuleNotFoundError: No module named 'Faker'
Traceback (most recent call last):
  None
PYTHONPATH:
  C:\Users\raphael\anaconda3\Scripts\robot.exe
  C:\Users\raphael\anaconda3\python312.zip
  C:\Users\raphael\anaconda3\DLLs
  C:\Users\raphael\anaconda3\Lib
  C:\Users\raphael\anaconda3
  C:\Users\raphael\anaconda3\Lib\site-packages
  C:\Users\raphael\anaconda3\Lib\site-packages\win32
  C:\Users\raphael\anaconda3\Lib\site-packages\win32\lib
  C:\Users\raphael\anaconda3\Lib\site-packages\Pythonwin</msg>
<msg time="2025-10-28T17:27:43.492867" level="WARN">Error in file 'C:\Users\raphael\Documents\GitHub\learn\Compass\cinema\test-ciname-challenge\resources\api\movies.resource' on line 25: The '[Return]' setting is deprecated. Use the 'RETURN' statement instead.</msg>
<msg time="2025-10-28T17:27:43.492867" level="WARN">Error in file 'C:\Users\raphael\Documents\GitHub\learn\Compass\cinema\test-ciname-challenge\resources\api\movies.resource' on line 32: The '[Return]' setting is deprecated. Use the 'RETURN' statement instead.</msg>
<msg time="2025-10-28T17:27:43.492867" level="WARN">Error in file 'C:\Users\raphael\Documents\GitHub\learn\Compass\cinema\test-ciname-challenge\resources\api\movies.resource' on line 47: The '[Return]' setting is deprecated. Use the 'RETURN' statement instead.</msg>
<msg time="2025-10-28T17:27:43.492867" level="WARN">Error in file 'C:\Users\raphael\Documents\GitHub\learn\Compass\cinema\test-ciname-challenge\resources\api\movies.resource' on line 53: The '[Return]' setting is deprecated. Use the 'RETURN' statement instead.</msg>
<msg time="2025-10-28T17:27:43.492867" level="WARN">Error in file 'C:\Users\raphael\Documents\GitHub\learn\Compass\cinema\test-ciname-challenge\resources\api\movies.resource' on line 69: The '[Return]' setting is deprecated. Use the 'RETURN' statement instead.</msg>
<msg time="2025-10-28T17:27:43.492867" level="WARN">Error in file 'C:\Users\raphael\Documents\GitHub\learn\Compass\cinema\test-ciname-challenge\resources\api\movies.resource' on line 86: The '[Return]' setting is deprecated. Use the 'RETURN' statement instead.</msg>
<msg time="2025-10-28T17:27:43.492867" level="WARN">Error in file 'C:\Users\raphael\Documents\GitHub\learn\Compass\cinema\test-ciname-challenge\resources\api\movies.resource' on line 92: The '[Return]' setting is deprecated. Use the 'RETURN' statement instead.</msg>
<msg time="2025-10-28T17:27:43.492867" level="WARN">Error in file 'C:\Users\raphael\Documents\GitHub\learn\Compass\cinema\test-ciname-challenge\resources\api\movies.resource' on line 97: The '[Return]' setting is deprecated. Use the 'RETURN' statement instead.</msg>
<msg time="2025-10-28T17:27:43.492867" level="WARN">Error in file 'C:\Users\raphael\Documents\GitHub\learn\Compass\cinema\test-ciname-challenge\resources\api\movies.resource' on line 123: The '[Return]' setting is deprecated. Use the 'RETURN' statement instead.</msg>
<msg time="2025-10-28T17:27:47.353821" level="WARN">Error in file 'C:\Users\raphael\Documents\GitHub\learn\Compass\cinema\test-ciname-challenge\resources\api\reservations.resource' on line 17: The '[Return]' setting is deprecated. Use the 'RETURN' statement instead.</msg>
<msg time="2025-10-28T17:27:47.354348" level="WARN">Error in file 'C:\Users\raphael\Documents\GitHub\learn\Compass\cinema\test-ciname-challenge\resources\api\reservations.resource' on line 25: The '[Return]' setting is deprecated. Use the 'RETURN' statement instead.</msg>
<msg time="2025-10-28T17:27:47.354348" level="WARN">Error in file 'C:\Users\raphael\Documents\GitHub\learn\Compass\cinema\test-ciname-challenge\resources\api\reservations.resource' on line 32: The '[Return]' setting is deprecated. Use the 'RETURN' statement instead.</msg>
<msg time="2025-10-28T17:27:47.354348" level="WARN">Error in file 'C:\Users\raphael\Documents\GitHub\learn\Compass\cinema\test-ciname-challenge\resources\api\reservations.resource' on line 43: The '[Return]' setting is deprecated. Use the 'RETURN' statement instead.</msg>
<msg time="2025-10-28T17:27:47.354348" level="WARN">Error in file 'C:\Users\raphael\Documents\GitHub\learn\Compass\cinema\test-ciname-challenge\resources\api\reservations.resource' on line 53: The '[Return]' setting is deprecated. Use the 'RETURN' statement instead.</msg>
<msg time="2025-10-28T17:27:47.354348" level="WARN">Error in file 'C:\Users\raphael\Documents\GitHub\learn\Compass\cinema\test-ciname-challenge\resources\api\reservations.resource' on line 60: The '[Return]' setting is deprecated. Use the 'RETURN' statement instead.</msg>
<msg time="2025-10-28T17:27:47.354348" level="WARN">Error in file 'C:\Users\raphael\Documents\GitHub\learn\Compass\cinema\test-ciname-challenge\resources\api\reservations.resource' on line 68: The '[Return]' setting is deprecated. Use the 'RETURN' statement instead.</msg>
<msg time="2025-10-28T17:27:47.354348" level="WARN">Error in file 'C:\Users\raphael\Documents\GitHub\learn\Compass\cinema\test-ciname-challenge\resources\api\reservations.resource' on line 77: The '[Return]' setting is deprecated. Use the 'RETURN' statement instead.</msg>
<msg time="2025-10-28T17:27:47.354348" level="WARN">Error in file 'C:\Users\raphael\Documents\GitHub\learn\Compass\cinema\test-ciname-challenge\resources\api\reservations.resource' on line 82: The '[Return]' setting is deprecated. Use the 'RETURN' statement instead.</msg>
<msg time="2025-10-28T17:27:47.370815" level="ERROR">Error in file 'C:\Users\raphael\Documents\GitHub\learn\Compass\cinema\test-ciname-challenge\resources\base.resource' on line 12: Importing library 'Faker' failed: ModuleNotFoundError: No module named 'Faker'
Traceback (most recent call last):
  None
PYTHONPATH:
  C:\Users\raphael\anaconda3\Scripts\robot.exe
  C:\Users\raphael\anaconda3\python312.zip
  C:\Users\raphael\anaconda3\DLLs
  C:\Users\raphael\anaconda3\Lib
  C:\Users\raphael\anaconda3
  C:\Users\raphael\anaconda3\Lib\site-packages
  C:\Users\raphael\anaconda3\Lib\site-packages\win32
  C:\Users\raphael\anaconda3\Lib\site-packages\win32\lib
  C:\Users\raphael\anaconda3\Lib\site-packages\Pythonwin</msg>
</errors>
</robot>
