<?xml version="1.0" encoding="UTF-8"?>
<robot generator="Robot 7.3.2 (Python 3.12.7 on win32)" generated="2025-10-25T00:49:40.362950" rpa="false" schemaversion="5">
<suite id="s1" name="Web" source="C:\Users\raphael\Documents\GitHub\learn\Compass\cinema\test-ciname-challenge\tests\web">
<suite id="s1-s1" name="Init" source="C:\Users\raphael\Documents\GitHub\learn\Compass\cinema\test-ciname-challenge\tests\web\init.robot">
<kw name="Setup Browser" owner="base" type="SETUP">
<kw name="New Browser" owner="Browser">
<msg time="2025-10-25T00:49:40.820920" level="INFO">{"browser": "chromium", "headless": false, "chromiumSandbox": false, "devtools": false, "handleSIGHUP": true, "handleSIGINT": true, "handleSIGTERM": true, "slowMo": 0.0, "timeout": 30000.0, "tracesDir": "C:\\Users\\raphael\\Documents\\GitHub\\learn\\Compass\\cinema\\test-ciname-challenge\\results\\browser\\traces\\temp\\161c3650-aacc-439d-ba83-ac7b6ae8c087"}</msg>
<msg time="2025-10-25T00:49:40.844483" level="INFO">Starting Browser process C:\Users\raphael\anaconda3\Lib\site-packages\Browser\wrapper\index.js using at 127.0.0.1:49329</msg>
<msg time="2025-10-25T00:49:42.105582" level="INFO">Successfully created browser with options: {"browser":"chromium","headless":false,"chromiumSandbox":false,"devtools":false,"handleSIGHUP":true,"handleSIGINT":true,"handleSIGTERM":true,"slowMo":0,"timeout":30000,"tracesDir":"C:\\Users\\raphael\\Documents\\GitHub\\learn\\Compass\\cinema\\test-ciname-challenge\\results\\browser\\traces\\temp\\161c3650-aacc-439d-ba83-ac7b6ae8c087"}</msg>
<arg>chromium</arg>
<arg>headless=False</arg>
<tag>BrowserControl</tag>
<tag>Setter</tag>
<doc>Create a new playwright Browser with specified options.</doc>
<status status="PASS" start="2025-10-25T00:49:40.819927" elapsed="1.286664"/>
</kw>
<kw name="New Context" owner="Browser">
<msg time="2025-10-25T00:49:42.112865" level="INFO">{
  "acceptDownloads": true,
  "bypassCSP": false,
  "forcedColors": "none",
  "ignoreHTTPSErrors": false,
  "javaScriptEnabled": true,
  "offline": false,
  "reducedMotion": "no-preference",
  "serviceWorkers": "allow",
  "viewport": {
    "width": 1280,
    "height": 720
  }
}</msg>
<msg time="2025-10-25T00:49:42.138423" level="INFO">Successfully created context. </msg>
<msg time="2025-10-25T00:49:42.138423" level="INFO">{'acceptDownloads': True, 'bypassCSP': False, 'forcedColors': 'none', 'ignoreHTTPSErrors': False, 'javaScriptEnabled': True, 'offline': False, 'reducedMotion': 'no-preference', 'serviceWorkers': 'allow', 'viewport': {'width': 1280, 'height': 720}}</msg>
<tag>BrowserControl</tag>
<tag>Setter</tag>
<doc>Create a new BrowserContext with specified options.</doc>
<status status="PASS" start="2025-10-25T00:49:42.106591" elapsed="0.031832"/>
</kw>
<kw name="New Page" owner="Browser">
<msg time="2025-10-25T00:49:42.687327" level="INFO">Successfully initialized new page object and opened url: http://localhost:3002/</msg>
<arg>${URL_FRONT}/</arg>
<tag>BrowserControl</tag>
<tag>Setter</tag>
<doc>Open a new Page.</doc>
<status status="PASS" start="2025-10-25T00:49:42.138423" elapsed="0.548904"/>
</kw>
<status status="PASS" start="2025-10-25T00:49:40.818926" elapsed="1.868401"/>
</kw>
<test id="s1-s1-t1" name="TC022 - Verificar Header Na Pagina Inicial" line="21">
<kw name="Open Page" owner="base">
<kw name="Set Variable" owner="BuiltIn">
<msg time="2025-10-25T00:49:42.777734" level="INFO">${url} = http://localhost:3002/</msg>
<var>${url}</var>
<arg>${URL_FRONT}${root}</arg>
<doc>Returns the given values which can then be assigned to a variables.</doc>
<status status="PASS" start="2025-10-25T00:49:42.777734" elapsed="0.000000"/>
</kw>
<kw name="Run Keyword And Ignore Error" owner="BuiltIn">
<kw name="Get Url" owner="Browser">
<tag>Assertion</tag>
<tag>Getter</tag>
<tag>PageContent</tag>
<doc>Returns the current URL.</doc>
<status status="PASS" start="2025-10-25T00:49:42.777734" elapsed="0.004218"/>
</kw>
<msg time="2025-10-25T00:49:42.781952" level="INFO">${status} = PASS</msg>
<msg time="2025-10-25T00:49:42.781952" level="INFO">${message} = http://localhost:3002/</msg>
<var>${status}</var>
<var>${message}</var>
<arg>Get URL</arg>
<doc>Runs the given keyword with the given arguments and ignores possible error.</doc>
<status status="PASS" start="2025-10-25T00:49:42.777734" elapsed="0.004218"/>
</kw>
<if>
<branch type="IF" condition="'${status}' == 'PASS'">
<kw name="Go To" owner="Browser">
<msg time="2025-10-25T00:49:42.852421" level="INFO">Successfully opened URL http://localhost:3002/</msg>
<arg>${url}</arg>
<tag>BrowserControl</tag>
<tag>Setter</tag>
<doc>Navigates to the given ``url``.</doc>
<status status="PASS" start="2025-10-25T00:49:42.783462" elapsed="0.068959"/>
</kw>
<kw name="Log" owner="BuiltIn">
<msg time="2025-10-25T00:49:42.853930" level="INFO">Página redirecionada para: http://localhost:3002/</msg>
<arg>Página redirecionada para: ${url}</arg>
<doc>Logs the given message with the given level.</doc>
<status status="PASS" start="2025-10-25T00:49:42.852421" elapsed="0.001509"/>
</kw>
<status status="PASS" start="2025-10-25T00:49:42.781952" elapsed="0.071978"/>
</branch>
<branch type="ELSE">
<kw name="New Browser" owner="Browser">
<arg>chromium</arg>
<arg>headless=False</arg>
<tag>BrowserControl</tag>
<tag>Setter</tag>
<doc>Create a new playwright Browser with specified options.</doc>
<status status="NOT RUN" start="2025-10-25T00:49:42.853930" elapsed="0.000000"/>
</kw>
<kw name="New Context" owner="Browser">
<tag>BrowserControl</tag>
<tag>Setter</tag>
<doc>Create a new BrowserContext with specified options.</doc>
<status status="NOT RUN" start="2025-10-25T00:49:42.853930" elapsed="0.000000"/>
</kw>
<kw name="New Page" owner="Browser">
<arg>${url}</arg>
<tag>BrowserControl</tag>
<tag>Setter</tag>
<doc>Open a new Page.</doc>
<status status="NOT RUN" start="2025-10-25T00:49:42.853930" elapsed="0.000000"/>
</kw>
<kw name="Log" owner="BuiltIn">
<arg>Nova página aberta: ${url}</arg>
<doc>Logs the given message with the given level.</doc>
<status status="NOT RUN" start="2025-10-25T00:49:42.853930" elapsed="0.000000"/>
</kw>
<status status="NOT RUN" start="2025-10-25T00:49:42.853930" elapsed="0.001182"/>
</branch>
<status status="PASS" start="2025-10-25T00:49:42.781952" elapsed="0.073160"/>
</if>
<kw name="Wait For Elements State" owner="Browser">
<msg time="2025-10-25T00:49:42.914001" level="INFO">Waited for Element with selector body at state visible</msg>
<arg>body</arg>
<arg>visible</arg>
<arg>timeout=5s</arg>
<tag>PageContent</tag>
<tag>Wait</tag>
<doc>Waits for the element found by ``selector`` to satisfy state option.</doc>
<status status="PASS" start="2025-10-25T00:49:42.855112" elapsed="0.059898"/>
</kw>
<arg>/</arg>
<status status="PASS" start="2025-10-25T00:49:42.776739" elapsed="0.138271"/>
</kw>
<kw name="Verify Complete Header Structure" owner="header">
<kw name="Wait For Elements State" owner="Browser">
<msg time="2025-10-25T00:49:42.931197" level="INFO">Waited for Element with selector header &gt; div.header-container at state visible</msg>
<arg>${HEADER_CONTAINER}</arg>
<arg>visible</arg>
<tag>PageContent</tag>
<tag>Wait</tag>
<doc>Waits for the element found by ``selector`` to satisfy state option.</doc>
<status status="PASS" start="2025-10-25T00:49:42.916009" elapsed="0.015188"/>
</kw>
<kw name="Wait For Elements State" owner="Browser">
<msg time="2025-10-25T00:49:42.942720" level="INFO">Waited for Element with selector header &gt; div.header-container &gt; div.logo at state visible</msg>
<arg>${HEADER_LOGO}</arg>
<arg>visible</arg>
<tag>PageContent</tag>
<tag>Wait</tag>
<doc>Waits for the element found by ``selector`` to satisfy state option.</doc>
<status status="PASS" start="2025-10-25T00:49:42.931197" elapsed="0.013034"/>
</kw>
<kw name="Wait For Elements State" owner="Browser">
<msg time="2025-10-25T00:49:42.951771" level="INFO">Waited for Element with selector header &gt; div.header-container &gt; nav at state visible</msg>
<arg>${HEADER_NAV}</arg>
<arg>visible</arg>
<tag>PageContent</tag>
<tag>Wait</tag>
<doc>Waits for the element found by ``selector`` to satisfy state option.</doc>
<status status="PASS" start="2025-10-25T00:49:42.944231" elapsed="0.007540"/>
</kw>
<kw name="Wait For Elements State" owner="Browser">
<msg time="2025-10-25T00:49:42.961289" level="INFO">Waited for Element with selector header &gt; div.header-container &gt; nav at state visible</msg>
<arg>${NAV_MENU}</arg>
<arg>visible</arg>
<tag>PageContent</tag>
<tag>Wait</tag>
<doc>Waits for the element found by ``selector`` to satisfy state option.</doc>
<status status="PASS" start="2025-10-25T00:49:42.952768" elapsed="0.008521"/>
</kw>
<kw name="Get Element Count" owner="Browser">
<msg time="2025-10-25T00:49:42.967351" level="INFO">${count} = 4</msg>
<var>${count}</var>
<arg>${NAV_MENU_ITEMS}</arg>
<tag>Assertion</tag>
<tag>Getter</tag>
<tag>PageContent</tag>
<doc>Returns the count of elements found with ``selector``.</doc>
<status status="PASS" start="2025-10-25T00:49:42.961289" elapsed="0.006062"/>
</kw>
<kw name="Should Be True" owner="BuiltIn">
<arg>${count} &gt; 0</arg>
<arg>msg=Menu não contém itens</arg>
<doc>Fails if the given condition is not true.</doc>
<status status="PASS" start="2025-10-25T00:49:42.968352" elapsed="0.000000"/>
</kw>
<kw name="Sleep" owner="BuiltIn">
<msg time="2025-10-25T00:49:43.469819" level="INFO">Slept 500 milliseconds.</msg>
<arg>0.5</arg>
<doc>Pauses the test executed for the given time.</doc>
<status status="PASS" start="2025-10-25T00:49:42.968352" elapsed="0.501467"/>
</kw>
<doc>Verifica a estrutura completa do header</doc>
<status status="PASS" start="2025-10-25T00:49:42.916009" elapsed="0.553810"/>
</kw>
<kw name="Verify Text In Element" owner="base">
<kw name="Wait For Elements State" owner="Browser">
<msg time="2025-10-25T00:49:43.478367" level="INFO">Waited for Element with selector css=.nav ul li:nth-child(2) a at state visible</msg>
<arg>css=${selector}</arg>
<arg>visible</arg>
<arg>timeout=5s</arg>
<tag>PageContent</tag>
<tag>Wait</tag>
<doc>Waits for the element found by ``selector`` to satisfy state option.</doc>
<status status="PASS" start="2025-10-25T00:49:43.470838" elapsed="0.008535"/>
</kw>
<kw name="Get Text" owner="Browser">
<msg time="2025-10-25T00:49:43.509135" level="INFO">Text: 'Início'</msg>
<msg time="2025-10-25T00:49:43.510135" level="INFO">${actual_text} = Início</msg>
<var>${actual_text}</var>
<arg>css=${selector}</arg>
<tag>Assertion</tag>
<tag>Getter</tag>
<tag>PageContent</tag>
<doc>Returns text attribute of the element found by ``selector``.</doc>
<status status="PASS" start="2025-10-25T00:49:43.479373" elapsed="0.030762"/>
</kw>
<kw name="Should Be Equal As Strings" owner="BuiltIn">
<arg>${actual_text.strip()}</arg>
<arg>${expected_text.strip()}</arg>
<arg>msg=Texto não corresponde no elemento '${selector}'\nEsperado: '${expected_text}'\nEncontrado: '${actual_text}'</arg>
<doc>Fails if objects are unequal after converting them to strings.</doc>
<status status="PASS" start="2025-10-25T00:49:43.510135" elapsed="0.001993"/>
</kw>
<arg>.nav ul li:nth-child(2) a</arg>
<arg>Início</arg>
<doc>Verifica se o texto dentro de um elemento CSS corresponde ao esperado</doc>
<status status="PASS" start="2025-10-25T00:49:43.469819" elapsed="0.042309"/>
</kw>
<kw name="Verify Text In Element" owner="base">
<kw name="Wait For Elements State" owner="Browser">
<msg time="2025-10-25T00:49:43.519663" level="INFO">Waited for Element with selector css=.nav ul li:nth-child(3) a at state visible</msg>
<arg>css=${selector}</arg>
<arg>visible</arg>
<arg>timeout=5s</arg>
<tag>PageContent</tag>
<tag>Wait</tag>
<doc>Waits for the element found by ``selector`` to satisfy state option.</doc>
<status status="PASS" start="2025-10-25T00:49:43.513126" elapsed="0.006537"/>
</kw>
<kw name="Get Text" owner="Browser">
<msg time="2025-10-25T00:49:43.532323" level="INFO">Text: 'Login'</msg>
<msg time="2025-10-25T00:49:43.532323" level="INFO">${actual_text} = Login</msg>
<var>${actual_text}</var>
<arg>css=${selector}</arg>
<tag>Assertion</tag>
<tag>Getter</tag>
<tag>PageContent</tag>
<doc>Returns text attribute of the element found by ``selector``.</doc>
<status status="PASS" start="2025-10-25T00:49:43.519663" elapsed="0.012660"/>
</kw>
<kw name="Should Be Equal As Strings" owner="BuiltIn">
<arg>${actual_text.strip()}</arg>
<arg>${expected_text.strip()}</arg>
<arg>msg=Texto não corresponde no elemento '${selector}'\nEsperado: '${expected_text}'\nEncontrado: '${actual_text}'</arg>
<doc>Fails if objects are unequal after converting them to strings.</doc>
<status status="PASS" start="2025-10-25T00:49:43.532323" elapsed="0.002535"/>
</kw>
<arg>.nav ul li:nth-child(3) a</arg>
<arg>Login</arg>
<doc>Verifica se o texto dentro de um elemento CSS corresponde ao esperado</doc>
<status status="PASS" start="2025-10-25T00:49:43.513126" elapsed="0.021732"/>
</kw>
<kw name="Verify Text In Element" owner="base">
<kw name="Wait For Elements State" owner="Browser">
<msg time="2025-10-25T00:49:43.543984" level="INFO">Waited for Element with selector css=.nav ul li:nth-child(4) a at state visible</msg>
<arg>css=${selector}</arg>
<arg>visible</arg>
<arg>timeout=5s</arg>
<tag>PageContent</tag>
<tag>Wait</tag>
<doc>Waits for the element found by ``selector`` to satisfy state option.</doc>
<status status="PASS" start="2025-10-25T00:49:43.536996" elapsed="0.007497"/>
</kw>
<kw name="Get Text" owner="Browser">
<msg time="2025-10-25T00:49:43.557550" level="INFO">Text: 'Cadastrar'</msg>
<msg time="2025-10-25T00:49:43.557550" level="INFO">${actual_text} = Cadastrar</msg>
<var>${actual_text}</var>
<arg>css=${selector}</arg>
<tag>Assertion</tag>
<tag>Getter</tag>
<tag>PageContent</tag>
<doc>Returns text attribute of the element found by ``selector``.</doc>
<status status="PASS" start="2025-10-25T00:49:43.544493" elapsed="0.013057"/>
</kw>
<kw name="Should Be Equal As Strings" owner="BuiltIn">
<arg>${actual_text.strip()}</arg>
<arg>${expected_text.strip()}</arg>
<arg>msg=Texto não corresponde no elemento '${selector}'\nEsperado: '${expected_text}'\nEncontrado: '${actual_text}'</arg>
<doc>Fails if objects are unequal after converting them to strings.</doc>
<status status="PASS" start="2025-10-25T00:49:43.557550" elapsed="0.002997"/>
</kw>
<arg>.nav ul li:nth-child(4) a</arg>
<arg>Cadastrar</arg>
<doc>Verifica se o texto dentro de um elemento CSS corresponde ao esperado</doc>
<status status="PASS" start="2025-10-25T00:49:43.535851" elapsed="0.024696"/>
</kw>
<doc>Teste completo do header na página inicial</doc>
<status status="PASS" start="2025-10-25T00:49:42.687327" elapsed="0.873220"/>
</test>
<test id="s1-s1-t2" name="TC023 - Verificar Navegacao Via Header" line="30">
<kw name="Open Page" owner="base">
<kw name="Set Variable" owner="BuiltIn">
<msg time="2025-10-25T00:49:43.572589" level="INFO">${url} = http://localhost:3002/</msg>
<var>${url}</var>
<arg>${URL_FRONT}${root}</arg>
<doc>Returns the given values which can then be assigned to a variables.</doc>
<status status="PASS" start="2025-10-25T00:49:43.571591" elapsed="0.000998"/>
</kw>
<kw name="Run Keyword And Ignore Error" owner="BuiltIn">
<kw name="Get Url" owner="Browser">
<tag>Assertion</tag>
<tag>Getter</tag>
<tag>PageContent</tag>
<doc>Returns the current URL.</doc>
<status status="PASS" start="2025-10-25T00:49:43.572589" elapsed="0.003548"/>
</kw>
<msg time="2025-10-25T00:49:43.576137" level="INFO">${status} = PASS</msg>
<msg time="2025-10-25T00:49:43.577121" level="INFO">${message} = http://localhost:3002/</msg>
<var>${status}</var>
<var>${message}</var>
<arg>Get URL</arg>
<doc>Runs the given keyword with the given arguments and ignores possible error.</doc>
<status status="PASS" start="2025-10-25T00:49:43.572589" elapsed="0.004532"/>
</kw>
<if>
<branch type="IF" condition="'${status}' == 'PASS'">
<kw name="Go To" owner="Browser">
<msg time="2025-10-25T00:49:43.642175" level="INFO">Successfully opened URL http://localhost:3002/</msg>
<arg>${url}</arg>
<tag>BrowserControl</tag>
<tag>Setter</tag>
<doc>Navigates to the given ``url``.</doc>
<status status="PASS" start="2025-10-25T00:49:43.577121" elapsed="0.065054"/>
</kw>
<kw name="Log" owner="BuiltIn">
<msg time="2025-10-25T00:49:43.643174" level="INFO">Página redirecionada para: http://localhost:3002/</msg>
<arg>Página redirecionada para: ${url}</arg>
<doc>Logs the given message with the given level.</doc>
<status status="PASS" start="2025-10-25T00:49:43.643174" elapsed="0.000000"/>
</kw>
<status status="PASS" start="2025-10-25T00:49:43.577121" elapsed="0.066053"/>
</branch>
<branch type="ELSE">
<kw name="New Browser" owner="Browser">
<arg>chromium</arg>
<arg>headless=False</arg>
<tag>BrowserControl</tag>
<tag>Setter</tag>
<doc>Create a new playwright Browser with specified options.</doc>
<status status="NOT RUN" start="2025-10-25T00:49:43.644178" elapsed="0.000000"/>
</kw>
<kw name="New Context" owner="Browser">
<tag>BrowserControl</tag>
<tag>Setter</tag>
<doc>Create a new BrowserContext with specified options.</doc>
<status status="NOT RUN" start="2025-10-25T00:49:43.644178" elapsed="0.000000"/>
</kw>
<kw name="New Page" owner="Browser">
<arg>${url}</arg>
<tag>BrowserControl</tag>
<tag>Setter</tag>
<doc>Open a new Page.</doc>
<status status="NOT RUN" start="2025-10-25T00:49:43.644178" elapsed="0.000000"/>
</kw>
<kw name="Log" owner="BuiltIn">
<arg>Nova página aberta: ${url}</arg>
<doc>Logs the given message with the given level.</doc>
<status status="NOT RUN" start="2025-10-25T00:49:43.644178" elapsed="0.000000"/>
</kw>
<status status="NOT RUN" start="2025-10-25T00:49:43.643174" elapsed="0.001004"/>
</branch>
<status status="PASS" start="2025-10-25T00:49:43.577121" elapsed="0.067057"/>
</if>
<kw name="Wait For Elements State" owner="Browser">
<msg time="2025-10-25T00:49:43.678968" level="INFO">Waited for Element with selector body at state visible</msg>
<arg>body</arg>
<arg>visible</arg>
<arg>timeout=5s</arg>
<tag>PageContent</tag>
<tag>Wait</tag>
<doc>Waits for the element found by ``selector`` to satisfy state option.</doc>
<status status="PASS" start="2025-10-25T00:49:43.644178" elapsed="0.034790"/>
</kw>
<arg>/</arg>
<status status="PASS" start="2025-10-25T00:49:43.571591" elapsed="0.107377"/>
</kw>
<kw name="Navigate To Login Page" owner="header">
<kw name="Click" owner="Browser">
<msg time="2025-10-25T00:49:43.681658" level="INFO">Clicks the element 'header &gt; div.header-container &gt; nav &gt; ul &gt; li:nth-child(3) &gt; a'.</msg>
<arg>${MENU_LOGIN}</arg>
<tag>PageContent</tag>
<tag>Setter</tag>
<doc>Simulates mouse click on the element found by ``selector``.</doc>
<status status="PASS" start="2025-10-25T00:49:43.680649" elapsed="0.066260"/>
</kw>
<kw name="Wait For Condition" owner="Browser">
<kw name="Get Url" owner="Browser">
<arg>contains</arg>
<arg>/login</arg>
<tag>Assertion</tag>
<tag>Getter</tag>
<tag>PageContent</tag>
<doc>Returns the current URL.</doc>
<status status="PASS" start="2025-10-25T00:49:43.747911" elapsed="0.004002"/>
</kw>
<arg>url</arg>
<arg>contains</arg>
<arg>/login</arg>
<tag>PageContent</tag>
<tag>Wait</tag>
<doc>Waits for a condition, defined with Browser getter keywords to become True.</doc>
<status status="PASS" start="2025-10-25T00:49:43.746909" elapsed="0.005004"/>
</kw>
<doc>Navega para a página de login via header</doc>
<status status="PASS" start="2025-10-25T00:49:43.679971" elapsed="0.071942"/>
</kw>
<kw name="Verify Page Online" owner="base">
<kw name="Get Title" owner="Browser">
<msg time="2025-10-25T00:49:43.757465" level="INFO">Title: 'Cinema App'</msg>
<msg time="2025-10-25T00:49:43.757465" level="INFO">${page_title} = Cinema App</msg>
<var>${page_title}</var>
<tag>Assertion</tag>
<tag>Getter</tag>
<tag>PageContent</tag>
<doc>Returns the title of the current page.</doc>
<status status="PASS" start="2025-10-25T00:49:43.752909" elapsed="0.004556"/>
</kw>
<kw name="Should Be Equal As Strings" owner="BuiltIn">
<arg>${page_title}</arg>
<arg>${title_expected}</arg>
<doc>Fails if objects are unequal after converting them to strings.</doc>
<status status="PASS" start="2025-10-25T00:49:43.758464" elapsed="0.000000"/>
</kw>
<arg>Cinema App</arg>
<status status="PASS" start="2025-10-25T00:49:43.751913" elapsed="0.006551"/>
</kw>
<kw name="Navigate To Home Via Logo" owner="header">
<kw name="Click" owner="Browser">
<msg time="2025-10-25T00:49:43.760462" level="INFO">Clicks the element 'header &gt; div.header-container &gt; div.logo'.</msg>
<arg>${HEADER_LOGO}</arg>
<tag>PageContent</tag>
<tag>Setter</tag>
<doc>Simulates mouse click on the element found by ``selector``.</doc>
<status status="PASS" start="2025-10-25T00:49:43.759463" elapsed="0.059285"/>
</kw>
<kw name="Wait For Condition" owner="Browser">
<kw name="Get Url" owner="Browser">
<arg>contains</arg>
<arg>/</arg>
<tag>Assertion</tag>
<tag>Getter</tag>
<tag>PageContent</tag>
<doc>Returns the current URL.</doc>
<status status="PASS" start="2025-10-25T00:49:43.820751" elapsed="0.006518"/>
</kw>
<arg>url</arg>
<arg>contains</arg>
<arg>/</arg>
<tag>PageContent</tag>
<tag>Wait</tag>
<doc>Waits for a condition, defined with Browser getter keywords to become True.</doc>
<status status="PASS" start="2025-10-25T00:49:43.818748" elapsed="0.008521"/>
</kw>
<kw name="Sleep" owner="BuiltIn">
<msg time="2025-10-25T00:49:44.329591" level="INFO">Slept 500 milliseconds.</msg>
<arg>0.5</arg>
<doc>Pauses the test executed for the given time.</doc>
<status status="PASS" start="2025-10-25T00:49:43.828268" elapsed="0.501323"/>
</kw>
<doc>Navega para a home page clicando no logo</doc>
<status status="PASS" start="2025-10-25T00:49:43.759463" elapsed="0.570128"/>
</kw>
<kw name="Verify Page Online" owner="base">
<kw name="Get Title" owner="Browser">
<msg time="2025-10-25T00:49:44.335277" level="INFO">Title: 'Cinema App'</msg>
<msg time="2025-10-25T00:49:44.335277" level="INFO">${page_title} = Cinema App</msg>
<var>${page_title}</var>
<tag>Assertion</tag>
<tag>Getter</tag>
<tag>PageContent</tag>
<doc>Returns the title of the current page.</doc>
<status status="PASS" start="2025-10-25T00:49:44.329591" elapsed="0.005686"/>
</kw>
<kw name="Should Be Equal As Strings" owner="BuiltIn">
<arg>${page_title}</arg>
<arg>${title_expected}</arg>
<doc>Fails if objects are unequal after converting them to strings.</doc>
<status status="PASS" start="2025-10-25T00:49:44.335277" elapsed="0.001010"/>
</kw>
<arg>Cinema App</arg>
<status status="PASS" start="2025-10-25T00:49:44.329591" elapsed="0.006696"/>
</kw>
<kw name="Navigate To Register Page" owner="header">
<kw name="Click" owner="Browser">
<msg time="2025-10-25T00:49:44.337282" level="INFO">Clicks the element 'header &gt; div.header-container &gt; nav &gt; ul &gt; li:nth-child(4) &gt; a'.</msg>
<arg>${MENU_REGISTER}</arg>
<tag>PageContent</tag>
<tag>Setter</tag>
<doc>Simulates mouse click on the element found by ``selector``.</doc>
<status status="PASS" start="2025-10-25T00:49:44.336287" elapsed="0.049100"/>
</kw>
<kw name="Wait For Condition" owner="Browser">
<kw name="Get Url" owner="Browser">
<arg>contains</arg>
<arg>/register</arg>
<tag>Assertion</tag>
<tag>Getter</tag>
<tag>PageContent</tag>
<doc>Returns the current URL.</doc>
<status status="PASS" start="2025-10-25T00:49:44.387386" elapsed="0.005000"/>
</kw>
<arg>url</arg>
<arg>contains</arg>
<arg>/register</arg>
<tag>PageContent</tag>
<tag>Wait</tag>
<doc>Waits for a condition, defined with Browser getter keywords to become True.</doc>
<status status="PASS" start="2025-10-25T00:49:44.385387" elapsed="0.006999"/>
</kw>
<kw name="Sleep" owner="BuiltIn">
<msg time="2025-10-25T00:49:44.894378" level="INFO">Slept 500 milliseconds.</msg>
<arg>0.5</arg>
<doc>Pauses the test executed for the given time.</doc>
<status status="PASS" start="2025-10-25T00:49:44.392386" elapsed="0.501992"/>
</kw>
<doc>Navega para a página de cadastro via header</doc>
<status status="PASS" start="2025-10-25T00:49:44.336287" elapsed="0.558091"/>
</kw>
<kw name="Verify Page Online" owner="base">
<kw name="Get Title" owner="Browser">
<msg time="2025-10-25T00:49:44.909631" level="INFO">Title: 'Cinema App'</msg>
<msg time="2025-10-25T00:49:44.910161" level="INFO">${page_title} = Cinema App</msg>
<var>${page_title}</var>
<tag>Assertion</tag>
<tag>Getter</tag>
<tag>PageContent</tag>
<doc>Returns the title of the current page.</doc>
<status status="PASS" start="2025-10-25T00:49:44.895950" elapsed="0.014211"/>
</kw>
<kw name="Should Be Equal As Strings" owner="BuiltIn">
<arg>${page_title}</arg>
<arg>${title_expected}</arg>
<doc>Fails if objects are unequal after converting them to strings.</doc>
<status status="PASS" start="2025-10-25T00:49:44.910696" elapsed="0.001348"/>
</kw>
<arg>Cinema App</arg>
<status status="PASS" start="2025-10-25T00:49:44.894901" elapsed="0.017143"/>
</kw>
<doc>Teste de navegação usando o header</doc>
<status status="PASS" start="2025-10-25T00:49:43.567074" elapsed="1.346041"/>
</test>
<test id="s1-s1-t3" name="TC024 - Verificar Header Em Diferentes Paginas" line="43">
<kw name="Create List" owner="BuiltIn">
<msg time="2025-10-25T00:49:44.945725" level="INFO">@{pages} = [ / | /login | /register | /movies ]</msg>
<var>@{pages}</var>
<arg>/</arg>
<arg>/login</arg>
<arg>/register</arg>
<arg>/movies</arg>
<doc>Returns a list containing given items.</doc>
<status status="PASS" start="2025-10-25T00:49:44.944125" elapsed="0.001600"/>
</kw>
<for flavor="IN">
<iter>
<kw name="Open Page" owner="base">
<kw name="Set Variable" owner="BuiltIn">
<msg time="2025-10-25T00:49:44.951853" level="INFO">${url} = http://localhost:3002/</msg>
<var>${url}</var>
<arg>${URL_FRONT}${root}</arg>
<doc>Returns the given values which can then be assigned to a variables.</doc>
<status status="PASS" start="2025-10-25T00:49:44.950853" elapsed="0.001000"/>
</kw>
<kw name="Run Keyword And Ignore Error" owner="BuiltIn">
<kw name="Get Url" owner="Browser">
<tag>Assertion</tag>
<tag>Getter</tag>
<tag>PageContent</tag>
<doc>Returns the current URL.</doc>
<status status="PASS" start="2025-10-25T00:49:44.953100" elapsed="0.008710"/>
</kw>
<msg time="2025-10-25T00:49:44.961810" level="INFO">${status} = PASS</msg>
<msg time="2025-10-25T00:49:44.961810" level="INFO">${message} = http://localhost:3002/register</msg>
<var>${status}</var>
<var>${message}</var>
<arg>Get URL</arg>
<doc>Runs the given keyword with the given arguments and ignores possible error.</doc>
<status status="PASS" start="2025-10-25T00:49:44.951853" elapsed="0.009957"/>
</kw>
<if>
<branch type="IF" condition="'${status}' == 'PASS'">
<kw name="Go To" owner="Browser">
<msg time="2025-10-25T00:49:45.061931" level="INFO">Successfully opened URL http://localhost:3002/</msg>
<arg>${url}</arg>
<tag>BrowserControl</tag>
<tag>Setter</tag>
<doc>Navigates to the given ``url``.</doc>
<status status="PASS" start="2025-10-25T00:49:44.962859" elapsed="0.099072"/>
</kw>
<kw name="Log" owner="BuiltIn">
<msg time="2025-10-25T00:49:45.063001" level="INFO">Página redirecionada para: http://localhost:3002/</msg>
<arg>Página redirecionada para: ${url}</arg>
<doc>Logs the given message with the given level.</doc>
<status status="PASS" start="2025-10-25T00:49:45.062463" elapsed="0.000538"/>
</kw>
<status status="PASS" start="2025-10-25T00:49:44.962334" elapsed="0.100667"/>
</branch>
<branch type="ELSE">
<kw name="New Browser" owner="Browser">
<arg>chromium</arg>
<arg>headless=False</arg>
<tag>BrowserControl</tag>
<tag>Setter</tag>
<doc>Create a new playwright Browser with specified options.</doc>
<status status="NOT RUN" start="2025-10-25T00:49:45.063512" elapsed="0.000524"/>
</kw>
<kw name="New Context" owner="Browser">
<tag>BrowserControl</tag>
<tag>Setter</tag>
<doc>Create a new BrowserContext with specified options.</doc>
<status status="NOT RUN" start="2025-10-25T00:49:45.064475" elapsed="0.000508"/>
</kw>
<kw name="New Page" owner="Browser">
<arg>${url}</arg>
<tag>BrowserControl</tag>
<tag>Setter</tag>
<doc>Open a new Page.</doc>
<status status="NOT RUN" start="2025-10-25T00:49:45.064983" elapsed="0.000670"/>
</kw>
<kw name="Log" owner="BuiltIn">
<arg>Nova página aberta: ${url}</arg>
<doc>Logs the given message with the given level.</doc>
<status status="NOT RUN" start="2025-10-25T00:49:45.065653" elapsed="0.000541"/>
</kw>
<status status="NOT RUN" start="2025-10-25T00:49:45.063001" elapsed="0.003193"/>
</branch>
<status status="PASS" start="2025-10-25T00:49:44.961810" elapsed="0.104384"/>
</if>
<kw name="Wait For Elements State" owner="Browser">
<msg time="2025-10-25T00:49:45.166621" level="INFO">Waited for Element with selector body at state visible</msg>
<arg>body</arg>
<arg>visible</arg>
<arg>timeout=5s</arg>
<tag>PageContent</tag>
<tag>Wait</tag>
<doc>Waits for the element found by ``selector`` to satisfy state option.</doc>
<status status="PASS" start="2025-10-25T00:49:45.066194" elapsed="0.101428"/>
</kw>
<arg>${page}</arg>
<status status="PASS" start="2025-10-25T00:49:44.949856" elapsed="0.217766"/>
</kw>
<kw name="Verify Header Is Visible" owner="header">
<kw name="Wait For Elements State" owner="Browser">
<msg time="2025-10-25T00:49:45.217768" level="INFO">Waited for Element with selector header &gt; div.header-container at state visible</msg>
<arg>${HEADER_CONTAINER}</arg>
<arg>visible</arg>
<tag>PageContent</tag>
<tag>Wait</tag>
<doc>Waits for the element found by ``selector`` to satisfy state option.</doc>
<status status="PASS" start="2025-10-25T00:49:45.169278" elapsed="0.050492"/>
</kw>
<kw name="Take Screenshot" owner="Browser">
<msg time="2025-10-25T00:49:45.387990" level="INFO" html="true">&lt;/td&gt;&lt;/tr&gt;&lt;tr&gt;&lt;td colspan="3"&gt;&lt;a href="browser/screenshot/header_visible.png.png" target="_blank"&gt;&lt;img src="browser/screenshot/header_visible.png.png" width="800px"/&gt;&lt;/a&gt;</msg>
<arg>filename=header_visible.png</arg>
<tag>PageContent</tag>
<doc>Takes a screenshot of the current window or element and saves it to disk.</doc>
<status status="PASS" start="2025-10-25T00:49:45.219770" elapsed="0.169233"/>
</kw>
<kw name="Sleep" owner="BuiltIn">
<msg time="2025-10-25T00:49:45.891983" level="INFO">Slept 500 milliseconds.</msg>
<arg>0.5</arg>
<doc>Pauses the test executed for the given time.</doc>
<status status="PASS" start="2025-10-25T00:49:45.390648" elapsed="0.501844"/>
</kw>
<doc>Verifica se o header está visível</doc>
<status status="PASS" start="2025-10-25T00:49:45.167622" elapsed="0.724870"/>
</kw>
<kw name="Verify Logo Is Visible AndClickable" owner="header">
<kw name="Wait For Elements State" owner="Browser">
<msg time="2025-10-25T00:49:45.903021" level="INFO">Waited for Element with selector header &gt; div.header-container &gt; div.logo at state visible</msg>
<arg>${HEADER_LOGO}</arg>
<arg>visible</arg>
<tag>PageContent</tag>
<tag>Wait</tag>
<doc>Waits for the element found by ``selector`` to satisfy state option.</doc>
<status status="PASS" start="2025-10-25T00:49:45.893999" elapsed="0.009022"/>
</kw>
<kw name="Wait For Elements State" owner="Browser">
<msg time="2025-10-25T00:49:45.924892" level="INFO">Waited for Element with selector header &gt; div.header-container &gt; div.logo at state enabled</msg>
<arg>${HEADER_LOGO}</arg>
<arg>enabled</arg>
<tag>PageContent</tag>
<tag>Wait</tag>
<doc>Waits for the element found by ``selector`` to satisfy state option.</doc>
<status status="PASS" start="2025-10-25T00:49:45.903021" elapsed="0.021871"/>
</kw>
<kw name="Sleep" owner="BuiltIn">
<msg time="2025-10-25T00:49:46.426067" level="INFO">Slept 500 milliseconds.</msg>
<arg>0.5</arg>
<doc>Pauses the test executed for the given time.</doc>
<status status="PASS" start="2025-10-25T00:49:45.924892" elapsed="0.501175"/>
</kw>
<doc>Verifica se o logo está visível e clicável</doc>
<status status="PASS" start="2025-10-25T00:49:45.892492" elapsed="0.533575"/>
</kw>
<kw name="Take Screenshot" owner="Browser">
<msg time="2025-10-25T00:49:46.501454" level="INFO" html="true">&lt;/td&gt;&lt;/tr&gt;&lt;tr&gt;&lt;td colspan="3"&gt;&lt;a href="browser/screenshot/header_.png.png" target="_blank"&gt;&lt;img src="browser/screenshot/header_.png.png" width="800px"/&gt;&lt;/a&gt;</msg>
<arg>filename=header_${page.replace('/', '')}.png</arg>
<tag>PageContent</tag>
<doc>Takes a screenshot of the current window or element and saves it to disk.</doc>
<status status="PASS" start="2025-10-25T00:49:46.427072" elapsed="0.074382"/>
</kw>
<var name="${page}">/</var>
<status status="PASS" start="2025-10-25T00:49:44.948850" elapsed="1.552604"/>
</iter>
<iter>
<kw name="Open Page" owner="base">
<kw name="Set Variable" owner="BuiltIn">
<msg time="2025-10-25T00:49:46.502453" level="INFO">${url} = http://localhost:3002/login</msg>
<var>${url}</var>
<arg>${URL_FRONT}${root}</arg>
<doc>Returns the given values which can then be assigned to a variables.</doc>
<status status="PASS" start="2025-10-25T00:49:46.502453" elapsed="0.000000"/>
</kw>
<kw name="Run Keyword And Ignore Error" owner="BuiltIn">
<kw name="Get Url" owner="Browser">
<tag>Assertion</tag>
<tag>Getter</tag>
<tag>PageContent</tag>
<doc>Returns the current URL.</doc>
<status status="PASS" start="2025-10-25T00:49:46.502453" elapsed="0.003035"/>
</kw>
<msg time="2025-10-25T00:49:46.506500" level="INFO">${status} = PASS</msg>
<msg time="2025-10-25T00:49:46.506500" level="INFO">${message} = http://localhost:3002/</msg>
<var>${status}</var>
<var>${message}</var>
<arg>Get URL</arg>
<doc>Runs the given keyword with the given arguments and ignores possible error.</doc>
<status status="PASS" start="2025-10-25T00:49:46.502453" elapsed="0.004047"/>
</kw>
<if>
<branch type="IF" condition="'${status}' == 'PASS'">
<kw name="Go To" owner="Browser">
<msg time="2025-10-25T00:49:46.581473" level="INFO">Successfully opened URL http://localhost:3002/login</msg>
<arg>${url}</arg>
<tag>BrowserControl</tag>
<tag>Setter</tag>
<doc>Navigates to the given ``url``.</doc>
<status status="PASS" start="2025-10-25T00:49:46.506500" elapsed="0.074973"/>
</kw>
<kw name="Log" owner="BuiltIn">
<msg time="2025-10-25T00:49:46.582472" level="INFO">Página redirecionada para: http://localhost:3002/login</msg>
<arg>Página redirecionada para: ${url}</arg>
<doc>Logs the given message with the given level.</doc>
<status status="PASS" start="2025-10-25T00:49:46.582472" elapsed="0.000000"/>
</kw>
<status status="PASS" start="2025-10-25T00:49:46.506500" elapsed="0.075972"/>
</branch>
<branch type="ELSE">
<kw name="New Browser" owner="Browser">
<arg>chromium</arg>
<arg>headless=False</arg>
<tag>BrowserControl</tag>
<tag>Setter</tag>
<doc>Create a new playwright Browser with specified options.</doc>
<status status="NOT RUN" start="2025-10-25T00:49:46.582472" elapsed="0.000000"/>
</kw>
<kw name="New Context" owner="Browser">
<tag>BrowserControl</tag>
<tag>Setter</tag>
<doc>Create a new BrowserContext with specified options.</doc>
<status status="NOT RUN" start="2025-10-25T00:49:46.582472" elapsed="0.000000"/>
</kw>
<kw name="New Page" owner="Browser">
<arg>${url}</arg>
<tag>BrowserControl</tag>
<tag>Setter</tag>
<doc>Open a new Page.</doc>
<status status="NOT RUN" start="2025-10-25T00:49:46.582472" elapsed="0.001509"/>
</kw>
<kw name="Log" owner="BuiltIn">
<arg>Nova página aberta: ${url}</arg>
<doc>Logs the given message with the given level.</doc>
<status status="NOT RUN" start="2025-10-25T00:49:46.583981" elapsed="0.000000"/>
</kw>
<status status="NOT RUN" start="2025-10-25T00:49:46.582472" elapsed="0.001509"/>
</branch>
<status status="PASS" start="2025-10-25T00:49:46.506500" elapsed="0.077481"/>
</if>
<kw name="Wait For Elements State" owner="Browser">
<msg time="2025-10-25T00:49:46.622384" level="INFO">Waited for Element with selector body at state visible</msg>
<arg>body</arg>
<arg>visible</arg>
<arg>timeout=5s</arg>
<tag>PageContent</tag>
<tag>Wait</tag>
<doc>Waits for the element found by ``selector`` to satisfy state option.</doc>
<status status="PASS" start="2025-10-25T00:49:46.584427" elapsed="0.038842"/>
</kw>
<arg>${page}</arg>
<status status="PASS" start="2025-10-25T00:49:46.502453" elapsed="0.120816"/>
</kw>
<kw name="Verify Header Is Visible" owner="header">
<kw name="Wait For Elements State" owner="Browser">
<msg time="2025-10-25T00:49:46.632044" level="INFO">Waited for Element with selector header &gt; div.header-container at state visible</msg>
<arg>${HEADER_CONTAINER}</arg>
<arg>visible</arg>
<tag>PageContent</tag>
<tag>Wait</tag>
<doc>Waits for the element found by ``selector`` to satisfy state option.</doc>
<status status="PASS" start="2025-10-25T00:49:46.624389" elapsed="0.007655"/>
</kw>
<kw name="Take Screenshot" owner="Browser">
<msg time="2025-10-25T00:49:46.746972" level="INFO" html="true">&lt;/td&gt;&lt;/tr&gt;&lt;tr&gt;&lt;td colspan="3"&gt;&lt;a href="browser/screenshot/header_visible.png.png" target="_blank"&gt;&lt;img src="browser/screenshot/header_visible.png.png" width="800px"/&gt;&lt;/a&gt;</msg>
<arg>filename=header_visible.png</arg>
<tag>PageContent</tag>
<doc>Takes a screenshot of the current window or element and saves it to disk.</doc>
<status status="PASS" start="2025-10-25T00:49:46.633014" elapsed="0.113958"/>
</kw>
<kw name="Sleep" owner="BuiltIn">
<msg time="2025-10-25T00:49:47.248102" level="INFO">Slept 500 milliseconds.</msg>
<arg>0.5</arg>
<doc>Pauses the test executed for the given time.</doc>
<status status="PASS" start="2025-10-25T00:49:46.747499" elapsed="0.500603"/>
</kw>
<doc>Verifica se o header está visível</doc>
<status status="PASS" start="2025-10-25T00:49:46.623269" elapsed="0.624833"/>
</kw>
<kw name="Verify Logo Is Visible AndClickable" owner="header">
<kw name="Wait For Elements State" owner="Browser">
<msg time="2025-10-25T00:49:47.256921" level="INFO">Waited for Element with selector header &gt; div.header-container &gt; div.logo at state visible</msg>
<arg>${HEADER_LOGO}</arg>
<arg>visible</arg>
<tag>PageContent</tag>
<tag>Wait</tag>
<doc>Waits for the element found by ``selector`` to satisfy state option.</doc>
<status status="PASS" start="2025-10-25T00:49:47.249116" elapsed="0.007805"/>
</kw>
<kw name="Wait For Elements State" owner="Browser">
<msg time="2025-10-25T00:49:47.291004" level="INFO">Waited for Element with selector header &gt; div.header-container &gt; div.logo at state enabled</msg>
<arg>${HEADER_LOGO}</arg>
<arg>enabled</arg>
<tag>PageContent</tag>
<tag>Wait</tag>
<doc>Waits for the element found by ``selector`` to satisfy state option.</doc>
<status status="PASS" start="2025-10-25T00:49:47.256921" elapsed="0.034083"/>
</kw>
<kw name="Sleep" owner="BuiltIn">
<msg time="2025-10-25T00:49:47.791321" level="INFO">Slept 500 milliseconds.</msg>
<arg>0.5</arg>
<doc>Pauses the test executed for the given time.</doc>
<status status="PASS" start="2025-10-25T00:49:47.291004" elapsed="0.500317"/>
</kw>
<doc>Verifica se o logo está visível e clicável</doc>
<status status="PASS" start="2025-10-25T00:49:47.248102" elapsed="0.543219"/>
</kw>
<kw name="Take Screenshot" owner="Browser">
<msg time="2025-10-25T00:49:47.914301" level="INFO" html="true">&lt;/td&gt;&lt;/tr&gt;&lt;tr&gt;&lt;td colspan="3"&gt;&lt;a href="browser/screenshot/header_login.png.png" target="_blank"&gt;&lt;img src="browser/screenshot/header_login.png.png" width="800px"/&gt;&lt;/a&gt;</msg>
<arg>filename=header_${page.replace('/', '')}.png</arg>
<tag>PageContent</tag>
<doc>Takes a screenshot of the current window or element and saves it to disk.</doc>
<status status="PASS" start="2025-10-25T00:49:47.791321" elapsed="0.122980"/>
</kw>
<var name="${page}">/login</var>
<status status="PASS" start="2025-10-25T00:49:46.501454" elapsed="1.412847"/>
</iter>
<iter>
<kw name="Open Page" owner="base">
<kw name="Set Variable" owner="BuiltIn">
<msg time="2025-10-25T00:49:47.916400" level="INFO">${url} = http://localhost:3002/register</msg>
<var>${url}</var>
<arg>${URL_FRONT}${root}</arg>
<doc>Returns the given values which can then be assigned to a variables.</doc>
<status status="PASS" start="2025-10-25T00:49:47.915401" elapsed="0.000999"/>
</kw>
<kw name="Run Keyword And Ignore Error" owner="BuiltIn">
<kw name="Get Url" owner="Browser">
<tag>Assertion</tag>
<tag>Getter</tag>
<tag>PageContent</tag>
<doc>Returns the current URL.</doc>
<status status="PASS" start="2025-10-25T00:49:47.916400" elapsed="0.006629"/>
</kw>
<msg time="2025-10-25T00:49:47.923029" level="INFO">${status} = PASS</msg>
<msg time="2025-10-25T00:49:47.923029" level="INFO">${message} = http://localhost:3002/login</msg>
<var>${status}</var>
<var>${message}</var>
<arg>Get URL</arg>
<doc>Runs the given keyword with the given arguments and ignores possible error.</doc>
<status status="PASS" start="2025-10-25T00:49:47.916400" elapsed="0.006629"/>
</kw>
<if>
<branch type="IF" condition="'${status}' == 'PASS'">
<kw name="Go To" owner="Browser">
<msg time="2025-10-25T00:49:48.061679" level="INFO">Successfully opened URL http://localhost:3002/register</msg>
<arg>${url}</arg>
<tag>BrowserControl</tag>
<tag>Setter</tag>
<doc>Navigates to the given ``url``.</doc>
<status status="PASS" start="2025-10-25T00:49:47.924042" elapsed="0.137637"/>
</kw>
<kw name="Log" owner="BuiltIn">
<msg time="2025-10-25T00:49:48.061679" level="INFO">Página redirecionada para: http://localhost:3002/register</msg>
<arg>Página redirecionada para: ${url}</arg>
<doc>Logs the given message with the given level.</doc>
<status status="PASS" start="2025-10-25T00:49:48.061679" elapsed="0.000000"/>
</kw>
<status status="PASS" start="2025-10-25T00:49:47.923029" elapsed="0.138650"/>
</branch>
<branch type="ELSE">
<kw name="New Browser" owner="Browser">
<arg>chromium</arg>
<arg>headless=False</arg>
<tag>BrowserControl</tag>
<tag>Setter</tag>
<doc>Create a new playwright Browser with specified options.</doc>
<status status="NOT RUN" start="2025-10-25T00:49:48.064223" elapsed="0.000000"/>
</kw>
<kw name="New Context" owner="Browser">
<tag>BrowserControl</tag>
<tag>Setter</tag>
<doc>Create a new BrowserContext with specified options.</doc>
<status status="NOT RUN" start="2025-10-25T00:49:48.065237" elapsed="0.000000"/>
</kw>
<kw name="New Page" owner="Browser">
<arg>${url}</arg>
<tag>BrowserControl</tag>
<tag>Setter</tag>
<doc>Open a new Page.</doc>
<status status="NOT RUN" start="2025-10-25T00:49:48.065237" elapsed="0.000000"/>
</kw>
<kw name="Log" owner="BuiltIn">
<arg>Nova página aberta: ${url}</arg>
<doc>Logs the given message with the given level.</doc>
<status status="NOT RUN" start="2025-10-25T00:49:48.066245" elapsed="0.000000"/>
</kw>
<status status="NOT RUN" start="2025-10-25T00:49:48.061679" elapsed="0.004566"/>
</branch>
<status status="PASS" start="2025-10-25T00:49:47.923029" elapsed="0.143216"/>
</if>
<kw name="Wait For Elements State" owner="Browser">
<msg time="2025-10-25T00:49:48.117112" level="INFO">Waited for Element with selector body at state visible</msg>
<arg>body</arg>
<arg>visible</arg>
<arg>timeout=5s</arg>
<tag>PageContent</tag>
<tag>Wait</tag>
<doc>Waits for the element found by ``selector`` to satisfy state option.</doc>
<status status="PASS" start="2025-10-25T00:49:48.066245" elapsed="0.050867"/>
</kw>
<arg>${page}</arg>
<status status="PASS" start="2025-10-25T00:49:47.915401" elapsed="0.201711"/>
</kw>
<kw name="Verify Header Is Visible" owner="header">
<kw name="Wait For Elements State" owner="Browser">
<msg time="2025-10-25T00:49:48.135100" level="INFO">Waited for Element with selector header &gt; div.header-container at state visible</msg>
<arg>${HEADER_CONTAINER}</arg>
<arg>visible</arg>
<tag>PageContent</tag>
<tag>Wait</tag>
<doc>Waits for the element found by ``selector`` to satisfy state option.</doc>
<status status="PASS" start="2025-10-25T00:49:48.117112" elapsed="0.018984"/>
</kw>
<kw name="Take Screenshot" owner="Browser">
<msg time="2025-10-25T00:49:48.256553" level="INFO" html="true">&lt;/td&gt;&lt;/tr&gt;&lt;tr&gt;&lt;td colspan="3"&gt;&lt;a href="browser/screenshot/header_visible.png.png" target="_blank"&gt;&lt;img src="browser/screenshot/header_visible.png.png" width="800px"/&gt;&lt;/a&gt;</msg>
<arg>filename=header_visible.png</arg>
<tag>PageContent</tag>
<doc>Takes a screenshot of the current window or element and saves it to disk.</doc>
<status status="PASS" start="2025-10-25T00:49:48.136096" elapsed="0.120457"/>
</kw>
<kw name="Sleep" owner="BuiltIn">
<msg time="2025-10-25T00:49:48.757867" level="INFO">Slept 500 milliseconds.</msg>
<arg>0.5</arg>
<doc>Pauses the test executed for the given time.</doc>
<status status="PASS" start="2025-10-25T00:49:48.256553" elapsed="0.501314"/>
</kw>
<doc>Verifica se o header está visível</doc>
<status status="PASS" start="2025-10-25T00:49:48.117112" elapsed="0.640755"/>
</kw>
<kw name="Verify Logo Is Visible AndClickable" owner="header">
<kw name="Wait For Elements State" owner="Browser">
<msg time="2025-10-25T00:49:48.770266" level="INFO">Waited for Element with selector header &gt; div.header-container &gt; div.logo at state visible</msg>
<arg>${HEADER_LOGO}</arg>
<arg>visible</arg>
<tag>PageContent</tag>
<tag>Wait</tag>
<doc>Waits for the element found by ``selector`` to satisfy state option.</doc>
<status status="PASS" start="2025-10-25T00:49:48.759892" elapsed="0.010374"/>
</kw>
<kw name="Wait For Elements State" owner="Browser">
<msg time="2025-10-25T00:49:48.809983" level="INFO">Waited for Element with selector header &gt; div.header-container &gt; div.logo at state enabled</msg>
<arg>${HEADER_LOGO}</arg>
<arg>enabled</arg>
<tag>PageContent</tag>
<tag>Wait</tag>
<doc>Waits for the element found by ``selector`` to satisfy state option.</doc>
<status status="PASS" start="2025-10-25T00:49:48.770266" elapsed="0.039717"/>
</kw>
<kw name="Sleep" owner="BuiltIn">
<msg time="2025-10-25T00:49:49.311566" level="INFO">Slept 500 milliseconds.</msg>
<arg>0.5</arg>
<doc>Pauses the test executed for the given time.</doc>
<status status="PASS" start="2025-10-25T00:49:48.810975" elapsed="0.500591"/>
</kw>
<doc>Verifica se o logo está visível e clicável</doc>
<status status="PASS" start="2025-10-25T00:49:48.758875" elapsed="0.552691"/>
</kw>
<kw name="Take Screenshot" owner="Browser">
<msg time="2025-10-25T00:49:49.429855" level="INFO" html="true">&lt;/td&gt;&lt;/tr&gt;&lt;tr&gt;&lt;td colspan="3"&gt;&lt;a href="browser/screenshot/header_register.png.png" target="_blank"&gt;&lt;img src="browser/screenshot/header_register.png.png" width="800px"/&gt;&lt;/a&gt;</msg>
<arg>filename=header_${page.replace('/', '')}.png</arg>
<tag>PageContent</tag>
<doc>Takes a screenshot of the current window or element and saves it to disk.</doc>
<status status="PASS" start="2025-10-25T00:49:49.311566" elapsed="0.120365"/>
</kw>
<var name="${page}">/register</var>
<status status="PASS" start="2025-10-25T00:49:47.914301" elapsed="1.517630"/>
</iter>
<iter>
<kw name="Open Page" owner="base">
<kw name="Set Variable" owner="BuiltIn">
<msg time="2025-10-25T00:49:49.433937" level="INFO">${url} = http://localhost:3002/movies</msg>
<var>${url}</var>
<arg>${URL_FRONT}${root}</arg>
<doc>Returns the given values which can then be assigned to a variables.</doc>
<status status="PASS" start="2025-10-25T00:49:49.431931" elapsed="0.002006"/>
</kw>
<kw name="Run Keyword And Ignore Error" owner="BuiltIn">
<kw name="Get Url" owner="Browser">
<tag>Assertion</tag>
<tag>Getter</tag>
<tag>PageContent</tag>
<doc>Returns the current URL.</doc>
<status status="PASS" start="2025-10-25T00:49:49.433937" elapsed="0.003855"/>
</kw>
<msg time="2025-10-25T00:49:49.437792" level="INFO">${status} = PASS</msg>
<msg time="2025-10-25T00:49:49.438789" level="INFO">${message} = http://localhost:3002/register</msg>
<var>${status}</var>
<var>${message}</var>
<arg>Get URL</arg>
<doc>Runs the given keyword with the given arguments and ignores possible error.</doc>
<status status="PASS" start="2025-10-25T00:49:49.433937" elapsed="0.004852"/>
</kw>
<if>
<branch type="IF" condition="'${status}' == 'PASS'">
<kw name="Go To" owner="Browser">
<msg time="2025-10-25T00:49:49.566307" level="INFO">Successfully opened URL http://localhost:3002/movies</msg>
<arg>${url}</arg>
<tag>BrowserControl</tag>
<tag>Setter</tag>
<doc>Navigates to the given ``url``.</doc>
<status status="PASS" start="2025-10-25T00:49:49.439796" elapsed="0.127515"/>
</kw>
<kw name="Log" owner="BuiltIn">
<msg time="2025-10-25T00:49:49.568310" level="INFO">Página redirecionada para: http://localhost:3002/movies</msg>
<arg>Página redirecionada para: ${url}</arg>
<doc>Logs the given message with the given level.</doc>
<status status="PASS" start="2025-10-25T00:49:49.567311" elapsed="0.000999"/>
</kw>
<status status="PASS" start="2025-10-25T00:49:49.438789" elapsed="0.129521"/>
</branch>
<branch type="ELSE">
<kw name="New Browser" owner="Browser">
<arg>chromium</arg>
<arg>headless=False</arg>
<tag>BrowserControl</tag>
<tag>Setter</tag>
<doc>Create a new playwright Browser with specified options.</doc>
<status status="NOT RUN" start="2025-10-25T00:49:49.569310" elapsed="0.000000"/>
</kw>
<kw name="New Context" owner="Browser">
<tag>BrowserControl</tag>
<tag>Setter</tag>
<doc>Create a new BrowserContext with specified options.</doc>
<status status="NOT RUN" start="2025-10-25T00:49:49.569310" elapsed="0.000000"/>
</kw>
<kw name="New Page" owner="Browser">
<arg>${url}</arg>
<tag>BrowserControl</tag>
<tag>Setter</tag>
<doc>Open a new Page.</doc>
<status status="NOT RUN" start="2025-10-25T00:49:49.569310" elapsed="0.000000"/>
</kw>
<kw name="Log" owner="BuiltIn">
<arg>Nova página aberta: ${url}</arg>
<doc>Logs the given message with the given level.</doc>
<status status="NOT RUN" start="2025-10-25T00:49:49.569310" elapsed="0.000000"/>
</kw>
<status status="NOT RUN" start="2025-10-25T00:49:49.568310" elapsed="0.001000"/>
</branch>
<status status="PASS" start="2025-10-25T00:49:49.438789" elapsed="0.131518"/>
</if>
<kw name="Wait For Elements State" owner="Browser">
<msg time="2025-10-25T00:49:49.638218" level="INFO">Waited for Element with selector body at state visible</msg>
<arg>body</arg>
<arg>visible</arg>
<arg>timeout=5s</arg>
<tag>PageContent</tag>
<tag>Wait</tag>
<doc>Waits for the element found by ``selector`` to satisfy state option.</doc>
<status status="PASS" start="2025-10-25T00:49:49.570307" elapsed="0.067911"/>
</kw>
<arg>${page}</arg>
<status status="PASS" start="2025-10-25T00:49:49.431931" elapsed="0.208021"/>
</kw>
<kw name="Verify Header Is Visible" owner="header">
<kw name="Wait For Elements State" owner="Browser">
<msg time="2025-10-25T00:49:49.651825" level="INFO">Waited for Element with selector header &gt; div.header-container at state visible</msg>
<arg>${HEADER_CONTAINER}</arg>
<arg>visible</arg>
<tag>PageContent</tag>
<tag>Wait</tag>
<doc>Waits for the element found by ``selector`` to satisfy state option.</doc>
<status status="PASS" start="2025-10-25T00:49:49.640962" elapsed="0.010863"/>
</kw>
<kw name="Take Screenshot" owner="Browser">
<msg time="2025-10-25T00:49:49.745242" level="INFO" html="true">&lt;/td&gt;&lt;/tr&gt;&lt;tr&gt;&lt;td colspan="3"&gt;&lt;a href="browser/screenshot/header_visible.png.png" target="_blank"&gt;&lt;img src="browser/screenshot/header_visible.png.png" width="800px"/&gt;&lt;/a&gt;</msg>
<arg>filename=header_visible.png</arg>
<tag>PageContent</tag>
<doc>Takes a screenshot of the current window or element and saves it to disk.</doc>
<status status="PASS" start="2025-10-25T00:49:49.651825" elapsed="0.094421"/>
</kw>
<kw name="Sleep" owner="BuiltIn">
<msg time="2025-10-25T00:49:50.251590" level="INFO">Slept 500 milliseconds.</msg>
<arg>0.5</arg>
<doc>Pauses the test executed for the given time.</doc>
<status status="PASS" start="2025-10-25T00:49:49.747238" elapsed="0.504352"/>
</kw>
<doc>Verifica se o header está visível</doc>
<status status="PASS" start="2025-10-25T00:49:49.639952" elapsed="0.611638"/>
</kw>
<kw name="Verify Logo Is Visible AndClickable" owner="header">
<kw name="Wait For Elements State" owner="Browser">
<msg time="2025-10-25T00:49:50.262821" level="INFO">Waited for Element with selector header &gt; div.header-container &gt; div.logo at state visible</msg>
<arg>${HEADER_LOGO}</arg>
<arg>visible</arg>
<tag>PageContent</tag>
<tag>Wait</tag>
<doc>Waits for the element found by ``selector`` to satisfy state option.</doc>
<status status="PASS" start="2025-10-25T00:49:50.252597" elapsed="0.010224"/>
</kw>
<kw name="Wait For Elements State" owner="Browser">
<msg time="2025-10-25T00:49:50.291040" level="INFO">Waited for Element with selector header &gt; div.header-container &gt; div.logo at state enabled</msg>
<arg>${HEADER_LOGO}</arg>
<arg>enabled</arg>
<tag>PageContent</tag>
<tag>Wait</tag>
<doc>Waits for the element found by ``selector`` to satisfy state option.</doc>
<status status="PASS" start="2025-10-25T00:49:50.262821" elapsed="0.028219"/>
</kw>
<kw name="Sleep" owner="BuiltIn">
<msg time="2025-10-25T00:49:50.793218" level="INFO">Slept 500 milliseconds.</msg>
<arg>0.5</arg>
<doc>Pauses the test executed for the given time.</doc>
<status status="PASS" start="2025-10-25T00:49:50.291040" elapsed="0.502178"/>
</kw>
<doc>Verifica se o logo está visível e clicável</doc>
<status status="PASS" start="2025-10-25T00:49:50.252597" elapsed="0.541006"/>
</kw>
<kw name="Take Screenshot" owner="Browser">
<msg time="2025-10-25T00:49:50.869317" level="INFO" html="true">&lt;/td&gt;&lt;/tr&gt;&lt;tr&gt;&lt;td colspan="3"&gt;&lt;a href="browser/screenshot/header_movies.png.png" target="_blank"&gt;&lt;img src="browser/screenshot/header_movies.png.png" width="800px"/&gt;&lt;/a&gt;</msg>
<arg>filename=header_${page.replace('/', '')}.png</arg>
<tag>PageContent</tag>
<doc>Takes a screenshot of the current window or element and saves it to disk.</doc>
<status status="PASS" start="2025-10-25T00:49:50.793603" elapsed="0.075714"/>
</kw>
<var name="${page}">/movies</var>
<status status="PASS" start="2025-10-25T00:49:49.431931" elapsed="1.437386"/>
</iter>
<var>${page}</var>
<value>@{pages}</value>
<status status="PASS" start="2025-10-25T00:49:44.947850" elapsed="5.921467"/>
</for>
<status status="PASS" start="2025-10-25T00:49:44.927025" elapsed="5.943300"/>
</test>
<test id="s1-s1-t4" name="TC025 - Verificar Seção De Features Na Pagina Inicial" line="54">
<kw name="Open Page" owner="base">
<kw name="Set Variable" owner="BuiltIn">
<msg time="2025-10-25T00:49:50.901828" level="INFO">${url} = http://localhost:3002/</msg>
<var>${url}</var>
<arg>${URL_FRONT}${root}</arg>
<doc>Returns the given values which can then be assigned to a variables.</doc>
<status status="PASS" start="2025-10-25T00:49:50.898840" elapsed="0.002988"/>
</kw>
<kw name="Run Keyword And Ignore Error" owner="BuiltIn">
<kw name="Get Url" owner="Browser">
<tag>Assertion</tag>
<tag>Getter</tag>
<tag>PageContent</tag>
<doc>Returns the current URL.</doc>
<status status="PASS" start="2025-10-25T00:49:50.903728" elapsed="0.010257"/>
</kw>
<msg time="2025-10-25T00:49:50.913985" level="INFO">${status} = PASS</msg>
<msg time="2025-10-25T00:49:50.913985" level="INFO">${message} = http://localhost:3002/movies</msg>
<var>${status}</var>
<var>${message}</var>
<arg>Get URL</arg>
<doc>Runs the given keyword with the given arguments and ignores possible error.</doc>
<status status="PASS" start="2025-10-25T00:49:50.902825" elapsed="0.011160"/>
</kw>
<if>
<branch type="IF" condition="'${status}' == 'PASS'">
<kw name="Go To" owner="Browser">
<msg time="2025-10-25T00:49:51.049852" level="INFO">Successfully opened URL http://localhost:3002/</msg>
<arg>${url}</arg>
<tag>BrowserControl</tag>
<tag>Setter</tag>
<doc>Navigates to the given ``url``.</doc>
<status status="PASS" start="2025-10-25T00:49:50.915999" elapsed="0.133853"/>
</kw>
<kw name="Log" owner="BuiltIn">
<msg time="2025-10-25T00:49:51.050852" level="INFO">Página redirecionada para: http://localhost:3002/</msg>
<arg>Página redirecionada para: ${url}</arg>
<doc>Logs the given message with the given level.</doc>
<status status="PASS" start="2025-10-25T00:49:51.050852" elapsed="0.000000"/>
</kw>
<status status="PASS" start="2025-10-25T00:49:50.914995" elapsed="0.135857"/>
</branch>
<branch type="ELSE">
<kw name="New Browser" owner="Browser">
<arg>chromium</arg>
<arg>headless=False</arg>
<tag>BrowserControl</tag>
<tag>Setter</tag>
<doc>Create a new playwright Browser with specified options.</doc>
<status status="NOT RUN" start="2025-10-25T00:49:51.051857" elapsed="0.000000"/>
</kw>
<kw name="New Context" owner="Browser">
<tag>BrowserControl</tag>
<tag>Setter</tag>
<doc>Create a new BrowserContext with specified options.</doc>
<status status="NOT RUN" start="2025-10-25T00:49:51.051857" elapsed="0.000000"/>
</kw>
<kw name="New Page" owner="Browser">
<arg>${url}</arg>
<tag>BrowserControl</tag>
<tag>Setter</tag>
<doc>Open a new Page.</doc>
<status status="NOT RUN" start="2025-10-25T00:49:51.051857" elapsed="0.000994"/>
</kw>
<kw name="Log" owner="BuiltIn">
<arg>Nova página aberta: ${url}</arg>
<doc>Logs the given message with the given level.</doc>
<status status="NOT RUN" start="2025-10-25T00:49:51.052851" elapsed="0.000000"/>
</kw>
<status status="NOT RUN" start="2025-10-25T00:49:51.050852" elapsed="0.001999"/>
</branch>
<status status="PASS" start="2025-10-25T00:49:50.914995" elapsed="0.137856"/>
</if>
<kw name="Wait For Elements State" owner="Browser">
<msg time="2025-10-25T00:49:51.091260" level="INFO">Waited for Element with selector body at state visible</msg>
<arg>body</arg>
<arg>visible</arg>
<arg>timeout=5s</arg>
<tag>PageContent</tag>
<tag>Wait</tag>
<doc>Waits for the element found by ``selector`` to satisfy state option.</doc>
<status status="PASS" start="2025-10-25T00:49:51.052851" elapsed="0.039411"/>
</kw>
<arg>/</arg>
<status status="PASS" start="2025-10-25T00:49:50.895534" elapsed="0.196728"/>
</kw>
<kw name="Verify Features Section Is Visible" owner="home_list_conteiner">
<kw name="Wait For Elements State" owner="Browser">
<msg time="2025-10-25T00:49:51.108323" level="INFO">Waited for Element with selector main &gt; div &gt; div.features-section at state visible</msg>
<arg>${FEATURES_SECTION}</arg>
<arg>visible</arg>
<tag>PageContent</tag>
<tag>Wait</tag>
<doc>Waits for the element found by ``selector`` to satisfy state option.</doc>
<status status="PASS" start="2025-10-25T00:49:51.094790" elapsed="0.014534"/>
</kw>
<kw name="Wait For Elements State" owner="Browser">
<msg time="2025-10-25T00:49:51.126845" level="INFO">Waited for Element with selector main &gt; div &gt; div.features-section h2 at state visible</msg>
<arg>${FEATURES_TITLE}</arg>
<arg>visible</arg>
<tag>PageContent</tag>
<tag>Wait</tag>
<doc>Waits for the element found by ``selector`` to satisfy state option.</doc>
<status status="PASS" start="2025-10-25T00:49:51.109324" elapsed="0.017521"/>
</kw>
<kw name="Wait For Elements State" owner="Browser">
<msg time="2025-10-25T00:49:51.137371" level="INFO">Waited for Element with selector main &gt; div &gt; div.features-section ul at state visible</msg>
<arg>${FEATURES_LIST}</arg>
<arg>visible</arg>
<tag>PageContent</tag>
<tag>Wait</tag>
<doc>Waits for the element found by ``selector`` to satisfy state option.</doc>
<status status="PASS" start="2025-10-25T00:49:51.126845" elapsed="0.010526"/>
</kw>
<kw name="Wait For Elements State" owner="Browser">
<msg time="2025-10-25T00:49:51.151906" level="INFO">Waited for Element with selector main &gt; div &gt; div.features-section .cta-buttons at state visible</msg>
<arg>${FEATURES_CTA_CONTAINER}</arg>
<arg>visible</arg>
<tag>PageContent</tag>
<tag>Wait</tag>
<doc>Waits for the element found by ``selector`` to satisfy state option.</doc>
<status status="PASS" start="2025-10-25T00:49:51.138387" elapsed="0.013519"/>
</kw>
<kw name="Sleep" owner="BuiltIn">
<msg time="2025-10-25T00:49:51.652409" level="INFO">Slept 500 milliseconds.</msg>
<arg>0.5</arg>
<doc>Pauses the test executed for the given time.</doc>
<status status="PASS" start="2025-10-25T00:49:51.151906" elapsed="0.500503"/>
</kw>
<doc>Verifica se a seção de features está visível</doc>
<status status="PASS" start="2025-10-25T00:49:51.093259" elapsed="0.559150"/>
</kw>
<kw name="Verify Features Title Is Correct" owner="home_list_conteiner">
<kw name="Get Text" owner="Browser">
<msg time="2025-10-25T00:49:51.677892" level="INFO">Text: 'Available Features'</msg>
<arg>${FEATURES_TITLE}</arg>
<arg>==</arg>
<arg>${EXPECTED_FEATURES_TITLE}</arg>
<tag>Assertion</tag>
<tag>Getter</tag>
<tag>PageContent</tag>
<doc>Returns text attribute of the element found by ``selector``.</doc>
<status status="PASS" start="2025-10-25T00:49:51.652409" elapsed="0.025483"/>
</kw>
<kw name="Sleep" owner="BuiltIn">
<msg time="2025-10-25T00:49:52.179318" level="INFO">Slept 500 milliseconds.</msg>
<arg>0.5</arg>
<doc>Pauses the test executed for the given time.</doc>
<status status="PASS" start="2025-10-25T00:49:51.678908" elapsed="0.500410"/>
</kw>
<doc>Verifica se o título da seção está correto</doc>
<status status="PASS" start="2025-10-25T00:49:51.652409" elapsed="0.526909"/>
</kw>
<kw name="Verify Features List Is Correct" owner="home_list_conteiner">
<kw name="Get Elements" owner="Browser">
<msg time="2025-10-25T00:49:52.190560" level="INFO">Found locator('main &gt; div &gt; div.features-section ul li').first(),locator('main &gt; div &gt; div.features-section ul li').nth(1),locator('main &gt; div &gt; div.features-section ul li').nth(2),locator('main &gt; div &gt; div.features-section ul li').nth(3),locator('main &gt; div &gt; div.features-section ul li').nth(4) Locators successfully.</msg>
<msg time="2025-10-25T00:49:52.190560" level="INFO">${feature_elements} = ['main &gt; div &gt; div.features-section ul li &gt;&gt; nth=0', 'main &gt; div &gt; div.features-section ul li &gt;&gt; nth=1', 'main &gt; div &gt; div.features-section ul li &gt;&gt; nth=2', 'main &gt; div &gt; div.features-section ul li &gt;&gt;...</msg>
<var>${feature_elements}</var>
<arg>${FEATURES_LIST_ITEMS}</arg>
<tag>Getter</tag>
<tag>PageContent</tag>
<doc>Returns a reference to Playwright [https://playwright.dev/docs/api/class-locator|Locator]
for all matched elements by ``selector``.</doc>
<status status="PASS" start="2025-10-25T00:49:52.180326" elapsed="0.010234"/>
</kw>
<for flavor="IN ENUMERATE">
<iter>
<kw name="Get Text" owner="Browser">
<msg time="2025-10-25T00:49:52.208276" level="INFO">Text: 'Browse latest movie releases'</msg>
<msg time="2025-10-25T00:49:52.208276" level="INFO">${actual_text} = Browse latest movie releases</msg>
<var>${actual_text}</var>
<arg>${FEATURES_LIST_ITEMS}:nth-child(${index + 1})</arg>
<tag>Assertion</tag>
<tag>Getter</tag>
<tag>PageContent</tag>
<doc>Returns text attribute of the element found by ``selector``.</doc>
<status status="PASS" start="2025-10-25T00:49:52.191612" elapsed="0.016664"/>
</kw>
<kw name="Should Be Equal" owner="BuiltIn">
<arg>${actual_text}</arg>
<arg>${expected_feature}</arg>
<doc>Fails if the given objects are unequal.</doc>
<status status="PASS" start="2025-10-25T00:49:52.208857" elapsed="0.001168"/>
</kw>
<var name="${index}">0</var>
<var name="${expected_feature}">Browse latest movie releases</var>
<status status="PASS" start="2025-10-25T00:49:52.191076" elapsed="0.018949"/>
</iter>
<iter>
<kw name="Get Text" owner="Browser">
<msg time="2025-10-25T00:49:52.230890" level="INFO">Text: 'View movie details and trailers'</msg>
<msg time="2025-10-25T00:49:52.230890" level="INFO">${actual_text} = View movie details and trailers</msg>
<var>${actual_text}</var>
<arg>${FEATURES_LIST_ITEMS}:nth-child(${index + 1})</arg>
<tag>Assertion</tag>
<tag>Getter</tag>
<tag>PageContent</tag>
<doc>Returns text attribute of the element found by ``selector``.</doc>
<status status="PASS" start="2025-10-25T00:49:52.211042" elapsed="0.019848"/>
</kw>
<kw name="Should Be Equal" owner="BuiltIn">
<arg>${actual_text}</arg>
<arg>${expected_feature}</arg>
<doc>Fails if the given objects are unequal.</doc>
<status status="PASS" start="2025-10-25T00:49:52.230890" elapsed="0.000000"/>
</kw>
<var name="${index}">1</var>
<var name="${expected_feature}">View movie details and trailers</var>
<status status="PASS" start="2025-10-25T00:49:52.211042" elapsed="0.020844"/>
</iter>
<iter>
<kw name="Get Text" owner="Browser">
<msg time="2025-10-25T00:49:52.242419" level="INFO">Text: 'Select showtimes and seats'</msg>
<msg time="2025-10-25T00:49:52.242419" level="INFO">${actual_text} = Select showtimes and seats</msg>
<var>${actual_text}</var>
<arg>${FEATURES_LIST_ITEMS}:nth-child(${index + 1})</arg>
<tag>Assertion</tag>
<tag>Getter</tag>
<tag>PageContent</tag>
<doc>Returns text attribute of the element found by ``selector``.</doc>
<status status="PASS" start="2025-10-25T00:49:52.231886" elapsed="0.010533"/>
</kw>
<kw name="Should Be Equal" owner="BuiltIn">
<arg>${actual_text}</arg>
<arg>${expected_feature}</arg>
<doc>Fails if the given objects are unequal.</doc>
<status status="PASS" start="2025-10-25T00:49:52.242419" elapsed="0.001507"/>
</kw>
<var name="${index}">2</var>
<var name="${expected_feature}">Select showtimes and seats</var>
<status status="PASS" start="2025-10-25T00:49:52.231886" elapsed="0.012040"/>
</iter>
<iter>
<kw name="Get Text" owner="Browser">
<msg time="2025-10-25T00:49:52.256728" level="INFO">Text: 'Purchase tickets online'</msg>
<msg time="2025-10-25T00:49:52.256728" level="INFO">${actual_text} = Purchase tickets online</msg>
<var>${actual_text}</var>
<arg>${FEATURES_LIST_ITEMS}:nth-child(${index + 1})</arg>
<tag>Assertion</tag>
<tag>Getter</tag>
<tag>PageContent</tag>
<doc>Returns text attribute of the element found by ``selector``.</doc>
<status status="PASS" start="2025-10-25T00:49:52.244934" elapsed="0.011794"/>
</kw>
<kw name="Should Be Equal" owner="BuiltIn">
<arg>${actual_text}</arg>
<arg>${expected_feature}</arg>
<doc>Fails if the given objects are unequal.</doc>
<status status="PASS" start="2025-10-25T00:49:52.256728" elapsed="0.000000"/>
</kw>
<var name="${index}">3</var>
<var name="${expected_feature}">Purchase tickets online</var>
<status status="PASS" start="2025-10-25T00:49:52.243926" elapsed="0.012802"/>
</iter>
<iter>
<kw name="Get Text" owner="Browser">
<msg time="2025-10-25T00:49:52.269235" level="INFO">Text: 'Manage your reservations'</msg>
<msg time="2025-10-25T00:49:52.269235" level="INFO">${actual_text} = Manage your reservations</msg>
<var>${actual_text}</var>
<arg>${FEATURES_LIST_ITEMS}:nth-child(${index + 1})</arg>
<tag>Assertion</tag>
<tag>Getter</tag>
<tag>PageContent</tag>
<doc>Returns text attribute of the element found by ``selector``.</doc>
<status status="PASS" start="2025-10-25T00:49:52.257727" elapsed="0.011508"/>
</kw>
<kw name="Should Be Equal" owner="BuiltIn">
<arg>${actual_text}</arg>
<arg>${expected_feature}</arg>
<doc>Fails if the given objects are unequal.</doc>
<status status="PASS" start="2025-10-25T00:49:52.269235" elapsed="0.000999"/>
</kw>
<var name="${index}">4</var>
<var name="${expected_feature}">Manage your reservations</var>
<status status="PASS" start="2025-10-25T00:49:52.257727" elapsed="0.012507"/>
</iter>
<var>${index}</var>
<var>${expected_feature}</var>
<value>@{EXPECTED_FEATURES_LIST}</value>
<status status="PASS" start="2025-10-25T00:49:52.191076" elapsed="0.079158"/>
</for>
<kw name="Sleep" owner="BuiltIn">
<msg time="2025-10-25T00:49:52.770646" level="INFO">Slept 500 milliseconds.</msg>
<arg>0.5</arg>
<doc>Pauses the test executed for the given time.</doc>
<status status="PASS" start="2025-10-25T00:49:52.270234" elapsed="0.500412"/>
</kw>
<doc>Verifica se a lista de features na página inicial está correta</doc>
<status status="PASS" start="2025-10-25T00:49:52.179318" elapsed="0.591328"/>
</kw>
<kw name="Verify CTA Button Is Working" owner="home_list_conteiner">
<kw name="Wait For Elements State" owner="Browser">
<msg time="2025-10-25T00:49:52.777627" level="INFO">Waited for Element with selector main &gt; div &gt; div.features-section &gt; div &gt; a at state visible</msg>
<arg>${FEATURES_CTA_BUTTON}</arg>
<arg>visible</arg>
<tag>PageContent</tag>
<tag>Wait</tag>
<doc>Waits for the element found by ``selector`` to satisfy state option.</doc>
<status status="PASS" start="2025-10-25T00:49:52.772131" elapsed="0.006496"/>
</kw>
<kw name="Wait For Elements State" owner="Browser">
<msg time="2025-10-25T00:49:52.790995" level="INFO">Waited for Element with selector main &gt; div &gt; div.features-section &gt; div &gt; a at state enabled</msg>
<arg>${FEATURES_CTA_BUTTON}</arg>
<arg>enabled</arg>
<tag>PageContent</tag>
<tag>Wait</tag>
<doc>Waits for the element found by ``selector`` to satisfy state option.</doc>
<status status="PASS" start="2025-10-25T00:49:52.778627" elapsed="0.012368"/>
</kw>
<kw name="Get Text" owner="Browser">
<msg time="2025-10-25T00:49:52.802715" level="INFO">Text: 'Ver todos os filmes em cartaz'</msg>
<arg>${FEATURES_CTA_BUTTON}</arg>
<arg>==</arg>
<arg>${EXPECTED_CTA_BUTTON_TEXT}</arg>
<tag>Assertion</tag>
<tag>Getter</tag>
<tag>PageContent</tag>
<doc>Returns text attribute of the element found by ``selector``.</doc>
<status status="PASS" start="2025-10-25T00:49:52.790995" elapsed="0.011720"/>
</kw>
<kw name="Get Attribute" owner="Browser">
<msg time="2025-10-25T00:49:52.812236" level="INFO">Attribute is: '/movies'</msg>
<arg>${FEATURES_CTA_BUTTON}</arg>
<arg>href</arg>
<arg>==</arg>
<arg>${EXPECTED_CTA_BUTTON_HREF}</arg>
<tag>Assertion</tag>
<tag>Getter</tag>
<tag>PageContent</tag>
<doc>Returns the HTML ``attribute`` of the element found by ``selector``.</doc>
<status status="PASS" start="2025-10-25T00:49:52.802715" elapsed="0.009521"/>
</kw>
<kw name="Click" owner="Browser">
<msg time="2025-10-25T00:49:52.813901" level="INFO">Clicks the element 'main &gt; div &gt; div.features-section &gt; div &gt; a'.</msg>
<arg>${FEATURES_CTA_BUTTON}</arg>
<tag>PageContent</tag>
<tag>Setter</tag>
<doc>Simulates mouse click on the element found by ``selector``.</doc>
<status status="PASS" start="2025-10-25T00:49:52.813390" elapsed="0.040791"/>
</kw>
<kw name="Wait For Condition" owner="Browser">
<kw name="Get Url" owner="Browser">
<arg>contains</arg>
<arg>/movies</arg>
<tag>Assertion</tag>
<tag>Getter</tag>
<tag>PageContent</tag>
<doc>Returns the current URL.</doc>
<status status="PASS" start="2025-10-25T00:49:52.857195" elapsed="0.003002"/>
</kw>
<arg>url</arg>
<arg>contains</arg>
<arg>${EXPECTED_CTA_BUTTON_HREF}</arg>
<tag>PageContent</tag>
<tag>Wait</tag>
<doc>Waits for a condition, defined with Browser getter keywords to become True.</doc>
<status status="PASS" start="2025-10-25T00:49:52.855187" elapsed="0.005010"/>
</kw>
<kw name="Sleep" owner="BuiltIn">
<msg time="2025-10-25T00:49:53.360416" level="INFO">Slept 500 milliseconds.</msg>
<arg>0.5</arg>
<doc>Pauses the test executed for the given time.</doc>
<status status="PASS" start="2025-10-25T00:49:52.860197" elapsed="0.500219"/>
</kw>
<doc>Verifica se o botão CTA está funcionando</doc>
<status status="PASS" start="2025-10-25T00:49:52.771122" elapsed="0.589294"/>
</kw>
<kw name="Go To" owner="Browser">
<msg time="2025-10-25T00:49:53.465185" level="INFO">Successfully opened URL http://localhost:3002/</msg>
<arg>${URL_FRONT}/</arg>
<tag>BrowserControl</tag>
<tag>Setter</tag>
<doc>Navigates to the given ``url``.</doc>
<status status="PASS" start="2025-10-25T00:49:53.361428" elapsed="0.103757"/>
</kw>
<kw name="Click" owner="Browser">
<msg time="2025-10-25T00:49:53.468178" level="INFO">Clicks the element 'main &gt; div &gt; div.features-section &gt; div &gt; a'.</msg>
<arg>${FEATURES_CTA_BUTTON}</arg>
<tag>PageContent</tag>
<tag>Setter</tag>
<doc>Simulates mouse click on the element found by ``selector``.</doc>
<status status="PASS" start="2025-10-25T00:49:53.466175" elapsed="0.895011"/>
</kw>
<kw name="Wait For Condition" owner="Browser">
<kw name="Get Url" owner="Browser">
<arg>contains</arg>
<arg>/movies</arg>
<tag>Assertion</tag>
<tag>Getter</tag>
<tag>PageContent</tag>
<doc>Returns the current URL.</doc>
<status status="PASS" start="2025-10-25T00:49:54.363190" elapsed="0.003044"/>
</kw>
<arg>url</arg>
<arg>contains</arg>
<arg>/movies</arg>
<tag>PageContent</tag>
<tag>Wait</tag>
<doc>Waits for a condition, defined with Browser getter keywords to become True.</doc>
<status status="PASS" start="2025-10-25T00:49:54.361186" elapsed="0.005048"/>
</kw>
<kw name="Get Url" owner="Browser">
<arg>==</arg>
<arg>${URL_FRONT}/movies</arg>
<tag>Assertion</tag>
<tag>Getter</tag>
<tag>PageContent</tag>
<doc>Returns the current URL.</doc>
<status status="PASS" start="2025-10-25T00:49:54.367242" elapsed="0.003000"/>
</kw>
<doc>Testa a seção de features na página inicial</doc>
<status status="PASS" start="2025-10-25T00:49:50.885482" elapsed="3.485752"/>
</test>
<test id="s1-s1-t5" name="TC026 - Verificar Footer Na Pagina Inicial" line="69">
<kw name="Open Page" owner="base">
<kw name="Set Variable" owner="BuiltIn">
<msg time="2025-10-25T00:49:54.382768" level="INFO">${url} = http://localhost:3002/</msg>
<var>${url}</var>
<arg>${URL_FRONT}${root}</arg>
<doc>Returns the given values which can then be assigned to a variables.</doc>
<status status="PASS" start="2025-10-25T00:49:54.382768" elapsed="0.001507"/>
</kw>
<kw name="Run Keyword And Ignore Error" owner="BuiltIn">
<kw name="Get Url" owner="Browser">
<tag>Assertion</tag>
<tag>Getter</tag>
<tag>PageContent</tag>
<doc>Returns the current URL.</doc>
<status status="PASS" start="2025-10-25T00:49:54.384275" elapsed="0.003007"/>
</kw>
<msg time="2025-10-25T00:49:54.387282" level="INFO">${status} = PASS</msg>
<msg time="2025-10-25T00:49:54.387282" level="INFO">${message} = http://localhost:3002/movies</msg>
<var>${status}</var>
<var>${message}</var>
<arg>Get URL</arg>
<doc>Runs the given keyword with the given arguments and ignores possible error.</doc>
<status status="PASS" start="2025-10-25T00:49:54.384275" elapsed="0.003007"/>
</kw>
<if>
<branch type="IF" condition="'${status}' == 'PASS'">
<kw name="Go To" owner="Browser">
<msg time="2025-10-25T00:49:54.484000" level="INFO">Successfully opened URL http://localhost:3002/</msg>
<arg>${url}</arg>
<tag>BrowserControl</tag>
<tag>Setter</tag>
<doc>Navigates to the given ``url``.</doc>
<status status="PASS" start="2025-10-25T00:49:54.388295" elapsed="0.097065"/>
</kw>
<kw name="Log" owner="BuiltIn">
<msg time="2025-10-25T00:49:54.485360" level="INFO">Página redirecionada para: http://localhost:3002/</msg>
<arg>Página redirecionada para: ${url}</arg>
<doc>Logs the given message with the given level.</doc>
<status status="PASS" start="2025-10-25T00:49:54.485360" elapsed="0.000000"/>
</kw>
<status status="PASS" start="2025-10-25T00:49:54.387282" elapsed="0.098078"/>
</branch>
<branch type="ELSE">
<kw name="New Browser" owner="Browser">
<arg>chromium</arg>
<arg>headless=False</arg>
<tag>BrowserControl</tag>
<tag>Setter</tag>
<doc>Create a new playwright Browser with specified options.</doc>
<status status="NOT RUN" start="2025-10-25T00:49:54.486366" elapsed="0.000000"/>
</kw>
<kw name="New Context" owner="Browser">
<tag>BrowserControl</tag>
<tag>Setter</tag>
<doc>Create a new BrowserContext with specified options.</doc>
<status status="NOT RUN" start="2025-10-25T00:49:54.486366" elapsed="0.000000"/>
</kw>
<kw name="New Page" owner="Browser">
<arg>${url}</arg>
<tag>BrowserControl</tag>
<tag>Setter</tag>
<doc>Open a new Page.</doc>
<status status="NOT RUN" start="2025-10-25T00:49:54.488371" elapsed="0.000000"/>
</kw>
<kw name="Log" owner="BuiltIn">
<arg>Nova página aberta: ${url}</arg>
<doc>Logs the given message with the given level.</doc>
<status status="NOT RUN" start="2025-10-25T00:49:54.489365" elapsed="0.000000"/>
</kw>
<status status="NOT RUN" start="2025-10-25T00:49:54.485360" elapsed="0.004005"/>
</branch>
<status status="PASS" start="2025-10-25T00:49:54.387282" elapsed="0.102083"/>
</if>
<kw name="Wait For Elements State" owner="Browser">
<msg time="2025-10-25T00:49:54.520036" level="INFO">Waited for Element with selector body at state visible</msg>
<arg>body</arg>
<arg>visible</arg>
<arg>timeout=5s</arg>
<tag>PageContent</tag>
<tag>Wait</tag>
<doc>Waits for the element found by ``selector`` to satisfy state option.</doc>
<status status="PASS" start="2025-10-25T00:49:54.489365" elapsed="0.030671"/>
</kw>
<arg>/</arg>
<status status="PASS" start="2025-10-25T00:49:54.381774" elapsed="0.138262"/>
</kw>
<kw name="Verify Footer Is Visible" owner="footer">
<kw name="Wait For Elements State" owner="Browser">
<msg time="2025-10-25T00:49:54.532794" level="INFO">Waited for Element with selector .footer at state visible</msg>
<arg>${FOOTER_CONTAINER}</arg>
<arg>visible</arg>
<tag>PageContent</tag>
<tag>Wait</tag>
<doc>Waits for the element found by ``selector`` to satisfy state option.</doc>
<status status="PASS" start="2025-10-25T00:49:54.521034" elapsed="0.011760"/>
</kw>
<kw name="Wait For Elements State" owner="Browser">
<msg time="2025-10-25T00:49:54.545095" level="INFO">Waited for Element with selector .footer-bottom at state visible</msg>
<arg>${FOOTER_BOTTOM}</arg>
<arg>visible</arg>
<tag>PageContent</tag>
<tag>Wait</tag>
<doc>Waits for the element found by ``selector`` to satisfy state option.</doc>
<status status="PASS" start="2025-10-25T00:49:54.532794" elapsed="0.013289"/>
</kw>
<kw name="Sleep" owner="BuiltIn">
<msg time="2025-10-25T00:49:55.047300" level="INFO">Slept 500 milliseconds.</msg>
<arg>0.5</arg>
<doc>Pauses the test executed for the given time.</doc>
<status status="PASS" start="2025-10-25T00:49:54.546083" elapsed="0.501217"/>
</kw>
<doc>Verifica se o footer está visível na página</doc>
<status status="PASS" start="2025-10-25T00:49:54.521034" elapsed="0.526266"/>
</kw>
<kw name="Verify Footer Structure" owner="footer">
<kw name="Get Element Count" owner="Browser">
<msg time="2025-10-25T00:49:55.054339" level="INFO">${section_count} = 4</msg>
<var>${section_count}</var>
<arg>${FOOTER_SECTIONS}</arg>
<tag>Assertion</tag>
<tag>Getter</tag>
<tag>PageContent</tag>
<doc>Returns the count of elements found with ``selector``.</doc>
<status status="PASS" start="2025-10-25T00:49:55.048313" elapsed="0.006026"/>
</kw>
<kw name="Should Be Equal As Numbers" owner="BuiltIn">
<msg time="2025-10-25T00:49:55.055345" level="INFO">Argument types are:
&lt;class 'int'&gt;
&lt;class 'str'&gt;</msg>
<arg>${section_count}</arg>
<arg>4</arg>
<doc>Fails if objects are unequal after converting them to real numbers.</doc>
<status status="PASS" start="2025-10-25T00:49:55.054339" elapsed="0.001006"/>
</kw>
<kw name="Wait For Elements State" owner="Browser">
<msg time="2025-10-25T00:49:55.062850" level="INFO">Waited for Element with selector .footer-section:nth-child(1) at state visible</msg>
<arg>${FOOTER_APP_SECTION}</arg>
<arg>visible</arg>
<tag>PageContent</tag>
<tag>Wait</tag>
<doc>Waits for the element found by ``selector`` to satisfy state option.</doc>
<status status="PASS" start="2025-10-25T00:49:55.055345" elapsed="0.008501"/>
</kw>
<kw name="Wait For Elements State" owner="Browser">
<msg time="2025-10-25T00:49:55.070989" level="INFO">Waited for Element with selector .footer-section:nth-child(2) at state visible</msg>
<arg>${FOOTER_LINKS_SECTION}</arg>
<arg>visible</arg>
<tag>PageContent</tag>
<tag>Wait</tag>
<doc>Waits for the element found by ``selector`` to satisfy state option.</doc>
<status status="PASS" start="2025-10-25T00:49:55.063846" elapsed="0.007143"/>
</kw>
<kw name="Wait For Elements State" owner="Browser">
<msg time="2025-10-25T00:49:55.089152" level="INFO">Waited for Element with selector .footer-section:nth-child(3) at state visible</msg>
<arg>${FOOTER_CONTACT_SECTION}</arg>
<arg>visible</arg>
<tag>PageContent</tag>
<tag>Wait</tag>
<doc>Waits for the element found by ``selector`` to satisfy state option.</doc>
<status status="PASS" start="2025-10-25T00:49:55.071993" elapsed="0.017159"/>
</kw>
<kw name="Wait For Elements State" owner="Browser">
<msg time="2025-10-25T00:49:55.096662" level="INFO">Waited for Element with selector .footer-section:nth-child(4) at state visible</msg>
<arg>${FOOTER_SOCIAL_SECTION}</arg>
<arg>visible</arg>
<tag>PageContent</tag>
<tag>Wait</tag>
<doc>Waits for the element found by ``selector`` to satisfy state option.</doc>
<status status="PASS" start="2025-10-25T00:49:55.090212" elapsed="0.006450"/>
</kw>
<kw name="Sleep" owner="BuiltIn">
<msg time="2025-10-25T00:49:55.598149" level="INFO">Slept 500 milliseconds.</msg>
<arg>0.5</arg>
[...]
</msg>
<arg>${SEARCH_MOVIES_SELECT_FILTER}</arg>
<arg>text</arg>
<arg>${genre}</arg>
<tag>PageContent</tag>
<tag>Setter</tag>
<doc>Selects options from select element found by ``selector``.</doc>
<status status="FAIL" start="2025-10-25T00:50:25.356485" elapsed="10.079079">TimeoutError: locator.selectOption: Timeout 10000ms exceeded.
Call log:
  - waiting for locator('main &gt; div.search-movies &gt; div.filters-container &gt; div.genre-filter &gt; select')
</status>
</kw>
<arg>${genre}</arg>
<doc>Seleciona um filtro de gênero</doc>
<status status="FAIL" start="2025-10-25T00:50:25.356485" elapsed="10.079079">TimeoutError: locator.selectOption: Timeout 10000ms exceeded.
Call log:
  - waiting for locator('main &gt; div.search-movies &gt; div.filters-container &gt; div.genre-filter &gt; select')
</status>
</kw>
<status status="FAIL" start="2025-10-25T00:50:25.355475" elapsed="10.080089">TimeoutError: locator.selectOption: Timeout 10000ms exceeded.
Call log:
  - waiting for locator('main &gt; div.search-movies &gt; div.filters-container &gt; div.genre-filter &gt; select')
</status>
</branch>
<status status="FAIL" start="2025-10-25T00:50:25.355475" elapsed="10.080089">TimeoutError: locator.selectOption: Timeout 10000ms exceeded.
Call log:
  - waiting for locator('main &gt; div.search-movies &gt; div.filters-container &gt; div.genre-filter &gt; select')
</status>
</if>
<arg>${EMPTY}</arg>
<arg>Adventure</arg>
<doc>Busca e filtra filmes</doc>
<status status="FAIL" start="2025-10-25T00:50:25.352628" elapsed="10.082936">TimeoutError: locator.selectOption: Timeout 10000ms exceeded.
Call log:
  - waiting for locator('main &gt; div.search-movies &gt; div.filters-container &gt; div.genre-filter &gt; select')
</status>
</kw>
<kw name="Verify Search Results" owner="movies_search">
<arg>1</arg>
<doc>Verifica os resultados da busca</doc>
<status status="NOT RUN" start="2025-10-25T00:50:35.435564" elapsed="0.000993"/>
</kw>
<doc>Testa filtro por gênero</doc>
<status status="FAIL" start="2025-10-25T00:50:25.259463" elapsed="10.177094">TimeoutError: locator.selectOption: Timeout 10000ms exceeded.
Call log:
  - waiting for locator('main &gt; div.search-movies &gt; div.filters-container &gt; div.genre-filter &gt; select')
</status>
</test>
<test id="s1-s1-t12" name="TC033 - Teste Busca E Filtro Combinados" line="134">
<kw name="Navigate To Search Movies Page" owner="movies_search">
<kw name="Go To" owner="Browser">
<msg time="2025-10-25T00:50:35.522139" level="INFO">Successfully opened URL http://localhost:3002/movies</msg>
<arg>${SEARCH_MOVIES_URL}</arg>
<tag>BrowserControl</tag>
<tag>Setter</tag>
<doc>Navigates to the given ``url``.</doc>
<status status="PASS" start="2025-10-25T00:50:35.449086" elapsed="0.073053"/>
</kw>
<doc>Navega para a página de busca de filmes</doc>
<status status="PASS" start="2025-10-25T00:50:35.448086" elapsed="0.074053"/>
</kw>
<kw name="Search And Filter Movies" owner="movies_search">
<if>
<branch type="IF" condition="&quot;${search_term}&quot; != &quot;${EMPTY}&quot;">
<kw name="Search For Movie" owner="search_movies_input">
<kw name="Type In Search Input" owner="search_movies_input">
<kw name="Fill Text" owner="Browser">
<msg time="2025-10-25T00:50:35.526661" level="INFO">Fills the text 'Avengers' in the given field.</msg>
<msg time="2025-10-25T00:50:45.607091" level="INFO" html="true">&lt;/td&gt;&lt;/tr&gt;&lt;tr&gt;&lt;td colspan="3"&gt;&lt;a href="browser/screenshot/fail-screenshot-4.png" target="_blank"&gt;&lt;img src="browser/screenshot/fail-screenshot-4.png" width="800px"/&gt;&lt;/a&gt;</msg>
<msg time="2025-10-25T00:50:45.607091" level="INFO">See also file:///C:/Users/raphael/Documents/GitHub/learn/Compass/cinema/test-ciname-challenge/results/playwright-log.txt for additional details.</msg>
<msg time="2025-10-25T00:50:45.607091" level="FAIL">TimeoutError: locator.fill: Timeout 10000ms exceeded.
Call log:
  - waiting for locator('main &gt; div.search-movies &gt; div.filters-container &gt; div.search-box &gt; input[type=text]')
</msg>
<arg>${SEARCH_MOVIES_INPUT}</arg>
<arg>${search_text}</arg>
<tag>PageContent</tag>
<tag>Setter</tag>
<doc>Clears and fills the given ``txt`` into the text field found by ``selector``.</doc>
<status status="FAIL" start="2025-10-25T00:50:35.526661" elapsed="10.081431">TimeoutError: locator.fill: Timeout 10000ms exceeded.
Call log:
  - waiting for locator('main &gt; div.search-movies &gt; div.filters-container &gt; div.search-box &gt; input[type=text]')
</status>
</kw>
<arg>${movie_title}</arg>
<doc>Digita texto no input de busca</doc>
<status status="FAIL" start="2025-10-25T00:50:35.526661" elapsed="10.081431">TimeoutError: locator.fill: Timeout 10000ms exceeded.
Call log:
  - waiting for locator('main &gt; div.search-movies &gt; div.filters-container &gt; div.search-box &gt; input[type=text]')
</status>
</kw>
<kw name="Submit Search" owner="search_movies_input">
<doc>Submete a busca pressionando Enter</doc>
<status status="NOT RUN" start="2025-10-25T00:50:45.609091" elapsed="0.000000"/>
</kw>
<arg>${search_term}</arg>
<doc>Realiza uma busca completa por um filme</doc>
<status status="FAIL" start="2025-10-25T00:50:35.525662" elapsed="10.083429">TimeoutError: locator.fill: Timeout 10000ms exceeded.
Call log:
  - waiting for locator('main &gt; div.search-movies &gt; div.filters-container &gt; div.search-box &gt; input[type=text]')
</status>
</kw>
<status status="FAIL" start="2025-10-25T00:50:35.524142" elapsed="10.084949">TimeoutError: locator.fill: Timeout 10000ms exceeded.
Call log:
  - waiting for locator('main &gt; div.search-movies &gt; div.filters-container &gt; div.search-box &gt; input[type=text]')
</status>
</branch>
<status status="FAIL" start="2025-10-25T00:50:35.524142" elapsed="10.084949">TimeoutError: locator.fill: Timeout 10000ms exceeded.
Call log:
  - waiting for locator('main &gt; div.search-movies &gt; div.filters-container &gt; div.search-box &gt; input[type=text]')
</status>
</if>
<if>
<branch type="IF" condition="&quot;${genre}&quot; != &quot;All&quot;">
<kw name="Select Genre Filter" owner="dropdown_filter_movies">
<arg>${genre}</arg>
<doc>Seleciona um filtro de gênero</doc>
<status status="NOT RUN" start="2025-10-25T00:50:45.609091" elapsed="0.000000"/>
</kw>
<status status="NOT RUN" start="2025-10-25T00:50:45.609091" elapsed="0.000000"/>
</branch>
<status status="NOT RUN" start="2025-10-25T00:50:45.609091" elapsed="0.000000"/>
</if>
<arg>Avengers</arg>
<arg>Action</arg>
<doc>Busca e filtra filmes</doc>
<status status="FAIL" start="2025-10-25T00:50:35.523137" elapsed="10.085954">TimeoutError: locator.fill: Timeout 10000ms exceeded.
Call log:
  - waiting for locator('main &gt; div.search-movies &gt; div.filters-container &gt; div.search-box &gt; input[type=text]')
</status>
</kw>
<kw name="Verify Search Results" owner="movies_search">
<arg>1</arg>
<doc>Verifica os resultados da busca</doc>
<status status="NOT RUN" start="2025-10-25T00:50:45.610091" elapsed="0.000000"/>
</kw>
<doc>Testa combinação de busca e filtro</doc>
<status status="FAIL" start="2025-10-25T00:50:35.442555" elapsed="10.167536">TimeoutError: locator.fill: Timeout 10000ms exceeded.
Call log:
  - waiting for locator('main &gt; div.search-movies &gt; div.filters-container &gt; div.search-box &gt; input[type=text]')
</status>
</test>
<test id="s1-s1-t13" name="TC034 - Teste Navegacao Para Detalhes Do Filme" line="140">
<kw name="Navigate To Search Movies Page" owner="movies_search">
<kw name="Go To" owner="Browser">
<msg time="2025-10-25T00:50:45.718194" level="INFO">Successfully opened URL http://localhost:3002/movies</msg>
<arg>${SEARCH_MOVIES_URL}</arg>
<tag>BrowserControl</tag>
<tag>Setter</tag>
<doc>Navigates to the given ``url``.</doc>
<status status="PASS" start="2025-10-25T00:50:45.622861" elapsed="0.096329"/>
</kw>
<doc>Navega para a página de busca de filmes</doc>
<status status="PASS" start="2025-10-25T00:50:45.621855" elapsed="0.097335"/>
</kw>
<kw name="Search And Filter Movies" owner="movies_search">
<if>
<branch type="IF" condition="&quot;${search_term}&quot; != &quot;${EMPTY}&quot;">
<kw name="Search For Movie" owner="search_movies_input">
<kw name="Type In Search Input" owner="search_movies_input">
<kw name="Fill Text" owner="Browser">
<msg time="2025-10-25T00:50:45.723191" level="INFO">Fills the text 'Interstellar' in the given field.</msg>
<msg time="2025-10-25T00:50:55.808356" level="INFO" html="true">&lt;/td&gt;&lt;/tr&gt;&lt;tr&gt;&lt;td colspan="3"&gt;&lt;a href="browser/screenshot/fail-screenshot-5.png" target="_blank"&gt;&lt;img src="browser/screenshot/fail-screenshot-5.png" width="800px"/&gt;&lt;/a&gt;</msg>
<msg time="2025-10-25T00:50:55.808356" level="INFO">See also file:///C:/Users/raphael/Documents/GitHub/learn/Compass/cinema/test-ciname-challenge/results/playwright-log.txt for additional details.</msg>
<msg time="2025-10-25T00:50:55.809375" level="FAIL">TimeoutError: locator.fill: Timeout 10000ms exceeded.
Call log:
  - waiting for locator('main &gt; div.search-movies &gt; div.filters-container &gt; div.search-box &gt; input[type=text]')
</msg>
<arg>${SEARCH_MOVIES_INPUT}</arg>
<arg>${search_text}</arg>
<tag>PageContent</tag>
<tag>Setter</tag>
<doc>Clears and fills the given ``txt`` into the text field found by ``selector``.</doc>
<status status="FAIL" start="2025-10-25T00:50:45.722194" elapsed="10.087181">TimeoutError: locator.fill: Timeout 10000ms exceeded.
Call log:
  - waiting for locator('main &gt; div.search-movies &gt; div.filters-container &gt; div.search-box &gt; input[type=text]')
</status>
</kw>
<arg>${movie_title}</arg>
<doc>Digita texto no input de busca</doc>
<status status="FAIL" start="2025-10-25T00:50:45.721192" elapsed="10.089176">TimeoutError: locator.fill: Timeout 10000ms exceeded.
Call log:
  - waiting for locator('main &gt; div.search-movies &gt; div.filters-container &gt; div.search-box &gt; input[type=text]')
</status>
</kw>
<kw name="Submit Search" owner="search_movies_input">
<doc>Submete a busca pressionando Enter</doc>
<status status="NOT RUN" start="2025-10-25T00:50:55.810368" elapsed="0.000000"/>
</kw>
<arg>${search_term}</arg>
<doc>Realiza uma busca completa por um filme</doc>
<status status="FAIL" start="2025-10-25T00:50:45.721192" elapsed="10.089176">TimeoutError: locator.fill: Timeout 10000ms exceeded.
Call log:
  - waiting for locator('main &gt; div.search-movies &gt; div.filters-container &gt; div.search-box &gt; input[type=text]')
</status>
</kw>
<status status="FAIL" start="2025-10-25T00:50:45.720190" elapsed="10.090178">TimeoutError: locator.fill: Timeout 10000ms exceeded.
Call log:
  - waiting for locator('main &gt; div.search-movies &gt; div.filters-container &gt; div.search-box &gt; input[type=text]')
</status>
</branch>
<status status="FAIL" start="2025-10-25T00:50:45.720190" elapsed="10.090178">TimeoutError: locator.fill: Timeout 10000ms exceeded.
Call log:
  - waiting for locator('main &gt; div.search-movies &gt; div.filters-container &gt; div.search-box &gt; input[type=text]')
</status>
</if>
<if>
<branch type="IF" condition="&quot;${genre}&quot; != &quot;All&quot;">
<kw name="Select Genre Filter" owner="dropdown_filter_movies">
<arg>${genre}</arg>
<doc>Seleciona um filtro de gênero</doc>
<status status="NOT RUN" start="2025-10-25T00:50:55.810368" elapsed="0.000000"/>
</kw>
<status status="NOT RUN" start="2025-10-25T00:50:55.810368" elapsed="0.000995"/>
</branch>
<status status="NOT RUN" start="2025-10-25T00:50:55.810368" elapsed="0.000995"/>
</if>
<arg>Interstellar</arg>
<doc>Busca e filtra filmes</doc>
<status status="FAIL" start="2025-10-25T00:50:45.719190" elapsed="10.092173">TimeoutError: locator.fill: Timeout 10000ms exceeded.
Call log:
  - waiting for locator('main &gt; div.search-movies &gt; div.filters-container &gt; div.search-box &gt; input[type=text]')
</status>
</kw>
<kw name="Click Movie Details Button In Search" owner="search_movie_card">
<doc>Clica no botão de detalhes do filme nos resultados</doc>
<status status="NOT RUN" start="2025-10-25T00:50:55.811363" elapsed="0.000000"/>
</kw>
<kw name="Get Url" owner="Browser">
<arg>contains</arg>
<arg>/movies/</arg>
<tag>Assertion</tag>
<tag>Getter</tag>
<tag>PageContent</tag>
<doc>Returns the current URL.</doc>
<status status="NOT RUN" start="2025-10-25T00:50:55.811363" elapsed="0.000997"/>
</kw>
<doc>Testa navegação para detalhes a partir dos resultados</doc>
<status status="FAIL" start="2025-10-25T00:50:45.616224" elapsed="10.196136">TimeoutError: locator.fill: Timeout 10000ms exceeded.
Call log:
  - waiting for locator('main &gt; div.search-movies &gt; div.filters-container &gt; div.search-box &gt; input[type=text]')
</status>
</test>
<test id="s1-s1-t14" name="TC035 - Teste Limpeza De Filtros" line="147">
<kw name="Navigate To Search Movies Page" owner="movies_search">
<kw name="Go To" owner="Browser">
<msg time="2025-10-25T00:50:55.920717" level="INFO">Successfully opened URL http://localhost:3002/movies</msg>
<arg>${SEARCH_MOVIES_URL}</arg>
<tag>BrowserControl</tag>
<tag>Setter</tag>
<doc>Navigates to the given ``url``.</doc>
<status status="PASS" start="2025-10-25T00:50:55.823904" elapsed="0.096813"/>
</kw>
<doc>Navega para a página de busca de filmes</doc>
<status status="PASS" start="2025-10-25T00:50:55.823385" elapsed="0.097332"/>
</kw>
<kw name="Search And Filter Movies" owner="movies_search">
<if>
<branch type="IF" condition="&quot;${search_term}&quot; != &quot;${EMPTY}&quot;">
<kw name="Search For Movie" owner="search_movies_input">
<kw name="Type In Search Input" owner="search_movies_input">
<kw name="Fill Text" owner="Browser">
<msg time="2025-10-25T00:50:55.925243" level="INFO">Fills the text 'Teste' in the given field.</msg>
<msg time="2025-10-25T00:51:06.002558" level="INFO" html="true">&lt;/td&gt;&lt;/tr&gt;&lt;tr&gt;&lt;td colspan="3"&gt;&lt;a href="browser/screenshot/fail-screenshot-6.png" target="_blank"&gt;&lt;img src="browser/screenshot/fail-screenshot-6.png" width="800px"/&gt;&lt;/a&gt;</msg>
<msg time="2025-10-25T00:51:06.002558" level="INFO">See also file:///C:/Users/raphael/Documents/GitHub/learn/Compass/cinema/test-ciname-challenge/results/playwright-log.txt for additional details.</msg>
<msg time="2025-10-25T00:51:06.002558" level="FAIL">TimeoutError: locator.fill: Timeout 10000ms exceeded.
Call log:
  - waiting for locator('main &gt; div.search-movies &gt; div.filters-container &gt; div.search-box &gt; input[type=text]')
</msg>
<arg>${SEARCH_MOVIES_INPUT}</arg>
<arg>${search_text}</arg>
<tag>PageContent</tag>
<tag>Setter</tag>
<doc>Clears and fills the given ``txt`` into the text field found by ``selector``.</doc>
<status status="FAIL" start="2025-10-25T00:50:55.925243" elapsed="10.078853">TimeoutError: locator.fill: Timeout 10000ms exceeded.
Call log:
  - waiting for locator('main &gt; div.search-movies &gt; div.filters-container &gt; div.search-box &gt; input[type=text]')
</status>
</kw>
<arg>${movie_title}</arg>
<doc>Digita texto no input de busca</doc>
<status status="FAIL" start="2025-10-25T00:50:55.924231" elapsed="10.079865">TimeoutError: locator.fill: Timeout 10000ms exceeded.
Call log:
  - waiting for locator('main &gt; div.search-movies &gt; div.filters-container &gt; div.search-box &gt; input[type=text]')
</status>
</kw>
<kw name="Submit Search" owner="search_movies_input">
<doc>Submete a busca pressionando Enter</doc>
<status status="NOT RUN" start="2025-10-25T00:51:06.005116" elapsed="0.000000"/>
</kw>
<arg>${search_term}</arg>
<doc>Realiza uma busca completa por um filme</doc>
<status status="FAIL" start="2025-10-25T00:50:55.924231" elapsed="10.080885">TimeoutError: locator.fill: Timeout 10000ms exceeded.
Call log:
  - waiting for locator('main &gt; div.search-movies &gt; div.filters-container &gt; div.search-box &gt; input[type=text]')
</status>
</kw>
<status status="FAIL" start="2025-10-25T00:50:55.921714" elapsed="10.083402">TimeoutError: locator.fill: Timeout 10000ms exceeded.
Call log:
  - waiting for locator('main &gt; div.search-movies &gt; div.filters-container &gt; div.search-box &gt; input[type=text]')
</status>
</branch>
<status status="FAIL" start="2025-10-25T00:50:55.921714" elapsed="10.083402">TimeoutError: locator.fill: Timeout 10000ms exceeded.
Call log:
  - waiting for locator('main &gt; div.search-movies &gt; div.filters-container &gt; div.search-box &gt; input[type=text]')
</status>
</if>
<if>
<branch type="IF" condition="&quot;${genre}&quot; != &quot;All&quot;">
<kw name="Select Genre Filter" owner="dropdown_filter_movies">
<arg>${genre}</arg>
<doc>Seleciona um filtro de gênero</doc>
<status status="NOT RUN" start="2025-10-25T00:51:06.005116" elapsed="0.000000"/>
</kw>
<status status="NOT RUN" start="2025-10-25T00:51:06.005116" elapsed="0.000000"/>
</branch>
<status status="NOT RUN" start="2025-10-25T00:51:06.005116" elapsed="0.000000"/>
</if>
<arg>Teste</arg>
<arg>Adventure</arg>
<doc>Busca e filtra filmes</doc>
<status status="FAIL" start="2025-10-25T00:50:55.921714" elapsed="10.083402">TimeoutError: locator.fill: Timeout 10000ms exceeded.
Call log:
  - waiting for locator('main &gt; div.search-movies &gt; div.filters-container &gt; div.search-box &gt; input[type=text]')
</status>
</kw>
<kw name="Clear All Filters" owner="movies_search">
<doc>Limpa todos os filtros</doc>
<status status="NOT RUN" start="2025-10-25T00:51:06.006105" elapsed="0.000000"/>
</kw>
<kw name="Get Search Movie Cards Count" owner="search_movie_card">
<var>${count}</var>
<doc>Retorna a quantidade de cards de filme nos resultados</doc>
<status status="NOT RUN" start="2025-10-25T00:51:06.007108" elapsed="0.000000"/>
</kw>
<kw name="Should Be True" owner="BuiltIn">
<arg>${count} &gt; 1</arg>
<doc>Fails if the given condition is not true.</doc>
<status status="NOT RUN" start="2025-10-25T00:51:06.007108" elapsed="0.000000"/>
</kw>
<doc>Testa limpeza dos filtros de busca</doc>
<status status="FAIL" start="2025-10-25T00:50:55.818876" elapsed="10.188232">TimeoutError: locator.fill: Timeout 10000ms exceeded.
Call log:
  - waiting for locator('main &gt; div.search-movies &gt; div.filters-container &gt; div.search-box &gt; input[type=text]')
</status>
</test>
<kw name="Close Browser" owner="Browser" type="TEARDOWN">
<msg time="2025-10-25T00:51:06.221776" level="INFO">Closed browser</msg>
<tag>BrowserControl</tag>
<tag>Setter</tag>
<doc>Closes the current browser.</doc>
<status status="PASS" start="2025-10-25T00:51:06.017370" elapsed="0.204406"/>
</kw>
<doc>Testes relacionados ao componente de header do site</doc>
<status status="FAIL" start="2025-10-25T00:49:40.389135" elapsed="85.833647"/>
</suite>
<status status="FAIL" start="2025-10-25T00:49:40.364960" elapsed="85.861960"/>
</suite>
<statistics>
<total>
<stat pass="7" fail="7" skip="0">All Tests</stat>
</total>
<tag>
</tag>
<suite>
<stat name="Web" id="s1" pass="7" fail="7" skip="0">Web</stat>
<stat name="Init" id="s1-s1" pass="7" fail="7" skip="0">Web.Init</stat>
</suite>
</statistics>
<errors>
<msg time="2025-10-25T00:49:40.581701" level="WARN">Error in file 'C:\Users\raphael\Documents\GitHub\learn\Compass\cinema\test-ciname-challenge\resources\base.resource' on line 135: The '[Return]' setting is deprecated. Use the 'RETURN' statement instead.</msg>
<msg time="2025-10-25T00:49:40.712796" level="ERROR">Error in file 'C:\Users\raphael\Documents\GitHub\learn\Compass\cinema\test-ciname-challenge\resources\base.resource' on line 11: Importing library 'Faker' failed: ModuleNotFoundError: No module named 'Faker'
Traceback (most recent call last):
  None
PYTHONPATH:
  C:\Users\raphael\anaconda3\Scripts\robot.exe
  C:\Users\raphael\anaconda3\python312.zip
  C:\Users\raphael\anaconda3\DLLs
  C:\Users\raphael\anaconda3\Lib
  C:\Users\raphael\anaconda3
  C:\Users\raphael\anaconda3\Lib\site-packages
  C:\Users\raphael\anaconda3\Lib\site-packages\win32
  C:\Users\raphael\anaconda3\Lib\site-packages\win32\lib
  C:\Users\raphael\anaconda3\Lib\site-packages\Pythonwin</msg>
</errors>
</robot>
