<?xml version="1.0" encoding="UTF-8"?>
<robot generator="Robot 7.3.2 (Python 3.12.7 on win32)" generated="2025-10-28T14:19:19.633376" rpa="false" schemaversion="5">
<suite id="s1" name="Web" source="C:\Users\raphael\Documents\GitHub\learn\Compass\cinema\test-ciname-challenge\tests\web">
<suite id="s1-s1" name="Reservations" source="C:\Users\raphael\Documents\GitHub\learn\Compass\cinema\test-ciname-challenge\tests\web\reservations.robot">
<test id="s1-s1-t1" name="TC051 - Verificar Estrutura do Card de Reserva" line="24">
<kw name="Configurar Teste" owner="login_form">
<kw name="New Browser" owner="Browser">
<msg time="2025-10-28T14:19:20.120880" level="INFO">{"browser": "chromium", "headless": false, "chromiumSandbox": false, "devtools": false, "handleSIGHUP": true, "handleSIGINT": true, "handleSIGTERM": true, "slowMo": 0.0, "timeout": 30000.0, "tracesDir": "C:\\Users\\raphael\\Documents\\GitHub\\learn\\Compass\\cinema\\test-ciname-challenge\\results\\browser\\traces\\temp\\69bb25cf-c3db-4b64-88b1-c731212ae3d5"}</msg>
<msg time="2025-10-28T14:19:20.151511" level="INFO">Starting Browser process C:\Users\raphael\anaconda3\Lib\site-packages\Browser\wrapper\index.js using at 127.0.0.1:50520</msg>
<msg time="2025-10-28T14:19:21.372988" level="INFO">Successfully created browser with options: {"browser":"chromium","headless":false,"chromiumSandbox":false,"devtools":false,"handleSIGHUP":true,"handleSIGINT":true,"handleSIGTERM":true,"slowMo":0,"timeout":30000,"tracesDir":"C:\\Users\\raphael\\Documents\\GitHub\\learn\\Compass\\cinema\\test-ciname-challenge\\results\\browser\\traces\\temp\\69bb25cf-c3db-4b64-88b1-c731212ae3d5"}</msg>
<arg>chromium</arg>
<arg>headless=False</arg>
<tag>BrowserControl</tag>
<tag>Setter</tag>
<doc>Create a new playwright Browser with specified options.</doc>
<status status="PASS" start="2025-10-28T14:19:20.119870" elapsed="1.253746"/>
</kw>
<kw name="New Context" owner="Browser">
<msg time="2025-10-28T14:19:21.380504" level="INFO">{
  "acceptDownloads": true,
  "bypassCSP": false,
  "forcedColors": "none",
  "ignoreHTTPSErrors": false,
  "javaScriptEnabled": true,
  "offline": false,
  "reducedMotion": "no-preference",
  "serviceWorkers": "allow",
  "viewport": {
    "width": 1920,
    "height": 1080
  }
}</msg>
<msg time="2025-10-28T14:19:21.404016" level="INFO">Successfully created context. </msg>
<msg time="2025-10-28T14:19:21.404016" level="INFO">{'acceptDownloads': True, 'bypassCSP': False, 'forcedColors': 'none', 'ignoreHTTPSErrors': False, 'javaScriptEnabled': True, 'offline': False, 'reducedMotion': 'no-preference', 'serviceWorkers': 'allow', 'viewport': {'width': 1920, 'height': 1080}}</msg>
<arg>viewport={'width': 1920, 'height': 1080}</arg>
<tag>BrowserControl</tag>
<tag>Setter</tag>
<doc>Create a new BrowserContext with specified options.</doc>
<status status="PASS" start="2025-10-28T14:19:21.373994" elapsed="0.030022"/>
</kw>
<status status="PASS" start="2025-10-28T14:19:20.118861" elapsed="1.285155"/>
</kw>
<kw name="Abrir Página de Login" owner="login_form">
<kw name="New Page" owner="Browser">
<msg time="2025-10-28T14:19:21.985567" level="INFO">Successfully initialized new page object and opened url: http://localhost:3002/login</msg>
<arg>http://localhost:3002/login</arg>
<tag>BrowserControl</tag>
<tag>Setter</tag>
<doc>Open a new Page.</doc>
<status status="PASS" start="2025-10-28T14:19:21.405017" elapsed="0.581553"/>
</kw>
<kw name="Wait For Elements State" owner="Browser">
<msg time="2025-10-28T14:19:22.090222" level="INFO">Waited for Element with selector css=.login-form at state visible</msg>
<arg>css=.login-form</arg>
<arg>visible</arg>
<arg>timeout=10s</arg>
<tag>PageContent</tag>
<tag>Wait</tag>
<doc>Waits for the element found by ``selector`` to satisfy state option.</doc>
<status status="PASS" start="2025-10-28T14:19:21.986570" elapsed="0.103652"/>
</kw>
<status status="PASS" start="2025-10-28T14:19:21.405017" elapsed="0.685205"/>
</kw>
<kw name="Preencher Formulário de Login" owner="login_form">
<kw name="Fill Text" owner="Browser">
<msg time="2025-10-28T14:19:22.097836" level="INFO">Fills the text 'raphaelrates.dev@gmail.com' in the given field.</msg>
<arg>css=#email</arg>
<arg>${email}</arg>
<tag>PageContent</tag>
<tag>Setter</tag>
<doc>Clears and fills the given ``txt`` into the text field found by ``selector``.</doc>
<status status="PASS" start="2025-10-28T14:19:22.096835" elapsed="0.036446"/>
</kw>
<kw name="Fill Text" owner="Browser">
<msg time="2025-10-28T14:19:22.134630" level="INFO">Fills the text '12345678' in the given field.</msg>
<arg>css=#password</arg>
<arg>${senha}</arg>
<tag>PageContent</tag>
<tag>Setter</tag>
<doc>Clears and fills the given ``txt`` into the text field found by ``selector``.</doc>
<status status="PASS" start="2025-10-28T14:19:22.134290" elapsed="0.030243"/>
</kw>
<kw name="Click" owner="Browser">
<msg time="2025-10-28T14:19:22.165623" level="INFO">Clicks the element 'css=main &gt; div &gt; div &gt; form &gt; button'.</msg>
<arg>css=main &gt; div &gt; div &gt; form &gt; button</arg>
<tag>PageContent</tag>
<tag>Setter</tag>
<doc>Simulates mouse click on the element found by ``selector``.</doc>
<status status="PASS" start="2025-10-28T14:19:22.165069" elapsed="0.350284"/>
</kw>
<kw name="Sleep" owner="BuiltIn">
<msg time="2025-10-28T14:19:24.515912" level="INFO">Slept 2 seconds.</msg>
<arg>2s</arg>
<doc>Pauses the test executed for the given time.</doc>
<status status="PASS" start="2025-10-28T14:19:22.515353" elapsed="2.000559"/>
</kw>
<arg>raphaelrates.dev@gmail.com</arg>
<arg>12345678</arg>
<status status="PASS" start="2025-10-28T14:19:22.095824" elapsed="2.420088"/>
</kw>
<kw name="Acessar Página de Reservas" owner="reservation_page">
<kw name="Click" owner="Browser">
<msg time="2025-10-28T14:19:24.517435" level="INFO">Clicks the element 'header &gt; div &gt; nav &gt; ul &gt; li:nth-child(3) &gt; a'.</msg>
<arg>header &gt; div &gt; nav &gt; ul &gt; li:nth-child(3) &gt; a</arg>
<tag>PageContent</tag>
<tag>Setter</tag>
<doc>Simulates mouse click on the element found by ``selector``.</doc>
<status status="PASS" start="2025-10-28T14:19:24.516422" elapsed="0.059919"/>
</kw>
<kw name="Sleep" owner="BuiltIn">
<msg time="2025-10-28T14:19:25.577443" level="INFO">Slept 1 second.</msg>
<arg>1s</arg>
<doc>Pauses the test executed for the given time.</doc>
<status status="PASS" start="2025-10-28T14:19:24.577339" elapsed="1.000104"/>
</kw>
<kw name="Wait For Elements State" owner="Browser">
<msg time="2025-10-28T14:19:25.588661" level="INFO">Waited for Element with selector main &gt; div.reservations-page at state visible</msg>
<arg>main &gt; div.reservations-page</arg>
<arg>visible</arg>
<arg>10</arg>
<tag>PageContent</tag>
<tag>Wait</tag>
<doc>Waits for the element found by ``selector`` to satisfy state option.</doc>
<status status="PASS" start="2025-10-28T14:19:25.577443" elapsed="0.011218"/>
</kw>
<status status="PASS" start="2025-10-28T14:19:24.516422" elapsed="1.073251"/>
</kw>
<kw name="Validar Estrutura do Card de Reserva" owner="reservation_page">
<kw name="Set Variable" owner="BuiltIn">
<msg time="2025-10-28T14:19:25.590672" level="INFO">${card_selector} = main &gt; div &gt; div &gt; div.reservations-list &gt; div</msg>
<var>${card_selector}</var>
<arg>main &gt; div &gt; div &gt; div.reservations-list &gt; div</arg>
<doc>Returns the given values which can then be assigned to a variables.</doc>
<status status="PASS" start="2025-10-28T14:19:25.590672" elapsed="0.000000"/>
</kw>
<kw name="Wait For Elements State" owner="Browser">
<msg time="2025-10-28T14:19:25.602184" level="INFO">Waited for Element with selector main &gt; div &gt; div &gt; div.reservations-list &gt; div at state visible</msg>
<arg>${card_selector}</arg>
<arg>visible</arg>
<arg>5s</arg>
<tag>PageContent</tag>
<tag>Wait</tag>
<doc>Waits for the element found by ``selector`` to satisfy state option.</doc>
<status status="PASS" start="2025-10-28T14:19:25.590672" elapsed="0.011512"/>
</kw>
<kw name="Get Element" owner="Browser">
<msg time="2025-10-28T14:19:25.618830" level="INFO">Locator found successfully.</msg>
<arg>main &gt; div &gt; div &gt; div.reservations-list &gt; div &gt; div.reservation-header</arg>
<tag>Getter</tag>
<tag>PageContent</tag>
<doc>Returns a reference to a Playwright [https://playwright.dev/docs/api/class-locator|Locator].</doc>
<status status="PASS" start="2025-10-28T14:19:25.603183" elapsed="0.016903"/>
</kw>
<kw name="Get Element" owner="Browser">
<msg time="2025-10-28T14:19:25.630206" level="INFO">Locator found successfully.</msg>
<arg>main &gt; div &gt; div &gt; div.reservations-list &gt; div &gt; div.movie-info</arg>
<tag>Getter</tag>
<tag>PageContent</tag>
<doc>Returns a reference to a Playwright [https://playwright.dev/docs/api/class-locator|Locator].</doc>
<status status="PASS" start="2025-10-28T14:19:25.620086" elapsed="0.010120"/>
</kw>
<kw name="Get Element" owner="Browser">
<msg time="2025-10-28T14:19:25.639725" level="INFO">Locator found successfully.</msg>
<arg>main &gt; div &gt; div &gt; div.reservations-list &gt; div &gt; div.reservation-footer</arg>
<tag>Getter</tag>
<tag>PageContent</tag>
<doc>Returns a reference to a Playwright [https://playwright.dev/docs/api/class-locator|Locator].</doc>
<status status="PASS" start="2025-10-28T14:19:25.631215" elapsed="0.008510"/>
</kw>
<kw name="Sleep" owner="BuiltIn">
<msg time="2025-10-28T14:19:26.639925" level="INFO">Slept 1 second.</msg>
<arg>1s</arg>
<doc>Pauses the test executed for the given time.</doc>
<status status="PASS" start="2025-10-28T14:19:25.639725" elapsed="1.000200"/>
</kw>
<status status="PASS" start="2025-10-28T14:19:25.589673" elapsed="1.050252"/>
</kw>
<kw name="Validar Elementos do Header da Reserva" owner="reservation_page">
<kw name="Set Variable" owner="BuiltIn">
<msg time="2025-10-28T14:19:26.641133" level="INFO">${card_selector} = main &gt; div &gt; div &gt; div.reservations-list &gt; div:nth-child(1)</msg>
<var>${card_selector}</var>
<arg>main &gt; div &gt; div &gt; div.reservations-list &gt; div:nth-child(${index})</arg>
<doc>Returns the given values which can then be assigned to a variables.</doc>
<status status="PASS" start="2025-10-28T14:19:26.641133" elapsed="0.000000"/>
</kw>
<kw name="Get Element" owner="Browser">
<msg time="2025-10-28T14:19:26.647894" level="INFO">Locator found successfully.</msg>
<arg>${card_selector} .reservation-header h3</arg>
<tag>Getter</tag>
<tag>PageContent</tag>
<doc>Returns a reference to a Playwright [https://playwright.dev/docs/api/class-locator|Locator].</doc>
<status status="PASS" start="2025-10-28T14:19:26.641133" elapsed="0.006761"/>
</kw>
<kw name="Get Element" owner="Browser">
<msg time="2025-10-28T14:19:26.653941" level="INFO">Locator found successfully.</msg>
<arg>${card_selector} .status-badge</arg>
<tag>Getter</tag>
<tag>PageContent</tag>
<doc>Returns a reference to a Playwright [https://playwright.dev/docs/api/class-locator|Locator].</doc>
<status status="PASS" start="2025-10-28T14:19:26.647894" elapsed="0.006047"/>
</kw>
<status status="PASS" start="2025-10-28T14:19:26.639925" elapsed="0.015036"/>
</kw>
<kw name="Validar Informações do Filme" owner="reservation_page">
<kw name="Set Variable" owner="BuiltIn">
<msg time="2025-10-28T14:19:26.655966" level="INFO">${card_selector} = main &gt; div &gt; div &gt; div.reservations-list &gt; div:nth-child(1)</msg>
<var>${card_selector}</var>
<arg>main &gt; div &gt; div &gt; div.reservations-list &gt; div:nth-child(${index})</arg>
<doc>Returns the given values which can then be assigned to a variables.</doc>
<status status="PASS" start="2025-10-28T14:19:26.654961" elapsed="0.001005"/>
</kw>
<kw name="Get Element" owner="Browser">
<msg time="2025-10-28T14:19:26.664714" level="INFO">Locator found successfully.</msg>
<arg>${card_selector} .movie-poster</arg>
<tag>Getter</tag>
<tag>PageContent</tag>
<doc>Returns a reference to a Playwright [https://playwright.dev/docs/api/class-locator|Locator].</doc>
<status status="PASS" start="2025-10-28T14:19:26.655966" elapsed="0.008748"/>
</kw>
<kw name="Get Element" owner="Browser">
<msg time="2025-10-28T14:19:26.674965" level="INFO">Locator found successfully.</msg>
<arg>${card_selector} h4</arg>
<tag>Getter</tag>
<tag>PageContent</tag>
<doc>Returns a reference to a Playwright [https://playwright.dev/docs/api/class-locator|Locator].</doc>
<status status="PASS" start="2025-10-28T14:19:26.664714" elapsed="0.010251"/>
</kw>
<kw name="Get Element" owner="Browser">
<msg time="2025-10-28T14:19:26.813748" level="INFO" html="true">&lt;/td&gt;&lt;/tr&gt;&lt;tr&gt;&lt;td colspan="3"&gt;&lt;a href="browser/screenshot/fail-screenshot-1.png" target="_blank"&gt;&lt;img src="browser/screenshot/fail-screenshot-1.png" width="800px"/&gt;&lt;/a&gt;</msg>
<msg time="2025-10-28T14:19:26.813748" level="INFO">See also file:///C:/Users/raphael/Documents/GitHub/learn/Compass/cinema/test-ciname-challenge/results/playwright-log.txt for additional details.</msg>
<msg time="2025-10-28T14:19:26.814732" level="FAIL">Error: locator.waitFor: Error: strict mode violation: locator('main &gt; div &gt; div &gt; div.reservations-list &gt; div:nth-child(1) &gt; div.movie-info &gt; div &gt; div') resolved to 4 elements:
    1) &lt;div class="detail-item"&gt;…&lt;/div&gt; aka locator('div').filter({ hasText: /^21 de outubro de 2025$/ })
    2) &lt;div class="detail-item"&gt;…&lt;/div&gt; aka locator('div').filter({ hasText: /^12:00$/ })
    3) &lt;div class="detail-item"&gt;…&lt;/div&gt; aka locator('div').filter({ hasText: /^Theater 1$/ })
    4) &lt;div class="detail-item"&gt;…&lt;/div&gt; aka locator('div').filter({ hasText: /^C8$/ })

Call log:
  - waiting for locator('main &gt; div &gt; div &gt; div.reservations-list &gt; div:nth-child(1) &gt; div.movie-info &gt; div &gt; div')
</msg>
<arg>${card_selector} &gt; div.movie-info &gt; div &gt; div</arg>
<tag>Getter</tag>
<tag>PageContent</tag>
<doc>Returns a reference to a Playwright [https://playwright.dev/docs/api/class-locator|Locator].</doc>
<status status="FAIL" start="2025-10-28T14:19:26.674965" elapsed="0.141774">Error: locator.waitFor: Error: strict mode violation: locator('main &gt; div &gt; div &gt; div.reservations-list &gt; div:nth-child(1) &gt; div.movie-info &gt; div &gt; div') resolved to 4 elements:
    1) &lt;div class="detail-item"&gt;…&lt;/div&gt; aka locator('div').filter({ hasText: /^21 de outubro de 2025$/ })
    2) &lt;div class="detail-item"&gt;…&lt;/div&gt; aka locator('div').filter({ hasText: /^12:00$/ })
    3) &lt;div class="detail-item"&gt;…&lt;/div&gt; aka locator('div').filter({ hasText: /^Theater 1$/ })
    4) &lt;div class="detail-item"&gt;…&lt;/div&gt; aka locator('div').filter({ hasText: /^C8$/ })

Call log:
  - waiting for locator('main &gt; div &gt; div &gt; div.reservations-list &gt; div:nth-child(1) &gt; div.movie-info &gt; div &gt; div')
</status>
</kw>
<status status="FAIL" start="2025-10-28T14:19:26.654961" elapsed="0.162770">Error: locator.waitFor: Error: strict mode violation: locator('main &gt; div &gt; div &gt; div.reservations-list &gt; div:nth-child(1) &gt; div.movie-info &gt; div &gt; div') resolved to 4 elements:
    1) &lt;div class="detail-item"&gt;…&lt;/div&gt; aka locator('div').filter({ hasText: /^21 de outubro de 2025$/ })
    2) &lt;div class="detail-item"&gt;…&lt;/div&gt; aka locator('div').filter({ hasText: /^12:00$/ })
    3) &lt;div class="detail-item"&gt;…&lt;/div&gt; aka locator('div').filter({ hasText: /^Theater 1$/ })
    4) &lt;div class="detail-item"&gt;…&lt;/div&gt; aka locator('div').filter({ hasText: /^C8$/ })

Call log:
  - waiting for locator('main &gt; div &gt; div &gt; div.reservations-list &gt; div:nth-child(1) &gt; div.movie-info &gt; div &gt; div')
</status>
</kw>
<kw name="Validar Detalhes da Sessão" owner="reservation_page">
<status status="NOT RUN" start="2025-10-28T14:19:26.817731" elapsed="0.000000"/>
</kw>
<kw name="Validar Footer da Reserva" owner="reservation_page">
<status status="NOT RUN" start="2025-10-28T14:19:26.818742" elapsed="0.000000"/>
</kw>
<msg time="2025-10-28T14:19:26.830589" level="INFO">Switching context to context=5eadc18e-2dae-4e84-a406-87af1495577d in CURRENT</msg>
<msg time="2025-10-28T14:19:26.847169" level="INFO">Successfully changed active context: context=5eadc18e-2dae-4e84-a406-87af1495577d</msg>
<msg time="2025-10-28T14:19:26.887207" level="INFO">Successfully closed Context</msg>
<doc>Deve validar a estrutura completa de um card de reserva</doc>
<tag>reservations</tag>
<tag>structure</tag>
<status status="FAIL" start="2025-10-28T14:19:20.117285" elapsed="6.701782">Error: locator.waitFor: Error: strict mode violation: locator('main &gt; div &gt; div &gt; div.reservations-list &gt; div:nth-child(1) &gt; div.movie-info &gt; div &gt; div') resolved to 4 elements:
    1) &lt;div class="detail-item"&gt;…&lt;/div&gt; aka locator('div').filter({ hasText: /^21 de outubro de 2025$/ })
    2) &lt;div class="detail-item"&gt;…&lt;/div&gt; aka locator('div').filter({ hasText: /^12:00$/ })
    3) &lt;div class="detail-item"&gt;…&lt;/div&gt; aka locator('div').filter({ hasText: /^Theater 1$/ })
    4) &lt;div class="detail-item"&gt;…&lt;/div&gt; aka locator('div').filter({ hasText: /^C8$/ })

Call log:
  - waiting for locator('main &gt; div &gt; div &gt; div.reservations-list &gt; div:nth-child(1) &gt; div.movie-info &gt; div &gt; div')
</status>
</test>
<test id="s1-s1-t2" name="TC052 - Validar Conteúdo da Reserva do Avengers" line="37">
<kw name="Configurar Teste" owner="login_form">
<kw name="New Browser" owner="Browser">
<msg time="2025-10-28T14:19:26.894873" level="INFO">Switching browser to browser=23816d85-dd38-4036-bbe5-c63e0d2b271b</msg>
<msg time="2025-10-28T14:19:26.900060" level="INFO">Successfully changed active browser: browser=23816d85-dd38-4036-bbe5-c63e0d2b271b</msg>
<msg time="2025-10-28T14:19:26.900060" level="INFO">Reusing existing browser with id: browser=23816d85-dd38-4036-bbe5-c63e0d2b271b</msg>
<arg>chromium</arg>
<arg>headless=False</arg>
<tag>BrowserControl</tag>
<tag>Setter</tag>
<doc>Create a new playwright Browser with specified options.</doc>
<status status="PASS" start="2025-10-28T14:19:26.894873" elapsed="0.005187"/>
</kw>
<kw name="New Context" owner="Browser">
<msg time="2025-10-28T14:19:26.906069" level="INFO">{
  "acceptDownloads": true,
  "bypassCSP": false,
  "forcedColors": "none",
  "ignoreHTTPSErrors": false,
  "javaScriptEnabled": true,
  "offline": false,
  "reducedMotion": "no-preference",
  "serviceWorkers": "allow",
  "viewport": {
    "width": 1920,
    "height": 1080
  }
}</msg>
<msg time="2025-10-28T14:19:26.923324" level="INFO">Successfully created context. </msg>
<msg time="2025-10-28T14:19:26.923324" level="INFO">{'acceptDownloads': True, 'bypassCSP': False, 'forcedColors': 'none', 'ignoreHTTPSErrors': False, 'javaScriptEnabled': True, 'offline': False, 'reducedMotion': 'no-preference', 'serviceWorkers': 'allow', 'viewport': {'width': 1920, 'height': 1080}}</msg>
<arg>viewport={'width': 1920, 'height': 1080}</arg>
<tag>BrowserControl</tag>
<tag>Setter</tag>
<doc>Create a new BrowserContext with specified options.</doc>
<status status="PASS" start="2025-10-28T14:19:26.900060" elapsed="0.023264"/>
</kw>
<status status="PASS" start="2025-10-28T14:19:26.894873" elapsed="0.028451"/>
</kw>
<kw name="Abrir Página de Login" owner="login_form">
<kw name="New Page" owner="Browser">
<msg time="2025-10-28T14:19:27.421418" level="INFO">Successfully initialized new page object and opened url: http://localhost:3002/login</msg>
<arg>http://localhost:3002/login</arg>
<tag>BrowserControl</tag>
<tag>Setter</tag>
<doc>Open a new Page.</doc>
<status status="PASS" start="2025-10-28T14:19:26.924327" elapsed="0.497091"/>
</kw>
<kw name="Wait For Elements State" owner="Browser">
<msg time="2025-10-28T14:19:27.519085" level="INFO">Waited for Element with selector css=.login-form at state visible</msg>
<arg>css=.login-form</arg>
<arg>visible</arg>
<arg>timeout=10s</arg>
<tag>PageContent</tag>
<tag>Wait</tag>
<doc>Waits for the element found by ``selector`` to satisfy state option.</doc>
<status status="PASS" start="2025-10-28T14:19:27.421418" elapsed="0.097667"/>
</kw>
<status status="PASS" start="2025-10-28T14:19:26.924327" elapsed="0.595854"/>
</kw>
<kw name="Preencher Formulário de Login" owner="login_form">
<kw name="Fill Text" owner="Browser">
<msg time="2025-10-28T14:19:27.521506" level="INFO">Fills the text 'raphaelrates.dev@gmail.com' in the given field.</msg>
<arg>css=#email</arg>
<arg>${email}</arg>
<tag>PageContent</tag>
<tag>Setter</tag>
<doc>Clears and fills the given ``txt`` into the text field found by ``selector``.</doc>
<status status="PASS" start="2025-10-28T14:19:27.521506" elapsed="0.029474"/>
</kw>
<kw name="Fill Text" owner="Browser">
<msg time="2025-10-28T14:19:27.554126" level="INFO">Fills the text '12345678' in the given field.</msg>
<arg>css=#password</arg>
<arg>${senha}</arg>
<tag>PageContent</tag>
<tag>Setter</tag>
<doc>Clears and fills the given ``txt`` into the text field found by ``selector``.</doc>
<status status="PASS" start="2025-10-28T14:19:27.550980" elapsed="0.028079"/>
</kw>
<kw name="Click" owner="Browser">
<msg time="2025-10-28T14:19:27.579570" level="INFO">Clicks the element 'css=main &gt; div &gt; div &gt; form &gt; button'.</msg>
<arg>css=main &gt; div &gt; div &gt; form &gt; button</arg>
<tag>PageContent</tag>
<tag>Setter</tag>
<doc>Simulates mouse click on the element found by ``selector``.</doc>
<status status="PASS" start="2025-10-28T14:19:27.579570" elapsed="0.049511"/>
</kw>
<kw name="Sleep" owner="BuiltIn">
<msg time="2025-10-28T14:19:29.629292" level="INFO">Slept 2 seconds.</msg>
<arg>2s</arg>
<doc>Pauses the test executed for the given time.</doc>
<status status="PASS" start="2025-10-28T14:19:27.629081" elapsed="2.000211"/>
</kw>
<arg>raphaelrates.dev@gmail.com</arg>
<arg>12345678</arg>
<status status="PASS" start="2025-10-28T14:19:27.520181" elapsed="2.109111"/>
</kw>
<kw name="Acessar Página de Reservas" owner="reservation_page">
<kw name="Click" owner="Browser">
<msg time="2025-10-28T14:19:29.630643" level="INFO">Clicks the element 'header &gt; div &gt; nav &gt; ul &gt; li:nth-child(3) &gt; a'.</msg>
<arg>header &gt; div &gt; nav &gt; ul &gt; li:nth-child(3) &gt; a</arg>
<tag>PageContent</tag>
<tag>Setter</tag>
<doc>Simulates mouse click on the element found by ``selector``.</doc>
<status status="PASS" start="2025-10-28T14:19:29.630643" elapsed="0.040625"/>
</kw>
<kw name="Sleep" owner="BuiltIn">
<msg time="2025-10-28T14:19:30.672372" level="INFO">Slept 1 second.</msg>
<arg>1s</arg>
<doc>Pauses the test executed for the given time.</doc>
<status status="PASS" start="2025-10-28T14:19:29.671268" elapsed="1.001104"/>
</kw>
<kw name="Wait For Elements State" owner="Browser">
<msg time="2025-10-28T14:19:30.678890" level="INFO">Waited for Element with selector main &gt; div.reservations-page at state visible</msg>
<arg>main &gt; div.reservations-page</arg>
<arg>visible</arg>
<arg>10</arg>
<tag>PageContent</tag>
<tag>Wait</tag>
<doc>Waits for the element found by ``selector`` to satisfy state option.</doc>
<status status="PASS" start="2025-10-28T14:19:30.672372" elapsed="0.007529"/>
</kw>
<status status="PASS" start="2025-10-28T14:19:29.630312" elapsed="1.049589"/>
</kw>
<kw name="Validar Reserva Específica do Avengers" owner="reservation_page">
<kw name="Validar Nome do Filme" owner="reservation_page">
<kw name="Get Text" owner="Browser">
<msg time="2025-10-28T14:19:30.708965" level="INFO">Text: 'The Avengers'</msg>
<arg>main &gt; div &gt; div &gt; div.reservations-list &gt; div &gt; div.movie-info &gt; div &gt; h4</arg>
<arg>==</arg>
<arg>${filme_esperado}</arg>
<tag>Assertion</tag>
<tag>Getter</tag>
<tag>PageContent</tag>
<doc>Returns text attribute of the element found by ``selector``.</doc>
<status status="PASS" start="2025-10-28T14:19:30.680410" elapsed="0.028555"/>
</kw>
<arg>The Avengers</arg>
<status status="PASS" start="2025-10-28T14:19:30.680410" elapsed="0.032780"/>
</kw>
<kw name="Validar Data da Sessão" owner="reservation_page">
<kw name="Get Text" owner="Browser">
<msg time="2025-10-28T14:19:30.729248" level="INFO">Text: '21 de outubro de 2025'</msg>
<arg>main &gt; div &gt; div &gt; div.reservations-list &gt; div &gt; div.movie-info &gt; div &gt; div:nth-child(2) &gt; span</arg>
<arg>==</arg>
<arg>${data_esperada}</arg>
<tag>Assertion</tag>
<tag>Getter</tag>
<tag>PageContent</tag>
<doc>Returns text attribute of the element found by ``selector``.</doc>
<status status="PASS" start="2025-10-28T14:19:30.714200" elapsed="0.015048"/>
</kw>
<arg>21 de outubro de 2025</arg>
<status status="PASS" start="2025-10-28T14:19:30.713190" elapsed="0.016058"/>
</kw>
<kw name="Validar Horário da Sessão" owner="reservation_page">
<kw name="Set Variable" owner="BuiltIn">
<msg time="2025-10-28T14:19:30.733016" level="FAIL">Variable '${index}' not found.</msg>
<var>${card_selector}</var>
<arg>main &gt; div &gt; div &gt; div.reservations-list &gt; div:nth-child(${index})</arg>
<doc>Returns the given values which can then be assigned to a variables.</doc>
<status status="FAIL" start="2025-10-28T14:19:30.731009" elapsed="0.002007">Variable '${index}' not found.</status>
</kw>
<kw name="Get Text" owner="Browser">
<arg>main &gt; div &gt; div &gt; div.reservations-list &gt; div &gt; div.movie-info &gt; div &gt; div:nth-child(3) &gt; span</arg>
<arg>==</arg>
<arg>${horario_esperado}</arg>
<tag>Assertion</tag>
<tag>Getter</tag>
<tag>PageContent</tag>
<doc>Returns text attribute of the element found by ``selector``.</doc>
<status status="NOT RUN" start="2025-10-28T14:19:30.733016" elapsed="0.000000"/>
</kw>
<arg>12:00</arg>
<status status="FAIL" start="2025-10-28T14:19:30.729248" elapsed="0.003768">Variable '${index}' not found.</status>
</kw>
<kw name="Validar Teatro da Sessão" owner="reservation_page">
<arg>${index}</arg>
<arg>Theater 1</arg>
<status status="NOT RUN" start="2025-10-28T14:19:30.733016" elapsed="0.000000"/>
</kw>
<kw name="Validar Assento da Reserva" owner="reservation_page">
<arg>${index}</arg>
<arg>C8</arg>
<status status="NOT RUN" start="2025-10-28T14:19:30.733016" elapsed="0.000000"/>
</kw>
<kw name="Validar Preço da Reserva" owner="reservation_page">
<arg>${index}</arg>
<arg>R$ 15.00</arg>
<status status="NOT RUN" start="2025-10-28T14:19:30.734019" elapsed="0.000000"/>
</kw>
<kw name="Validar Forma de Pagamento" owner="reservation_page">
<arg>${index}</arg>
<arg>Cartão de Crédito</arg>
<status status="NOT RUN" start="2025-10-28T14:19:30.734019" elapsed="0.000000"/>
</kw>
<kw name="Validar Status da Reserva" owner="reservation_page">
<arg>${index}</arg>
<arg>Confirmada</arg>
<status status="NOT RUN" start="2025-10-28T14:19:30.734019" elapsed="0.000000"/>
</kw>
<status status="FAIL" start="2025-10-28T14:19:30.680410" elapsed="0.053609">Variable '${index}' not found.</status>
</kw>
<msg time="2025-10-28T14:19:30.746894" level="INFO">Switching context to context=d6ef5e44-80dd-4571-a115-ba5d336f04bd in CURRENT</msg>
<msg time="2025-10-28T14:19:30.753012" level="INFO">Successfully changed active context: context=d6ef5e44-80dd-4571-a115-ba5d336f04bd</msg>
<msg time="2025-10-28T14:19:30.790559" level="INFO">Successfully closed Context</msg>
<doc>Deve validar todas as informações da reserva do filme The Avengers</doc>
<tag>avengers</tag>
<tag>content</tag>
<tag>reservations</tag>
<status status="FAIL" start="2025-10-28T14:19:26.889435" elapsed="3.845312">Variable '${index}' not found.</status>
</test>
<test id="s1-s1-t3" name="TC053 - Verificar Ícones dos Detalhes" line="46">
<kw name="Configurar Teste" owner="login_form">
<kw name="New Browser" owner="Browser">
<msg time="2025-10-28T14:19:30.801086" level="INFO">Switching browser to browser=23816d85-dd38-4036-bbe5-c63e0d2b271b</msg>
<msg time="2025-10-28T14:19:30.804087" level="INFO">Successfully changed active browser: browser=23816d85-dd38-4036-bbe5-c63e0d2b271b</msg>
<msg time="2025-10-28T14:19:30.804087" level="INFO">Reusing existing browser with id: browser=23816d85-dd38-4036-bbe5-c63e0d2b271b</msg>
<arg>chromium</arg>
<arg>headless=False</arg>
<tag>BrowserControl</tag>
<tag>Setter</tag>
<doc>Create a new playwright Browser with specified options.</doc>
<status status="PASS" start="2025-10-28T14:19:30.801086" elapsed="0.003001"/>
</kw>
<kw name="New Context" owner="Browser">
<msg time="2025-10-28T14:19:30.809097" level="INFO">{
  "acceptDownloads": true,
  "bypassCSP": false,
  "forcedColors": "none",
  "ignoreHTTPSErrors": false,
  "javaScriptEnabled": true,
  "offline": false,
  "reducedMotion": "no-preference",
  "serviceWorkers": "allow",
  "viewport": {
    "width": 1920,
    "height": 1080
  }
}</msg>
<msg time="2025-10-28T14:19:30.827252" level="INFO">Successfully created context. </msg>
<msg time="2025-10-28T14:19:30.827252" level="INFO">{'acceptDownloads': True, 'bypassCSP': False, 'forcedColors': 'none', 'ignoreHTTPSErrors': False, 'javaScriptEnabled': True, 'offline': False, 'reducedMotion': 'no-preference', 'serviceWorkers': 'allow', 'viewport': {'width': 1920, 'height': 1080}}</msg>
<arg>viewport={'width': 1920, 'height': 1080}</arg>
<tag>BrowserControl</tag>
<tag>Setter</tag>
<doc>Create a new BrowserContext with specified options.</doc>
<status status="PASS" start="2025-10-28T14:19:30.805088" elapsed="0.022164"/>
</kw>
<status status="PASS" start="2025-10-28T14:19:30.800089" elapsed="0.027163"/>
</kw>
<kw name="Abrir Página de Login" owner="login_form">
<kw name="New Page" owner="Browser">
<msg time="2025-10-28T14:19:31.369011" level="INFO">Successfully initialized new page object and opened url: http://localhost:3002/login</msg>
<arg>http://localhost:3002/login</arg>
<tag>BrowserControl</tag>
<tag>Setter</tag>
<doc>Open a new Page.</doc>
<status status="PASS" start="2025-10-28T14:19:30.828762" elapsed="0.540249"/>
</kw>
<kw name="Wait For Elements State" owner="Browser">
<msg time="2025-10-28T14:19:31.476470" level="INFO">Waited for Element with selector css=.login-form at state visible</msg>
<arg>css=.login-form</arg>
<arg>visible</arg>
<arg>timeout=10s</arg>
<tag>PageContent</tag>
<tag>Wait</tag>
<doc>Waits for the element found by ``selector`` to satisfy state option.</doc>
<status status="PASS" start="2025-10-28T14:19:31.369011" elapsed="0.107459"/>
</kw>
<status status="PASS" start="2025-10-28T14:19:30.828762" elapsed="0.647708"/>
</kw>
<kw name="Preencher Formulário de Login" owner="login_form">
<kw name="Fill Text" owner="Browser">
<msg time="2025-10-28T14:19:31.480480" level="INFO">Fills the text 'raphaelrates.dev@gmail.com' in the given field.</msg>
<arg>css=#email</arg>
<arg>${email}</arg>
<tag>PageContent</tag>
<tag>Setter</tag>
<doc>Clears and fills the given ``txt`` into the text field found by ``selector``.</doc>
<status status="PASS" start="2025-10-28T14:19:31.478953" elapsed="0.033813"/>
</kw>
<kw name="Fill Text" owner="Browser">
<msg time="2025-10-28T14:19:31.513763" level="INFO">Fills the text '12345678' in the given field.</msg>
<arg>css=#password</arg>
<arg>${senha}</arg>
<tag>PageContent</tag>
<tag>Setter</tag>
<doc>Clears and fills the given ``txt`` into the text field found by ``selector``.</doc>
<status status="PASS" start="2025-10-28T14:19:31.512766" elapsed="0.018763"/>
</kw>
<kw name="Click" owner="Browser">
<msg time="2025-10-28T14:19:31.532537" level="INFO">Clicks the element 'css=main &gt; div &gt; div &gt; form &gt; button'.</msg>
<arg>css=main &gt; div &gt; div &gt; form &gt; button</arg>
<tag>PageContent</tag>
<tag>Setter</tag>
<doc>Simulates mouse click on the element found by ``selector``.</doc>
<status status="PASS" start="2025-10-28T14:19:31.531529" elapsed="0.072935"/>
</kw>
<kw name="Sleep" owner="BuiltIn">
<msg time="2025-10-28T14:19:33.604593" level="INFO">Slept 2 seconds.</msg>
<arg>2s</arg>
<doc>Pauses the test executed for the given time.</doc>
<status status="PASS" start="2025-10-28T14:19:31.604464" elapsed="2.000129"/>
</kw>
<arg>raphaelrates.dev@gmail.com</arg>
<arg>12345678</arg>
<status status="PASS" start="2025-10-28T14:19:31.477367" elapsed="2.127226"/>
</kw>
<kw name="Acessar Página de Reservas" owner="reservation_page">
<kw name="Click" owner="Browser">
<msg time="2025-10-28T14:19:33.605602" level="INFO">Clicks the element 'header &gt; div &gt; nav &gt; ul &gt; li:nth-child(3) &gt; a'.</msg>
<arg>header &gt; div &gt; nav &gt; ul &gt; li:nth-child(3) &gt; a</arg>
<tag>PageContent</tag>
<tag>Setter</tag>
<doc>Simulates mouse click on the element found by ``selector``.</doc>
<status status="PASS" start="2025-10-28T14:19:33.605602" elapsed="0.035707"/>
</kw>
<kw name="Sleep" owner="BuiltIn">
<msg time="2025-10-28T14:19:34.642658" level="INFO">Slept 1 second.</msg>
<arg>1s</arg>
<doc>Pauses the test executed for the given time.</doc>
<status status="PASS" start="2025-10-28T14:19:33.641309" elapsed="1.001349"/>
</kw>
<kw name="Wait For Elements State" owner="Browser">
<msg time="2025-10-28T14:19:34.649764" level="INFO">Waited for Element with selector main &gt; div.reservations-page at state visible</msg>
<arg>main &gt; div.reservations-page</arg>
<arg>visible</arg>
<arg>10</arg>
<tag>PageContent</tag>
<tag>Wait</tag>
<doc>Waits for the element found by ``selector`` to satisfy state option.</doc>
<status status="PASS" start="2025-10-28T14:19:34.642658" elapsed="0.007106"/>
</kw>
<status status="PASS" start="2025-10-28T14:19:33.604593" elapsed="1.045171"/>
</kw>
<kw name="Validar Ícones dos Detalhes" owner="reservation_page">
<kw name="Set Variable" owner="BuiltIn">
<msg time="2025-10-28T14:19:34.651541" level="INFO">${card_selector} = main &gt; div &gt; div &gt; div.reservations-list &gt; div:nth-child(1)</msg>
<var>${card_selector}</var>
<arg>main &gt; div &gt; div &gt; div.reservations-list &gt; div:nth-child(${index})</arg>
<doc>Returns the given values which can then be assigned to a variables.</doc>
<status status="PASS" start="2025-10-28T14:19:34.651541" elapsed="0.000000"/>
</kw>
<kw name="Get Element Count" owner="Browser">
<msg time="2025-10-28T14:19:34.657773" level="INFO">${icon_count} = 4</msg>
<var>${icon_count}</var>
<arg>${card_selector} &gt; div.movie-info &gt; div &gt; div &gt; svg</arg>
<tag>Assertion</tag>
<tag>Getter</tag>
<tag>PageContent</tag>
<doc>Returns the count of elements found with ``selector``.</doc>
<status status="PASS" start="2025-10-28T14:19:34.651541" elapsed="0.006232"/>
</kw>
<kw name="Should Be Equal As Numbers" owner="BuiltIn">
<msg time="2025-10-28T14:19:34.658559" level="INFO">Argument types are:
&lt;class 'int'&gt;
&lt;class 'str'&gt;</msg>
<arg>${icon_count}</arg>
<arg>4</arg>
<doc>Fails if objects are unequal after converting them to real numbers.</doc>
<status status="PASS" start="2025-10-28T14:19:34.658141" elapsed="0.000924"/>
</kw>
<arg>1</arg>
<status status="PASS" start="2025-10-28T14:19:34.650764" elapsed="0.008301"/>
</kw>
<msg time="2025-10-28T14:19:34.677121" level="INFO">Switching context to context=1552386e-b26a-41cb-872f-bf66430afb83 in CURRENT</msg>
<msg time="2025-10-28T14:19:34.687152" level="INFO">Successfully changed active context: context=1552386e-b26a-41cb-872f-bf66430afb83</msg>
<msg time="2025-10-28T14:19:34.727232" level="INFO">Successfully closed Context</msg>
<doc>Deve validar que todos os ícones dos detalhes estão presentes</doc>
<tag>icons</tag>
<tag>reservations</tag>
<status status="PASS" start="2025-10-28T14:19:30.794569" elapsed="3.864496"/>
</test>
<test id="s1-s1-t4" name="TC054 - Validar Status da Reserva" line="55">
<kw name="Configurar Teste" owner="login_form">
<kw name="New Browser" owner="Browser">
<msg time="2025-10-28T14:19:34.734421" level="INFO">Switching browser to browser=23816d85-dd38-4036-bbe5-c63e0d2b271b</msg>
<msg time="2025-10-28T14:19:34.738656" level="INFO">Successfully changed active browser: browser=23816d85-dd38-4036-bbe5-c63e0d2b271b</msg>
<msg time="2025-10-28T14:19:34.738656" level="INFO">Reusing existing browser with id: browser=23816d85-dd38-4036-bbe5-c63e0d2b271b</msg>
<arg>chromium</arg>
<arg>headless=False</arg>
<tag>BrowserControl</tag>
<tag>Setter</tag>
<doc>Create a new playwright Browser with specified options.</doc>
<status status="PASS" start="2025-10-28T14:19:34.734421" elapsed="0.004235"/>
</kw>
<kw name="New Context" owner="Browser">
<msg time="2025-10-28T14:19:34.744729" level="INFO">{
  "acceptDownloads": true,
  "bypassCSP": false,
  "forcedColors": "none",
  "ignoreHTTPSErrors": false,
  "javaScriptEnabled": true,
  "offline": false,
  "reducedMotion": "no-preference",
  "serviceWorkers": "allow",
  "viewport": {
    "width": 1920,
    "height": 1080
  }
}</msg>
<msg time="2025-10-28T14:19:34.760810" level="INFO">Successfully created context. </msg>
<msg time="2025-10-28T14:19:34.760810" level="INFO">{'acceptDownloads': True, 'bypassCSP': False, 'forcedColors': 'none', 'ignoreHTTPSErrors': False, 'javaScriptEnabled': True, 'offline': False, 'reducedMotion': 'no-preference', 'serviceWorkers': 'allow', 'viewport': {'width': 1920, 'height': 1080}}</msg>
<arg>viewport={'width': 1920, 'height': 1080}</arg>
<tag>BrowserControl</tag>
<tag>Setter</tag>
<doc>Create a new BrowserContext with specified options.</doc>
<status status="PASS" start="2025-10-28T14:19:34.738656" elapsed="0.022154"/>
</kw>
<status status="PASS" start="2025-10-28T14:19:34.730644" elapsed="0.030166"/>
</kw>
<kw name="Abrir Página de Login" owner="login_form">
<kw name="New Page" owner="Browser">
<msg time="2025-10-28T14:19:35.237316" level="INFO">Successfully initialized new page object and opened url: http://localhost:3002/login</msg>
<arg>http://localhost:3002/login</arg>
<tag>BrowserControl</tag>
<tag>Setter</tag>
<doc>Open a new Page.</doc>
<status status="PASS" start="2025-10-28T14:19:34.762820" elapsed="0.474496"/>
</kw>
<kw name="Wait For Elements State" owner="Browser">
<msg time="2025-10-28T14:19:35.328998" level="INFO">Waited for Element with selector css=.login-form at state visible</msg>
<arg>css=.login-form</arg>
<arg>visible</arg>
<arg>timeout=10s</arg>
<tag>PageContent</tag>
<tag>Wait</tag>
<doc>Waits for the element found by ``selector`` to satisfy state option.</doc>
<status status="PASS" start="2025-10-28T14:19:35.237316" elapsed="0.091682"/>
</kw>
<status status="PASS" start="2025-10-28T14:19:34.760810" elapsed="0.568188"/>
</kw>
<kw name="Preencher Formulário de Login" owner="login_form">
<kw name="Fill Text" owner="Browser">
<msg time="2025-10-28T14:19:35.333143" level="INFO">Fills the text 'raphaelrates.dev@gmail.com' in the given field.</msg>
<arg>css=#email</arg>
<arg>${email}</arg>
<tag>PageContent</tag>
<tag>Setter</tag>
<doc>Clears and fills the given ``txt`` into the text field found by ``selector``.</doc>
<status status="PASS" start="2025-10-28T14:19:35.333143" elapsed="0.018601"/>
</kw>
<kw name="Fill Text" owner="Browser">
<msg time="2025-10-28T14:19:35.353745" level="INFO">Fills the text '12345678' in the given field.</msg>
<arg>css=#password</arg>
<arg>${senha}</arg>
<tag>PageContent</tag>
<tag>Setter</tag>
<doc>Clears and fills the given ``txt`` into the text field found by ``selector``.</doc>
<status status="PASS" start="2025-10-28T14:19:35.352745" elapsed="0.019006"/>
</kw>
<kw name="Click" owner="Browser">
<msg time="2025-10-28T14:19:35.372756" level="INFO">Clicks the element 'css=main &gt; div &gt; div &gt; form &gt; button'.</msg>
<arg>css=main &gt; div &gt; div &gt; form &gt; button</arg>
<tag>PageContent</tag>
<tag>Setter</tag>
<doc>Simulates mouse click on the element found by ``selector``.</doc>
<status status="PASS" start="2025-10-28T14:19:35.371751" elapsed="0.055098"/>
</kw>
<kw name="Sleep" owner="BuiltIn">
<msg time="2025-10-28T14:19:37.428009" level="INFO">Slept 2 seconds.</msg>
<arg>2s</arg>
<doc>Pauses the test executed for the given time.</doc>
<status status="PASS" start="2025-10-28T14:19:35.426849" elapsed="2.001160"/>
</kw>
<arg>raphaelrates.dev@gmail.com</arg>
<arg>12345678</arg>
<status status="PASS" start="2025-10-28T14:19:35.333143" elapsed="2.094866"/>
</kw>
<kw name="Acessar Página de Reservas" owner="reservation_page">
<kw name="Click" owner="Browser">
<msg time="2025-10-28T14:19:37.429411" level="INFO">Clicks the element 'header &gt; div &gt; nav &gt; ul &gt; li:nth-child(3) &gt; a'.</msg>
<arg>header &gt; div &gt; nav &gt; ul &gt; li:nth-child(3) &gt; a</arg>
<tag>PageContent</tag>
<tag>Setter</tag>
<doc>Simulates mouse click on the element found by ``selector``.</doc>
<status status="PASS" start="2025-10-28T14:19:37.429411" elapsed="0.035832"/>
</kw>
<kw name="Sleep" owner="BuiltIn">
<msg time="2025-10-28T14:19:38.466755" level="INFO">Slept 1 second.</msg>
<arg>1s</arg>
<doc>Pauses the test executed for the given time.</doc>
<status status="PASS" start="2025-10-28T14:19:37.466249" elapsed="1.000506"/>
</kw>
<kw name="Wait For Elements State" owner="Browser">
<msg time="2025-10-28T14:19:38.473273" level="INFO">Waited for Element with selector main &gt; div.reservations-page at state visible</msg>
<arg>main &gt; div.reservations-page</arg>
<arg>visible</arg>
<arg>10</arg>
<tag>PageContent</tag>
<tag>Wait</tag>
<doc>Waits for the element found by ``selector`` to satisfy state option.</doc>
<status status="PASS" start="2025-10-28T14:19:38.466755" elapsed="0.007517"/>
</kw>
<status status="PASS" start="2025-10-28T14:19:37.428928" elapsed="1.045344"/>
</kw>
<kw name="Validar Status da Reserva" owner="reservation_page">
<kw name="Set Variable" owner="BuiltIn">
<msg time="2025-10-28T14:19:38.475272" level="INFO">${card_selector} = main &gt; div &gt; div &gt; div.reservations-list &gt; div:nth-child(1)</msg>
<var>${card_selector}</var>
<arg>main &gt; div &gt; div &gt; div.reservations-list &gt; div:nth-child(${index})</arg>
<doc>Returns the given values which can then be assigned to a variables.</doc>
<status status="PASS" start="2025-10-28T14:19:38.475272" elapsed="0.000000"/>
</kw>
<kw name="Get Text" owner="Browser">
<msg time="2025-10-28T14:19:38.511901" level="INFO">Text: 'CONFIRMADA'</msg>
<arg>${card_selector} .status-badge</arg>
<arg>==</arg>
<arg>${status_esperado}</arg>
<tag>Assertion</tag>
<tag>Getter</tag>
<tag>PageContent</tag>
<doc>Returns text attribute of the element found by ``selector``.</doc>
<status status="PASS" start="2025-10-28T14:19:38.475272" elapsed="0.036629"/>
</kw>
<arg>1</arg>
<arg>CONFIRMADA</arg>
<status status="PASS" start="2025-10-28T14:19:38.474272" elapsed="0.038631"/>
</kw>
<msg time="2025-10-28T14:19:38.524970" level="INFO">Switching context to context=8db56e96-33e7-4e32-bce1-3a8c05ba65c6 in CURRENT</msg>
<msg time="2025-10-28T14:19:38.535582" level="INFO">Successfully changed active context: context=8db56e96-33e7-4e32-bce1-3a8c05ba65c6</msg>
<msg time="2025-10-28T14:19:38.579070" level="INFO">Successfully closed Context</msg>
<doc>Deve verificar se o status da reserva está correto</doc>
<tag>reservations</tag>
<tag>status</tag>
<status status="PASS" start="2025-10-28T14:19:34.728696" elapsed="3.784207"/>
</test>
<test id="s1-s1-t5" name="TC055 - Verificar Informações de Pagamento" line="64">
<kw name="Configurar Teste" owner="login_form">
<kw name="New Browser" owner="Browser">
<msg time="2025-10-28T14:19:38.589031" level="INFO">Switching browser to browser=23816d85-dd38-4036-bbe5-c63e0d2b271b</msg>
<msg time="2025-10-28T14:19:38.592641" level="INFO">Successfully changed active browser: browser=23816d85-dd38-4036-bbe5-c63e0d2b271b</msg>
<msg time="2025-10-28T14:19:38.592641" level="INFO">Reusing existing browser with id: browser=23816d85-dd38-4036-bbe5-c63e0d2b271b</msg>
<arg>chromium</arg>
<arg>headless=False</arg>
<tag>BrowserControl</tag>
<tag>Setter</tag>
<doc>Create a new playwright Browser with specified options.</doc>
<status status="PASS" start="2025-10-28T14:19:38.588521" elapsed="0.004120"/>
</kw>
<kw name="New Context" owner="Browser">
<msg time="2025-10-28T14:19:38.597609" level="INFO">{
  "acceptDownloads": true,
  "bypassCSP": false,
  "forcedColors": "none",
  "ignoreHTTPSErrors": false,
  "javaScriptEnabled": true,
  "offline": false,
  "reducedMotion": "no-preference",
  "serviceWorkers": "allow",
  "viewport": {
    "width": 1920,
    "height": 1080
  }
}</msg>
<msg time="2025-10-28T14:19:38.613382" level="INFO">Successfully created context. </msg>
<msg time="2025-10-28T14:19:38.613382" level="INFO">{'acceptDownloads': True, 'bypassCSP': False, 'forcedColors': 'none', 'ignoreHTTPSErrors': False, 'javaScriptEnabled': True, 'offline': False, 'reducedMotion': 'no-preference', 'serviceWorkers': 'allow', 'viewport': {'width': 1920, 'height': 1080}}</msg>
<arg>viewport={'width': 1920, 'height': 1080}</arg>
<tag>BrowserControl</tag>
<tag>Setter</tag>
<doc>Create a new BrowserContext with specified options.</doc>
<status status="PASS" start="2025-10-28T14:19:38.592641" elapsed="0.020741"/>
</kw>
<status status="PASS" start="2025-10-28T14:19:38.587237" elapsed="0.026145"/>
</kw>
<kw name="Abrir Página de Login" owner="login_form">
<kw name="New Page" owner="Browser">
<msg time="2025-10-28T14:19:39.136071" level="INFO">Successfully initialized new page object and opened url: http://localhost:3002/login</msg>
<arg>http://localhost:3002/login</arg>
<tag>BrowserControl</tag>
<tag>Setter</tag>
<doc>Open a new Page.</doc>
<status status="PASS" start="2025-10-28T14:19:38.614381" elapsed="0.522699"/>
</kw>
<kw name="Wait For Elements State" owner="Browser">
<msg time="2025-10-28T14:19:39.252605" level="INFO">Waited for Element with selector css=.login-form at state visible</msg>
<arg>css=.login-form</arg>
<arg>visible</arg>
<arg>timeout=10s</arg>
<tag>PageContent</tag>
<tag>Wait</tag>
<doc>Waits for the element found by ``selector`` to satisfy state option.</doc>
<status status="PASS" start="2025-10-28T14:19:39.137080" elapsed="0.115525"/>
</kw>
<status status="PASS" start="2025-10-28T14:19:38.614381" elapsed="0.638224"/>
</kw>
<kw name="Preencher Formulário de Login" owner="login_form">
<kw name="Fill Text" owner="Browser">
<msg time="2025-10-28T14:19:39.257133" level="INFO">Fills the text 'raphaelrates.dev@gmail.com' in the given field.</msg>
<arg>css=#email</arg>
<arg>${email}</arg>
<tag>PageContent</tag>
<tag>Setter</tag>
<doc>Clears and fills the given ``txt`` into the text field found by ``selector``.</doc>
<status status="PASS" start="2025-10-28T14:19:39.256136" elapsed="0.029714"/>
</kw>
<kw name="Fill Text" owner="Browser">
<msg time="2025-10-28T14:19:39.287846" level="INFO">Fills the text '12345678' in the given field.</msg>
<arg>css=#password</arg>
<arg>${senha}</arg>
<tag>PageContent</tag>
<tag>Setter</tag>
<doc>Clears and fills the given ``txt`` into the text field found by ``selector``.</doc>
<status status="PASS" start="2025-10-28T14:19:39.286846" elapsed="0.018721"/>
</kw>
<kw name="Click" owner="Browser">
<msg time="2025-10-28T14:19:39.305567" level="INFO">Clicks the element 'css=main &gt; div &gt; div &gt; form &gt; button'.</msg>
<arg>css=main &gt; div &gt; div &gt; form &gt; button</arg>
<tag>PageContent</tag>
<tag>Setter</tag>
<doc>Simulates mouse click on the element found by ``selector``.</doc>
<status status="PASS" start="2025-10-28T14:19:39.305567" elapsed="0.059582"/>
</kw>
<kw name="Sleep" owner="BuiltIn">
<msg time="2025-10-28T14:19:41.365520" level="INFO">Slept 2 seconds.</msg>
<arg>2s</arg>
<doc>Pauses the test executed for the given time.</doc>
<status status="PASS" start="2025-10-28T14:19:39.365149" elapsed="2.000371"/>
</kw>
<arg>raphaelrates.dev@gmail.com</arg>
<arg>12345678</arg>
<status status="PASS" start="2025-10-28T14:19:39.252605" elapsed="2.112915"/>
</kw>
<kw name="Acessar Página de Reservas" owner="reservation_page">
<kw name="Click" owner="Browser">
<msg time="2025-10-28T14:19:41.367242" level="INFO">Clicks the element 'header &gt; div &gt; nav &gt; ul &gt; li:nth-child(3) &gt; a'.</msg>
<arg>header &gt; div &gt; nav &gt; ul &gt; li:nth-child(3) &gt; a</arg>
<tag>PageContent</tag>
<tag>Setter</tag>
<doc>Simulates mouse click on the element found by ``selector``.</doc>
<status status="PASS" start="2025-10-28T14:19:41.366144" elapsed="0.039201"/>
</kw>
<kw name="Sleep" owner="BuiltIn">
<msg time="2025-10-28T14:19:42.406468" level="INFO">Slept 1 second.</msg>
<arg>1s</arg>
<doc>Pauses the test executed for the given time.</doc>
<status status="PASS" start="2025-10-28T14:19:41.405345" elapsed="1.001123"/>
</kw>
<kw name="Wait For Elements State" owner="Browser">
<msg time="2025-10-28T14:19:42.413562" level="INFO">Waited for Element with selector main &gt; div.reservations-page at state visible</msg>
<arg>main &gt; div.reservations-page</arg>
<arg>visible</arg>
<arg>10</arg>
<tag>PageContent</tag>
<tag>Wait</tag>
<doc>Waits for the element found by ``selector`` to satisfy state option.</doc>
<status status="PASS" start="2025-10-28T14:19:42.406468" elapsed="0.007094"/>
</kw>
<status status="PASS" start="2025-10-28T14:19:41.366144" elapsed="1.047418"/>
</kw>
<kw name="Validar Preço da Reserva" owner="reservation_page">
<kw name="Set Variable" owner="BuiltIn">
<msg time="2025-10-28T14:19:42.414898" level="INFO">${card_selector} = main &gt; div &gt; div &gt; div.reservations-list &gt; div:nth-child(1)</msg>
<var>${card_selector}</var>
<arg>main &gt; div &gt; div &gt; div.reservations-list &gt; div:nth-child(${index})</arg>
<doc>Returns the given values which can then be assigned to a variables.</doc>
<status status="PASS" start="2025-10-28T14:19:42.414055" elapsed="0.000843"/>
</kw>
<kw name="Get Text" owner="Browser">
<msg time="2025-10-28T14:19:42.442245" level="INFO">Text: 'R$ 15.00'</msg>
<arg>${card_selector} .price</arg>
<arg>==</arg>
<arg>${preco_esperado}</arg>
<tag>Assertion</tag>
<tag>Getter</tag>
<tag>PageContent</tag>
<doc>Returns text attribute of the element found by ``selector``.</doc>
<status status="PASS" start="2025-10-28T14:19:42.414898" elapsed="0.027347"/>
</kw>
<arg>1</arg>
<arg>R$ 15.00</arg>
<status status="PASS" start="2025-10-28T14:19:42.414055" elapsed="0.028190"/>
</kw>
<kw name="Validar Forma de Pagamento" owner="reservation_page">
<kw name="Set Variable" owner="BuiltIn">
<msg time="2025-10-28T14:19:42.444256" level="INFO">${card_selector} = main &gt; div &gt; div &gt; div.reservations-list &gt; div:nth-child(1)</msg>
<var>${card_selector}</var>
<arg>main &gt; div &gt; div &gt; div.reservations-list &gt; div:nth-child(${index})</arg>
<doc>Returns the given values which can then be assigned to a variables.</doc>
<status status="PASS" start="2025-10-28T14:19:42.443245" elapsed="0.001011"/>
</kw>
<kw name="Get Text" owner="Browser">
<msg time="2025-10-28T14:19:42.456626" level="INFO">Text: 'Pago com:Cartão de Crédito'</msg>
<msg time="2025-10-28T14:19:42.456626" level="INFO">${texto} = Pago com:Cartão de Crédito</msg>
<var>${texto}</var>
<arg>${card_selector} .payment-info</arg>
<tag>Assertion</tag>
<tag>Getter</tag>
<tag>PageContent</tag>
<doc>Returns text attribute of the element found by ``selector``.</doc>
<status status="PASS" start="2025-10-28T14:19:42.444256" elapsed="0.012370"/>
</kw>
<kw name="Should Contain" owner="BuiltIn">
<arg>${texto}</arg>
<arg>${pagamento_esperado}</arg>
<doc>Fails if ``container`` does not contain ``item`` one or more times.</doc>
<status status="PASS" start="2025-10-28T14:19:42.456626" elapsed="0.002012"/>
</kw>
<arg>1</arg>
<arg>Cartão de Crédito</arg>
<status status="PASS" start="2025-10-28T14:19:42.443245" elapsed="0.015393"/>
</kw>
<msg time="2025-10-28T14:19:42.473408" level="INFO">Switching context to context=c116d09b-4b45-4859-9b3e-51b9b8c7e8f2 in CURRENT</msg>
<msg time="2025-10-28T14:19:42.480593" level="INFO">Successfully changed active context: context=c116d09b-4b45-4859-9b3e-51b9b8c7e8f2</msg>
<msg time="2025-10-28T14:19:42.523901" level="INFO">Successfully closed Context</msg>
<doc>Deve validar as informações de pagamento da reserva</doc>
<tag>payment</tag>
<tag>reservations</tag>
<status status="PASS" start="2025-10-28T14:19:38.580732" elapsed="3.877906"/>
</test>
<test id="s1-s1-t6" name="TC056 - Validar Botões de Ação" line="74">
<kw name="Configurar Teste" owner="login_form">
<kw name="New Browser" owner="Browser">
<msg time="2025-10-28T14:19:42.528807" level="INFO">Switching browser to browser=23816d85-dd38-4036-bbe5-c63e0d2b271b</msg>
<msg time="2025-10-28T14:19:42.533298" level="INFO">Successfully changed active browser: browser=23816d85-dd38-4036-bbe5-c63e0d2b271b</msg>
<msg time="2025-10-28T14:19:42.533298" level="INFO">Reusing existing browser with id: browser=23816d85-dd38-4036-bbe5-c63e0d2b271b</msg>
<arg>chromium</arg>
<arg>headless=False</arg>
<tag>BrowserControl</tag>
<tag>Setter</tag>
<doc>Create a new playwright Browser with specified options.</doc>
<status status="PASS" start="2025-10-28T14:19:42.528807" elapsed="0.004491"/>
</kw>
<kw name="New Context" owner="Browser">
<msg time="2025-10-28T14:19:42.540809" level="INFO">{
  "acceptDownloads": true,
  "bypassCSP": false,
  "forcedColors": "none",
  "ignoreHTTPSErrors": false,
  "javaScriptEnabled": true,
  "offline": false,
  "reducedMotion": "no-preference",
  "serviceWorkers": "allow",
  "viewport": {
    "width": 1920,
    "height": 1080
  }
}</msg>
<msg time="2025-10-28T14:19:42.556845" level="INFO">Successfully created context. </msg>
<msg time="2025-10-28T14:19:42.556845" level="INFO">{'acceptDownloads': True, 'bypassCSP': False, 'forcedColors': 'none', 'ignoreHTTPSErrors': False, 'javaScriptEnabled': True, 'offline': False, 'reducedMotion': 'no-preference', 'serviceWorkers': 'allow', 'viewport': {'width': 1920, 'height': 1080}}</msg>
<arg>viewport={'width': 1920, 'height': 1080}</arg>
<tag>BrowserControl</tag>
<tag>Setter</tag>
<doc>Create a new BrowserContext with specified options.</doc>
<status status="PASS" start="2025-10-28T14:19:42.535627" elapsed="0.021218"/>
</kw>
<status status="PASS" start="2025-10-28T14:19:42.528807" elapsed="0.029046"/>
</kw>
<kw name="Abrir Página de Login" owner="login_form">
<kw name="New Page" owner="Browser">
<msg time="2025-10-28T14:19:43.050455" level="INFO">Successfully initialized new page object and opened url: http://localhost:3002/login</msg>
<arg>http://localhost:3002/login</arg>
<tag>BrowserControl</tag>
<tag>Setter</tag>
<doc>Open a new Page.</doc>
<status status="PASS" start="2025-10-28T14:19:42.558920" elapsed="0.491535"/>
</kw>
<kw name="Wait For Elements State" owner="Browser">
<msg time="2025-10-28T14:19:43.147862" level="INFO">Waited for Element with selector css=.login-form at state visible</msg>
<arg>css=.login-form</arg>
<arg>visible</arg>
<arg>timeout=10s</arg>
<tag>PageContent</tag>
<tag>Wait</tag>
<doc>Waits for the element found by ``selector`` to satisfy state option.</doc>
<status status="PASS" start="2025-10-28T14:19:43.050455" elapsed="0.097407"/>
</kw>
<status status="PASS" start="2025-10-28T14:19:42.557853" elapsed="0.590009"/>
</kw>
<kw name="Preencher Formulário de Login" owner="login_form">
<kw name="Fill Text" owner="Browser">
<msg time="2025-10-28T14:19:43.149488" level="INFO">Fills the text 'raphaelrates.dev@gmail.com' in the given field.</msg>
<arg>css=#email</arg>
<arg>${email}</arg>
<tag>PageContent</tag>
<tag>Setter</tag>
<doc>Clears and fills the given ``txt`` into the text field found by ``selector``.</doc>
<status status="PASS" start="2025-10-28T14:19:43.149488" elapsed="0.026766"/>
</kw>
<kw name="Fill Text" owner="Browser">
<msg time="2025-10-28T14:19:43.177255" level="INFO">Fills the text '12345678' in the given field.</msg>
<arg>css=#password</arg>
<arg>${senha}</arg>
<tag>PageContent</tag>
<tag>Setter</tag>
<doc>Clears and fills the given ``txt`` into the text field found by ``selector``.</doc>
<status status="PASS" start="2025-10-28T14:19:43.177255" elapsed="0.027541"/>
</kw>
<kw name="Click" owner="Browser">
<msg time="2025-10-28T14:19:43.204796" level="INFO">Clicks the element 'css=main &gt; div &gt; div &gt; form &gt; button'.</msg>
<arg>css=main &gt; div &gt; div &gt; form &gt; button</arg>
<tag>PageContent</tag>
<tag>Setter</tag>
<doc>Simulates mouse click on the element found by ``selector``.</doc>
<status status="PASS" start="2025-10-28T14:19:43.204796" elapsed="0.054341"/>
</kw>
<kw name="Sleep" owner="BuiltIn">
<msg time="2025-10-28T14:19:45.262136" level="INFO">Slept 2 seconds.</msg>
<arg>2s</arg>
<doc>Pauses the test executed for the given time.</doc>
<status status="PASS" start="2025-10-28T14:19:43.259137" elapsed="2.002999"/>
</kw>
<arg>raphaelrates.dev@gmail.com</arg>
<arg>12345678</arg>
<status status="PASS" start="2025-10-28T14:19:43.148962" elapsed="2.113174"/>
</kw>
<kw name="Acessar Página de Reservas" owner="reservation_page">
<kw name="Click" owner="Browser">
<msg time="2025-10-28T14:19:45.264143" level="INFO">Clicks the element 'header &gt; div &gt; nav &gt; ul &gt; li:nth-child(3) &gt; a'.</msg>
<arg>header &gt; div &gt; nav &gt; ul &gt; li:nth-child(3) &gt; a</arg>
<tag>PageContent</tag>
<tag>Setter</tag>
<doc>Simulates mouse click on the element found by ``selector``.</doc>
<status status="PASS" start="2025-10-28T14:19:45.263146" elapsed="0.035878"/>
</kw>
<kw name="Sleep" owner="BuiltIn">
<msg time="2025-10-28T14:19:46.301097" level="INFO">Slept 1 second.</msg>
<arg>1s</arg>
<doc>Pauses the test executed for the given time.</doc>
<status status="PASS" start="2025-10-28T14:19:45.300651" elapsed="1.000446"/>
</kw>
<kw name="Wait For Elements State" owner="Browser">
<msg time="2025-10-28T14:19:46.307615" level="INFO">Waited for Element with selector main &gt; div.reservations-page at state visible</msg>
<arg>main &gt; div.reservations-page</arg>
<arg>visible</arg>
<arg>10</arg>
<tag>PageContent</tag>
<tag>Wait</tag>
<doc>Waits for the element found by ``selector`` to satisfy state option.</doc>
<status status="PASS" start="2025-10-28T14:19:46.301097" elapsed="0.008029"/>
</kw>
<status status="PASS" start="2025-10-28T14:19:45.263146" elapsed="1.045980"/>
</kw>
<kw name="Validar Botões de Ação Presentes" owner="reservation_page">
<kw name="Wait For Elements State" owner="Browser">
<msg time="2025-10-28T14:19:46.316136" level="INFO">Waited for Element with selector .page-actions at state visible</msg>
<arg>.page-actions</arg>
<arg>visible</arg>
<arg>5s</arg>
<tag>PageContent</tag>
<tag>Wait</tag>
<doc>Waits for the element found by ``selector`` to satisfy state option.</doc>
<status status="PASS" start="2025-10-28T14:19:46.310137" elapsed="0.005999"/>
</kw>
<kw name="Get Element" owner="Browser">
<msg time="2025-10-28T14:19:46.322667" level="INFO">Locator found successfully.</msg>
<arg>.btn-secondary</arg>
<tag>Getter</tag>
<tag>PageContent</tag>
<doc>Returns a reference to a Playwright [https://playwright.dev/docs/api/class-locator|Locator].</doc>
<status status="PASS" start="2025-10-28T14:19:46.316136" elapsed="0.006531"/>
</kw>
<kw name="Get Element" owner="Browser">
<msg time="2025-10-28T14:19:46.329785" level="INFO">Locator found successfully.</msg>
<arg>.btn-primary</arg>
<tag>Getter</tag>
<tag>PageContent</tag>
<doc>Returns a reference to a Playwright [https://playwright.dev/docs/api/class-locator|Locator].</doc>
<status status="PASS" start="2025-10-28T14:19:46.322667" elapsed="0.008134"/>
</kw>
<status status="PASS" start="2025-10-28T14:19:46.309126" elapsed="0.021675"/>
</kw>
<msg time="2025-10-28T14:19:46.348969" level="INFO">Switching context to context=87721058-4e0f-48eb-bb28-163f1d1b5423 in CURRENT</msg>
<msg time="2025-10-28T14:19:46.356774" level="INFO">Successfully changed active context: context=87721058-4e0f-48eb-bb28-163f1d1b5423</msg>
<msg time="2025-10-28T14:19:46.394188" level="INFO">Successfully closed Context</msg>
<doc>Deve verificar a presença e funcionalidade dos botões de ação</doc>
<tag>actions</tag>
<tag>reservations</tag>
<status status="PASS" start="2025-10-28T14:19:42.523901" elapsed="3.806900"/>
</test>
<test id="s1-s1-t7" name="TC057 - Navegar para Página Inicial" line="83">
<kw name="Configurar Teste" owner="login_form">
<kw name="New Browser" owner="Browser">
<msg time="2025-10-28T14:19:46.401934" level="INFO">Switching browser to browser=23816d85-dd38-4036-bbe5-c63e0d2b271b</msg>
<msg time="2025-10-28T14:19:46.405943" level="INFO">Successfully changed active browser: browser=23816d85-dd38-4036-bbe5-c63e0d2b271b</msg>
<msg time="2025-10-28T14:19:46.405943" level="INFO">Reusing existing browser with id: browser=23816d85-dd38-4036-bbe5-c63e0d2b271b</msg>
<arg>chromium</arg>
<arg>headless=False</arg>
<tag>BrowserControl</tag>
<tag>Setter</tag>
<doc>Create a new playwright Browser with specified options.</doc>
<status status="PASS" start="2025-10-28T14:19:46.400729" elapsed="0.005214"/>
</kw>
<kw name="New Context" owner="Browser">
<msg time="2025-10-28T14:19:46.410456" level="INFO">{
  "acceptDownloads": true,
  "bypassCSP": false,
  "forcedColors": "none",
  "ignoreHTTPSErrors": false,
  "javaScriptEnabled": true,
  "offline": false,
  "reducedMotion": "no-preference",
  "serviceWorkers": "allow",
  "viewport": {
    "width": 1920,
    "height": 1080
  }
}</msg>
<msg time="2025-10-28T14:19:46.422529" level="INFO">Successfully created context. </msg>
<msg time="2025-10-28T14:19:46.422529" level="INFO">{'acceptDownloads': True, 'bypassCSP': False, 'forcedColors': 'none', 'ignoreHTTPSErrors': False, 'javaScriptEnabled': True, 'offline': False, 'reducedMotion': 'no-preference', 'serviceWorkers': 'allow', 'viewport': {'width': 1920, 'height': 1080}}</msg>
<arg>viewport={'width': 1920, 'height': 1080}</arg>
<tag>BrowserControl</tag>
<tag>Setter</tag>
<doc>Create a new BrowserContext with specified options.</doc>
<status status="PASS" start="2025-10-28T14:19:46.405943" elapsed="0.016586"/>
</kw>
<status status="PASS" start="2025-10-28T14:19:46.400369" elapsed="0.022160"/>
</kw>
<kw name="Abrir Página de Login" owner="login_form">
<kw name="New Page" owner="Browser">
<msg time="2025-10-28T14:19:46.938942" level="INFO">Successfully initialized new page object and opened url: http://localhost:3002/login</msg>
<arg>http://localhost:3002/login</arg>
<tag>BrowserControl</tag>
<tag>Setter</tag>
<doc>Open a new Page.</doc>
<status status="PASS" start="2025-10-28T14:19:46.422529" elapsed="0.516413"/>
</kw>
<kw name="Wait For Elements State" owner="Browser">
<msg time="2025-10-28T14:19:47.037640" level="INFO">Waited for Element with selector css=.login-form at state visible</msg>
<arg>css=.login-form</arg>
<arg>visible</arg>
<arg>timeout=10s</arg>
<tag>PageContent</tag>
<tag>Wait</tag>
<doc>Waits for the element found by ``selector`` to satisfy state option.</doc>
<status status="PASS" start="2025-10-28T14:19:46.938942" elapsed="0.099678"/>
</kw>
<status status="PASS" start="2025-10-28T14:19:46.422529" elapsed="0.616091"/>
</kw>
<kw name="Preencher Formulário de Login" owner="login_form">
<kw name="Fill Text" owner="Browser">
<msg time="2025-10-28T14:19:47.042381" level="INFO">Fills the text 'raphaelrates.dev@gmail.com' in the given field.</msg>
<arg>css=#email</arg>
<arg>${email}</arg>
<tag>PageContent</tag>
<tag>Setter</tag>
<doc>Clears and fills the given ``txt`` into the text field found by ``selector``.</doc>
<status status="PASS" start="2025-10-28T14:19:47.040596" elapsed="0.030277"/>
</kw>
<kw name="Fill Text" owner="Browser">
<msg time="2025-10-28T14:19:47.072870" level="INFO">Fills the text '12345678' in the given field.</msg>
<arg>css=#password</arg>
<arg>${senha}</arg>
<tag>PageContent</tag>
<tag>Setter</tag>
<doc>Clears and fills the given ``txt`` into the text field found by ``selector``.</doc>
<status status="PASS" start="2025-10-28T14:19:47.071868" elapsed="0.026924"/>
</kw>
<kw name="Click" owner="Browser">
<msg time="2025-10-28T14:19:47.098792" level="INFO">Clicks the element 'css=main &gt; div &gt; div &gt; form &gt; button'.</msg>
<arg>css=main &gt; div &gt; div &gt; form &gt; button</arg>
<tag>PageContent</tag>
<tag>Setter</tag>
<doc>Simulates mouse click on the element found by ``selector``.</doc>
<status status="PASS" start="2025-10-28T14:19:47.098792" elapsed="0.055012"/>
</kw>
<kw name="Sleep" owner="BuiltIn">
<msg time="2025-10-28T14:19:49.155197" level="INFO">Slept 2 seconds.</msg>
<arg>2s</arg>
<doc>Pauses the test executed for the given time.</doc>
<status status="PASS" start="2025-10-28T14:19:47.153804" elapsed="2.001393"/>
</kw>
<arg>raphaelrates.dev@gmail.com</arg>
<arg>12345678</arg>
<status status="PASS" start="2025-10-28T14:19:47.039124" elapsed="2.116073"/>
</kw>
<kw name="Acessar Página de Reservas" owner="reservation_page">
<kw name="Click" owner="Browser">
<msg time="2025-10-28T14:19:49.156853" level="INFO">Clicks the element 'header &gt; div &gt; nav &gt; ul &gt; li:nth-child(3) &gt; a'.</msg>
<arg>header &gt; div &gt; nav &gt; ul &gt; li:nth-child(3) &gt; a</arg>
<tag>PageContent</tag>
<tag>Setter</tag>
<doc>Simulates mouse click on the element found by ``selector``.</doc>
<status status="PASS" start="2025-10-28T14:19:49.155719" elapsed="0.044957"/>
</kw>
<kw name="Sleep" owner="BuiltIn">
<msg time="2025-10-28T14:19:50.202226" level="INFO">Slept 1 second.</msg>
<arg>1s</arg>
<doc>Pauses the test executed for the given time.</doc>
<status status="PASS" start="2025-10-28T14:19:49.200676" elapsed="1.001550"/>
</kw>
<kw name="Wait For Elements State" owner="Browser">
<msg time="2025-10-28T14:19:50.208876" level="INFO">Waited for Element with selector main &gt; div.reservations-page at state visible</msg>
<arg>main &gt; div.reservations-page</arg>
<arg>visible</arg>
<arg>10</arg>
<tag>PageContent</tag>
<tag>Wait</tag>
<doc>Waits for the element found by ``selector`` to satisfy state option.</doc>
<status status="PASS" start="2025-10-28T14:19:50.202226" elapsed="0.006650"/>
</kw>
<status status="PASS" start="2025-10-28T14:19:49.155719" elapsed="1.053157"/>
</kw>
<kw name="Validar Navegação para Página Inicial" owner="reservation_page">
<kw name="Clicar Voltar para Página Inicial" owner="reservation_page">
<kw name="Click" owner="Browser">
<msg time="2025-10-28T14:19:50.211138" level="INFO">Clicks the element '.btn-secondary'.</msg>
<arg>.btn-secondary</arg>
<tag>PageContent</tag>
<tag>Setter</tag>
<doc>Simulates mouse click on the element found by ``selector``.</doc>
<status status="PASS" start="2025-10-28T14:19:50.210121" elapsed="0.037877"/>
</kw>
<status status="PASS" start="2025-10-28T14:19:50.210121" elapsed="0.037877"/>
</kw>
<kw name="Wait For Elements State" owner="Browser">
<msg time="2025-10-28T14:20:00.362105" level="INFO" html="true">&lt;/td&gt;&lt;/tr&gt;&lt;tr&gt;&lt;td colspan="3"&gt;&lt;a href="browser/screenshot/fail-screenshot-2.png" target="_blank"&gt;&lt;img src="browser/screenshot/fail-screenshot-2.png" width="800px"/&gt;&lt;/a&gt;</msg>
<msg time="2025-10-28T14:20:00.362105" level="INFO">See also file:///C:/Users/raphael/Documents/GitHub/learn/Compass/cinema/test-ciname-challenge/results/playwright-log.txt for additional details.</msg>
<msg time="2025-10-28T14:20:00.363116" level="FAIL">TimeoutError: locator.waitFor: Timeout 10000ms exceeded.
Call log:
  - waiting for locator('//h1[contains(text(), "Bem-vindo")]') to be visible
</msg>
<arg>//h1[contains(text(), "Bem-vindo")]</arg>
<arg>visible</arg>
<arg>10s</arg>
<tag>PageContent</tag>
<tag>Wait</tag>
<doc>Waits for the element found by ``selector`` to satisfy state option.</doc>
<status status="FAIL" start="2025-10-28T14:19:50.249002" elapsed="10.115104">TimeoutError: locator.waitFor: Timeout 10000ms exceeded.
Call log:
  - waiting for locator('//h1[contains(text(), "Bem-vindo")]') to be visible
</status>
</kw>
<status status="FAIL" start="2025-10-28T14:19:50.210121" elapsed="10.153985">TimeoutError: locator.waitFor: Timeout 10000ms exceeded.
Call log:
  - waiting for locator('//h1[contains(text(), "Bem-vindo")]') to be visible
</status>
</kw>
<msg time="2025-10-28T14:20:00.376729" level="INFO">Switching context to context=fe2006e3-bd8c-435e-8a41-e6538bce4dfc in CURRENT</msg>
<msg time="2025-10-28T14:20:00.383233" level="INFO">Successfully changed active context: context=fe2006e3-bd8c-435e-8a41-e6538bce4dfc</msg>
<msg time="2025-10-28T14:20:00.438765" level="INFO">Successfully closed Context</msg>
<doc>Deve testar a navegação para a página inicial</doc>
<tag>navigation</tag>
<tag>reservations</tag>
<status status="FAIL" start="2025-10-28T14:19:46.396198" elapsed="13.967908">TimeoutError: locator.waitFor: Timeout 10000ms exceeded.
Call log:
  - waiting for locator('//h1[contains(text(), "Bem-vindo")]') to be visible
</status>
</test>
<test id="s1-s1-t8" name="TC058 - Navegar para Filmes em Cartaz" line="92">
<kw name="Configurar Teste" owner="login_form">
<kw name="New Browser" owner="Browser">
<msg time="2025-10-28T14:20:00.454946" level="INFO">Switching browser to browser=23816d85-dd38-4036-bbe5-c63e0d2b271b</msg>
<msg time="2025-10-28T14:20:00.458949" level="INFO">Successfully changed active browser: browser=23816d85-dd38-4036-bbe5-c63e0d2b271b</msg>
<msg time="2025-10-28T14:20:00.458949" level="INFO">Reusing existing browser with id: browser=23816d85-dd38-4036-bbe5-c63e0d2b271b</msg>
<arg>chromium</arg>
<arg>headless=False</arg>
<tag>BrowserControl</tag>
<tag>Setter</tag>
<doc>Create a new playwright Browser with specified options.</doc>
<status status="PASS" start="2025-10-28T14:20:00.453949" elapsed="0.005000"/>
</kw>
<kw name="New Context" owner="Browser">
<msg time="2025-10-28T14:20:00.467101" level="INFO">{
  "acceptDownloads": true,
  "bypassCSP": false,
  "forcedColors": "none",
  "ignoreHTTPSErrors": false,
  "javaScriptEnabled": true,
  "offline": false,
  "reducedMotion": "no-preference",
  "serviceWorkers": "allow",
  "viewport": {
    "width": 1920,
    "height": 1080
  }
}</msg>
<msg time="2025-10-28T14:20:00.480903" level="INFO">Successfully created context. </msg>
<msg time="2025-10-28T14:20:00.481902" level="INFO">{'acceptDownloads': True, 'bypassCSP': False, 'forcedColors': 'none', 'ignoreHTTPSErrors': False, 'javaScriptEnabled': True, 'offline': False, 'reducedMotion': 'no-preference', 'serviceWorkers': 'allow', 'viewport': {'width': 1920, 'height': 1080}}</msg>
<arg>viewport={'width': 1920, 'height': 1080}</arg>
<tag>BrowserControl</tag>
<tag>Setter</tag>
<doc>Create a new BrowserContext with specified options.</doc>
<status status="PASS" start="2025-10-28T14:20:00.460286" elapsed="0.021616"/>
</kw>
<status status="PASS" start="2025-10-28T14:20:00.452947" elapsed="0.028955"/>
</kw>
<kw name="Abrir Página de Login" owner="login_form">
<kw name="New Page" owner="Browser">
<msg time="2025-10-28T14:20:01.017140" level="INFO">Successfully initialized new page object and opened url: http://localhost:3002/login</msg>
<arg>http://localhost:3002/login</arg>
<tag>BrowserControl</tag>
<tag>Setter</tag>
<doc>Open a new Page.</doc>
<status status="PASS" start="2025-10-28T14:20:00.482898" elapsed="0.534242"/>
</kw>
<kw name="Wait For Elements State" owner="Browser">
<msg time="2025-10-28T14:20:01.164105" level="INFO">Waited for Element with selector css=.login-form at state visible</msg>
<arg>css=.login-form</arg>
<arg>visible</arg>
<arg>timeout=10s</arg>
<tag>PageContent</tag>
<tag>Wait</tag>
<doc>Waits for the element found by ``selector`` to satisfy state option.</doc>
<status status="PASS" start="2025-10-28T14:20:01.018646" elapsed="0.146462"/>
</kw>
<status status="PASS" start="2025-10-28T14:20:00.481902" elapsed="0.684207"/>
</kw>
<kw name="Preencher Formulário de Login" owner="login_form">
<kw name="Fill Text" owner="Browser">
<msg time="2025-10-28T14:20:01.169609" level="INFO">Fills the text 'raphaelrates.dev@gmail.com' in the given field.</msg>
<arg>css=#email</arg>
<arg>${email}</arg>
<tag>PageContent</tag>
<tag>Setter</tag>
<doc>Clears and fills the given ``txt`` into the text field found by ``selector``.</doc>
<status status="PASS" start="2025-10-28T14:20:01.168105" elapsed="0.032671"/>
</kw>
<kw name="Fill Text" owner="Browser">
<msg time="2025-10-28T14:20:01.202789" level="INFO">Fills the text '12345678' in the given field.</msg>
<arg>css=#password</arg>
<arg>${senha}</arg>
<tag>PageContent</tag>
<tag>Setter</tag>
<doc>Clears and fills the given ``txt`` into the text field found by ``selector``.</doc>
<status status="PASS" start="2025-10-28T14:20:01.200776" elapsed="0.042509"/>
</kw>
<kw name="Click" owner="Browser">
<msg time="2025-10-28T14:20:01.245284" level="INFO">Clicks the element 'css=main &gt; div &gt; div &gt; form &gt; button'.</msg>
<arg>css=main &gt; div &gt; div &gt; form &gt; button</arg>
<tag>PageContent</tag>
<tag>Setter</tag>
<doc>Simulates mouse click on the element found by ``selector``.</doc>
<status status="PASS" start="2025-10-28T14:20:01.243285" elapsed="0.148121"/>
</kw>
<kw name="Sleep" owner="BuiltIn">
<msg time="2025-10-28T14:20:03.392843" level="INFO">Slept 2 seconds.</msg>
<arg>2s</arg>
<doc>Pauses the test executed for the given time.</doc>
<status status="PASS" start="2025-10-28T14:20:01.392405" elapsed="2.000438"/>
</kw>
<arg>raphaelrates.dev@gmail.com</arg>
<arg>12345678</arg>
<status status="PASS" start="2025-10-28T14:20:01.167105" elapsed="2.225738"/>
</kw>
<kw name="Acessar Página de Reservas" owner="reservation_page">
<kw name="Click" owner="Browser">
<msg time="2025-10-28T14:20:03.394218" level="INFO">Clicks the element 'header &gt; div &gt; nav &gt; ul &gt; li:nth-child(3) &gt; a'.</msg>
<arg>header &gt; div &gt; nav &gt; ul &gt; li:nth-child(3) &gt; a</arg>
<tag>PageContent</tag>
<tag>Setter</tag>
<doc>Simulates mouse click on the element found by ``selector``.</doc>
<status status="PASS" start="2025-10-28T14:20:03.394218" elapsed="0.034787"/>
</kw>
<kw name="Sleep" owner="BuiltIn">
<msg time="2025-10-28T14:20:04.430828" level="INFO">Slept 1 second.</msg>
<arg>1s</arg>
<doc>Pauses the test executed for the given time.</doc>
<status status="PASS" start="2025-10-28T14:20:03.430612" elapsed="1.000216"/>
</kw>
<kw name="Wait For Elements State" owner="Browser">
<msg time="2025-10-28T14:20:04.437922" level="INFO">Waited for Element with selector main &gt; div.reservations-page at state visible</msg>
<arg>main &gt; div.reservations-page</arg>
<arg>visible</arg>
<arg>10</arg>
<tag>PageContent</tag>
<tag>Wait</tag>
<doc>Waits for the element found by ``selector`` to satisfy state option.</doc>
<status status="PASS" start="2025-10-28T14:20:04.431344" elapsed="0.006578"/>
</kw>
<status status="PASS" start="2025-10-28T14:20:03.393554" elapsed="1.044368"/>
</kw>
<kw name="Validar Navegação para Filmes em Cartaz" owner="reservation_page">
<kw name="Clicar Ver Filmes em Cartaz" owner="reservation_page">
<kw name="Click" owner="Browser">
<msg time="2025-10-28T14:20:04.439987" level="INFO">Clicks the element '.btn-primary'.</msg>
<arg>.btn-primary</arg>
<tag>PageContent</tag>
<tag>Setter</tag>
<doc>Simulates mouse click on the element found by ``selector``.</doc>
<status status="PASS" start="2025-10-28T14:20:04.439987" elapsed="0.039383"/>
</kw>
<status status="PASS" start="2025-10-28T14:20:04.438935" elapsed="0.040435"/>
</kw>
<kw name="Wait For Elements State" owner="Browser">
<msg time="2025-10-28T14:20:04.495632" level="INFO">Waited for Element with selector //h1[contains(text(), "Filmes")] at state visible</msg>
<arg>//h1[contains(text(), "Filmes")]</arg>
<arg>visible</arg>
<arg>10s</arg>
<tag>PageContent</tag>
<tag>Wait</tag>
<doc>Waits for the element found by ``selector`` to satisfy state option.</doc>
<status status="PASS" start="2025-10-28T14:20:04.480381" elapsed="0.016250"/>
</kw>
<status status="PASS" start="2025-10-28T14:20:04.438935" elapsed="0.057696"/>
</kw>
<msg time="2025-10-28T14:20:04.519924" level="INFO">Switching context to context=f2d18ce1-dd67-42b3-bfc5-a5e214bb5cd2 in CURRENT</msg>
<msg time="2025-10-28T14:20:04.530363" level="INFO">Successfully changed active context: context=f2d18ce1-dd67-42b3-bfc5-a5e214bb5cd2</msg>
<msg time="2025-10-28T14:20:04.578467" level="INFO">Successfully closed Context</msg>
<doc>Deve testar a navegação para a página de filmes</doc>
<tag>navigation</tag>
<tag>reservations</tag>
<status status="PASS" start="2025-10-28T14:20:00.441794" elapsed="4.054837"/>
</test>
<test id="s1-s1-t9" name="TC059 - Verificar Número da Reserva" line="101">
<kw name="Configurar Teste" owner="login_form">
<kw name="New Browser" owner="Browser">
<msg time="2025-10-28T14:20:04.588247" level="INFO">Switching browser to browser=23816d85-dd38-4036-bbe5-c63e0d2b271b</msg>
<msg time="2025-10-28T14:20:04.591565" level="INFO">Successfully changed active browser: browser=23816d85-dd38-4036-bbe5-c63e0d2b271b</msg>
<msg time="2025-10-28T14:20:04.592210" level="INFO">Reusing existing browser with id: browser=23816d85-dd38-4036-bbe5-c63e0d2b271b</msg>
<arg>chromium</arg>
<arg>headless=False</arg>
<tag>BrowserControl</tag>
<tag>Setter</tag>
<doc>Create a new playwright Browser with specified options.</doc>
<status status="PASS" start="2025-10-28T14:20:04.586983" elapsed="0.005227"/>
</kw>
<kw name="New Context" owner="Browser">
<msg time="2025-10-28T14:20:04.598697" level="INFO">{
  "acceptDownloads": true,
  "bypassCSP": false,
  "forcedColors": "none",
  "ignoreHTTPSErrors": false,
  "javaScriptEnabled": true,
  "offline": false,
  "reducedMotion": "no-preference",
  "serviceWorkers": "allow",
  "viewport": {
    "width": 1920,
    "height": 1080
  }
}</msg>
<msg time="2025-10-28T14:20:04.614431" level="INFO">Successfully created context. </msg>
<msg time="2025-10-28T14:20:04.614431" level="INFO">{'acceptDownloads': True, 'bypassCSP': False, 'forcedColors': 'none', 'ignoreHTTPSErrors': False, 'javaScriptEnabled': True, 'offline': False, 'reducedMotion': 'no-preference', 'serviceWorkers': 'allow', 'viewport': {'width': 1920, 'height': 1080}}</msg>
<arg>viewport={'width': 1920, 'height': 1080}</arg>
<tag>BrowserControl</tag>
<tag>Setter</tag>
<doc>Create a new BrowserContext with specified options.</doc>
<status status="PASS" start="2025-10-28T14:20:04.592844" elapsed="0.021587"/>
</kw>
<status status="PASS" start="2025-10-28T14:20:04.585893" elapsed="0.028538"/>
</kw>
<kw name="Abrir Página de Login" owner="login_form">
<kw name="New Page" owner="Browser">
<msg time="2025-10-28T14:20:05.113951" level="INFO">Successfully initialized new page object and opened url: http://localhost:3002/login</msg>
<arg>http://localhost:3002/login</arg>
<tag>BrowserControl</tag>
<tag>Setter</tag>
<doc>Open a new Page.</doc>
<status status="PASS" start="2025-10-28T14:20:04.616432" elapsed="0.497519"/>
</kw>
<kw name="Wait For Elements State" owner="Browser">
<msg time="2025-10-28T14:20:05.224034" level="INFO">Waited for Element with selector css=.login-form at state visible</msg>
<arg>css=.login-form</arg>
<arg>visible</arg>
<arg>timeout=10s</arg>
<tag>PageContent</tag>
<tag>Wait</tag>
<doc>Waits for the element found by ``selector`` to satisfy state option.</doc>
<status status="PASS" start="2025-10-28T14:20:05.113951" elapsed="0.111088"/>
</kw>
<status status="PASS" start="2025-10-28T14:20:04.615433" elapsed="0.609606"/>
</kw>
<kw name="Preencher Formulário de Login" owner="login_form">
<kw name="Fill Text" owner="Browser">
<msg time="2025-10-28T14:20:05.228059" level="INFO">Fills the text 'raphaelrates.dev@gmail.com' in the given field.</msg>
<arg>css=#email</arg>
<arg>${email}</arg>
<tag>PageContent</tag>
<tag>Setter</tag>
<doc>Clears and fills the given ``txt`` into the text field found by ``selector``.</doc>
<status status="PASS" start="2025-10-28T14:20:05.226037" elapsed="0.040733"/>
</kw>
<kw name="Fill Text" owner="Browser">
<msg time="2025-10-28T14:20:05.270297" level="INFO">Fills the text '12345678' in the given field.</msg>
<arg>css=#password</arg>
<arg>${senha}</arg>
<tag>PageContent</tag>
<tag>Setter</tag>
<doc>Clears and fills the given ``txt`` into the text field found by ``selector``.</doc>
<status status="PASS" start="2025-10-28T14:20:05.266770" elapsed="0.031893"/>
</kw>
<kw name="Click" owner="Browser">
<msg time="2025-10-28T14:20:05.299689" level="INFO">Clicks the element 'css=main &gt; div &gt; div &gt; form &gt; button'.</msg>
<arg>css=main &gt; div &gt; div &gt; form &gt; button</arg>
<tag>PageContent</tag>
<tag>Setter</tag>
<doc>Simulates mouse click on the element found by ``selector``.</doc>
<status status="PASS" start="2025-10-28T14:20:05.299689" elapsed="0.055943"/>
</kw>
<kw name="Sleep" owner="BuiltIn">
[...]
<doc>Simulates mouse click on the element found by ``selector``.</doc>
<status status="PASS" start="2025-10-28T14:20:18.293939" elapsed="0.087615"/>
</kw>
<kw name="Sleep" owner="BuiltIn">
<msg time="2025-10-28T14:20:20.383645" level="INFO">Slept 2 seconds.</msg>
<arg>2s</arg>
<doc>Pauses the test executed for the given time.</doc>
<status status="PASS" start="2025-10-28T14:20:18.382632" elapsed="2.001013"/>
</kw>
<arg>raphaelrates.dev@gmail.com</arg>
<arg>12345678</arg>
<status status="PASS" start="2025-10-28T14:20:18.232129" elapsed="2.152021"/>
</kw>
<kw name="Acessar Página de Reservas" owner="reservation_page">
<kw name="Click" owner="Browser">
<msg time="2025-10-28T14:20:20.387170" level="INFO">Clicks the element 'header &gt; div &gt; nav &gt; ul &gt; li:nth-child(3) &gt; a'.</msg>
<arg>header &gt; div &gt; nav &gt; ul &gt; li:nth-child(3) &gt; a</arg>
<tag>PageContent</tag>
<tag>Setter</tag>
<doc>Simulates mouse click on the element found by ``selector``.</doc>
<status status="PASS" start="2025-10-28T14:20:20.385161" elapsed="0.073950"/>
</kw>
<kw name="Sleep" owner="BuiltIn">
<msg time="2025-10-28T14:20:21.460701" level="INFO">Slept 1 second.</msg>
<arg>1s</arg>
<doc>Pauses the test executed for the given time.</doc>
<status status="PASS" start="2025-10-28T14:20:20.459111" elapsed="1.001590"/>
</kw>
<kw name="Wait For Elements State" owner="Browser">
<msg time="2025-10-28T14:20:21.467716" level="INFO">Waited for Element with selector main &gt; div.reservations-page at state visible</msg>
<arg>main &gt; div.reservations-page</arg>
<arg>visible</arg>
<arg>10</arg>
<tag>PageContent</tag>
<tag>Wait</tag>
<doc>Waits for the element found by ``selector`` to satisfy state option.</doc>
<status status="PASS" start="2025-10-28T14:20:21.460701" elapsed="0.008098"/>
</kw>
<status status="PASS" start="2025-10-28T14:20:20.384150" elapsed="1.084649"/>
</kw>
<kw name="Validar Estrutura do Card de Reserva" owner="reservation_page">
<kw name="Set Variable" owner="BuiltIn">
<msg time="2025-10-28T14:20:21.470103" level="INFO">${card_selector} = main &gt; div &gt; div &gt; div.reservations-list &gt; div</msg>
<var>${card_selector}</var>
<arg>main &gt; div &gt; div &gt; div.reservations-list &gt; div</arg>
<doc>Returns the given values which can then be assigned to a variables.</doc>
<status status="PASS" start="2025-10-28T14:20:21.470103" elapsed="0.000998"/>
</kw>
<kw name="Wait For Elements State" owner="Browser">
<msg time="2025-10-28T14:20:21.477108" level="INFO">Waited for Element with selector main &gt; div &gt; div &gt; div.reservations-list &gt; div at state visible</msg>
<arg>${card_selector}</arg>
<arg>visible</arg>
<arg>5s</arg>
<tag>PageContent</tag>
<tag>Wait</tag>
<doc>Waits for the element found by ``selector`` to satisfy state option.</doc>
<status status="PASS" start="2025-10-28T14:20:21.471101" elapsed="0.006007"/>
</kw>
<kw name="Get Element" owner="Browser">
<msg time="2025-10-28T14:20:21.485574" level="INFO">Locator found successfully.</msg>
<arg>main &gt; div &gt; div &gt; div.reservations-list &gt; div &gt; div.reservation-header</arg>
<tag>Getter</tag>
<tag>PageContent</tag>
<doc>Returns a reference to a Playwright [https://playwright.dev/docs/api/class-locator|Locator].</doc>
<status status="PASS" start="2025-10-28T14:20:21.477108" elapsed="0.008466"/>
</kw>
<kw name="Get Element" owner="Browser">
<msg time="2025-10-28T14:20:21.493908" level="INFO">Locator found successfully.</msg>
<arg>main &gt; div &gt; div &gt; div.reservations-list &gt; div &gt; div.movie-info</arg>
<tag>Getter</tag>
<tag>PageContent</tag>
<doc>Returns a reference to a Playwright [https://playwright.dev/docs/api/class-locator|Locator].</doc>
<status status="PASS" start="2025-10-28T14:20:21.485574" elapsed="0.008334"/>
</kw>
<kw name="Get Element" owner="Browser">
<msg time="2025-10-28T14:20:21.498939" level="INFO">Locator found successfully.</msg>
<arg>main &gt; div &gt; div &gt; div.reservations-list &gt; div &gt; div.reservation-footer</arg>
<tag>Getter</tag>
<tag>PageContent</tag>
<doc>Returns a reference to a Playwright [https://playwright.dev/docs/api/class-locator|Locator].</doc>
<status status="PASS" start="2025-10-28T14:20:21.493908" elapsed="0.005031"/>
</kw>
<kw name="Sleep" owner="BuiltIn">
<msg time="2025-10-28T14:20:22.503051" level="INFO">Slept 1 second.</msg>
<arg>1s</arg>
<doc>Pauses the test executed for the given time.</doc>
<status status="PASS" start="2025-10-28T14:20:21.502632" elapsed="1.000419"/>
</kw>
<status status="PASS" start="2025-10-28T14:20:21.468799" elapsed="1.034252"/>
</kw>
<msg time="2025-10-28T14:20:22.520098" level="INFO">Switching context to context=519fdb16-9f40-4344-9893-146f3d33d6b5 in CURRENT</msg>
<msg time="2025-10-28T14:20:22.528700" level="INFO">Successfully changed active context: context=519fdb16-9f40-4344-9893-146f3d33d6b5</msg>
<msg time="2025-10-28T14:20:22.584724" level="INFO">Successfully closed Context</msg>
<doc>Deve verificar a estrutura responsiva do card de reserva</doc>
<tag>reservations</tag>
<tag>responsive</tag>
<status status="PASS" start="2025-10-28T14:20:17.583851" elapsed="4.919200"/>
</test>
<test id="s1-s1-t13" name="TC063 - Verificar Ordenação das Reservas" line="139">
<kw name="Configurar Teste" owner="login_form">
<kw name="New Browser" owner="Browser">
<msg time="2025-10-28T14:20:22.594099" level="INFO">Switching browser to browser=23816d85-dd38-4036-bbe5-c63e0d2b271b</msg>
<msg time="2025-10-28T14:20:22.598613" level="INFO">Successfully changed active browser: browser=23816d85-dd38-4036-bbe5-c63e0d2b271b</msg>
<msg time="2025-10-28T14:20:22.598613" level="INFO">Reusing existing browser with id: browser=23816d85-dd38-4036-bbe5-c63e0d2b271b</msg>
<arg>chromium</arg>
<arg>headless=False</arg>
<tag>BrowserControl</tag>
<tag>Setter</tag>
<doc>Create a new playwright Browser with specified options.</doc>
<status status="PASS" start="2025-10-28T14:20:22.593155" elapsed="0.005458"/>
</kw>
<kw name="New Context" owner="Browser">
<msg time="2025-10-28T14:20:22.603722" level="INFO">{
  "acceptDownloads": true,
  "bypassCSP": false,
  "forcedColors": "none",
  "ignoreHTTPSErrors": false,
  "javaScriptEnabled": true,
  "offline": false,
  "reducedMotion": "no-preference",
  "serviceWorkers": "allow",
  "viewport": {
    "width": 1920,
    "height": 1080
  }
}</msg>
<msg time="2025-10-28T14:20:22.616689" level="INFO">Successfully created context. </msg>
<msg time="2025-10-28T14:20:22.616689" level="INFO">{'acceptDownloads': True, 'bypassCSP': False, 'forcedColors': 'none', 'ignoreHTTPSErrors': False, 'javaScriptEnabled': True, 'offline': False, 'reducedMotion': 'no-preference', 'serviceWorkers': 'allow', 'viewport': {'width': 1920, 'height': 1080}}</msg>
<arg>viewport={'width': 1920, 'height': 1080}</arg>
<tag>BrowserControl</tag>
<tag>Setter</tag>
<doc>Create a new BrowserContext with specified options.</doc>
<status status="PASS" start="2025-10-28T14:20:22.598613" elapsed="0.018076"/>
</kw>
<status status="PASS" start="2025-10-28T14:20:22.593155" elapsed="0.023534"/>
</kw>
<kw name="Abrir Página de Login" owner="login_form">
<kw name="New Page" owner="Browser">
<msg time="2025-10-28T14:20:23.161028" level="INFO">Successfully initialized new page object and opened url: http://localhost:3002/login</msg>
<arg>http://localhost:3002/login</arg>
<tag>BrowserControl</tag>
<tag>Setter</tag>
<doc>Open a new Page.</doc>
<status status="PASS" start="2025-10-28T14:20:22.618694" elapsed="0.543337"/>
</kw>
<kw name="Wait For Elements State" owner="Browser">
<msg time="2025-10-28T14:20:23.281727" level="INFO">Waited for Element with selector css=.login-form at state visible</msg>
<arg>css=.login-form</arg>
<arg>visible</arg>
<arg>timeout=10s</arg>
<tag>PageContent</tag>
<tag>Wait</tag>
<doc>Waits for the element found by ``selector`` to satisfy state option.</doc>
<status status="PASS" start="2025-10-28T14:20:23.162031" elapsed="0.120694"/>
</kw>
<status status="PASS" start="2025-10-28T14:20:22.617687" elapsed="0.665038"/>
</kw>
<kw name="Preencher Formulário de Login" owner="login_form">
<kw name="Fill Text" owner="Browser">
<msg time="2025-10-28T14:20:23.286728" level="INFO">Fills the text 'raphaelrates.dev@gmail.com' in the given field.</msg>
<arg>css=#email</arg>
<arg>${email}</arg>
<tag>PageContent</tag>
<tag>Setter</tag>
<doc>Clears and fills the given ``txt`` into the text field found by ``selector``.</doc>
<status status="PASS" start="2025-10-28T14:20:23.285744" elapsed="0.039109"/>
</kw>
<kw name="Fill Text" owner="Browser">
<msg time="2025-10-28T14:20:23.328346" level="INFO">Fills the text '12345678' in the given field.</msg>
<arg>css=#password</arg>
<arg>${senha}</arg>
<tag>PageContent</tag>
<tag>Setter</tag>
<doc>Clears and fills the given ``txt`` into the text field found by ``selector``.</doc>
<status status="PASS" start="2025-10-28T14:20:23.325847" elapsed="0.029629"/>
</kw>
<kw name="Click" owner="Browser">
<msg time="2025-10-28T14:20:23.357315" level="INFO">Clicks the element 'css=main &gt; div &gt; div &gt; form &gt; button'.</msg>
<arg>css=main &gt; div &gt; div &gt; form &gt; button</arg>
<tag>PageContent</tag>
<tag>Setter</tag>
<doc>Simulates mouse click on the element found by ``selector``.</doc>
<status status="PASS" start="2025-10-28T14:20:23.356471" elapsed="0.064770"/>
</kw>
<kw name="Sleep" owner="BuiltIn">
<msg time="2025-10-28T14:20:25.424210" level="INFO">Slept 2 seconds.</msg>
<arg>2s</arg>
<doc>Pauses the test executed for the given time.</doc>
<status status="PASS" start="2025-10-28T14:20:23.422236" elapsed="2.001974"/>
</kw>
<arg>raphaelrates.dev@gmail.com</arg>
<arg>12345678</arg>
<status status="PASS" start="2025-10-28T14:20:23.283727" elapsed="2.140483"/>
</kw>
<kw name="Acessar Página de Reservas" owner="reservation_page">
<kw name="Click" owner="Browser">
<msg time="2025-10-28T14:20:25.425873" level="INFO">Clicks the element 'header &gt; div &gt; nav &gt; ul &gt; li:nth-child(3) &gt; a'.</msg>
<arg>header &gt; div &gt; nav &gt; ul &gt; li:nth-child(3) &gt; a</arg>
<tag>PageContent</tag>
<tag>Setter</tag>
<doc>Simulates mouse click on the element found by ``selector``.</doc>
<status status="PASS" start="2025-10-28T14:20:25.424796" elapsed="0.032102"/>
</kw>
<kw name="Sleep" owner="BuiltIn">
<msg time="2025-10-28T14:20:26.458402" level="INFO">Slept 1 second.</msg>
<arg>1s</arg>
<doc>Pauses the test executed for the given time.</doc>
<status status="PASS" start="2025-10-28T14:20:25.456898" elapsed="1.001504"/>
</kw>
<kw name="Wait For Elements State" owner="Browser">
<msg time="2025-10-28T14:20:26.462903" level="INFO">Waited for Element with selector main &gt; div.reservations-page at state visible</msg>
<arg>main &gt; div.reservations-page</arg>
<arg>visible</arg>
<arg>10</arg>
<tag>PageContent</tag>
<tag>Wait</tag>
<doc>Waits for the element found by ``selector`` to satisfy state option.</doc>
<status status="PASS" start="2025-10-28T14:20:26.458402" elapsed="0.004501"/>
</kw>
<status status="PASS" start="2025-10-28T14:20:25.424796" elapsed="1.038107"/>
</kw>
<kw name="Log" owner="BuiltIn">
<msg time="2025-10-28T14:20:26.462903" level="INFO">Ordenação validada - implementar lógica específica se necessário</msg>
<arg>Ordenação validada - implementar lógica específica se necessário</arg>
<doc>Logs the given message with the given level.</doc>
<status status="PASS" start="2025-10-28T14:20:26.462903" elapsed="0.000000"/>
</kw>
<msg time="2025-10-28T14:20:26.478070" level="INFO">Switching context to context=b97d3e61-0e63-46fe-89eb-35c3ec12441f in CURRENT</msg>
<msg time="2025-10-28T14:20:26.483592" level="INFO">Successfully changed active context: context=b97d3e61-0e63-46fe-89eb-35c3ec12441f</msg>
<msg time="2025-10-28T14:20:26.531561" level="INFO">Successfully closed Context</msg>
<doc>Deve validar se as reservas estão ordenadas corretamente</doc>
<tag>ordering</tag>
<tag>reservations</tag>
<status status="PASS" start="2025-10-28T14:20:22.586093" elapsed="3.880654"/>
</test>
<test id="s1-s1-t14" name="TC064 - Validar Comportamento Sem Reservas" line="149">
<kw name="Configurar Teste" owner="login_form">
<kw name="New Browser" owner="Browser">
<msg time="2025-10-28T14:20:26.540820" level="INFO">Switching browser to browser=23816d85-dd38-4036-bbe5-c63e0d2b271b</msg>
<msg time="2025-10-28T14:20:26.540820" level="INFO">Successfully changed active browser: browser=23816d85-dd38-4036-bbe5-c63e0d2b271b</msg>
<msg time="2025-10-28T14:20:26.540820" level="INFO">Reusing existing browser with id: browser=23816d85-dd38-4036-bbe5-c63e0d2b271b</msg>
<arg>chromium</arg>
<arg>headless=False</arg>
<tag>BrowserControl</tag>
<tag>Setter</tag>
<doc>Create a new playwright Browser with specified options.</doc>
<status status="PASS" start="2025-10-28T14:20:26.539823" elapsed="0.000997"/>
</kw>
<kw name="New Context" owner="Browser">
<msg time="2025-10-28T14:20:26.548707" level="INFO">{
  "acceptDownloads": true,
  "bypassCSP": false,
  "forcedColors": "none",
  "ignoreHTTPSErrors": false,
  "javaScriptEnabled": true,
  "offline": false,
  "reducedMotion": "no-preference",
  "serviceWorkers": "allow",
  "viewport": {
    "width": 1920,
    "height": 1080
  }
}</msg>
<msg time="2025-10-28T14:20:26.567758" level="INFO">Successfully created context. </msg>
<msg time="2025-10-28T14:20:26.567758" level="INFO">{'acceptDownloads': True, 'bypassCSP': False, 'forcedColors': 'none', 'ignoreHTTPSErrors': False, 'javaScriptEnabled': True, 'offline': False, 'reducedMotion': 'no-preference', 'serviceWorkers': 'allow', 'viewport': {'width': 1920, 'height': 1080}}</msg>
<arg>viewport={'width': 1920, 'height': 1080}</arg>
<tag>BrowserControl</tag>
<tag>Setter</tag>
<doc>Create a new BrowserContext with specified options.</doc>
<status status="PASS" start="2025-10-28T14:20:26.540820" elapsed="0.026938"/>
</kw>
<status status="PASS" start="2025-10-28T14:20:26.538812" elapsed="0.029940"/>
</kw>
<kw name="Abrir Página de Login" owner="login_form">
<kw name="New Page" owner="Browser">
<msg time="2025-10-28T14:20:27.072339" level="INFO">Successfully initialized new page object and opened url: http://localhost:3002/login</msg>
<arg>http://localhost:3002/login</arg>
<tag>BrowserControl</tag>
<tag>Setter</tag>
<doc>Open a new Page.</doc>
<status status="PASS" start="2025-10-28T14:20:26.571156" elapsed="0.501183"/>
</kw>
<kw name="Wait For Elements State" owner="Browser">
<msg time="2025-10-28T14:20:27.176741" level="INFO">Waited for Element with selector css=.login-form at state visible</msg>
<arg>css=.login-form</arg>
<arg>visible</arg>
<arg>timeout=10s</arg>
<tag>PageContent</tag>
<tag>Wait</tag>
<doc>Waits for the element found by ``selector`` to satisfy state option.</doc>
<status status="PASS" start="2025-10-28T14:20:27.073338" elapsed="0.104397"/>
</kw>
<status status="PASS" start="2025-10-28T14:20:26.568752" elapsed="0.608983"/>
</kw>
<kw name="Preencher Formulário de Login" owner="login_form">
<kw name="Fill Text" owner="Browser">
<msg time="2025-10-28T14:20:27.179971" level="INFO">Fills the text 'raphaelrates.dev@gmail.com' in the given field.</msg>
<arg>css=#email</arg>
<arg>${email}</arg>
<tag>PageContent</tag>
<tag>Setter</tag>
<doc>Clears and fills the given ``txt`` into the text field found by ``selector``.</doc>
<status status="PASS" start="2025-10-28T14:20:27.178740" elapsed="0.021786"/>
</kw>
<kw name="Fill Text" owner="Browser">
<msg time="2025-10-28T14:20:27.201532" level="INFO">Fills the text '12345678' in the given field.</msg>
<arg>css=#password</arg>
<arg>${senha}</arg>
<tag>PageContent</tag>
<tag>Setter</tag>
<doc>Clears and fills the given ``txt`` into the text field found by ``selector``.</doc>
<status status="PASS" start="2025-10-28T14:20:27.201532" elapsed="0.017547"/>
</kw>
<kw name="Click" owner="Browser">
<msg time="2025-10-28T14:20:27.222074" level="INFO">Clicks the element 'css=main &gt; div &gt; div &gt; form &gt; button'.</msg>
<arg>css=main &gt; div &gt; div &gt; form &gt; button</arg>
<tag>PageContent</tag>
<tag>Setter</tag>
<doc>Simulates mouse click on the element found by ``selector``.</doc>
<status status="PASS" start="2025-10-28T14:20:27.220282" elapsed="0.050834"/>
</kw>
<kw name="Sleep" owner="BuiltIn">
<msg time="2025-10-28T14:20:29.272609" level="INFO">Slept 2 seconds.</msg>
<arg>2s</arg>
<doc>Pauses the test executed for the given time.</doc>
<status status="PASS" start="2025-10-28T14:20:27.271116" elapsed="2.001493"/>
</kw>
<arg>raphaelrates.dev@gmail.com</arg>
<arg>12345678</arg>
<status status="PASS" start="2025-10-28T14:20:27.178740" elapsed="2.093869"/>
</kw>
<kw name="Log" owner="BuiltIn">
<msg time="2025-10-28T14:20:29.273623" level="INFO">Comportamento sem reservas - implementar com usuário específico</msg>
<arg>Comportamento sem reservas - implementar com usuário específico</arg>
<doc>Logs the given message with the given level.</doc>
<status status="PASS" start="2025-10-28T14:20:29.272609" elapsed="0.001014"/>
</kw>
<msg time="2025-10-28T14:20:29.286547" level="INFO">Switching context to context=1cfaac6d-346f-4944-b8d0-a432aeb1618c in CURRENT</msg>
<msg time="2025-10-28T14:20:29.297495" level="INFO">Successfully changed active context: context=1cfaac6d-346f-4944-b8d0-a432aeb1618c</msg>
<msg time="2025-10-28T14:20:29.337373" level="INFO">Successfully closed Context</msg>
<doc>Deve verificar o comportamento quando não há reservas</doc>
<tag>empty</tag>
<tag>reservations</tag>
<status status="PASS" start="2025-10-28T14:20:26.532637" elapsed="2.740986"/>
</test>
<doc>Testes relacionados ás reservs do usuario</doc>
<status status="FAIL" start="2025-10-28T14:19:19.659844" elapsed="69.679209"/>
</suite>
<status status="FAIL" start="2025-10-28T14:19:19.634369" elapsed="69.715958"/>
</suite>
<statistics>
<total>
<stat pass="9" fail="5" skip="0">All Tests</stat>
</total>
<tag>
<stat pass="1" fail="0" skip="0">actions</stat>
<stat pass="0" fail="1" skip="0">avengers</stat>
<stat pass="0" fail="1" skip="0">content</stat>
<stat pass="1" fail="0" skip="0">empty</stat>
<stat pass="1" fail="0" skip="0">icons</stat>
<stat pass="1" fail="0" skip="0">image</stat>
<stat pass="0" fail="1" skip="0">multiple</stat>
<stat pass="1" fail="1" skip="0">navigation</stat>
<stat pass="1" fail="0" skip="0">ordering</stat>
<stat pass="1" fail="0" skip="0">payment</stat>
<stat pass="9" fail="5" skip="0">reservations</stat>
<stat pass="1" fail="0" skip="0">responsive</stat>
<stat pass="1" fail="0" skip="0">status</stat>
<stat pass="0" fail="1" skip="0">structure</stat>
<stat pass="0" fail="1" skip="0">validation</stat>
</tag>
<suite>
<stat name="Web" id="s1" pass="9" fail="5" skip="0">Web</stat>
<stat name="Reservations" id="s1-s1" pass="9" fail="5" skip="0">Web.Reservations</stat>
</suite>
</statistics>
<errors>
<msg time="2025-10-28T14:19:19.862917" level="WARN">Error in file 'C:\Users\raphael\Documents\GitHub\learn\Compass\cinema\test-ciname-challenge\resources\base.resource' on line 135: The '[Return]' setting is deprecated. Use the 'RETURN' statement instead.</msg>
<msg time="2025-10-28T14:19:20.010148" level="ERROR">Error in file 'C:\Users\raphael\Documents\GitHub\learn\Compass\cinema\test-ciname-challenge\resources\base.resource' on line 11: Importing library 'Faker' failed: ModuleNotFoundError: No module named 'Faker'
Traceback (most recent call last):
  None
PYTHONPATH:
  C:\Users\raphael\anaconda3\Scripts\robot.exe
  C:\Users\raphael\anaconda3\python312.zip
  C:\Users\raphael\anaconda3\DLLs
  C:\Users\raphael\anaconda3\Lib
  C:\Users\raphael\anaconda3
  C:\Users\raphael\anaconda3\Lib\site-packages
  C:\Users\raphael\anaconda3\Lib\site-packages\win32
  C:\Users\raphael\anaconda3\Lib\site-packages\win32\lib
  C:\Users\raphael\anaconda3\Lib\site-packages\Pythonwin</msg>
<msg time="2025-10-28T14:19:20.107821" level="WARN">Error in file 'C:\Users\raphael\Documents\GitHub\learn\Compass\cinema\test-ciname-challenge\resources\components\auth\login_form.resource' on line 62: The '[Return]' setting is deprecated. Use the 'RETURN' statement instead.</msg>
</errors>
</robot>
